19:25:13 **** Build of configuration Debug for project Triggered_Signal ****
make -j22 all 
arm-none-eabi-gcc "../Drivers/STM32H7xx_HAL_Driver/Src/stm32h7xx_hal.c" -mcpu=cortex-m7 -std=gnu11 -g3 -DDEBUG -DUSE_HAL_DRIVER -DSTM32H743xx -c -I../Core/Inc -I../Drivers/STM32H7xx_HAL_Driver/Inc -I../Drivers/STM32H7xx_HAL_Driver/Inc/Legacy -I../Drivers/CMSIS/Device/ST/STM32H7xx/Include -I../Drivers/CMSIS/Include -O0 -ffunction-sections -fdata-sections -Wall -fstack-usage -fcyclomatic-complexity -MMD -MP -MF"Drivers/STM32H7xx_HAL_Driver/Src/stm32h7xx_hal.d" -MT"Drivers/STM32H7xx_HAL_Driver/Src/stm32h7xx_hal.o" --specs=nano.specs -mfpu=fpv5-d16 -mfloat-abi=hard -mthumb -o "Drivers/STM32H7xx_HAL_Driver/Src/stm32h7xx_hal.o"
arm-none-eabi-gcc "../Drivers/STM32H7xx_HAL_Driver/Src/stm32h7xx_hal_adc.c" -mcpu=cortex-m7 -std=gnu11 -g3 -DDEBUG -DUSE_HAL_DRIVER -DSTM32H743xx -c -I../Core/Inc -I../Drivers/STM32H7xx_HAL_Driver/Inc -I../Drivers/STM32H7xx_HAL_Driver/Inc/Legacy -I../Drivers/CMSIS/Device/ST/STM32H7xx/Include -I../Drivers/CMSIS/Include -O0 -ffunction-sections -fdata-sections -Wall -fstack-usage -fcyclomatic-complexity -MMD -MP -MF"Drivers/STM32H7xx_HAL_Driver/Src/stm32h7xx_hal_adc.d" -MT"Drivers/STM32H7xx_HAL_Driver/Src/stm32h7xx_hal_adc.o" --specs=nano.specs -mfpu=fpv5-d16 -mfloat-abi=hard -mthumb -o "Drivers/STM32H7xx_HAL_Driver/Src/stm32h7xx_hal_adc.o"
arm-none-eabi-gcc "../Drivers/STM32H7xx_HAL_Driver/Src/stm32h7xx_hal_adc_ex.c" -mcpu=cortex-m7 -std=gnu11 -g3 -DDEBUG -DUSE_HAL_DRIVER -DSTM32H743xx -c -I../Core/Inc -I../Drivers/STM32H7xx_HAL_Driver/Inc -I../Drivers/STM32H7xx_HAL_Driver/Inc/Legacy -I../Drivers/CMSIS/Device/ST/STM32H7xx/Include -I../Drivers/CMSIS/Include -O0 -ffunction-sections -fdata-sections -Wall -fstack-usage -fcyclomatic-complexity -MMD -MP -MF"Drivers/STM32H7xx_HAL_Driver/Src/stm32h7xx_hal_adc_ex.d" -MT"Drivers/STM32H7xx_HAL_Driver/Src/stm32h7xx_hal_adc_ex.o" --specs=nano.specs -mfpu=fpv5-d16 -mfloat-abi=hard -mthumb -o "Drivers/STM32H7xx_HAL_Driver/Src/stm32h7xx_hal_adc_ex.o"
arm-none-eabi-gcc "../Drivers/STM32H7xx_HAL_Driver/Src/stm32h7xx_hal_cortex.c" -mcpu=cortex-m7 -std=gnu11 -g3 -DDEBUG -DUSE_HAL_DRIVER -DSTM32H743xx -c -I../Core/Inc -I../Drivers/STM32H7xx_HAL_Driver/Inc -I../Drivers/STM32H7xx_HAL_Driver/Inc/Legacy -I../Drivers/CMSIS/Device/ST/STM32H7xx/Include -I../Drivers/CMSIS/Include -O0 -ffunction-sections -fdata-sections -Wall -fstack-usage -fcyclomatic-complexity -MMD -MP -MF"Drivers/STM32H7xx_HAL_Driver/Src/stm32h7xx_hal_cortex.d" -MT"Drivers/STM32H7xx_HAL_Driver/Src/stm32h7xx_hal_cortex.o" --specs=nano.specs -mfpu=fpv5-d16 -mfloat-abi=hard -mthumb -o "Drivers/STM32H7xx_HAL_Driver/Src/stm32h7xx_hal_cortex.o"
arm-none-eabi-gcc "../Drivers/STM32H7xx_HAL_Driver/Src/stm32h7xx_hal_dma.c" -mcpu=cortex-m7 -std=gnu11 -g3 -DDEBUG -DUSE_HAL_DRIVER -DSTM32H743xx -c -I../Core/Inc -I../Drivers/STM32H7xx_HAL_Driver/Inc -I../Drivers/STM32H7xx_HAL_Driver/Inc/Legacy -I../Drivers/CMSIS/Device/ST/STM32H7xx/Include -I../Drivers/CMSIS/Include -O0 -ffunction-sections -fdata-sections -Wall -fstack-usage -fcyclomatic-complexity -MMD -MP -MF"Drivers/STM32H7xx_HAL_Driver/Src/stm32h7xx_hal_dma.d" -MT"Drivers/STM32H7xx_HAL_Driver/Src/stm32h7xx_hal_dma.o" --specs=nano.specs -mfpu=fpv5-d16 -mfloat-abi=hard -mthumb -o "Drivers/STM32H7xx_HAL_Driver/Src/stm32h7xx_hal_dma.o"
arm-none-eabi-gcc "../Drivers/STM32H7xx_HAL_Driver/Src/stm32h7xx_hal_dma_ex.c" -mcpu=cortex-m7 -std=gnu11 -g3 -DDEBUG -DUSE_HAL_DRIVER -DSTM32H743xx -c -I../Core/Inc -I../Drivers/STM32H7xx_HAL_Driver/Inc -I../Drivers/STM32H7xx_HAL_Driver/Inc/Legacy -I../Drivers/CMSIS/Device/ST/STM32H7xx/Include -I../Drivers/CMSIS/Include -O0 -ffunction-sections -fdata-sections -Wall -fstack-usage -fcyclomatic-complexity -MMD -MP -MF"Drivers/STM32H7xx_HAL_Driver/Src/stm32h7xx_hal_dma_ex.d" -MT"Drivers/STM32H7xx_HAL_Driver/Src/stm32h7xx_hal_dma_ex.o" --specs=nano.specs -mfpu=fpv5-d16 -mfloat-abi=hard -mthumb -o "Drivers/STM32H7xx_HAL_Driver/Src/stm32h7xx_hal_dma_ex.o"
arm-none-eabi-gcc "../Drivers/STM32H7xx_HAL_Driver/Src/stm32h7xx_hal_exti.c" -mcpu=cortex-m7 -std=gnu11 -g3 -DDEBUG -DUSE_HAL_DRIVER -DSTM32H743xx -c -I../Core/Inc -I../Drivers/STM32H7xx_HAL_Driver/Inc -I../Drivers/STM32H7xx_HAL_Driver/Inc/Legacy -I../Drivers/CMSIS/Device/ST/STM32H7xx/Include -I../Drivers/CMSIS/Include -O0 -ffunction-sections -fdata-sections -Wall -fstack-usage -fcyclomatic-complexity -MMD -MP -MF"Drivers/STM32H7xx_HAL_Driver/Src/stm32h7xx_hal_exti.d" -MT"Drivers/STM32H7xx_HAL_Driver/Src/stm32h7xx_hal_exti.o" --specs=nano.specs -mfpu=fpv5-d16 -mfloat-abi=hard -mthumb -o "Drivers/STM32H7xx_HAL_Driver/Src/stm32h7xx_hal_exti.o"
arm-none-eabi-gcc "../Drivers/STM32H7xx_HAL_Driver/Src/stm32h7xx_hal_flash.c" -mcpu=cortex-m7 -std=gnu11 -g3 -DDEBUG -DUSE_HAL_DRIVER -DSTM32H743xx -c -I../Core/Inc -I../Drivers/STM32H7xx_HAL_Driver/Inc -I../Drivers/STM32H7xx_HAL_Driver/Inc/Legacy -I../Drivers/CMSIS/Device/ST/STM32H7xx/Include -I../Drivers/CMSIS/Include -O0 -ffunction-sections -fdata-sections -Wall -fstack-usage -fcyclomatic-complexity -MMD -MP -MF"Drivers/STM32H7xx_HAL_Driver/Src/stm32h7xx_hal_flash.d" -MT"Drivers/STM32H7xx_HAL_Driver/Src/stm32h7xx_hal_flash.o" --specs=nano.specs -mfpu=fpv5-d16 -mfloat-abi=hard -mthumb -o "Drivers/STM32H7xx_HAL_Driver/Src/stm32h7xx_hal_flash.o"
arm-none-eabi-gcc "../Drivers/STM32H7xx_HAL_Driver/Src/stm32h7xx_hal_flash_ex.c" -mcpu=cortex-m7 -std=gnu11 -g3 -DDEBUG -DUSE_HAL_DRIVER -DSTM32H743xx -c -I../Core/Inc -I../Drivers/STM32H7xx_HAL_Driver/Inc -I../Drivers/STM32H7xx_HAL_Driver/Inc/Legacy -I../Drivers/CMSIS/Device/ST/STM32H7xx/Include -I../Drivers/CMSIS/Include -O0 -ffunction-sections -fdata-sections -Wall -fstack-usage -fcyclomatic-complexity -MMD -MP -MF"Drivers/STM32H7xx_HAL_Driver/Src/stm32h7xx_hal_flash_ex.d" -MT"Drivers/STM32H7xx_HAL_Driver/Src/stm32h7xx_hal_flash_ex.o" --specs=nano.specs -mfpu=fpv5-d16 -mfloat-abi=hard -mthumb -o "Drivers/STM32H7xx_HAL_Driver/Src/stm32h7xx_hal_flash_ex.o"
arm-none-eabi-gcc "../Drivers/STM32H7xx_HAL_Driver/Src/stm32h7xx_hal_gpio.c" -mcpu=cortex-m7 -std=gnu11 -g3 -DDEBUG -DUSE_HAL_DRIVER -DSTM32H743xx -c -I../Core/Inc -I../Drivers/STM32H7xx_HAL_Driver/Inc -I../Drivers/STM32H7xx_HAL_Driver/Inc/Legacy -I../Drivers/CMSIS/Device/ST/STM32H7xx/Include -I../Drivers/CMSIS/Include -O0 -ffunction-sections -fdata-sections -Wall -fstack-usage -fcyclomatic-complexity -MMD -MP -MF"Drivers/STM32H7xx_HAL_Driver/Src/stm32h7xx_hal_gpio.d" -MT"Drivers/STM32H7xx_HAL_Driver/Src/stm32h7xx_hal_gpio.o" --specs=nano.specs -mfpu=fpv5-d16 -mfloat-abi=hard -mthumb -o "Drivers/STM32H7xx_HAL_Driver/Src/stm32h7xx_hal_gpio.o"
arm-none-eabi-gcc "../Drivers/STM32H7xx_HAL_Driver/Src/stm32h7xx_hal_hsem.c" -mcpu=cortex-m7 -std=gnu11 -g3 -DDEBUG -DUSE_HAL_DRIVER -DSTM32H743xx -c -I../Core/Inc -I../Drivers/STM32H7xx_HAL_Driver/Inc -I../Drivers/STM32H7xx_HAL_Driver/Inc/Legacy -I../Drivers/CMSIS/Device/ST/STM32H7xx/Include -I../Drivers/CMSIS/Include -O0 -ffunction-sections -fdata-sections -Wall -fstack-usage -fcyclomatic-complexity -MMD -MP -MF"Drivers/STM32H7xx_HAL_Driver/Src/stm32h7xx_hal_hsem.d" -MT"Drivers/STM32H7xx_HAL_Driver/Src/stm32h7xx_hal_hsem.o" --specs=nano.specs -mfpu=fpv5-d16 -mfloat-abi=hard -mthumb -o "Drivers/STM32H7xx_HAL_Driver/Src/stm32h7xx_hal_hsem.o"
arm-none-eabi-gcc "../Drivers/STM32H7xx_HAL_Driver/Src/stm32h7xx_hal_i2c.c" -mcpu=cortex-m7 -std=gnu11 -g3 -DDEBUG -DUSE_HAL_DRIVER -DSTM32H743xx -c -I../Core/Inc -I../Drivers/STM32H7xx_HAL_Driver/Inc -I../Drivers/STM32H7xx_HAL_Driver/Inc/Legacy -I../Drivers/CMSIS/Device/ST/STM32H7xx/Include -I../Drivers/CMSIS/Include -O0 -ffunction-sections -fdata-sections -Wall -fstack-usage -fcyclomatic-complexity -MMD -MP -MF"Drivers/STM32H7xx_HAL_Driver/Src/stm32h7xx_hal_i2c.d" -MT"Drivers/STM32H7xx_HAL_Driver/Src/stm32h7xx_hal_i2c.o" --specs=nano.specs -mfpu=fpv5-d16 -mfloat-abi=hard -mthumb -o "Drivers/STM32H7xx_HAL_Driver/Src/stm32h7xx_hal_i2c.o"
arm-none-eabi-gcc "../Drivers/STM32H7xx_HAL_Driver/Src/stm32h7xx_hal_i2c_ex.c" -mcpu=cortex-m7 -std=gnu11 -g3 -DDEBUG -DUSE_HAL_DRIVER -DSTM32H743xx -c -I../Core/Inc -I../Drivers/STM32H7xx_HAL_Driver/Inc -I../Drivers/STM32H7xx_HAL_Driver/Inc/Legacy -I../Drivers/CMSIS/Device/ST/STM32H7xx/Include -I../Drivers/CMSIS/Include -O0 -ffunction-sections -fdata-sections -Wall -fstack-usage -fcyclomatic-complexity -MMD -MP -MF"Drivers/STM32H7xx_HAL_Driver/Src/stm32h7xx_hal_i2c_ex.d" -MT"Drivers/STM32H7xx_HAL_Driver/Src/stm32h7xx_hal_i2c_ex.o" --specs=nano.specs -mfpu=fpv5-d16 -mfloat-abi=hard -mthumb -o "Drivers/STM32H7xx_HAL_Driver/Src/stm32h7xx_hal_i2c_ex.o"
arm-none-eabi-gcc "../Drivers/STM32H7xx_HAL_Driver/Src/stm32h7xx_hal_mdma.c" -mcpu=cortex-m7 -std=gnu11 -g3 -DDEBUG -DUSE_HAL_DRIVER -DSTM32H743xx -c -I../Core/Inc -I../Drivers/STM32H7xx_HAL_Driver/Inc -I../Drivers/STM32H7xx_HAL_Driver/Inc/Legacy -I../Drivers/CMSIS/Device/ST/STM32H7xx/Include -I../Drivers/CMSIS/Include -O0 -ffunction-sections -fdata-sections -Wall -fstack-usage -fcyclomatic-complexity -MMD -MP -MF"Drivers/STM32H7xx_HAL_Driver/Src/stm32h7xx_hal_mdma.d" -MT"Drivers/STM32H7xx_HAL_Driver/Src/stm32h7xx_hal_mdma.o" --specs=nano.specs -mfpu=fpv5-d16 -mfloat-abi=hard -mthumb -o "Drivers/STM32H7xx_HAL_Driver/Src/stm32h7xx_hal_mdma.o"
arm-none-eabi-gcc "../Drivers/STM32H7xx_HAL_Driver/Src/stm32h7xx_hal_pwr.c" -mcpu=cortex-m7 -std=gnu11 -g3 -DDEBUG -DUSE_HAL_DRIVER -DSTM32H743xx -c -I../Core/Inc -I../Drivers/STM32H7xx_HAL_Driver/Inc -I../Drivers/STM32H7xx_HAL_Driver/Inc/Legacy -I../Drivers/CMSIS/Device/ST/STM32H7xx/Include -I../Drivers/CMSIS/Include -O0 -ffunction-sections -fdata-sections -Wall -fstack-usage -fcyclomatic-complexity -MMD -MP -MF"Drivers/STM32H7xx_HAL_Driver/Src/stm32h7xx_hal_pwr.d" -MT"Drivers/STM32H7xx_HAL_Driver/Src/stm32h7xx_hal_pwr.o" --specs=nano.specs -mfpu=fpv5-d16 -mfloat-abi=hard -mthumb -o "Drivers/STM32H7xx_HAL_Driver/Src/stm32h7xx_hal_pwr.o"
arm-none-eabi-gcc "../Drivers/STM32H7xx_HAL_Driver/Src/stm32h7xx_hal_pwr_ex.c" -mcpu=cortex-m7 -std=gnu11 -g3 -DDEBUG -DUSE_HAL_DRIVER -DSTM32H743xx -c -I../Core/Inc -I../Drivers/STM32H7xx_HAL_Driver/Inc -I../Drivers/STM32H7xx_HAL_Driver/Inc/Legacy -I../Drivers/CMSIS/Device/ST/STM32H7xx/Include -I../Drivers/CMSIS/Include -O0 -ffunction-sections -fdata-sections -Wall -fstack-usage -fcyclomatic-complexity -MMD -MP -MF"Drivers/STM32H7xx_HAL_Driver/Src/stm32h7xx_hal_pwr_ex.d" -MT"Drivers/STM32H7xx_HAL_Driver/Src/stm32h7xx_hal_pwr_ex.o" --specs=nano.specs -mfpu=fpv5-d16 -mfloat-abi=hard -mthumb -o "Drivers/STM32H7xx_HAL_Driver/Src/stm32h7xx_hal_pwr_ex.o"
arm-none-eabi-gcc "../Drivers/STM32H7xx_HAL_Driver/Src/stm32h7xx_hal_rcc.c" -mcpu=cortex-m7 -std=gnu11 -g3 -DDEBUG -DUSE_HAL_DRIVER -DSTM32H743xx -c -I../Core/Inc -I../Drivers/STM32H7xx_HAL_Driver/Inc -I../Drivers/STM32H7xx_HAL_Driver/Inc/Legacy -I../Drivers/CMSIS/Device/ST/STM32H7xx/Include -I../Drivers/CMSIS/Include -O0 -ffunction-sections -fdata-sections -Wall -fstack-usage -fcyclomatic-complexity -MMD -MP -MF"Drivers/STM32H7xx_HAL_Driver/Src/stm32h7xx_hal_rcc.d" -MT"Drivers/STM32H7xx_HAL_Driver/Src/stm32h7xx_hal_rcc.o" --specs=nano.specs -mfpu=fpv5-d16 -mfloat-abi=hard -mthumb -o "Drivers/STM32H7xx_HAL_Driver/Src/stm32h7xx_hal_rcc.o"
arm-none-eabi-gcc "../Drivers/STM32H7xx_HAL_Driver/Src/stm32h7xx_hal_rcc_ex.c" -mcpu=cortex-m7 -std=gnu11 -g3 -DDEBUG -DUSE_HAL_DRIVER -DSTM32H743xx -c -I../Core/Inc -I../Drivers/STM32H7xx_HAL_Driver/Inc -I../Drivers/STM32H7xx_HAL_Driver/Inc/Legacy -I../Drivers/CMSIS/Device/ST/STM32H7xx/Include -I../Drivers/CMSIS/Include -O0 -ffunction-sections -fdata-sections -Wall -fstack-usage -fcyclomatic-complexity -MMD -MP -MF"Drivers/STM32H7xx_HAL_Driver/Src/stm32h7xx_hal_rcc_ex.d" -MT"Drivers/STM32H7xx_HAL_Driver/Src/stm32h7xx_hal_rcc_ex.o" --specs=nano.specs -mfpu=fpv5-d16 -mfloat-abi=hard -mthumb -o "Drivers/STM32H7xx_HAL_Driver/Src/stm32h7xx_hal_rcc_ex.o"
arm-none-eabi-gcc "../Drivers/STM32H7xx_HAL_Driver/Src/stm32h7xx_hal_tim.c" -mcpu=cortex-m7 -std=gnu11 -g3 -DDEBUG -DUSE_HAL_DRIVER -DSTM32H743xx -c -I../Core/Inc -I../Drivers/STM32H7xx_HAL_Driver/Inc -I../Drivers/STM32H7xx_HAL_Driver/Inc/Legacy -I../Drivers/CMSIS/Device/ST/STM32H7xx/Include -I../Drivers/CMSIS/Include -O0 -ffunction-sections -fdata-sections -Wall -fstack-usage -fcyclomatic-complexity -MMD -MP -MF"Drivers/STM32H7xx_HAL_Driver/Src/stm32h7xx_hal_tim.d" -MT"Drivers/STM32H7xx_HAL_Driver/Src/stm32h7xx_hal_tim.o" --specs=nano.specs -mfpu=fpv5-d16 -mfloat-abi=hard -mthumb -o "Drivers/STM32H7xx_HAL_Driver/Src/stm32h7xx_hal_tim.o"
arm-none-eabi-gcc "../Drivers/STM32H7xx_HAL_Driver/Src/stm32h7xx_hal_tim_ex.c" -mcpu=cortex-m7 -std=gnu11 -g3 -DDEBUG -DUSE_HAL_DRIVER -DSTM32H743xx -c -I../Core/Inc -I../Drivers/STM32H7xx_HAL_Driver/Inc -I../Drivers/STM32H7xx_HAL_Driver/Inc/Legacy -I../Drivers/CMSIS/Device/ST/STM32H7xx/Include -I../Drivers/CMSIS/Include -O0 -ffunction-sections -fdata-sections -Wall -fstack-usage -fcyclomatic-complexity -MMD -MP -MF"Drivers/STM32H7xx_HAL_Driver/Src/stm32h7xx_hal_tim_ex.d" -MT"Drivers/STM32H7xx_HAL_Driver/Src/stm32h7xx_hal_tim_ex.o" --specs=nano.specs -mfpu=fpv5-d16 -mfloat-abi=hard -mthumb -o "Drivers/STM32H7xx_HAL_Driver/Src/stm32h7xx_hal_tim_ex.o"
arm-none-eabi-gcc "../Drivers/STM32H7xx_HAL_Driver/Src/stm32h7xx_hal_uart.c" -mcpu=cortex-m7 -std=gnu11 -g3 -DDEBUG -DUSE_HAL_DRIVER -DSTM32H743xx -c -I../Core/Inc -I../Drivers/STM32H7xx_HAL_Driver/Inc -I../Drivers/STM32H7xx_HAL_Driver/Inc/Legacy -I../Drivers/CMSIS/Device/ST/STM32H7xx/Include -I../Drivers/CMSIS/Include -O0 -ffunction-sections -fdata-sections -Wall -fstack-usage -fcyclomatic-complexity -MMD -MP -MF"Drivers/STM32H7xx_HAL_Driver/Src/stm32h7xx_hal_uart.d" -MT"Drivers/STM32H7xx_HAL_Driver/Src/stm32h7xx_hal_uart.o" --specs=nano.specs -mfpu=fpv5-d16 -mfloat-abi=hard -mthumb -o "Drivers/STM32H7xx_HAL_Driver/Src/stm32h7xx_hal_uart.o"
arm-none-eabi-gcc "../Drivers/STM32H7xx_HAL_Driver/Src/stm32h7xx_hal_uart_ex.c" -mcpu=cortex-m7 -std=gnu11 -g3 -DDEBUG -DUSE_HAL_DRIVER -DSTM32H743xx -c -I../Core/Inc -I../Drivers/STM32H7xx_HAL_Driver/Inc -I../Drivers/STM32H7xx_HAL_Driver/Inc/Legacy -I../Drivers/CMSIS/Device/ST/STM32H7xx/Include -I../Drivers/CMSIS/Include -O0 -ffunction-sections -fdata-sections -Wall -fstack-usage -fcyclomatic-complexity -MMD -MP -MF"Drivers/STM32H7xx_HAL_Driver/Src/stm32h7xx_hal_uart_ex.d" -MT"Drivers/STM32H7xx_HAL_Driver/Src/stm32h7xx_hal_uart_ex.o" --specs=nano.specs -mfpu=fpv5-d16 -mfloat-abi=hard -mthumb -o "Drivers/STM32H7xx_HAL_Driver/Src/stm32h7xx_hal_uart_ex.o"
arm-none-eabi-gcc -mcpu=cortex-m7 -g3 -DDEBUG -c -x assembler-with-cpp -MMD -MP -MF"Core/Startup/startup_stm32h743zitx.d" -MT"Core/Startup/startup_stm32h743zitx.o" --specs=nano.specs -mfpu=fpv5-d16 -mfloat-abi=hard -mthumb -o "Core/Startup/startup_stm32h743zitx.o" "../Core/Startup/startup_stm32h743zitx.s"
arm-none-eabi-gcc "../Core/Src/main.c" -mcpu=cortex-m7 -std=gnu11 -g3 -DDEBUG -DUSE_HAL_DRIVER -DSTM32H743xx -c -I../Core/Inc -I../Drivers/STM32H7xx_HAL_Driver/Inc -I../Drivers/STM32H7xx_HAL_Driver/Inc/Legacy -I../Drivers/CMSIS/Device/ST/STM32H7xx/Include -I../Drivers/CMSIS/Include -O0 -ffunction-sections -fdata-sections -Wall -fstack-usage -fcyclomatic-complexity -MMD -MP -MF"Core/Src/main.d" -MT"Core/Src/main.o" --specs=nano.specs -mfpu=fpv5-d16 -mfloat-abi=hard -mthumb -o "Core/Src/main.o"
arm-none-eabi-gcc "../Core/Src/stm32h7xx_hal_msp.c" -mcpu=cortex-m7 -std=gnu11 -g3 -DDEBUG -DUSE_HAL_DRIVER -DSTM32H743xx -c -I../Core/Inc -I../Drivers/STM32H7xx_HAL_Driver/Inc -I../Drivers/STM32H7xx_HAL_Driver/Inc/Legacy -I../Drivers/CMSIS/Device/ST/STM32H7xx/Include -I../Drivers/CMSIS/Include -O0 -ffunction-sections -fdata-sections -Wall -fstack-usage -fcyclomatic-complexity -MMD -MP -MF"Core/Src/stm32h7xx_hal_msp.d" -MT"Core/Src/stm32h7xx_hal_msp.o" --specs=nano.specs -mfpu=fpv5-d16 -mfloat-abi=hard -mthumb -o "Core/Src/stm32h7xx_hal_msp.o"
arm-none-eabi-gcc "../Core/Src/stm32h7xx_it.c" -mcpu=cortex-m7 -std=gnu11 -g3 -DDEBUG -DUSE_HAL_DRIVER -DSTM32H743xx -c -I../Core/Inc -I../Drivers/STM32H7xx_HAL_Driver/Inc -I../Drivers/STM32H7xx_HAL_Driver/Inc/Legacy -I../Drivers/CMSIS/Device/ST/STM32H7xx/Include -I../Drivers/CMSIS/Include -O0 -ffunction-sections -fdata-sections -Wall -fstack-usage -fcyclomatic-complexity -MMD -MP -MF"Core/Src/stm32h7xx_it.d" -MT"Core/Src/stm32h7xx_it.o" --specs=nano.specs -mfpu=fpv5-d16 -mfloat-abi=hard -mthumb -o "Core/Src/stm32h7xx_it.o"
arm-none-eabi-gcc "../Core/Src/syscalls.c" -mcpu=cortex-m7 -std=gnu11 -g3 -DDEBUG -DUSE_HAL_DRIVER -DSTM32H743xx -c -I../Core/Inc -I../Drivers/STM32H7xx_HAL_Driver/Inc -I../Drivers/STM32H7xx_HAL_Driver/Inc/Legacy -I../Drivers/CMSIS/Device/ST/STM32H7xx/Include -I../Drivers/CMSIS/Include -O0 -ffunction-sections -fdata-sections -Wall -fstack-usage -fcyclomatic-complexity -MMD -MP -MF"Core/Src/syscalls.d" -MT"Core/Src/syscalls.o" --specs=nano.specs -mfpu=fpv5-d16 -mfloat-abi=hard -mthumb -o "Core/Src/syscalls.o"
arm-none-eabi-gcc "../Core/Src/sysmem.c" -mcpu=cortex-m7 -std=gnu11 -g3 -DDEBUG -DUSE_HAL_DRIVER -DSTM32H743xx -c -I../Core/Inc -I../Drivers/STM32H7xx_HAL_Driver/Inc -I../Drivers/STM32H7xx_HAL_Driver/Inc/Legacy -I../Drivers/CMSIS/Device/ST/STM32H7xx/Include -I../Drivers/CMSIS/Include -O0 -ffunction-sections -fdata-sections -Wall -fstack-usage -fcyclomatic-complexity -MMD -MP -MF"Core/Src/sysmem.d" -MT"Core/Src/sysmem.o" --specs=nano.specs -mfpu=fpv5-d16 -mfloat-abi=hard -mthumb -o "Core/Src/sysmem.o"
arm-none-eabi-gcc "../Core/Src/system_stm32h7xx.c" -mcpu=cortex-m7 -std=gnu11 -g3 -DDEBUG -DUSE_HAL_DRIVER -DSTM32H743xx -c -I../Core/Inc -I../Drivers/STM32H7xx_HAL_Driver/Inc -I../Drivers/STM32H7xx_HAL_Driver/Inc/Legacy -I../Drivers/CMSIS/Device/ST/STM32H7xx/Include -I../Drivers/CMSIS/Include -O0 -ffunction-sections -fdata-sections -Wall -fstack-usage -fcyclomatic-complexity -MMD -MP -MF"Core/Src/system_stm32h7xx.d" -MT"Core/Src/system_stm32h7xx.o" --specs=nano.specs -mfpu=fpv5-d16 -mfloat-abi=hard -mthumb -o "Core/Src/system_stm32h7xx.o"
arm-none-eabi-gcc -o "Triggered_Signal.elf" @"objects.list"   -mcpu=cortex-m7 -T"C:\Users\yehan\Documents\Uni\Esperimentazioni-Elettronica\Signal_with_trigger\Triggered_Signal\STM32H743ZITX_FLASH.ld" --specs=nosys.specs -Wl,-Map="Triggered_Signal.map" -Wl,--gc-sections -static --specs=nano.specs -mfpu=fpv5-d16 -mfloat-abi=hard -mthumb -Wl,--start-group -lc -lm -Wl,--end-group
Finished building target: Triggered_Signal.elf
 
arm-none-eabi-size  Triggered_Signal.elf 
arm-none-eabi-objdump -h -S Triggered_Signal.elf  > "Triggered_Signal.list"
   text	   data	    bss	    dec	    hex	filename
  37204	     16	   1896	  39116	   98cc	Triggered_Signal.elf
Finished building: default.size.stdout
 
Finished building: Triggered_Signal.list
 
19:25:23 **** Incremental Build of configuration Debug for project Triggered_Signal ****
make -j22 all 
arm-none-eabi-size  Triggered_Signal.elf 
   text	   data	    bss	    dec	    hex	filename
  37204	     16	   1896	  39116	   98cc	Triggered_Signal.elf
Finished building: default.size.stdout
 
19:25:34 **** Incremental Build of configuration Debug for project Triggered_Signal ****
make -j22 all 
arm-none-eabi-size  Triggered_Signal.elf 
   text	   data	    bss	    dec	    hex	filename
  37204	     16	   1896	  39116	   98cc	Triggered_Signal.elf
Finished building: default.size.stdout
 
19:28:08 **** Incremental Build of configuration Debug for project Triggered_Signal ****
make -j22 all 
arm-none-eabi-gcc "../Core/Src/custom_adc.c" -mcpu=cortex-m7 -std=gnu11 -g3 -DDEBUG -DUSE_HAL_DRIVER -DSTM32H743xx -c -I../Core/Inc -I../Drivers/STM32H7xx_HAL_Driver/Inc -I../Drivers/STM32H7xx_HAL_Driver/Inc/Legacy -I../Drivers/CMSIS/Device/ST/STM32H7xx/Include -I../Drivers/CMSIS/Include -O0 -ffunction-sections -fdata-sections -Wall -fstack-usage -fcyclomatic-complexity -MMD -MP -MF"Core/Src/custom_adc.d" -MT"Core/Src/custom_adc.o" --specs=nano.specs -mfpu=fpv5-d16 -mfloat-abi=hard -mthumb -o "Core/Src/custom_adc.o"
arm-none-eabi-gcc "../Core/Src/custom_usart.c" -mcpu=cortex-m7 -std=gnu11 -g3 -DDEBUG -DUSE_HAL_DRIVER -DSTM32H743xx -c -I../Core/Inc -I../Drivers/STM32H7xx_HAL_Driver/Inc -I../Drivers/STM32H7xx_HAL_Driver/Inc/Legacy -I../Drivers/CMSIS/Device/ST/STM32H7xx/Include -I../Drivers/CMSIS/Include -O0 -ffunction-sections -fdata-sections -Wall -fstack-usage -fcyclomatic-complexity -MMD -MP -MF"Core/Src/custom_usart.d" -MT"Core/Src/custom_usart.o" --specs=nano.specs -mfpu=fpv5-d16 -mfloat-abi=hard -mthumb -o "Core/Src/custom_usart.o"
arm-none-eabi-gcc "../Core/Src/main.c" -mcpu=cortex-m7 -std=gnu11 -g3 -DDEBUG -DUSE_HAL_DRIVER -DSTM32H743xx -c -I../Core/Inc -I../Drivers/STM32H7xx_HAL_Driver/Inc -I../Drivers/STM32H7xx_HAL_Driver/Inc/Legacy -I../Drivers/CMSIS/Device/ST/STM32H7xx/Include -I../Drivers/CMSIS/Include -O0 -ffunction-sections -fdata-sections -Wall -fstack-usage -fcyclomatic-complexity -MMD -MP -MF"Core/Src/main.d" -MT"Core/Src/main.o" --specs=nano.specs -mfpu=fpv5-d16 -mfloat-abi=hard -mthumb -o "Core/Src/main.o"
arm-none-eabi-gcc "../Core/Src/stm32h7xx_hal_msp.c" -mcpu=cortex-m7 -std=gnu11 -g3 -DDEBUG -DUSE_HAL_DRIVER -DSTM32H743xx -c -I../Core/Inc -I../Drivers/STM32H7xx_HAL_Driver/Inc -I../Drivers/STM32H7xx_HAL_Driver/Inc/Legacy -I../Drivers/CMSIS/Device/ST/STM32H7xx/Include -I../Drivers/CMSIS/Include -O0 -ffunction-sections -fdata-sections -Wall -fstack-usage -fcyclomatic-complexity -MMD -MP -MF"Core/Src/stm32h7xx_hal_msp.d" -MT"Core/Src/stm32h7xx_hal_msp.o" --specs=nano.specs -mfpu=fpv5-d16 -mfloat-abi=hard -mthumb -o "Core/Src/stm32h7xx_hal_msp.o"
arm-none-eabi-gcc "../Core/Src/stm32h7xx_it.c" -mcpu=cortex-m7 -std=gnu11 -g3 -DDEBUG -DUSE_HAL_DRIVER -DSTM32H743xx -c -I../Core/Inc -I../Drivers/STM32H7xx_HAL_Driver/Inc -I../Drivers/STM32H7xx_HAL_Driver/Inc/Legacy -I../Drivers/CMSIS/Device/ST/STM32H7xx/Include -I../Drivers/CMSIS/Include -O0 -ffunction-sections -fdata-sections -Wall -fstack-usage -fcyclomatic-complexity -MMD -MP -MF"Core/Src/stm32h7xx_it.d" -MT"Core/Src/stm32h7xx_it.o" --specs=nano.specs -mfpu=fpv5-d16 -mfloat-abi=hard -mthumb -o "Core/Src/stm32h7xx_it.o"
arm-none-eabi-gcc "../Core/Src/syscalls.c" -mcpu=cortex-m7 -std=gnu11 -g3 -DDEBUG -DUSE_HAL_DRIVER -DSTM32H743xx -c -I../Core/Inc -I../Drivers/STM32H7xx_HAL_Driver/Inc -I../Drivers/STM32H7xx_HAL_Driver/Inc/Legacy -I../Drivers/CMSIS/Device/ST/STM32H7xx/Include -I../Drivers/CMSIS/Include -O0 -ffunction-sections -fdata-sections -Wall -fstack-usage -fcyclomatic-complexity -MMD -MP -MF"Core/Src/syscalls.d" -MT"Core/Src/syscalls.o" --specs=nano.specs -mfpu=fpv5-d16 -mfloat-abi=hard -mthumb -o "Core/Src/syscalls.o"
arm-none-eabi-gcc "../Core/Src/sysmem.c" -mcpu=cortex-m7 -std=gnu11 -g3 -DDEBUG -DUSE_HAL_DRIVER -DSTM32H743xx -c -I../Core/Inc -I../Drivers/STM32H7xx_HAL_Driver/Inc -I../Drivers/STM32H7xx_HAL_Driver/Inc/Legacy -I../Drivers/CMSIS/Device/ST/STM32H7xx/Include -I../Drivers/CMSIS/Include -O0 -ffunction-sections -fdata-sections -Wall -fstack-usage -fcyclomatic-complexity -MMD -MP -MF"Core/Src/sysmem.d" -MT"Core/Src/sysmem.o" --specs=nano.specs -mfpu=fpv5-d16 -mfloat-abi=hard -mthumb -o "Core/Src/sysmem.o"
arm-none-eabi-gcc "../Core/Src/system_stm32h7xx.c" -mcpu=cortex-m7 -std=gnu11 -g3 -DDEBUG -DUSE_HAL_DRIVER -DSTM32H743xx -c -I../Core/Inc -I../Drivers/STM32H7xx_HAL_Driver/Inc -I../Drivers/STM32H7xx_HAL_Driver/Inc/Legacy -I../Drivers/CMSIS/Device/ST/STM32H7xx/Include -I../Drivers/CMSIS/Include -O0 -ffunction-sections -fdata-sections -Wall -fstack-usage -fcyclomatic-complexity -MMD -MP -MF"Core/Src/system_stm32h7xx.d" -MT"Core/Src/system_stm32h7xx.o" --specs=nano.specs -mfpu=fpv5-d16 -mfloat-abi=hard -mthumb -o "Core/Src/system_stm32h7xx.o"
../Core/Src/main.c:67:1: warning: data definition has no type or storage class
   67 | usart3_init();
      | ^~~~~~~~~~~
../Core/Src/main.c:67:1: warning: type defaults to 'int' in declaration of 'usart3_init' [-Wimplicit-int]
../Core/Src/main.c:67:1: error: conflicting types for 'usart3_init'; have 'int()'
In file included from ../Core/Src/main.c:25:
../Core/Inc/custom_usart.h:23:6: note: previous declaration of 'usart3_init' with type 'void()'
   23 | void usart3_init();
      |      ^~~~~~~~~~~
make: *** [Core/Src/subdir.mk:40: Core/Src/main.o] Error 1
make: *** Waiting for unfinished jobs....
"make -j22 all" terminated with exit code 2. Build might be incomplete.
19:29:58 **** Incremental Build of configuration Debug for project Triggered_Signal ****
make -j22 all 
arm-none-eabi-gcc "../Core/Src/main.c" -mcpu=cortex-m7 -std=gnu11 -g3 -DDEBUG -DUSE_HAL_DRIVER -DSTM32H743xx -c -I../Core/Inc -I../Drivers/STM32H7xx_HAL_Driver/Inc -I../Drivers/STM32H7xx_HAL_Driver/Inc/Legacy -I../Drivers/CMSIS/Device/ST/STM32H7xx/Include -I../Drivers/CMSIS/Include -O0 -ffunction-sections -fdata-sections -Wall -fstack-usage -fcyclomatic-complexity -MMD -MP -MF"Core/Src/main.d" -MT"Core/Src/main.o" --specs=nano.specs -mfpu=fpv5-d16 -mfloat-abi=hard -mthumb -o "Core/Src/main.o"
../Core/Src/main.c:62:1: warning: data definition has no type or storage class
   62 | usart3_init();
      | ^~~~~~~~~~~
../Core/Src/main.c:62:1: warning: type defaults to 'int' in declaration of 'usart3_init' [-Wimplicit-int]
../Core/Src/main.c:62:1: error: conflicting types for 'usart3_init'; have 'int()'
In file included from ../Core/Src/main.c:25:
../Core/Inc/custom_usart.h:23:6: note: previous declaration of 'usart3_init' with type 'void()'
   23 | void usart3_init();
      |      ^~~~~~~~~~~
make: *** [Core/Src/subdir.mk:40: Core/Src/main.o] Error 1
"make -j22 all" terminated with exit code 2. Build might be incomplete.
19:31:02 **** Incremental Build of configuration Debug for project Triggered_Signal ****
make -j22 all 
arm-none-eabi-gcc "../Core/Src/main.c" -mcpu=cortex-m7 -std=gnu11 -g3 -DDEBUG -DUSE_HAL_DRIVER -DSTM32H743xx -c -I../Core/Inc -I../Drivers/STM32H7xx_HAL_Driver/Inc -I../Drivers/STM32H7xx_HAL_Driver/Inc/Legacy -I../Drivers/CMSIS/Device/ST/STM32H7xx/Include -I../Drivers/CMSIS/Include -O0 -ffunction-sections -fdata-sections -Wall -fstack-usage -fcyclomatic-complexity -MMD -MP -MF"Core/Src/main.d" -MT"Core/Src/main.o" --specs=nano.specs -mfpu=fpv5-d16 -mfloat-abi=hard -mthumb -o "Core/Src/main.o"
../Core/Src/main.c:62:1: warning: data definition has no type or storage class
   62 | usart3_init();
      | ^~~~~~~~~~~
../Core/Src/main.c:62:1: warning: type defaults to 'int' in declaration of 'usart3_init' [-Wimplicit-int]
../Core/Src/main.c:62:1: error: conflicting types for 'usart3_init'; have 'int()'
In file included from ../Core/Src/main.c:25:
../Core/Inc/custom_usart.h:23:6: note: previous declaration of 'usart3_init' with type 'void()'
   23 | void usart3_init();
      |      ^~~~~~~~~~~
make: *** [Core/Src/subdir.mk:40: Core/Src/main.o] Error 1
"make -j22 all" terminated with exit code 2. Build might be incomplete.
19:31:40 **** Incremental Build of configuration Debug for project Triggered_Signal ****
make -j22 all 
arm-none-eabi-gcc "../Core/Src/main.c" -mcpu=cortex-m7 -std=gnu11 -g3 -DDEBUG -DUSE_HAL_DRIVER -DSTM32H743xx -c -I../Core/Inc -I../Drivers/STM32H7xx_HAL_Driver/Inc -I../Drivers/STM32H7xx_HAL_Driver/Inc/Legacy -I../Drivers/CMSIS/Device/ST/STM32H7xx/Include -I../Drivers/CMSIS/Include -O0 -ffunction-sections -fdata-sections -Wall -fstack-usage -fcyclomatic-complexity -MMD -MP -MF"Core/Src/main.d" -MT"Core/Src/main.o" --specs=nano.specs -mfpu=fpv5-d16 -mfloat-abi=hard -mthumb -o "Core/Src/main.o"
../Core/Src/main.c:62:2: error: expected identifier or '(' before 'void'
   62 | (void)usart3_init();
      |  ^~~~
make: *** [Core/Src/subdir.mk:40: Core/Src/main.o] Error 1
"make -j22 all" terminated with exit code 2. Build might be incomplete.
19:31:58 **** Incremental Build of configuration Debug for project Triggered_Signal ****
make -j22 all 
arm-none-eabi-gcc "../Core/Src/main.c" -mcpu=cortex-m7 -std=gnu11 -g3 -DDEBUG -DUSE_HAL_DRIVER -DSTM32H743xx -c -I../Core/Inc -I../Drivers/STM32H7xx_HAL_Driver/Inc -I../Drivers/STM32H7xx_HAL_Driver/Inc/Legacy -I../Drivers/CMSIS/Device/ST/STM32H7xx/Include -I../Drivers/CMSIS/Include -O0 -ffunction-sections -fdata-sections -Wall -fstack-usage -fcyclomatic-complexity -MMD -MP -MF"Core/Src/main.d" -MT"Core/Src/main.o" --specs=nano.specs -mfpu=fpv5-d16 -mfloat-abi=hard -mthumb -o "Core/Src/main.o"
../Core/Src/main.c:62:1: warning: data definition has no type or storage class
   62 | usart3_init(void);
      | ^~~~~~~~~~~
../Core/Src/main.c:62:1: warning: type defaults to 'int' in declaration of 'usart3_init' [-Wimplicit-int]
../Core/Src/main.c:62:1: error: conflicting types for 'usart3_init'; have 'int(void)'
In file included from ../Core/Src/main.c:25:
../Core/Inc/custom_usart.h:23:6: note: previous declaration of 'usart3_init' with type 'void()'
   23 | void usart3_init();
      |      ^~~~~~~~~~~
make: *** [Core/Src/subdir.mk:40: Core/Src/main.o] Error 1
"make -j22 all" terminated with exit code 2. Build might be incomplete.
19:32:28 **** Incremental Build of configuration Debug for project Triggered_Signal ****
make -j22 all 
arm-none-eabi-gcc "../Core/Src/main.c" -mcpu=cortex-m7 -std=gnu11 -g3 -DDEBUG -DUSE_HAL_DRIVER -DSTM32H743xx -c -I../Core/Inc -I../Drivers/STM32H7xx_HAL_Driver/Inc -I../Drivers/STM32H7xx_HAL_Driver/Inc/Legacy -I../Drivers/CMSIS/Device/ST/STM32H7xx/Include -I../Drivers/CMSIS/Include -O0 -ffunction-sections -fdata-sections -Wall -fstack-usage -fcyclomatic-complexity -MMD -MP -MF"Core/Src/main.d" -MT"Core/Src/main.o" --specs=nano.specs -mfpu=fpv5-d16 -mfloat-abi=hard -mthumb -o "Core/Src/main.o"
../Core/Src/main.c:62:1: warning: data definition has no type or storage class
   62 | usart3_init();
      | ^~~~~~~~~~~
../Core/Src/main.c:62:1: warning: type defaults to 'int' in declaration of 'usart3_init' [-Wimplicit-int]
../Core/Src/main.c:62:1: error: conflicting types for 'usart3_init'; have 'int()'
In file included from ../Core/Src/main.c:25:
../Core/Inc/custom_usart.h:23:6: note: previous declaration of 'usart3_init' with type 'void()'
   23 | void usart3_init();
      |      ^~~~~~~~~~~
make: *** [Core/Src/subdir.mk:40: Core/Src/main.o] Error 1
"make -j22 all" terminated with exit code 2. Build might be incomplete.
19:32:45 **** Incremental Build of configuration Debug for project Triggered_Signal ****
make -j22 all 
arm-none-eabi-gcc "../Core/Src/main.c" -mcpu=cortex-m7 -std=gnu11 -g3 -DDEBUG -DUSE_HAL_DRIVER -DSTM32H743xx -c -I../Core/Inc -I../Drivers/STM32H7xx_HAL_Driver/Inc -I../Drivers/STM32H7xx_HAL_Driver/Inc/Legacy -I../Drivers/CMSIS/Device/ST/STM32H7xx/Include -I../Drivers/CMSIS/Include -O0 -ffunction-sections -fdata-sections -Wall -fstack-usage -fcyclomatic-complexity -MMD -MP -MF"Core/Src/main.d" -MT"Core/Src/main.o" --specs=nano.specs -mfpu=fpv5-d16 -mfloat-abi=hard -mthumb -o "Core/Src/main.o"
arm-none-eabi-gcc -o "Triggered_Signal.elf" @"objects.list"   -mcpu=cortex-m7 -T"C:\Users\yehan\Documents\Uni\Esperimentazioni-Elettronica\Signal_with_trigger\Triggered_Signal\STM32H743ZITX_FLASH.ld" --specs=nosys.specs -Wl,-Map="Triggered_Signal.map" -Wl,--gc-sections -static --specs=nano.specs -mfpu=fpv5-d16 -mfloat-abi=hard -mthumb -Wl,--start-group -lc -lm -Wl,--end-group
Finished building target: Triggered_Signal.elf
 
arm-none-eabi-size  Triggered_Signal.elf 
arm-none-eabi-objdump -h -S Triggered_Signal.elf  > "Triggered_Signal.list"
   text	   data	    bss	    dec	    hex	filename
  37288	     16	   1896	  39200	   9920	Triggered_Signal.elf
Finished building: default.size.stdout
 
Finished building: Triggered_Signal.list
 
19:35:37 **** Incremental Build of configuration Debug for project Triggered_Signal ****
make -j22 all 
arm-none-eabi-gcc "../Core/Src/main.c" -mcpu=cortex-m7 -std=gnu11 -g3 -DDEBUG -DUSE_HAL_DRIVER -DSTM32H743xx -c -I../Core/Inc -I../Drivers/STM32H7xx_HAL_Driver/Inc -I../Drivers/STM32H7xx_HAL_Driver/Inc/Legacy -I../Drivers/CMSIS/Device/ST/STM32H7xx/Include -I../Drivers/CMSIS/Include -O0 -ffunction-sections -fdata-sections -Wall -fstack-usage -fcyclomatic-complexity -MMD -MP -MF"Core/Src/main.d" -MT"Core/Src/main.o" --specs=nano.specs -mfpu=fpv5-d16 -mfloat-abi=hard -mthumb -o "Core/Src/main.o"
arm-none-eabi-gcc "../Core/Src/stm32h7xx_it.c" -mcpu=cortex-m7 -std=gnu11 -g3 -DDEBUG -DUSE_HAL_DRIVER -DSTM32H743xx -c -I../Core/Inc -I../Drivers/STM32H7xx_HAL_Driver/Inc -I../Drivers/STM32H7xx_HAL_Driver/Inc/Legacy -I../Drivers/CMSIS/Device/ST/STM32H7xx/Include -I../Drivers/CMSIS/Include -O0 -ffunction-sections -fdata-sections -Wall -fstack-usage -fcyclomatic-complexity -MMD -MP -MF"Core/Src/stm32h7xx_it.d" -MT"Core/Src/stm32h7xx_it.o" --specs=nano.specs -mfpu=fpv5-d16 -mfloat-abi=hard -mthumb -o "Core/Src/stm32h7xx_it.o"
arm-none-eabi-gcc -o "Triggered_Signal.elf" @"objects.list"   -mcpu=cortex-m7 -T"C:\Users\yehan\Documents\Uni\Esperimentazioni-Elettronica\Signal_with_trigger\Triggered_Signal\STM32H743ZITX_FLASH.ld" --specs=nosys.specs -Wl,-Map="Triggered_Signal.map" -Wl,--gc-sections -static --specs=nano.specs -mfpu=fpv5-d16 -mfloat-abi=hard -mthumb -Wl,--start-group -lc -lm -Wl,--end-group
Finished building target: Triggered_Signal.elf
 
arm-none-eabi-size  Triggered_Signal.elf 
arm-none-eabi-objdump -h -S Triggered_Signal.elf  > "Triggered_Signal.list"
   text	   data	    bss	    dec	    hex	filename
  31528	     16	   3912	  35456	   8a80	Triggered_Signal.elf
Finished building: default.size.stdout
 
Finished building: Triggered_Signal.list
 
19:53:35 **** Incremental Build of configuration Debug for project Triggered_Signal ****
make -j22 all 
arm-none-eabi-gcc "../Core/Src/custom_adc.c" -mcpu=cortex-m7 -std=gnu11 -g3 -DDEBUG -DUSE_HAL_DRIVER -DSTM32H743xx -c -I../Core/Inc -I../Drivers/STM32H7xx_HAL_Driver/Inc -I../Drivers/STM32H7xx_HAL_Driver/Inc/Legacy -I../Drivers/CMSIS/Device/ST/STM32H7xx/Include -I../Drivers/CMSIS/Include -O0 -ffunction-sections -fdata-sections -Wall -fstack-usage -fcyclomatic-complexity -MMD -MP -MF"Core/Src/custom_adc.d" -MT"Core/Src/custom_adc.o" --specs=nano.specs -mfpu=fpv5-d16 -mfloat-abi=hard -mthumb -o "Core/Src/custom_adc.o"
arm-none-eabi-gcc "../Core/Src/custom_usart.c" -mcpu=cortex-m7 -std=gnu11 -g3 -DDEBUG -DUSE_HAL_DRIVER -DSTM32H743xx -c -I../Core/Inc -I../Drivers/STM32H7xx_HAL_Driver/Inc -I../Drivers/STM32H7xx_HAL_Driver/Inc/Legacy -I../Drivers/CMSIS/Device/ST/STM32H7xx/Include -I../Drivers/CMSIS/Include -O0 -ffunction-sections -fdata-sections -Wall -fstack-usage -fcyclomatic-complexity -MMD -MP -MF"Core/Src/custom_usart.d" -MT"Core/Src/custom_usart.o" --specs=nano.specs -mfpu=fpv5-d16 -mfloat-abi=hard -mthumb -o "Core/Src/custom_usart.o"
arm-none-eabi-gcc "../Core/Src/main.c" -mcpu=cortex-m7 -std=gnu11 -g3 -DDEBUG -DUSE_HAL_DRIVER -DSTM32H743xx -c -I../Core/Inc -I../Drivers/STM32H7xx_HAL_Driver/Inc -I../Drivers/STM32H7xx_HAL_Driver/Inc/Legacy -I../Drivers/CMSIS/Device/ST/STM32H7xx/Include -I../Drivers/CMSIS/Include -O0 -ffunction-sections -fdata-sections -Wall -fstack-usage -fcyclomatic-complexity -MMD -MP -MF"Core/Src/main.d" -MT"Core/Src/main.o" --specs=nano.specs -mfpu=fpv5-d16 -mfloat-abi=hard -mthumb -o "Core/Src/main.o"
arm-none-eabi-gcc "../Core/Src/stm32h7xx_it.c" -mcpu=cortex-m7 -std=gnu11 -g3 -DDEBUG -DUSE_HAL_DRIVER -DSTM32H743xx -c -I../Core/Inc -I../Drivers/STM32H7xx_HAL_Driver/Inc -I../Drivers/STM32H7xx_HAL_Driver/Inc/Legacy -I../Drivers/CMSIS/Device/ST/STM32H7xx/Include -I../Drivers/CMSIS/Include -O0 -ffunction-sections -fdata-sections -Wall -fstack-usage -fcyclomatic-complexity -MMD -MP -MF"Core/Src/stm32h7xx_it.d" -MT"Core/Src/stm32h7xx_it.o" --specs=nano.specs -mfpu=fpv5-d16 -mfloat-abi=hard -mthumb -o "Core/Src/stm32h7xx_it.o"
arm-none-eabi-gcc -o "Triggered_Signal.elf" @"objects.list"   -mcpu=cortex-m7 -T"C:\Users\yehan\Documents\Uni\Esperimentazioni-Elettronica\Signal_with_trigger\Triggered_Signal\STM32H743ZITX_FLASH.ld" --specs=nosys.specs -Wl,-Map="Triggered_Signal.map" -Wl,--gc-sections -static --specs=nano.specs -mfpu=fpv5-d16 -mfloat-abi=hard -mthumb -Wl,--start-group -lc -lm -Wl,--end-group
Finished building target: Triggered_Signal.elf
 
arm-none-eabi-size  Triggered_Signal.elf 
arm-none-eabi-objdump -h -S Triggered_Signal.elf  > "Triggered_Signal.list"
   text	   data	    bss	    dec	    hex	filename
  31592	     16	   3912	  35520	   8ac0	Triggered_Signal.elf
Finished building: default.size.stdout
 
Finished building: Triggered_Signal.list
 
19:56:21 **** Incremental Build of configuration Debug for project Triggered_Signal ****
make -j22 all 
arm-none-eabi-gcc "../Core/Src/custom_adc.c" -mcpu=cortex-m7 -std=gnu11 -g3 -DDEBUG -DUSE_HAL_DRIVER -DSTM32H743xx -c -I../Core/Inc -I../Drivers/STM32H7xx_HAL_Driver/Inc -I../Drivers/STM32H7xx_HAL_Driver/Inc/Legacy -I../Drivers/CMSIS/Device/ST/STM32H7xx/Include -I../Drivers/CMSIS/Include -O0 -ffunction-sections -fdata-sections -Wall -fstack-usage -fcyclomatic-complexity -MMD -MP -MF"Core/Src/custom_adc.d" -MT"Core/Src/custom_adc.o" --specs=nano.specs -mfpu=fpv5-d16 -mfloat-abi=hard -mthumb -o "Core/Src/custom_adc.o"
arm-none-eabi-gcc "../Core/Src/custom_usart.c" -mcpu=cortex-m7 -std=gnu11 -g3 -DDEBUG -DUSE_HAL_DRIVER -DSTM32H743xx -c -I../Core/Inc -I../Drivers/STM32H7xx_HAL_Driver/Inc -I../Drivers/STM32H7xx_HAL_Driver/Inc/Legacy -I../Drivers/CMSIS/Device/ST/STM32H7xx/Include -I../Drivers/CMSIS/Include -O0 -ffunction-sections -fdata-sections -Wall -fstack-usage -fcyclomatic-complexity -MMD -MP -MF"Core/Src/custom_usart.d" -MT"Core/Src/custom_usart.o" --specs=nano.specs -mfpu=fpv5-d16 -mfloat-abi=hard -mthumb -o "Core/Src/custom_usart.o"
arm-none-eabi-gcc "../Core/Src/main.c" -mcpu=cortex-m7 -std=gnu11 -g3 -DDEBUG -DUSE_HAL_DRIVER -DSTM32H743xx -c -I../Core/Inc -I../Drivers/STM32H7xx_HAL_Driver/Inc -I../Drivers/STM32H7xx_HAL_Driver/Inc/Legacy -I../Drivers/CMSIS/Device/ST/STM32H7xx/Include -I../Drivers/CMSIS/Include -O0 -ffunction-sections -fdata-sections -Wall -fstack-usage -fcyclomatic-complexity -MMD -MP -MF"Core/Src/main.d" -MT"Core/Src/main.o" --specs=nano.specs -mfpu=fpv5-d16 -mfloat-abi=hard -mthumb -o "Core/Src/main.o"
arm-none-eabi-gcc "../Core/Src/stm32h7xx_it.c" -mcpu=cortex-m7 -std=gnu11 -g3 -DDEBUG -DUSE_HAL_DRIVER -DSTM32H743xx -c -I../Core/Inc -I../Drivers/STM32H7xx_HAL_Driver/Inc -I../Drivers/STM32H7xx_HAL_Driver/Inc/Legacy -I../Drivers/CMSIS/Device/ST/STM32H7xx/Include -I../Drivers/CMSIS/Include -O0 -ffunction-sections -fdata-sections -Wall -fstack-usage -fcyclomatic-complexity -MMD -MP -MF"Core/Src/stm32h7xx_it.d" -MT"Core/Src/stm32h7xx_it.o" --specs=nano.specs -mfpu=fpv5-d16 -mfloat-abi=hard -mthumb -o "Core/Src/stm32h7xx_it.o"
arm-none-eabi-gcc -o "Triggered_Signal.elf" @"objects.list"   -mcpu=cortex-m7 -T"C:\Users\yehan\Documents\Uni\Esperimentazioni-Elettronica\Signal_with_trigger\Triggered_Signal\STM32H743ZITX_FLASH.ld" --specs=nosys.specs -Wl,-Map="Triggered_Signal.map" -Wl,--gc-sections -static --specs=nano.specs -mfpu=fpv5-d16 -mfloat-abi=hard -mthumb -Wl,--start-group -lc -lm -Wl,--end-group
Finished building target: Triggered_Signal.elf
 
arm-none-eabi-size  Triggered_Signal.elf 
arm-none-eabi-objdump -h -S Triggered_Signal.elf  > "Triggered_Signal.list"
   text	   data	    bss	    dec	    hex	filename
  31588	     16	   3912	  35516	   8abc	Triggered_Signal.elf
Finished building: default.size.stdout
 
Finished building: Triggered_Signal.list
 
19:58:02 **** Incremental Build of configuration Debug for project Triggered_Signal ****
make -j22 all 
arm-none-eabi-gcc "../Core/Src/custom_adc.c" -mcpu=cortex-m7 -std=gnu11 -g3 -DDEBUG -DUSE_HAL_DRIVER -DSTM32H743xx -c -I../Core/Inc -I../Drivers/STM32H7xx_HAL_Driver/Inc -I../Drivers/STM32H7xx_HAL_Driver/Inc/Legacy -I../Drivers/CMSIS/Device/ST/STM32H7xx/Include -I../Drivers/CMSIS/Include -O0 -ffunction-sections -fdata-sections -Wall -fstack-usage -fcyclomatic-complexity -MMD -MP -MF"Core/Src/custom_adc.d" -MT"Core/Src/custom_adc.o" --specs=nano.specs -mfpu=fpv5-d16 -mfloat-abi=hard -mthumb -o "Core/Src/custom_adc.o"
arm-none-eabi-gcc -o "Triggered_Signal.elf" @"objects.list"   -mcpu=cortex-m7 -T"C:\Users\yehan\Documents\Uni\Esperimentazioni-Elettronica\Signal_with_trigger\Triggered_Signal\STM32H743ZITX_FLASH.ld" --specs=nosys.specs -Wl,-Map="Triggered_Signal.map" -Wl,--gc-sections -static --specs=nano.specs -mfpu=fpv5-d16 -mfloat-abi=hard -mthumb -Wl,--start-group -lc -lm -Wl,--end-group
Finished building target: Triggered_Signal.elf
 
arm-none-eabi-size  Triggered_Signal.elf 
arm-none-eabi-objdump -h -S Triggered_Signal.elf  > "Triggered_Signal.list"
   text	   data	    bss	    dec	    hex	filename
  31588	     16	   3912	  35516	   8abc	Triggered_Signal.elf
Finished building: default.size.stdout
 
Finished building: Triggered_Signal.list
 
20:00:14 **** Incremental Build of configuration Debug for project Triggered_Signal ****
make -j22 all 
arm-none-eabi-gcc "../Core/Src/custom_adc.c" -mcpu=cortex-m7 -std=gnu11 -g3 -DDEBUG -DUSE_HAL_DRIVER -DSTM32H743xx -c -I../Core/Inc -I../Drivers/STM32H7xx_HAL_Driver/Inc -I../Drivers/STM32H7xx_HAL_Driver/Inc/Legacy -I../Drivers/CMSIS/Device/ST/STM32H7xx/Include -I../Drivers/CMSIS/Include -O0 -ffunction-sections -fdata-sections -Wall -fstack-usage -fcyclomatic-complexity -MMD -MP -MF"Core/Src/custom_adc.d" -MT"Core/Src/custom_adc.o" --specs=nano.specs -mfpu=fpv5-d16 -mfloat-abi=hard -mthumb -o "Core/Src/custom_adc.o"
arm-none-eabi-gcc "../Core/Src/custom_usart.c" -mcpu=cortex-m7 -std=gnu11 -g3 -DDEBUG -DUSE_HAL_DRIVER -DSTM32H743xx -c -I../Core/Inc -I../Drivers/STM32H7xx_HAL_Driver/Inc -I../Drivers/STM32H7xx_HAL_Driver/Inc/Legacy -I../Drivers/CMSIS/Device/ST/STM32H7xx/Include -I../Drivers/CMSIS/Include -O0 -ffunction-sections -fdata-sections -Wall -fstack-usage -fcyclomatic-complexity -MMD -MP -MF"Core/Src/custom_usart.d" -MT"Core/Src/custom_usart.o" --specs=nano.specs -mfpu=fpv5-d16 -mfloat-abi=hard -mthumb -o "Core/Src/custom_usart.o"
arm-none-eabi-gcc "../Core/Src/main.c" -mcpu=cortex-m7 -std=gnu11 -g3 -DDEBUG -DUSE_HAL_DRIVER -DSTM32H743xx -c -I../Core/Inc -I../Drivers/STM32H7xx_HAL_Driver/Inc -I../Drivers/STM32H7xx_HAL_Driver/Inc/Legacy -I../Drivers/CMSIS/Device/ST/STM32H7xx/Include -I../Drivers/CMSIS/Include -O0 -ffunction-sections -fdata-sections -Wall -fstack-usage -fcyclomatic-complexity -MMD -MP -MF"Core/Src/main.d" -MT"Core/Src/main.o" --specs=nano.specs -mfpu=fpv5-d16 -mfloat-abi=hard -mthumb -o "Core/Src/main.o"
arm-none-eabi-gcc "../Core/Src/stm32h7xx_it.c" -mcpu=cortex-m7 -std=gnu11 -g3 -DDEBUG -DUSE_HAL_DRIVER -DSTM32H743xx -c -I../Core/Inc -I../Drivers/STM32H7xx_HAL_Driver/Inc -I../Drivers/STM32H7xx_HAL_Driver/Inc/Legacy -I../Drivers/CMSIS/Device/ST/STM32H7xx/Include -I../Drivers/CMSIS/Include -O0 -ffunction-sections -fdata-sections -Wall -fstack-usage -fcyclomatic-complexity -MMD -MP -MF"Core/Src/stm32h7xx_it.d" -MT"Core/Src/stm32h7xx_it.o" --specs=nano.specs -mfpu=fpv5-d16 -mfloat-abi=hard -mthumb -o "Core/Src/stm32h7xx_it.o"
arm-none-eabi-gcc -o "Triggered_Signal.elf" @"objects.list"   -mcpu=cortex-m7 -T"C:\Users\yehan\Documents\Uni\Esperimentazioni-Elettronica\Signal_with_trigger\Triggered_Signal\STM32H743ZITX_FLASH.ld" --specs=nosys.specs -Wl,-Map="Triggered_Signal.map" -Wl,--gc-sections -static --specs=nano.specs -mfpu=fpv5-d16 -mfloat-abi=hard -mthumb -Wl,--start-group -lc -lm -Wl,--end-group
Finished building target: Triggered_Signal.elf
 
arm-none-eabi-size  Triggered_Signal.elf 
arm-none-eabi-objdump -h -S Triggered_Signal.elf  > "Triggered_Signal.list"
   text	   data	    bss	    dec	    hex	filename
  31592	     16	   3912	  35520	   8ac0	Triggered_Signal.elf
Finished building: default.size.stdout
 
Finished building: Triggered_Signal.list
 
20:02:42 **** Incremental Build of configuration Debug for project Triggered_Signal ****
make -j22 all 
arm-none-eabi-gcc "../Core/Src/custom_adc.c" -mcpu=cortex-m7 -std=gnu11 -g3 -DDEBUG -DUSE_HAL_DRIVER -DSTM32H743xx -c -I../Core/Inc -I../Drivers/STM32H7xx_HAL_Driver/Inc -I../Drivers/STM32H7xx_HAL_Driver/Inc/Legacy -I../Drivers/CMSIS/Device/ST/STM32H7xx/Include -I../Drivers/CMSIS/Include -O0 -ffunction-sections -fdata-sections -Wall -fstack-usage -fcyclomatic-complexity -MMD -MP -MF"Core/Src/custom_adc.d" -MT"Core/Src/custom_adc.o" --specs=nano.specs -mfpu=fpv5-d16 -mfloat-abi=hard -mthumb -o "Core/Src/custom_adc.o"
arm-none-eabi-gcc "../Core/Src/custom_usart.c" -mcpu=cortex-m7 -std=gnu11 -g3 -DDEBUG -DUSE_HAL_DRIVER -DSTM32H743xx -c -I../Core/Inc -I../Drivers/STM32H7xx_HAL_Driver/Inc -I../Drivers/STM32H7xx_HAL_Driver/Inc/Legacy -I../Drivers/CMSIS/Device/ST/STM32H7xx/Include -I../Drivers/CMSIS/Include -O0 -ffunction-sections -fdata-sections -Wall -fstack-usage -fcyclomatic-complexity -MMD -MP -MF"Core/Src/custom_usart.d" -MT"Core/Src/custom_usart.o" --specs=nano.specs -mfpu=fpv5-d16 -mfloat-abi=hard -mthumb -o "Core/Src/custom_usart.o"
arm-none-eabi-gcc "../Core/Src/main.c" -mcpu=cortex-m7 -std=gnu11 -g3 -DDEBUG -DUSE_HAL_DRIVER -DSTM32H743xx -c -I../Core/Inc -I../Drivers/STM32H7xx_HAL_Driver/Inc -I../Drivers/STM32H7xx_HAL_Driver/Inc/Legacy -I../Drivers/CMSIS/Device/ST/STM32H7xx/Include -I../Drivers/CMSIS/Include -O0 -ffunction-sections -fdata-sections -Wall -fstack-usage -fcyclomatic-complexity -MMD -MP -MF"Core/Src/main.d" -MT"Core/Src/main.o" --specs=nano.specs -mfpu=fpv5-d16 -mfloat-abi=hard -mthumb -o "Core/Src/main.o"
arm-none-eabi-gcc "../Core/Src/stm32h7xx_it.c" -mcpu=cortex-m7 -std=gnu11 -g3 -DDEBUG -DUSE_HAL_DRIVER -DSTM32H743xx -c -I../Core/Inc -I../Drivers/STM32H7xx_HAL_Driver/Inc -I../Drivers/STM32H7xx_HAL_Driver/Inc/Legacy -I../Drivers/CMSIS/Device/ST/STM32H7xx/Include -I../Drivers/CMSIS/Include -O0 -ffunction-sections -fdata-sections -Wall -fstack-usage -fcyclomatic-complexity -MMD -MP -MF"Core/Src/stm32h7xx_it.d" -MT"Core/Src/stm32h7xx_it.o" --specs=nano.specs -mfpu=fpv5-d16 -mfloat-abi=hard -mthumb -o "Core/Src/stm32h7xx_it.o"
arm-none-eabi-gcc -o "Triggered_Signal.elf" @"objects.list"   -mcpu=cortex-m7 -T"C:\Users\yehan\Documents\Uni\Esperimentazioni-Elettronica\Signal_with_trigger\Triggered_Signal\STM32H743ZITX_FLASH.ld" --specs=nosys.specs -Wl,-Map="Triggered_Signal.map" -Wl,--gc-sections -static --specs=nano.specs -mfpu=fpv5-d16 -mfloat-abi=hard -mthumb -Wl,--start-group -lc -lm -Wl,--end-group
Finished building target: Triggered_Signal.elf
 
arm-none-eabi-size  Triggered_Signal.elf 
arm-none-eabi-objdump -h -S Triggered_Signal.elf  > "Triggered_Signal.list"
   text	   data	    bss	    dec	    hex	filename
  31596	     16	   3912	  35524	   8ac4	Triggered_Signal.elf
Finished building: default.size.stdout
 
Finished building: Triggered_Signal.list
 
20:04:31 **** Incremental Build of configuration Debug for project Triggered_Signal ****
make -j22 all 
arm-none-eabi-gcc "../Core/Src/custom_adc.c" -mcpu=cortex-m7 -std=gnu11 -g3 -DDEBUG -DUSE_HAL_DRIVER -DSTM32H743xx -c -I../Core/Inc -I../Drivers/STM32H7xx_HAL_Driver/Inc -I../Drivers/STM32H7xx_HAL_Driver/Inc/Legacy -I../Drivers/CMSIS/Device/ST/STM32H7xx/Include -I../Drivers/CMSIS/Include -O0 -ffunction-sections -fdata-sections -Wall -fstack-usage -fcyclomatic-complexity -MMD -MP -MF"Core/Src/custom_adc.d" -MT"Core/Src/custom_adc.o" --specs=nano.specs -mfpu=fpv5-d16 -mfloat-abi=hard -mthumb -o "Core/Src/custom_adc.o"
arm-none-eabi-gcc "../Core/Src/custom_usart.c" -mcpu=cortex-m7 -std=gnu11 -g3 -DDEBUG -DUSE_HAL_DRIVER -DSTM32H743xx -c -I../Core/Inc -I../Drivers/STM32H7xx_HAL_Driver/Inc -I../Drivers/STM32H7xx_HAL_Driver/Inc/Legacy -I../Drivers/CMSIS/Device/ST/STM32H7xx/Include -I../Drivers/CMSIS/Include -O0 -ffunction-sections -fdata-sections -Wall -fstack-usage -fcyclomatic-complexity -MMD -MP -MF"Core/Src/custom_usart.d" -MT"Core/Src/custom_usart.o" --specs=nano.specs -mfpu=fpv5-d16 -mfloat-abi=hard -mthumb -o "Core/Src/custom_usart.o"
arm-none-eabi-gcc "../Core/Src/main.c" -mcpu=cortex-m7 -std=gnu11 -g3 -DDEBUG -DUSE_HAL_DRIVER -DSTM32H743xx -c -I../Core/Inc -I../Drivers/STM32H7xx_HAL_Driver/Inc -I../Drivers/STM32H7xx_HAL_Driver/Inc/Legacy -I../Drivers/CMSIS/Device/ST/STM32H7xx/Include -I../Drivers/CMSIS/Include -O0 -ffunction-sections -fdata-sections -Wall -fstack-usage -fcyclomatic-complexity -MMD -MP -MF"Core/Src/main.d" -MT"Core/Src/main.o" --specs=nano.specs -mfpu=fpv5-d16 -mfloat-abi=hard -mthumb -o "Core/Src/main.o"
arm-none-eabi-gcc "../Core/Src/stm32h7xx_it.c" -mcpu=cortex-m7 -std=gnu11 -g3 -DDEBUG -DUSE_HAL_DRIVER -DSTM32H743xx -c -I../Core/Inc -I../Drivers/STM32H7xx_HAL_Driver/Inc -I../Drivers/STM32H7xx_HAL_Driver/Inc/Legacy -I../Drivers/CMSIS/Device/ST/STM32H7xx/Include -I../Drivers/CMSIS/Include -O0 -ffunction-sections -fdata-sections -Wall -fstack-usage -fcyclomatic-complexity -MMD -MP -MF"Core/Src/stm32h7xx_it.d" -MT"Core/Src/stm32h7xx_it.o" --specs=nano.specs -mfpu=fpv5-d16 -mfloat-abi=hard -mthumb -o "Core/Src/stm32h7xx_it.o"
arm-none-eabi-gcc -o "Triggered_Signal.elf" @"objects.list"   -mcpu=cortex-m7 -T"C:\Users\yehan\Documents\Uni\Esperimentazioni-Elettronica\Signal_with_trigger\Triggered_Signal\STM32H743ZITX_FLASH.ld" --specs=nosys.specs -Wl,-Map="Triggered_Signal.map" -Wl,--gc-sections -static --specs=nano.specs -mfpu=fpv5-d16 -mfloat-abi=hard -mthumb -Wl,--start-group -lc -lm -Wl,--end-group
Finished building target: Triggered_Signal.elf
 
arm-none-eabi-size  Triggered_Signal.elf 
arm-none-eabi-objdump -h -S Triggered_Signal.elf  > "Triggered_Signal.list"
   text	   data	    bss	    dec	    hex	filename
  31596	     16	   3912	  35524	   8ac4	Triggered_Signal.elf
Finished building: default.size.stdout
 
Finished building: Triggered_Signal.list
 
20:12:15 **** Incremental Build of configuration Debug for project Triggered_Signal ****
make -j22 all 
arm-none-eabi-gcc "../Core/Src/custom_adc.c" -mcpu=cortex-m7 -std=gnu11 -g3 -DDEBUG -DUSE_HAL_DRIVER -DSTM32H743xx -c -I../Core/Inc -I../Drivers/STM32H7xx_HAL_Driver/Inc -I../Drivers/STM32H7xx_HAL_Driver/Inc/Legacy -I../Drivers/CMSIS/Device/ST/STM32H7xx/Include -I../Drivers/CMSIS/Include -O0 -ffunction-sections -fdata-sections -Wall -fstack-usage -fcyclomatic-complexity -MMD -MP -MF"Core/Src/custom_adc.d" -MT"Core/Src/custom_adc.o" --specs=nano.specs -mfpu=fpv5-d16 -mfloat-abi=hard -mthumb -o "Core/Src/custom_adc.o"
arm-none-eabi-gcc -o "Triggered_Signal.elf" @"objects.list"   -mcpu=cortex-m7 -T"C:\Users\yehan\Documents\Uni\Esperimentazioni-Elettronica\Signal_with_trigger\Triggered_Signal\STM32H743ZITX_FLASH.ld" --specs=nosys.specs -Wl,-Map="Triggered_Signal.map" -Wl,--gc-sections -static --specs=nano.specs -mfpu=fpv5-d16 -mfloat-abi=hard -mthumb -Wl,--start-group -lc -lm -Wl,--end-group
Finished building target: Triggered_Signal.elf
 
arm-none-eabi-size  Triggered_Signal.elf 
arm-none-eabi-objdump -h -S Triggered_Signal.elf  > "Triggered_Signal.list"
   text	   data	    bss	    dec	    hex	filename
  31652	     16	   3912	  35580	   8afc	Triggered_Signal.elf
Finished building: default.size.stdout
 
Finished building: Triggered_Signal.list
 
20:14:32 **** Incremental Build of configuration Debug for project Triggered_Signal ****
make -j22 all 
arm-none-eabi-gcc "../Core/Src/custom_adc.c" -mcpu=cortex-m7 -std=gnu11 -g3 -DDEBUG -DUSE_HAL_DRIVER -DSTM32H743xx -c -I../Core/Inc -I../Drivers/STM32H7xx_HAL_Driver/Inc -I../Drivers/STM32H7xx_HAL_Driver/Inc/Legacy -I../Drivers/CMSIS/Device/ST/STM32H7xx/Include -I../Drivers/CMSIS/Include -O0 -ffunction-sections -fdata-sections -Wall -fstack-usage -fcyclomatic-complexity -MMD -MP -MF"Core/Src/custom_adc.d" -MT"Core/Src/custom_adc.o" --specs=nano.specs -mfpu=fpv5-d16 -mfloat-abi=hard -mthumb -o "Core/Src/custom_adc.o"
arm-none-eabi-gcc -o "Triggered_Signal.elf" @"objects.list"   -mcpu=cortex-m7 -T"C:\Users\yehan\Documents\Uni\Esperimentazioni-Elettronica\Signal_with_trigger\Triggered_Signal\STM32H743ZITX_FLASH.ld" --specs=nosys.specs -Wl,-Map="Triggered_Signal.map" -Wl,--gc-sections -static --specs=nano.specs -mfpu=fpv5-d16 -mfloat-abi=hard -mthumb -Wl,--start-group -lc -lm -Wl,--end-group
Finished building target: Triggered_Signal.elf
 
arm-none-eabi-size  Triggered_Signal.elf 
arm-none-eabi-objdump -h -S Triggered_Signal.elf  > "Triggered_Signal.list"
   text	   data	    bss	    dec	    hex	filename
  31652	     16	   3912	  35580	   8afc	Triggered_Signal.elf
Finished building: default.size.stdout
 
Finished building: Triggered_Signal.list
 
20:15:50 **** Incremental Build of configuration Debug for project Triggered_Signal ****
make -j22 all 
arm-none-eabi-gcc "../Core/Src/custom_adc.c" -mcpu=cortex-m7 -std=gnu11 -g3 -DDEBUG -DUSE_HAL_DRIVER -DSTM32H743xx -c -I../Core/Inc -I../Drivers/STM32H7xx_HAL_Driver/Inc -I../Drivers/STM32H7xx_HAL_Driver/Inc/Legacy -I../Drivers/CMSIS/Device/ST/STM32H7xx/Include -I../Drivers/CMSIS/Include -O0 -ffunction-sections -fdata-sections -Wall -fstack-usage -fcyclomatic-complexity -MMD -MP -MF"Core/Src/custom_adc.d" -MT"Core/Src/custom_adc.o" --specs=nano.specs -mfpu=fpv5-d16 -mfloat-abi=hard -mthumb -o "Core/Src/custom_adc.o"
arm-none-eabi-gcc -o "Triggered_Signal.elf" @"objects.list"   -mcpu=cortex-m7 -T"C:\Users\yehan\Documents\Uni\Esperimentazioni-Elettronica\Signal_with_trigger\Triggered_Signal\STM32H743ZITX_FLASH.ld" --specs=nosys.specs -Wl,-Map="Triggered_Signal.map" -Wl,--gc-sections -static --specs=nano.specs -mfpu=fpv5-d16 -mfloat-abi=hard -mthumb -Wl,--start-group -lc -lm -Wl,--end-group
Finished building target: Triggered_Signal.elf
 
arm-none-eabi-size  Triggered_Signal.elf 
arm-none-eabi-objdump -h -S Triggered_Signal.elf  > "Triggered_Signal.list"
   text	   data	    bss	    dec	    hex	filename
  31652	     16	   3912	  35580	   8afc	Triggered_Signal.elf
Finished building: default.size.stdout
 
Finished building: Triggered_Signal.list
 
