2024-10-25 19:21:40,446 [INFO] Activator:176 - 


2024-10-25 19:21:40,453 [INFO] Activator:177 - !SESSION log4j initialized
2024-10-25 19:21:46,506 [INFO] LogOutputStream:77 - [STDOUT_REDIRECT] 
2024-10-25 19:23:05,361 [INFO] ApplicationProperties:184 - Using Application install path: C:\ST\STM32CubeIDE_1.16.1\STM32CubeIDE\plugins\com.st.stm32cube.common.mx_6.12.1.202409122256
2024-10-25 19:23:05,386 [INFO] DbMcusXml:78 - Set database path to: C:\ST\STM32CubeIDE_1.16.1\STM32CubeIDE\plugins\com.st.stm32cube.common.mx_6.12.1.202409122256\\db\/mcu/
2024-10-25 19:23:05,386 [INFO] ApiDb:274 - Set plugin database path to: C:\ST\STM32CubeIDE_1.16.1\STM32CubeIDE\plugins\com.st.stm32cube.common.mx_6.12.1.202409122256\\db\/plugins/boardmanager/
2024-10-25 19:23:05,386 [WARN] ApiDb:259 - Overriding images path with different value:  => C:\ST\STM32CubeIDE_1.16.1\STM32CubeIDE\plugins\com.st.stm32cube.common.mx_6.12.1.202409122256\\db\/plugins/mcufinder/images/
2024-10-25 19:23:05,404 [INFO] ApiDb:250 - Set database path to: C:\Users\yehan\.stmcufinder\plugins\mcufinder//mcu/
2024-10-25 19:23:05,406 [INFO] DbMcusAds:125 - Set database path to: C:\Users\yehan\.stmcufinder\plugins\mcufinder//mcu/
2024-10-25 19:23:05,419 [INFO] CrossReferenceDbSqlite:203 - Set database path to: C:\Users\yehan\.stmcufinder\plugins\mcufinder//mcu/cs/
2024-10-25 19:23:05,551 [INFO] RulesReader:64 - Compatibility file has been processed (297 Rules)
2024-10-25 19:23:05,636 [INFO] DbMcusXml:78 - Set database path to: C:\ST\STM32CubeIDE_1.16.1\STM32CubeIDE\plugins\com.st.stm32cube.common.mx_6.12.1.202409122256\\db\/mcu/
2024-10-25 19:23:05,636 [INFO] ApiDb:274 - Set plugin database path to: C:\ST\STM32CubeIDE_1.16.1\STM32CubeIDE\plugins\com.st.stm32cube.common.mx_6.12.1.202409122256\\db\/plugins/boardmanager/
2024-10-25 19:23:05,637 [INFO] ApiDb:261 - Set plugin images path to: C:\ST\STM32CubeIDE_1.16.1\STM32CubeIDE\plugins\com.st.stm32cube.common.mx_6.12.1.202409122256\\db\/plugins/mcufinder/images/
2024-10-25 19:23:05,637 [WARN] DbFile:41 - Overriding database path with different value: C:\Users\yehan\.stmcufinder\plugins\mcufinder/ => C:\Users\yehan\.stmcufinder\plugins\mcufinder
2024-10-25 19:23:05,637 [INFO] ApiDb:250 - Set database path to: C:\Users\yehan\.stmcufinder\plugins\mcufinder//mcu/
2024-10-25 19:23:05,637 [WARN] DbFile:41 - Overriding database path with different value: C:\Users\yehan\.stmcufinder\plugins\mcufinder/ => C:\Users\yehan\.stmcufinder\plugins\mcufinder
2024-10-25 19:23:05,637 [INFO] DbMcusAds:125 - Set database path to: C:\Users\yehan\.stmcufinder\plugins\mcufinder//mcu/
2024-10-25 19:23:05,637 [WARN] DbFile:41 - Overriding database path with different value: C:\Users\yehan\.stmcufinder\plugins\mcufinder/ => C:\Users\yehan\.stmcufinder\plugins\mcufinder
2024-10-25 19:23:05,637 [WARN] DbFile:41 - Overriding database path with different value: C:\Users\yehan\.stmcufinder\plugins\mcufinder/ => C:\Users\yehan\.stmcufinder\plugins\mcufinder
2024-10-25 19:23:05,637 [INFO] CrossReferenceDbSqlite:203 - Set database path to: C:\Users\yehan\.stmcufinder\plugins\mcufinder//mcu/cs/
2024-10-25 19:23:05,721 [INFO] MainPanel:268 - HeapMemory: 619708416
2024-10-25 19:23:05,817 [INFO] DbMcusXml:78 - Set database path to: C:\ST\STM32CubeIDE_1.16.1\STM32CubeIDE\plugins\com.st.stm32cube.common.mx_6.12.1.202409122256\\db\/mcu/
2024-10-25 19:23:05,818 [INFO] ApiDb:274 - Set plugin database path to: C:\ST\STM32CubeIDE_1.16.1\STM32CubeIDE\plugins\com.st.stm32cube.common.mx_6.12.1.202409122256\\db\/plugins/boardmanager/
2024-10-25 19:23:05,818 [INFO] ApiDb:261 - Set plugin images path to: C:\ST\STM32CubeIDE_1.16.1\STM32CubeIDE\plugins\com.st.stm32cube.common.mx_6.12.1.202409122256\\db\/plugins/mcufinder/images/
2024-10-25 19:23:05,818 [WARN] DbFile:41 - Overriding database path with different value: C:\Users\yehan\.stmcufinder\plugins\mcufinder/ => C:\Users\yehan\.stmcufinder\plugins\mcufinder
2024-10-25 19:23:05,818 [INFO] ApiDb:250 - Set database path to: C:\Users\yehan\.stmcufinder\plugins\mcufinder//mcu/
2024-10-25 19:23:05,818 [WARN] DbFile:41 - Overriding database path with different value: C:\Users\yehan\.stmcufinder\plugins\mcufinder/ => C:\Users\yehan\.stmcufinder\plugins\mcufinder
2024-10-25 19:23:05,819 [INFO] DbMcusAds:125 - Set database path to: C:\Users\yehan\.stmcufinder\plugins\mcufinder//mcu/
2024-10-25 19:23:05,819 [WARN] DbFile:41 - Overriding database path with different value: C:\Users\yehan\.stmcufinder\plugins\mcufinder/ => C:\Users\yehan\.stmcufinder\plugins\mcufinder
2024-10-25 19:23:05,819 [WARN] DbFile:41 - Overriding database path with different value: C:\Users\yehan\.stmcufinder\plugins\mcufinder/ => C:\Users\yehan\.stmcufinder\plugins\mcufinder
2024-10-25 19:23:05,819 [INFO] CrossReferenceDbSqlite:203 - Set database path to: C:\Users\yehan\.stmcufinder\plugins\mcufinder//mcu/cs/
2024-10-25 19:23:05,837 [INFO] ApplicationProperties:184 - Using Application install path: C:\ST\STM32CubeIDE_1.16.1\STM32CubeIDE\plugins\com.st.stm32cube.common.mx_6.12.1.202409122256
2024-10-25 19:23:05,839 [INFO] PluginManage:196 - Search for loadable plugins [exclusion list=, ]
2024-10-25 19:23:05,839 [INFO] PluginManage:310 - Check plugin analytics
2024-10-25 19:23:06,107 [INFO] AnalyticsPlugin:253 - Accepted Software Licenses: STM32CubeMX.6.12.1
2024-10-25 19:23:06,108 [INFO] AnalyticsPlugin:255 - Accepted CMSIS Pack Licenses: 
2024-10-25 19:23:06,108 [INFO] AnalyticsPlugin:257 - Accepted Firmware Licenses: FW.H7.1.11.0
2024-10-25 19:23:06,112 [INFO] PluginManage:359 - Loaded plugin analytics (category:tool,tabindex:-1)
2024-10-25 19:23:06,113 [INFO] PluginManage:310 - Check plugin cadmodel
2024-10-25 19:23:06,130 [INFO] CADModel:105 - Init CAD model plugin
2024-10-25 19:23:06,130 [INFO] PluginManage:359 - Loaded plugin cadmodel (category:power,tabindex:5)
2024-10-25 19:23:06,131 [INFO] PluginManage:310 - Check plugin clock
2024-10-25 19:23:06,160 [INFO] PluginManage:359 - Loaded plugin clock (category:base,tabindex:2)
2024-10-25 19:23:06,160 [INFO] PluginManage:310 - Check plugin ddr
2024-10-25 19:23:06,164 [INFO] PluginManage:359 - Loaded plugin ddr (category:tool,tabindex:6)
2024-10-25 19:23:06,165 [INFO] PluginManage:310 - Check plugin filemanager
2024-10-25 19:23:06,288 [INFO] PluginManage:359 - Loaded plugin filemanager (category:base,tabindex:10)
2024-10-25 19:23:06,289 [INFO] PluginManage:310 - Check plugin ipmanager
2024-10-25 19:23:06,294 [INFO] PluginManage:359 - Loaded plugin ipmanager (category:base,tabindex:5)
2024-10-25 19:23:06,294 [INFO] PluginManage:310 - Check plugin lpbam
2024-10-25 19:23:06,308 [INFO] PluginManage:359 - Loaded plugin lpbam (category:base,tabindex:0)
2024-10-25 19:23:06,308 [INFO] PluginManage:310 - Check plugin memorymap
2024-10-25 19:23:06,325 [INFO] PluginManage:359 - Loaded plugin memorymap (category:base,tabindex:4)
2024-10-25 19:23:06,326 [INFO] PluginManage:310 - Check plugin pinoutandconfiguration
2024-10-25 19:23:06,341 [INFO] PluginManage:359 - Loaded plugin pinoutandconfiguration (category:base,tabindex:1)
2024-10-25 19:23:06,341 [INFO] PluginManage:310 - Check plugin pinoutconfig
2024-10-25 19:23:06,418 [WARN] SupportedApi:132 - Cannot load RTOS API schema: s4s-elt-must-match.1: The content of 'definitions' must match (annotation?, (simpleType | complexType)?, (unique | key | keyref)*)). A problem was found starting at: attribute.
2024-10-25 19:23:06,609 [INFO] PluginManage:359 - Loaded plugin pinoutconfig (category:base,tabindex:0)
2024-10-25 19:23:06,610 [INFO] PluginManage:310 - Check plugin power
2024-10-25 19:23:06,629 [INFO] PluginManage:359 - Loaded plugin power (category:power,tabindex:4)
2024-10-25 19:23:06,630 [INFO] PluginManage:310 - Check plugin projectmanager
2024-10-25 19:23:06,645 [INFO] PluginManage:359 - Loaded plugin projectmanager (category:projectmanager,tabindex:4)
2024-10-25 19:23:06,646 [INFO] PluginManage:310 - Check plugin rif
2024-10-25 19:23:06,660 [INFO] PluginManage:359 - Loaded plugin rif (category:base,tabindex:3)
2024-10-25 19:23:06,660 [INFO] PluginManage:310 - Check plugin thirdparty
2024-10-25 19:23:06,924 [INFO] PluginManage:359 - Loaded plugin thirdparty (category:base,tabindex:-1)
2024-10-25 19:23:06,925 [INFO] PluginManage:310 - Check plugin tools
2024-10-25 19:23:06,925 [WARN] IntegrityCheckThread:84 - waiting for thirdparty lock release [integrity check]
2024-10-25 19:23:06,925 [INFO] IntegrityCheckThread:86 - entering critical section [integrity check]
2024-10-25 19:23:06,925 [INFO] ThirdPartyUpdaterWithRetryManager:70 - Updater plugin not ready yet. [1/15]
2024-10-25 19:23:06,951 [INFO] PluginManage:359 - Loaded plugin tools (category:base,tabindex:7)
2024-10-25 19:23:06,951 [INFO] PluginManage:310 - Check plugin tutovideos
2024-10-25 19:23:07,098 [INFO] PluginManage:359 - Loaded plugin tutovideos (category:base,tabindex:-1)
2024-10-25 19:23:07,098 [INFO] PluginManage:310 - Check plugin updater
2024-10-25 19:23:07,116 [INFO] PluginManage:359 - Loaded plugin updater (category:base,tabindex:12)
2024-10-25 19:23:07,117 [INFO] PluginManage:310 - Check plugin userauth
2024-10-25 19:23:07,122 [INFO] UserAuth:113 - Init User Auth plugin
2024-10-25 19:23:07,122 [INFO] PluginManage:359 - Loaded plugin userauth (category:base,tabindex:14)
2024-10-25 19:23:07,123 [INFO] PluginManage:283 - PluginManage : Loaded plugins [18]
2024-10-25 19:23:07,282 [INFO] PinOutPanel:1561 - setPackage(No Configuration,No Configuration)
2024-10-25 19:23:07,411 [INFO] CADModel:165 - CPN selected for project level
2024-10-25 19:23:07,411 [INFO] CADModel:114 - Register for checkConnection events
2024-10-25 19:23:07,430 [INFO] IPUIPlugin:80 - create IPUIPlugin
2024-10-25 19:23:07,431 [INFO] PluginManager:220 - loadIPPluginJar : add adc
2024-10-25 19:23:07,458 [INFO] IPUIPlugin:80 - create IPUIPlugin
2024-10-25 19:23:07,458 [INFO] PluginManager:220 - loadIPPluginJar : add aes
2024-10-25 19:23:07,492 [INFO] IPUIPlugin:80 - create IPUIPlugin
2024-10-25 19:23:07,492 [INFO] PluginManager:220 - loadIPPluginJar : add can
2024-10-25 19:23:07,513 [INFO] IPUIPlugin:80 - create IPUIPlugin
2024-10-25 19:23:07,513 [INFO] PluginManager:220 - loadIPPluginJar : add comp
2024-10-25 19:23:07,542 [INFO] IPUIPlugin:80 - create IPUIPlugin
2024-10-25 19:23:07,542 [INFO] PluginManager:220 - loadIPPluginJar : add cryp
2024-10-25 19:23:07,553 [INFO] IPUIPlugin:80 - create IPUIPlugin
2024-10-25 19:23:07,553 [INFO] PluginManager:220 - loadIPPluginJar : add ddr_ctrl_phy
2024-10-25 19:23:07,582 [INFO] IPUIPlugin:80 - create IPUIPlugin
2024-10-25 19:23:07,582 [INFO] PluginManager:220 - loadIPPluginJar : add dfsdm
2024-10-25 19:23:07,632 [INFO] IPUIPlugin:80 - create IPUIPlugin
2024-10-25 19:23:07,633 [INFO] PluginManager:220 - loadIPPluginJar : add dma
2024-10-25 19:23:07,701 [INFO] IPUIPlugin:80 - create IPUIPlugin
2024-10-25 19:23:07,701 [INFO] PluginManager:220 - loadIPPluginJar : add dma3
2024-10-25 19:23:07,737 [INFO] IPUIPlugin:80 - create IPUIPlugin
2024-10-25 19:23:07,737 [INFO] PluginManager:220 - loadIPPluginJar : add extmemmanager
2024-10-25 19:23:07,755 [INFO] IPUIPlugin:80 - create IPUIPlugin
2024-10-25 19:23:07,755 [INFO] PluginManager:220 - loadIPPluginJar : add fatfs
2024-10-25 19:23:07,796 [INFO] IPUIPlugin:80 - create IPUIPlugin
2024-10-25 19:23:07,796 [INFO] PluginManager:220 - loadIPPluginJar : add fmc
2024-10-25 19:23:07,811 [INFO] IPUIPlugin:80 - create IPUIPlugin
2024-10-25 19:23:07,811 [INFO] PluginManager:220 - loadIPPluginJar : add freertos
2024-10-25 19:23:07,827 [INFO] IPUIPlugin:80 - create IPUIPlugin
2024-10-25 19:23:07,827 [INFO] PluginManager:220 - loadIPPluginJar : add genericplugin
2024-10-25 19:23:07,889 [INFO] IPUIPlugin:80 - create IPUIPlugin
2024-10-25 19:23:07,889 [INFO] PluginManager:220 - loadIPPluginJar : add gfxmmu
2024-10-25 19:23:08,019 [INFO] IPUIPlugin:80 - create IPUIPlugin
2024-10-25 19:23:08,020 [INFO] PluginManager:220 - loadIPPluginJar : add gic
2024-10-25 19:23:08,047 [INFO] IPUIPlugin:80 - create IPUIPlugin
2024-10-25 19:23:08,047 [INFO] PluginManager:220 - loadIPPluginJar : add gpio
2024-10-25 19:23:08,170 [INFO] IPUIPlugin:80 - create IPUIPlugin
2024-10-25 19:23:08,170 [INFO] PluginManager:220 - loadIPPluginJar : add gtzc
2024-10-25 19:23:08,222 [INFO] IPUIPlugin:80 - create IPUIPlugin
2024-10-25 19:23:08,222 [INFO] PluginManager:220 - loadIPPluginJar : add hash
2024-10-25 19:23:08,270 [INFO] IPUIPlugin:80 - create IPUIPlugin
2024-10-25 19:23:08,270 [INFO] PluginManager:220 - loadIPPluginJar : add i2c
2024-10-25 19:23:08,312 [INFO] IPUIPlugin:80 - create IPUIPlugin
2024-10-25 19:23:08,312 [INFO] PluginManager:220 - loadIPPluginJar : add i2s
2024-10-25 19:23:08,362 [INFO] IPUIPlugin:80 - create IPUIPlugin
2024-10-25 19:23:08,363 [INFO] PluginManager:220 - loadIPPluginJar : add i3c
2024-10-25 19:23:08,463 [INFO] IPUIPlugin:80 - create IPUIPlugin
2024-10-25 19:23:08,463 [INFO] PluginManager:220 - loadIPPluginJar : add ipddr
2024-10-25 19:23:08,561 [INFO] IPUIPlugin:80 - create IPUIPlugin
2024-10-25 19:23:08,562 [INFO] PluginManager:220 - loadIPPluginJar : add linkedlist
2024-10-25 19:23:08,603 [INFO] IPUIPlugin:80 - create IPUIPlugin
2024-10-25 19:23:08,603 [INFO] PluginManager:220 - loadIPPluginJar : add lorawan
2024-10-25 19:23:08,637 [INFO] IPUIPlugin:80 - create IPUIPlugin
2024-10-25 19:23:08,637 [INFO] PluginManager:220 - loadIPPluginJar : add ltdc
2024-10-25 19:23:08,658 [INFO] IPUIPlugin:80 - create IPUIPlugin
2024-10-25 19:23:08,658 [INFO] PluginManager:220 - loadIPPluginJar : add mdma
2024-10-25 19:23:08,675 [INFO] IPUIPlugin:80 - create IPUIPlugin
2024-10-25 19:23:08,675 [INFO] PluginManager:220 - loadIPPluginJar : add nvic
2024-10-25 19:23:08,722 [INFO] IPUIPlugin:80 - create IPUIPlugin
2024-10-25 19:23:08,723 [INFO] PluginManager:220 - loadIPPluginJar : add opamp
2024-10-25 19:23:08,802 [INFO] IPUIPlugin:80 - create IPUIPlugin
2024-10-25 19:23:08,802 [INFO] PluginManager:220 - loadIPPluginJar : add openamp
2024-10-25 19:23:08,906 [INFO] IPUIPlugin:80 - create IPUIPlugin
2024-10-25 19:23:08,906 [INFO] PluginManager:220 - loadIPPluginJar : add pdm2pcm
2024-10-25 19:23:08,940 [INFO] IPUIPlugin:80 - create IPUIPlugin
2024-10-25 19:23:08,951 [INFO] PluginManager:220 - loadIPPluginJar : add plateformsettings
2024-10-25 19:23:08,978 [INFO] IPUIPlugin:80 - create IPUIPlugin
2024-10-25 19:23:08,978 [INFO] PluginManager:220 - loadIPPluginJar : add quadspi
2024-10-25 19:23:09,003 [INFO] IPUIPlugin:80 - create IPUIPlugin
2024-10-25 19:23:09,004 [INFO] PluginManager:220 - loadIPPluginJar : add radio
2024-10-25 19:23:09,022 [INFO] IPUIPlugin:80 - create IPUIPlugin
2024-10-25 19:23:09,024 [INFO] PluginManager:220 - loadIPPluginJar : add resmgrutility
2024-10-25 19:23:09,110 [INFO] IPUIPlugin:80 - create IPUIPlugin
2024-10-25 19:23:09,110 [INFO] PluginManager:220 - loadIPPluginJar : add sai
2024-10-25 19:23:09,185 [INFO] IPUIPlugin:80 - create IPUIPlugin
2024-10-25 19:23:09,185 [INFO] PluginManager:220 - loadIPPluginJar : add spi
2024-10-25 19:23:09,326 [INFO] IPUIPlugin:80 - create IPUIPlugin
2024-10-25 19:23:09,327 [INFO] PluginManager:220 - loadIPPluginJar : add stm32_wpan
2024-10-25 19:23:09,373 [INFO] IPUIPlugin:80 - create IPUIPlugin
2024-10-25 19:23:09,374 [INFO] PluginManager:220 - loadIPPluginJar : add tim
2024-10-25 19:23:09,503 [INFO] IPUIPlugin:80 - create IPUIPlugin
2024-10-25 19:23:09,503 [INFO] PluginManager:220 - loadIPPluginJar : add touchsensing
2024-10-25 19:23:09,556 [INFO] IPUIPlugin:80 - create IPUIPlugin
2024-10-25 19:23:09,557 [INFO] PluginManager:220 - loadIPPluginJar : add tracer_emb
2024-10-25 19:23:09,603 [INFO] IPUIPlugin:80 - create IPUIPlugin
2024-10-25 19:23:09,603 [INFO] PluginManager:220 - loadIPPluginJar : add ts
