17:19:59 **** Build of configuration Debug for project GPIO_EXTI ****
make -j22 all 
arm-none-eabi-gcc "../Drivers/STM32H7xx_HAL_Driver/Src/stm32h7xx_hal.c" -mcpu=cortex-m7 -std=gnu11 -g3 -DDEBUG -DUSE_HAL_DRIVER -DSTM32H743xx -c -I../Core/Inc -I../Drivers/STM32H7xx_HAL_Driver/Inc -I../Drivers/STM32H7xx_HAL_Driver/Inc/Legacy -I../Drivers/CMSIS/Device/ST/STM32H7xx/Include -I../Drivers/CMSIS/Include -O0 -ffunction-sections -fdata-sections -Wall -fstack-usage -fcyclomatic-complexity -MMD -MP -MF"Drivers/STM32H7xx_HAL_Driver/Src/stm32h7xx_hal.d" -MT"Drivers/STM32H7xx_HAL_Driver/Src/stm32h7xx_hal.o" --specs=nano.specs -mfpu=fpv5-d16 -mfloat-abi=hard -mthumb -o "Drivers/STM32H7xx_HAL_Driver/Src/stm32h7xx_hal.o"
arm-none-eabi-gcc "../Drivers/STM32H7xx_HAL_Driver/Src/stm32h7xx_hal_adc.c" -mcpu=cortex-m7 -std=gnu11 -g3 -DDEBUG -DUSE_HAL_DRIVER -DSTM32H743xx -c -I../Core/Inc -I../Drivers/STM32H7xx_HAL_Driver/Inc -I../Drivers/STM32H7xx_HAL_Driver/Inc/Legacy -I../Drivers/CMSIS/Device/ST/STM32H7xx/Include -I../Drivers/CMSIS/Include -O0 -ffunction-sections -fdata-sections -Wall -fstack-usage -fcyclomatic-complexity -MMD -MP -MF"Drivers/STM32H7xx_HAL_Driver/Src/stm32h7xx_hal_adc.d" -MT"Drivers/STM32H7xx_HAL_Driver/Src/stm32h7xx_hal_adc.o" --specs=nano.specs -mfpu=fpv5-d16 -mfloat-abi=hard -mthumb -o "Drivers/STM32H7xx_HAL_Driver/Src/stm32h7xx_hal_adc.o"
arm-none-eabi-gcc "../Drivers/STM32H7xx_HAL_Driver/Src/stm32h7xx_hal_adc_ex.c" -mcpu=cortex-m7 -std=gnu11 -g3 -DDEBUG -DUSE_HAL_DRIVER -DSTM32H743xx -c -I../Core/Inc -I../Drivers/STM32H7xx_HAL_Driver/Inc -I../Drivers/STM32H7xx_HAL_Driver/Inc/Legacy -I../Drivers/CMSIS/Device/ST/STM32H7xx/Include -I../Drivers/CMSIS/Include -O0 -ffunction-sections -fdata-sections -Wall -fstack-usage -fcyclomatic-complexity -MMD -MP -MF"Drivers/STM32H7xx_HAL_Driver/Src/stm32h7xx_hal_adc_ex.d" -MT"Drivers/STM32H7xx_HAL_Driver/Src/stm32h7xx_hal_adc_ex.o" --specs=nano.specs -mfpu=fpv5-d16 -mfloat-abi=hard -mthumb -o "Drivers/STM32H7xx_HAL_Driver/Src/stm32h7xx_hal_adc_ex.o"
arm-none-eabi-gcc "../Drivers/STM32H7xx_HAL_Driver/Src/stm32h7xx_hal_cortex.c" -mcpu=cortex-m7 -std=gnu11 -g3 -DDEBUG -DUSE_HAL_DRIVER -DSTM32H743xx -c -I../Core/Inc -I../Drivers/STM32H7xx_HAL_Driver/Inc -I../Drivers/STM32H7xx_HAL_Driver/Inc/Legacy -I../Drivers/CMSIS/Device/ST/STM32H7xx/Include -I../Drivers/CMSIS/Include -O0 -ffunction-sections -fdata-sections -Wall -fstack-usage -fcyclomatic-complexity -MMD -MP -MF"Drivers/STM32H7xx_HAL_Driver/Src/stm32h7xx_hal_cortex.d" -MT"Drivers/STM32H7xx_HAL_Driver/Src/stm32h7xx_hal_cortex.o" --specs=nano.specs -mfpu=fpv5-d16 -mfloat-abi=hard -mthumb -o "Drivers/STM32H7xx_HAL_Driver/Src/stm32h7xx_hal_cortex.o"
arm-none-eabi-gcc "../Drivers/STM32H7xx_HAL_Driver/Src/stm32h7xx_hal_dma.c" -mcpu=cortex-m7 -std=gnu11 -g3 -DDEBUG -DUSE_HAL_DRIVER -DSTM32H743xx -c -I../Core/Inc -I../Drivers/STM32H7xx_HAL_Driver/Inc -I../Drivers/STM32H7xx_HAL_Driver/Inc/Legacy -I../Drivers/CMSIS/Device/ST/STM32H7xx/Include -I../Drivers/CMSIS/Include -O0 -ffunction-sections -fdata-sections -Wall -fstack-usage -fcyclomatic-complexity -MMD -MP -MF"Drivers/STM32H7xx_HAL_Driver/Src/stm32h7xx_hal_dma.d" -MT"Drivers/STM32H7xx_HAL_Driver/Src/stm32h7xx_hal_dma.o" --specs=nano.specs -mfpu=fpv5-d16 -mfloat-abi=hard -mthumb -o "Drivers/STM32H7xx_HAL_Driver/Src/stm32h7xx_hal_dma.o"
arm-none-eabi-gcc "../Drivers/STM32H7xx_HAL_Driver/Src/stm32h7xx_hal_dma_ex.c" -mcpu=cortex-m7 -std=gnu11 -g3 -DDEBUG -DUSE_HAL_DRIVER -DSTM32H743xx -c -I../Core/Inc -I../Drivers/STM32H7xx_HAL_Driver/Inc -I../Drivers/STM32H7xx_HAL_Driver/Inc/Legacy -I../Drivers/CMSIS/Device/ST/STM32H7xx/Include -I../Drivers/CMSIS/Include -O0 -ffunction-sections -fdata-sections -Wall -fstack-usage -fcyclomatic-complexity -MMD -MP -MF"Drivers/STM32H7xx_HAL_Driver/Src/stm32h7xx_hal_dma_ex.d" -MT"Drivers/STM32H7xx_HAL_Driver/Src/stm32h7xx_hal_dma_ex.o" --specs=nano.specs -mfpu=fpv5-d16 -mfloat-abi=hard -mthumb -o "Drivers/STM32H7xx_HAL_Driver/Src/stm32h7xx_hal_dma_ex.o"
arm-none-eabi-gcc "../Drivers/STM32H7xx_HAL_Driver/Src/stm32h7xx_hal_exti.c" -mcpu=cortex-m7 -std=gnu11 -g3 -DDEBUG -DUSE_HAL_DRIVER -DSTM32H743xx -c -I../Core/Inc -I../Drivers/STM32H7xx_HAL_Driver/Inc -I../Drivers/STM32H7xx_HAL_Driver/Inc/Legacy -I../Drivers/CMSIS/Device/ST/STM32H7xx/Include -I../Drivers/CMSIS/Include -O0 -ffunction-sections -fdata-sections -Wall -fstack-usage -fcyclomatic-complexity -MMD -MP -MF"Drivers/STM32H7xx_HAL_Driver/Src/stm32h7xx_hal_exti.d" -MT"Drivers/STM32H7xx_HAL_Driver/Src/stm32h7xx_hal_exti.o" --specs=nano.specs -mfpu=fpv5-d16 -mfloat-abi=hard -mthumb -o "Drivers/STM32H7xx_HAL_Driver/Src/stm32h7xx_hal_exti.o"
arm-none-eabi-gcc "../Drivers/STM32H7xx_HAL_Driver/Src/stm32h7xx_hal_flash.c" -mcpu=cortex-m7 -std=gnu11 -g3 -DDEBUG -DUSE_HAL_DRIVER -DSTM32H743xx -c -I../Core/Inc -I../Drivers/STM32H7xx_HAL_Driver/Inc -I../Drivers/STM32H7xx_HAL_Driver/Inc/Legacy -I../Drivers/CMSIS/Device/ST/STM32H7xx/Include -I../Drivers/CMSIS/Include -O0 -ffunction-sections -fdata-sections -Wall -fstack-usage -fcyclomatic-complexity -MMD -MP -MF"Drivers/STM32H7xx_HAL_Driver/Src/stm32h7xx_hal_flash.d" -MT"Drivers/STM32H7xx_HAL_Driver/Src/stm32h7xx_hal_flash.o" --specs=nano.specs -mfpu=fpv5-d16 -mfloat-abi=hard -mthumb -o "Drivers/STM32H7xx_HAL_Driver/Src/stm32h7xx_hal_flash.o"
arm-none-eabi-gcc "../Drivers/STM32H7xx_HAL_Driver/Src/stm32h7xx_hal_flash_ex.c" -mcpu=cortex-m7 -std=gnu11 -g3 -DDEBUG -DUSE_HAL_DRIVER -DSTM32H743xx -c -I../Core/Inc -I../Drivers/STM32H7xx_HAL_Driver/Inc -I../Drivers/STM32H7xx_HAL_Driver/Inc/Legacy -I../Drivers/CMSIS/Device/ST/STM32H7xx/Include -I../Drivers/CMSIS/Include -O0 -ffunction-sections -fdata-sections -Wall -fstack-usage -fcyclomatic-complexity -MMD -MP -MF"Drivers/STM32H7xx_HAL_Driver/Src/stm32h7xx_hal_flash_ex.d" -MT"Drivers/STM32H7xx_HAL_Driver/Src/stm32h7xx_hal_flash_ex.o" --specs=nano.specs -mfpu=fpv5-d16 -mfloat-abi=hard -mthumb -o "Drivers/STM32H7xx_HAL_Driver/Src/stm32h7xx_hal_flash_ex.o"
arm-none-eabi-gcc "../Drivers/STM32H7xx_HAL_Driver/Src/stm32h7xx_hal_gpio.c" -mcpu=cortex-m7 -std=gnu11 -g3 -DDEBUG -DUSE_HAL_DRIVER -DSTM32H743xx -c -I../Core/Inc -I../Drivers/STM32H7xx_HAL_Driver/Inc -I../Drivers/STM32H7xx_HAL_Driver/Inc/Legacy -I../Drivers/CMSIS/Device/ST/STM32H7xx/Include -I../Drivers/CMSIS/Include -O0 -ffunction-sections -fdata-sections -Wall -fstack-usage -fcyclomatic-complexity -MMD -MP -MF"Drivers/STM32H7xx_HAL_Driver/Src/stm32h7xx_hal_gpio.d" -MT"Drivers/STM32H7xx_HAL_Driver/Src/stm32h7xx_hal_gpio.o" --specs=nano.specs -mfpu=fpv5-d16 -mfloat-abi=hard -mthumb -o "Drivers/STM32H7xx_HAL_Driver/Src/stm32h7xx_hal_gpio.o"
arm-none-eabi-gcc "../Drivers/STM32H7xx_HAL_Driver/Src/stm32h7xx_hal_hsem.c" -mcpu=cortex-m7 -std=gnu11 -g3 -DDEBUG -DUSE_HAL_DRIVER -DSTM32H743xx -c -I../Core/Inc -I../Drivers/STM32H7xx_HAL_Driver/Inc -I../Drivers/STM32H7xx_HAL_Driver/Inc/Legacy -I../Drivers/CMSIS/Device/ST/STM32H7xx/Include -I../Drivers/CMSIS/Include -O0 -ffunction-sections -fdata-sections -Wall -fstack-usage -fcyclomatic-complexity -MMD -MP -MF"Drivers/STM32H7xx_HAL_Driver/Src/stm32h7xx_hal_hsem.d" -MT"Drivers/STM32H7xx_HAL_Driver/Src/stm32h7xx_hal_hsem.o" --specs=nano.specs -mfpu=fpv5-d16 -mfloat-abi=hard -mthumb -o "Drivers/STM32H7xx_HAL_Driver/Src/stm32h7xx_hal_hsem.o"
arm-none-eabi-gcc "../Drivers/STM32H7xx_HAL_Driver/Src/stm32h7xx_hal_i2c.c" -mcpu=cortex-m7 -std=gnu11 -g3 -DDEBUG -DUSE_HAL_DRIVER -DSTM32H743xx -c -I../Core/Inc -I../Drivers/STM32H7xx_HAL_Driver/Inc -I../Drivers/STM32H7xx_HAL_Driver/Inc/Legacy -I../Drivers/CMSIS/Device/ST/STM32H7xx/Include -I../Drivers/CMSIS/Include -O0 -ffunction-sections -fdata-sections -Wall -fstack-usage -fcyclomatic-complexity -MMD -MP -MF"Drivers/STM32H7xx_HAL_Driver/Src/stm32h7xx_hal_i2c.d" -MT"Drivers/STM32H7xx_HAL_Driver/Src/stm32h7xx_hal_i2c.o" --specs=nano.specs -mfpu=fpv5-d16 -mfloat-abi=hard -mthumb -o "Drivers/STM32H7xx_HAL_Driver/Src/stm32h7xx_hal_i2c.o"
arm-none-eabi-gcc "../Drivers/STM32H7xx_HAL_Driver/Src/stm32h7xx_hal_i2c_ex.c" -mcpu=cortex-m7 -std=gnu11 -g3 -DDEBUG -DUSE_HAL_DRIVER -DSTM32H743xx -c -I../Core/Inc -I../Drivers/STM32H7xx_HAL_Driver/Inc -I../Drivers/STM32H7xx_HAL_Driver/Inc/Legacy -I../Drivers/CMSIS/Device/ST/STM32H7xx/Include -I../Drivers/CMSIS/Include -O0 -ffunction-sections -fdata-sections -Wall -fstack-usage -fcyclomatic-complexity -MMD -MP -MF"Drivers/STM32H7xx_HAL_Driver/Src/stm32h7xx_hal_i2c_ex.d" -MT"Drivers/STM32H7xx_HAL_Driver/Src/stm32h7xx_hal_i2c_ex.o" --specs=nano.specs -mfpu=fpv5-d16 -mfloat-abi=hard -mthumb -o "Drivers/STM32H7xx_HAL_Driver/Src/stm32h7xx_hal_i2c_ex.o"
arm-none-eabi-gcc "../Drivers/STM32H7xx_HAL_Driver/Src/stm32h7xx_hal_mdma.c" -mcpu=cortex-m7 -std=gnu11 -g3 -DDEBUG -DUSE_HAL_DRIVER -DSTM32H743xx -c -I../Core/Inc -I../Drivers/STM32H7xx_HAL_Driver/Inc -I../Drivers/STM32H7xx_HAL_Driver/Inc/Legacy -I../Drivers/CMSIS/Device/ST/STM32H7xx/Include -I../Drivers/CMSIS/Include -O0 -ffunction-sections -fdata-sections -Wall -fstack-usage -fcyclomatic-complexity -MMD -MP -MF"Drivers/STM32H7xx_HAL_Driver/Src/stm32h7xx_hal_mdma.d" -MT"Drivers/STM32H7xx_HAL_Driver/Src/stm32h7xx_hal_mdma.o" --specs=nano.specs -mfpu=fpv5-d16 -mfloat-abi=hard -mthumb -o "Drivers/STM32H7xx_HAL_Driver/Src/stm32h7xx_hal_mdma.o"
arm-none-eabi-gcc "../Drivers/STM32H7xx_HAL_Driver/Src/stm32h7xx_hal_pwr.c" -mcpu=cortex-m7 -std=gnu11 -g3 -DDEBUG -DUSE_HAL_DRIVER -DSTM32H743xx -c -I../Core/Inc -I../Drivers/STM32H7xx_HAL_Driver/Inc -I../Drivers/STM32H7xx_HAL_Driver/Inc/Legacy -I../Drivers/CMSIS/Device/ST/STM32H7xx/Include -I../Drivers/CMSIS/Include -O0 -ffunction-sections -fdata-sections -Wall -fstack-usage -fcyclomatic-complexity -MMD -MP -MF"Drivers/STM32H7xx_HAL_Driver/Src/stm32h7xx_hal_pwr.d" -MT"Drivers/STM32H7xx_HAL_Driver/Src/stm32h7xx_hal_pwr.o" --specs=nano.specs -mfpu=fpv5-d16 -mfloat-abi=hard -mthumb -o "Drivers/STM32H7xx_HAL_Driver/Src/stm32h7xx_hal_pwr.o"
arm-none-eabi-gcc "../Drivers/STM32H7xx_HAL_Driver/Src/stm32h7xx_hal_pwr_ex.c" -mcpu=cortex-m7 -std=gnu11 -g3 -DDEBUG -DUSE_HAL_DRIVER -DSTM32H743xx -c -I../Core/Inc -I../Drivers/STM32H7xx_HAL_Driver/Inc -I../Drivers/STM32H7xx_HAL_Driver/Inc/Legacy -I../Drivers/CMSIS/Device/ST/STM32H7xx/Include -I../Drivers/CMSIS/Include -O0 -ffunction-sections -fdata-sections -Wall -fstack-usage -fcyclomatic-complexity -MMD -MP -MF"Drivers/STM32H7xx_HAL_Driver/Src/stm32h7xx_hal_pwr_ex.d" -MT"Drivers/STM32H7xx_HAL_Driver/Src/stm32h7xx_hal_pwr_ex.o" --specs=nano.specs -mfpu=fpv5-d16 -mfloat-abi=hard -mthumb -o "Drivers/STM32H7xx_HAL_Driver/Src/stm32h7xx_hal_pwr_ex.o"
arm-none-eabi-gcc "../Drivers/STM32H7xx_HAL_Driver/Src/stm32h7xx_hal_rcc.c" -mcpu=cortex-m7 -std=gnu11 -g3 -DDEBUG -DUSE_HAL_DRIVER -DSTM32H743xx -c -I../Core/Inc -I../Drivers/STM32H7xx_HAL_Driver/Inc -I../Drivers/STM32H7xx_HAL_Driver/Inc/Legacy -I../Drivers/CMSIS/Device/ST/STM32H7xx/Include -I../Drivers/CMSIS/Include -O0 -ffunction-sections -fdata-sections -Wall -fstack-usage -fcyclomatic-complexity -MMD -MP -MF"Drivers/STM32H7xx_HAL_Driver/Src/stm32h7xx_hal_rcc.d" -MT"Drivers/STM32H7xx_HAL_Driver/Src/stm32h7xx_hal_rcc.o" --specs=nano.specs -mfpu=fpv5-d16 -mfloat-abi=hard -mthumb -o "Drivers/STM32H7xx_HAL_Driver/Src/stm32h7xx_hal_rcc.o"
arm-none-eabi-gcc "../Drivers/STM32H7xx_HAL_Driver/Src/stm32h7xx_hal_rcc_ex.c" -mcpu=cortex-m7 -std=gnu11 -g3 -DDEBUG -DUSE_HAL_DRIVER -DSTM32H743xx -c -I../Core/Inc -I../Drivers/STM32H7xx_HAL_Driver/Inc -I../Drivers/STM32H7xx_HAL_Driver/Inc/Legacy -I../Drivers/CMSIS/Device/ST/STM32H7xx/Include -I../Drivers/CMSIS/Include -O0 -ffunction-sections -fdata-sections -Wall -fstack-usage -fcyclomatic-complexity -MMD -MP -MF"Drivers/STM32H7xx_HAL_Driver/Src/stm32h7xx_hal_rcc_ex.d" -MT"Drivers/STM32H7xx_HAL_Driver/Src/stm32h7xx_hal_rcc_ex.o" --specs=nano.specs -mfpu=fpv5-d16 -mfloat-abi=hard -mthumb -o "Drivers/STM32H7xx_HAL_Driver/Src/stm32h7xx_hal_rcc_ex.o"
arm-none-eabi-gcc "../Drivers/STM32H7xx_HAL_Driver/Src/stm32h7xx_hal_tim.c" -mcpu=cortex-m7 -std=gnu11 -g3 -DDEBUG -DUSE_HAL_DRIVER -DSTM32H743xx -c -I../Core/Inc -I../Drivers/STM32H7xx_HAL_Driver/Inc -I../Drivers/STM32H7xx_HAL_Driver/Inc/Legacy -I../Drivers/CMSIS/Device/ST/STM32H7xx/Include -I../Drivers/CMSIS/Include -O0 -ffunction-sections -fdata-sections -Wall -fstack-usage -fcyclomatic-complexity -MMD -MP -MF"Drivers/STM32H7xx_HAL_Driver/Src/stm32h7xx_hal_tim.d" -MT"Drivers/STM32H7xx_HAL_Driver/Src/stm32h7xx_hal_tim.o" --specs=nano.specs -mfpu=fpv5-d16 -mfloat-abi=hard -mthumb -o "Drivers/STM32H7xx_HAL_Driver/Src/stm32h7xx_hal_tim.o"
arm-none-eabi-gcc "../Drivers/STM32H7xx_HAL_Driver/Src/stm32h7xx_hal_tim_ex.c" -mcpu=cortex-m7 -std=gnu11 -g3 -DDEBUG -DUSE_HAL_DRIVER -DSTM32H743xx -c -I../Core/Inc -I../Drivers/STM32H7xx_HAL_Driver/Inc -I../Drivers/STM32H7xx_HAL_Driver/Inc/Legacy -I../Drivers/CMSIS/Device/ST/STM32H7xx/Include -I../Drivers/CMSIS/Include -O0 -ffunction-sections -fdata-sections -Wall -fstack-usage -fcyclomatic-complexity -MMD -MP -MF"Drivers/STM32H7xx_HAL_Driver/Src/stm32h7xx_hal_tim_ex.d" -MT"Drivers/STM32H7xx_HAL_Driver/Src/stm32h7xx_hal_tim_ex.o" --specs=nano.specs -mfpu=fpv5-d16 -mfloat-abi=hard -mthumb -o "Drivers/STM32H7xx_HAL_Driver/Src/stm32h7xx_hal_tim_ex.o"
arm-none-eabi-gcc "../Drivers/STM32H7xx_HAL_Driver/Src/stm32h7xx_hal_uart.c" -mcpu=cortex-m7 -std=gnu11 -g3 -DDEBUG -DUSE_HAL_DRIVER -DSTM32H743xx -c -I../Core/Inc -I../Drivers/STM32H7xx_HAL_Driver/Inc -I../Drivers/STM32H7xx_HAL_Driver/Inc/Legacy -I../Drivers/CMSIS/Device/ST/STM32H7xx/Include -I../Drivers/CMSIS/Include -O0 -ffunction-sections -fdata-sections -Wall -fstack-usage -fcyclomatic-complexity -MMD -MP -MF"Drivers/STM32H7xx_HAL_Driver/Src/stm32h7xx_hal_uart.d" -MT"Drivers/STM32H7xx_HAL_Driver/Src/stm32h7xx_hal_uart.o" --specs=nano.specs -mfpu=fpv5-d16 -mfloat-abi=hard -mthumb -o "Drivers/STM32H7xx_HAL_Driver/Src/stm32h7xx_hal_uart.o"
arm-none-eabi-gcc "../Drivers/STM32H7xx_HAL_Driver/Src/stm32h7xx_hal_uart_ex.c" -mcpu=cortex-m7 -std=gnu11 -g3 -DDEBUG -DUSE_HAL_DRIVER -DSTM32H743xx -c -I../Core/Inc -I../Drivers/STM32H7xx_HAL_Driver/Inc -I../Drivers/STM32H7xx_HAL_Driver/Inc/Legacy -I../Drivers/CMSIS/Device/ST/STM32H7xx/Include -I../Drivers/CMSIS/Include -O0 -ffunction-sections -fdata-sections -Wall -fstack-usage -fcyclomatic-complexity -MMD -MP -MF"Drivers/STM32H7xx_HAL_Driver/Src/stm32h7xx_hal_uart_ex.d" -MT"Drivers/STM32H7xx_HAL_Driver/Src/stm32h7xx_hal_uart_ex.o" --specs=nano.specs -mfpu=fpv5-d16 -mfloat-abi=hard -mthumb -o "Drivers/STM32H7xx_HAL_Driver/Src/stm32h7xx_hal_uart_ex.o"
arm-none-eabi-gcc -mcpu=cortex-m7 -g3 -DDEBUG -c -x assembler-with-cpp -MMD -MP -MF"Core/Startup/startup_stm32h743zitx.d" -MT"Core/Startup/startup_stm32h743zitx.o" --specs=nano.specs -mfpu=fpv5-d16 -mfloat-abi=hard -mthumb -o "Core/Startup/startup_stm32h743zitx.o" "../Core/Startup/startup_stm32h743zitx.s"
arm-none-eabi-gcc "../Core/Src/Custom_ADC.c" -mcpu=cortex-m7 -std=gnu11 -g3 -DDEBUG -DUSE_HAL_DRIVER -DSTM32H743xx -c -I../Core/Inc -I../Drivers/STM32H7xx_HAL_Driver/Inc -I../Drivers/STM32H7xx_HAL_Driver/Inc/Legacy -I../Drivers/CMSIS/Device/ST/STM32H7xx/Include -I../Drivers/CMSIS/Include -O0 -ffunction-sections -fdata-sections -Wall -fstack-usage -fcyclomatic-complexity -MMD -MP -MF"Core/Src/Custom_ADC.d" -MT"Core/Src/Custom_ADC.o" --specs=nano.specs -mfpu=fpv5-d16 -mfloat-abi=hard -mthumb -o "Core/Src/Custom_ADC.o"
arm-none-eabi-gcc "../Core/Src/Custom_DMA.c" -mcpu=cortex-m7 -std=gnu11 -g3 -DDEBUG -DUSE_HAL_DRIVER -DSTM32H743xx -c -I../Core/Inc -I../Drivers/STM32H7xx_HAL_Driver/Inc -I../Drivers/STM32H7xx_HAL_Driver/Inc/Legacy -I../Drivers/CMSIS/Device/ST/STM32H7xx/Include -I../Drivers/CMSIS/Include -O0 -ffunction-sections -fdata-sections -Wall -fstack-usage -fcyclomatic-complexity -MMD -MP -MF"Core/Src/Custom_DMA.d" -MT"Core/Src/Custom_DMA.o" --specs=nano.specs -mfpu=fpv5-d16 -mfloat-abi=hard -mthumb -o "Core/Src/Custom_DMA.o"
arm-none-eabi-gcc "../Core/Src/Custom_USART.c" -mcpu=cortex-m7 -std=gnu11 -g3 -DDEBUG -DUSE_HAL_DRIVER -DSTM32H743xx -c -I../Core/Inc -I../Drivers/STM32H7xx_HAL_Driver/Inc -I../Drivers/STM32H7xx_HAL_Driver/Inc/Legacy -I../Drivers/CMSIS/Device/ST/STM32H7xx/Include -I../Drivers/CMSIS/Include -O0 -ffunction-sections -fdata-sections -Wall -fstack-usage -fcyclomatic-complexity -MMD -MP -MF"Core/Src/Custom_USART.d" -MT"Core/Src/Custom_USART.o" --specs=nano.specs -mfpu=fpv5-d16 -mfloat-abi=hard -mthumb -o "Core/Src/Custom_USART.o"
arm-none-eabi-gcc "../Core/Src/main.c" -mcpu=cortex-m7 -std=gnu11 -g3 -DDEBUG -DUSE_HAL_DRIVER -DSTM32H743xx -c -I../Core/Inc -I../Drivers/STM32H7xx_HAL_Driver/Inc -I../Drivers/STM32H7xx_HAL_Driver/Inc/Legacy -I../Drivers/CMSIS/Device/ST/STM32H7xx/Include -I../Drivers/CMSIS/Include -O0 -ffunction-sections -fdata-sections -Wall -fstack-usage -fcyclomatic-complexity -MMD -MP -MF"Core/Src/main.d" -MT"Core/Src/main.o" --specs=nano.specs -mfpu=fpv5-d16 -mfloat-abi=hard -mthumb -o "Core/Src/main.o"
arm-none-eabi-gcc "../Core/Src/stm32h7xx_hal_msp.c" -mcpu=cortex-m7 -std=gnu11 -g3 -DDEBUG -DUSE_HAL_DRIVER -DSTM32H743xx -c -I../Core/Inc -I../Drivers/STM32H7xx_HAL_Driver/Inc -I../Drivers/STM32H7xx_HAL_Driver/Inc/Legacy -I../Drivers/CMSIS/Device/ST/STM32H7xx/Include -I../Drivers/CMSIS/Include -O0 -ffunction-sections -fdata-sections -Wall -fstack-usage -fcyclomatic-complexity -MMD -MP -MF"Core/Src/stm32h7xx_hal_msp.d" -MT"Core/Src/stm32h7xx_hal_msp.o" --specs=nano.specs -mfpu=fpv5-d16 -mfloat-abi=hard -mthumb -o "Core/Src/stm32h7xx_hal_msp.o"
arm-none-eabi-gcc "../Core/Src/stm32h7xx_it.c" -mcpu=cortex-m7 -std=gnu11 -g3 -DDEBUG -DUSE_HAL_DRIVER -DSTM32H743xx -c -I../Core/Inc -I../Drivers/STM32H7xx_HAL_Driver/Inc -I../Drivers/STM32H7xx_HAL_Driver/Inc/Legacy -I../Drivers/CMSIS/Device/ST/STM32H7xx/Include -I../Drivers/CMSIS/Include -O0 -ffunction-sections -fdata-sections -Wall -fstack-usage -fcyclomatic-complexity -MMD -MP -MF"Core/Src/stm32h7xx_it.d" -MT"Core/Src/stm32h7xx_it.o" --specs=nano.specs -mfpu=fpv5-d16 -mfloat-abi=hard -mthumb -o "Core/Src/stm32h7xx_it.o"
arm-none-eabi-gcc "../Core/Src/syscalls.c" -mcpu=cortex-m7 -std=gnu11 -g3 -DDEBUG -DUSE_HAL_DRIVER -DSTM32H743xx -c -I../Core/Inc -I../Drivers/STM32H7xx_HAL_Driver/Inc -I../Drivers/STM32H7xx_HAL_Driver/Inc/Legacy -I../Drivers/CMSIS/Device/ST/STM32H7xx/Include -I../Drivers/CMSIS/Include -O0 -ffunction-sections -fdata-sections -Wall -fstack-usage -fcyclomatic-complexity -MMD -MP -MF"Core/Src/syscalls.d" -MT"Core/Src/syscalls.o" --specs=nano.specs -mfpu=fpv5-d16 -mfloat-abi=hard -mthumb -o "Core/Src/syscalls.o"
arm-none-eabi-gcc "../Core/Src/sysmem.c" -mcpu=cortex-m7 -std=gnu11 -g3 -DDEBUG -DUSE_HAL_DRIVER -DSTM32H743xx -c -I../Core/Inc -I../Drivers/STM32H7xx_HAL_Driver/Inc -I../Drivers/STM32H7xx_HAL_Driver/Inc/Legacy -I../Drivers/CMSIS/Device/ST/STM32H7xx/Include -I../Drivers/CMSIS/Include -O0 -ffunction-sections -fdata-sections -Wall -fstack-usage -fcyclomatic-complexity -MMD -MP -MF"Core/Src/sysmem.d" -MT"Core/Src/sysmem.o" --specs=nano.specs -mfpu=fpv5-d16 -mfloat-abi=hard -mthumb -o "Core/Src/sysmem.o"
arm-none-eabi-gcc "../Core/Src/system_stm32h7xx.c" -mcpu=cortex-m7 -std=gnu11 -g3 -DDEBUG -DUSE_HAL_DRIVER -DSTM32H743xx -c -I../Core/Inc -I../Drivers/STM32H7xx_HAL_Driver/Inc -I../Drivers/STM32H7xx_HAL_Driver/Inc/Legacy -I../Drivers/CMSIS/Device/ST/STM32H7xx/Include -I../Drivers/CMSIS/Include -O0 -ffunction-sections -fdata-sections -Wall -fstack-usage -fcyclomatic-complexity -MMD -MP -MF"Core/Src/system_stm32h7xx.d" -MT"Core/Src/system_stm32h7xx.o" --specs=nano.specs -mfpu=fpv5-d16 -mfloat-abi=hard -mthumb -o "Core/Src/system_stm32h7xx.o"
../Core/Src/Custom_ADC.c: In function 'ADC_custom_interrupt':
../Core/Src/Custom_ADC.c:68:52: warning: suggest parentheses around comparison in operand of '&' [-Wparentheses]
   68 |         else if(!triggd && !(COMP12->SR & ADC3->DR < PRETRIG_VALUE) ){
arm-none-eabi-gcc -o "GPIO_EXTI.elf" @"objects.list"   -mcpu=cortex-m7 -T"C:\Users\yehan\Documents\Uni\Esperimentazioni-Elettronica\7 - EXTI\GPIO_EXTI\STM32H743ZITX_FLASH.ld" --specs=nosys.specs -Wl,-Map="GPIO_EXTI.map" -Wl,--gc-sections -static --specs=nano.specs -mfpu=fpv5-d16 -mfloat-abi=hard -mthumb -Wl,--start-group -lc -lm -Wl,--end-group
Finished building target: GPIO_EXTI.elf
 
arm-none-eabi-size  GPIO_EXTI.elf 
arm-none-eabi-objdump -h -S GPIO_EXTI.elf  > "GPIO_EXTI.list"
   text	   data	    bss	    dec	    hex	filename
  43664	     16	   2136	  45816	   b2f8	GPIO_EXTI.elf
Finished building: default.size.stdout
 
Finished building: GPIO_EXTI.list
 
17:22:17 **** Incremental Build of configuration Debug for project GPIO_EXTI ****
make -j22 all 
arm-none-eabi-size  GPIO_EXTI.elf 
   text	   data	    bss	    dec	    hex	filename
  43664	     16	   2136	  45816	   b2f8	GPIO_EXTI.elf
Finished building: default.size.stdout
 
17:24:42 **** Incremental Build of configuration Debug for project GPIO_EXTI ****
make -j22 all 
arm-none-eabi-gcc "../Core/Src/main.c" -mcpu=cortex-m7 -std=gnu11 -g3 -DDEBUG -DUSE_HAL_DRIVER -DSTM32H743xx -c -I../Core/Inc -I../Drivers/STM32H7xx_HAL_Driver/Inc -I../Drivers/STM32H7xx_HAL_Driver/Inc/Legacy -I../Drivers/CMSIS/Device/ST/STM32H7xx/Include -I../Drivers/CMSIS/Include -O0 -ffunction-sections -fdata-sections -Wall -fstack-usage -fcyclomatic-complexity -MMD -MP -MF"Core/Src/main.d" -MT"Core/Src/main.o" --specs=nano.specs -mfpu=fpv5-d16 -mfloat-abi=hard -mthumb -o "Core/Src/main.o"
arm-none-eabi-gcc "../Core/Src/stm32h7xx_it.c" -mcpu=cortex-m7 -std=gnu11 -g3 -DDEBUG -DUSE_HAL_DRIVER -DSTM32H743xx -c -I../Core/Inc -I../Drivers/STM32H7xx_HAL_Driver/Inc -I../Drivers/STM32H7xx_HAL_Driver/Inc/Legacy -I../Drivers/CMSIS/Device/ST/STM32H7xx/Include -I../Drivers/CMSIS/Include -O0 -ffunction-sections -fdata-sections -Wall -fstack-usage -fcyclomatic-complexity -MMD -MP -MF"Core/Src/stm32h7xx_it.d" -MT"Core/Src/stm32h7xx_it.o" --specs=nano.specs -mfpu=fpv5-d16 -mfloat-abi=hard -mthumb -o "Core/Src/stm32h7xx_it.o"
arm-none-eabi-gcc -o "GPIO_EXTI.elf" @"objects.list"   -mcpu=cortex-m7 -T"C:\Users\yehan\Documents\Uni\Esperimentazioni-Elettronica\7 - EXTI\GPIO_EXTI\STM32H743ZITX_FLASH.ld" --specs=nosys.specs -Wl,-Map="GPIO_EXTI.map" -Wl,--gc-sections -static --specs=nano.specs -mfpu=fpv5-d16 -mfloat-abi=hard -mthumb -Wl,--start-group -lc -lm -Wl,--end-group
Finished building target: GPIO_EXTI.elf
 
arm-none-eabi-size  GPIO_EXTI.elf 
arm-none-eabi-objdump -h -S GPIO_EXTI.elf  > "GPIO_EXTI.list"
   text	   data	    bss	    dec	    hex	filename
  37956	     16	   4136	  42108	   a47c	GPIO_EXTI.elf
Finished building: default.size.stdout
 
Finished building: GPIO_EXTI.list
 
17:26:23 **** Incremental Build of configuration Debug for project GPIO_EXTI ****
make -j22 all 
arm-none-eabi-gcc "../Core/Src/Custom_ADC.c" -mcpu=cortex-m7 -std=gnu11 -g3 -DDEBUG -DUSE_HAL_DRIVER -DSTM32H743xx -c -I../Core/Inc -I../Drivers/STM32H7xx_HAL_Driver/Inc -I../Drivers/STM32H7xx_HAL_Driver/Inc/Legacy -I../Drivers/CMSIS/Device/ST/STM32H7xx/Include -I../Drivers/CMSIS/Include -O0 -ffunction-sections -fdata-sections -Wall -fstack-usage -fcyclomatic-complexity -MMD -MP -MF"Core/Src/Custom_ADC.d" -MT"Core/Src/Custom_ADC.o" --specs=nano.specs -mfpu=fpv5-d16 -mfloat-abi=hard -mthumb -o "Core/Src/Custom_ADC.o"
arm-none-eabi-gcc -o "GPIO_EXTI.elf" @"objects.list"   -mcpu=cortex-m7 -T"C:\Users\yehan\Documents\Uni\Esperimentazioni-Elettronica\7 - EXTI\GPIO_EXTI\STM32H743ZITX_FLASH.ld" --specs=nosys.specs -Wl,-Map="GPIO_EXTI.map" -Wl,--gc-sections -static --specs=nano.specs -mfpu=fpv5-d16 -mfloat-abi=hard -mthumb -Wl,--start-group -lc -lm -Wl,--end-group
Finished building target: GPIO_EXTI.elf
 
arm-none-eabi-size  GPIO_EXTI.elf 
arm-none-eabi-objdump -h -S GPIO_EXTI.elf  > "GPIO_EXTI.list"
   text	   data	    bss	    dec	    hex	filename
  37936	     16	   4136	  42088	   a468	GPIO_EXTI.elf
Finished building: default.size.stdout
 
Finished building: GPIO_EXTI.list
 
17:28:04 **** Incremental Build of configuration Debug for project GPIO_EXTI ****
make -j22 all 
arm-none-eabi-gcc "../Core/Src/Custom_ADC.c" -mcpu=cortex-m7 -std=gnu11 -g3 -DDEBUG -DUSE_HAL_DRIVER -DSTM32H743xx -c -I../Core/Inc -I../Drivers/STM32H7xx_HAL_Driver/Inc -I../Drivers/STM32H7xx_HAL_Driver/Inc/Legacy -I../Drivers/CMSIS/Device/ST/STM32H7xx/Include -I../Drivers/CMSIS/Include -O0 -ffunction-sections -fdata-sections -Wall -fstack-usage -fcyclomatic-complexity -MMD -MP -MF"Core/Src/Custom_ADC.d" -MT"Core/Src/Custom_ADC.o" --specs=nano.specs -mfpu=fpv5-d16 -mfloat-abi=hard -mthumb -o "Core/Src/Custom_ADC.o"
arm-none-eabi-gcc "../Core/Src/Custom_DMA.c" -mcpu=cortex-m7 -std=gnu11 -g3 -DDEBUG -DUSE_HAL_DRIVER -DSTM32H743xx -c -I../Core/Inc -I../Drivers/STM32H7xx_HAL_Driver/Inc -I../Drivers/STM32H7xx_HAL_Driver/Inc/Legacy -I../Drivers/CMSIS/Device/ST/STM32H7xx/Include -I../Drivers/CMSIS/Include -O0 -ffunction-sections -fdata-sections -Wall -fstack-usage -fcyclomatic-complexity -MMD -MP -MF"Core/Src/Custom_DMA.d" -MT"Core/Src/Custom_DMA.o" --specs=nano.specs -mfpu=fpv5-d16 -mfloat-abi=hard -mthumb -o "Core/Src/Custom_DMA.o"
arm-none-eabi-gcc "../Core/Src/main.c" -mcpu=cortex-m7 -std=gnu11 -g3 -DDEBUG -DUSE_HAL_DRIVER -DSTM32H743xx -c -I../Core/Inc -I../Drivers/STM32H7xx_HAL_Driver/Inc -I../Drivers/STM32H7xx_HAL_Driver/Inc/Legacy -I../Drivers/CMSIS/Device/ST/STM32H7xx/Include -I../Drivers/CMSIS/Include -O0 -ffunction-sections -fdata-sections -Wall -fstack-usage -fcyclomatic-complexity -MMD -MP -MF"Core/Src/main.d" -MT"Core/Src/main.o" --specs=nano.specs -mfpu=fpv5-d16 -mfloat-abi=hard -mthumb -o "Core/Src/main.o"
arm-none-eabi-gcc "../Core/Src/stm32h7xx_it.c" -mcpu=cortex-m7 -std=gnu11 -g3 -DDEBUG -DUSE_HAL_DRIVER -DSTM32H743xx -c -I../Core/Inc -I../Drivers/STM32H7xx_HAL_Driver/Inc -I../Drivers/STM32H7xx_HAL_Driver/Inc/Legacy -I../Drivers/CMSIS/Device/ST/STM32H7xx/Include -I../Drivers/CMSIS/Include -O0 -ffunction-sections -fdata-sections -Wall -fstack-usage -fcyclomatic-complexity -MMD -MP -MF"Core/Src/stm32h7xx_it.d" -MT"Core/Src/stm32h7xx_it.o" --specs=nano.specs -mfpu=fpv5-d16 -mfloat-abi=hard -mthumb -o "Core/Src/stm32h7xx_it.o"
../Core/Src/Custom_ADC.c: In function 'ADC_custom_interrupt':
../Core/Src/Custom_ADC.c:80:9: warning: label 'adc_exit' defined but not used [-Wunused-label]
   80 |         adc_exit:
      |         ^~~~~~~~
arm-none-eabi-gcc -o "GPIO_EXTI.elf" @"objects.list"   -mcpu=cortex-m7 -T"C:\Users\yehan\Documents\Uni\Esperimentazioni-Elettronica\7 - EXTI\GPIO_EXTI\STM32H743ZITX_FLASH.ld" --specs=nosys.specs -Wl,-Map="GPIO_EXTI.map" -Wl,--gc-sections -static --specs=nano.specs -mfpu=fpv5-d16 -mfloat-abi=hard -mthumb -Wl,--start-group -lc -lm -Wl,--end-group
Finished building target: GPIO_EXTI.elf
 
arm-none-eabi-size  GPIO_EXTI.elf 
arm-none-eabi-objdump -h -S GPIO_EXTI.elf  > "GPIO_EXTI.list"
   text	   data	    bss	    dec	    hex	filename
  37936	     16	   4136	  42088	   a468	GPIO_EXTI.elf
Finished building: default.size.stdout
 
Finished building: GPIO_EXTI.list
 
17:28:24 **** Incremental Build of configuration Debug for project GPIO_EXTI ****
make -j22 all 
arm-none-eabi-size  GPIO_EXTI.elf 
   text	   data	    bss	    dec	    hex	filename
  37936	     16	   4136	  42088	   a468	GPIO_EXTI.elf
Finished building: default.size.stdout
 
17:30:54 **** Incremental Build of configuration Debug for project GPIO_EXTI ****
make -j22 all 
arm-none-eabi-gcc "../Core/Src/main.c" -mcpu=cortex-m7 -std=gnu11 -g3 -DDEBUG -DUSE_HAL_DRIVER -DSTM32H743xx -c -I../Core/Inc -I../Drivers/STM32H7xx_HAL_Driver/Inc -I../Drivers/STM32H7xx_HAL_Driver/Inc/Legacy -I../Drivers/CMSIS/Device/ST/STM32H7xx/Include -I../Drivers/CMSIS/Include -O0 -ffunction-sections -fdata-sections -Wall -fstack-usage -fcyclomatic-complexity -MMD -MP -MF"Core/Src/main.d" -MT"Core/Src/main.o" --specs=nano.specs -mfpu=fpv5-d16 -mfloat-abi=hard -mthumb -o "Core/Src/main.o"
arm-none-eabi-gcc -o "GPIO_EXTI.elf" @"objects.list"   -mcpu=cortex-m7 -T"C:\Users\yehan\Documents\Uni\Esperimentazioni-Elettronica\7 - EXTI\GPIO_EXTI\STM32H743ZITX_FLASH.ld" --specs=nosys.specs -Wl,-Map="GPIO_EXTI.map" -Wl,--gc-sections -static --specs=nano.specs -mfpu=fpv5-d16 -mfloat-abi=hard -mthumb -Wl,--start-group -lc -lm -Wl,--end-group
Finished building target: GPIO_EXTI.elf
 
arm-none-eabi-size  GPIO_EXTI.elf 
arm-none-eabi-objdump -h -S GPIO_EXTI.elf  > "GPIO_EXTI.list"
   text	   data	    bss	    dec	    hex	filename
  37936	     16	   4136	  42088	   a468	GPIO_EXTI.elf
Finished building: default.size.stdout
 
Finished building: GPIO_EXTI.list
 
17:42:17 **** Incremental Build of configuration Debug for project GPIO_EXTI ****
make -j22 all 
arm-none-eabi-gcc "../Core/Src/main.c" -mcpu=cortex-m7 -std=gnu11 -g3 -DDEBUG -DUSE_HAL_DRIVER -DSTM32H743xx -c -I../Core/Inc -I../Drivers/STM32H7xx_HAL_Driver/Inc -I../Drivers/STM32H7xx_HAL_Driver/Inc/Legacy -I../Drivers/CMSIS/Device/ST/STM32H7xx/Include -I../Drivers/CMSIS/Include -O0 -ffunction-sections -fdata-sections -Wall -fstack-usage -fcyclomatic-complexity -MMD -MP -MF"Core/Src/main.d" -MT"Core/Src/main.o" --specs=nano.specs -mfpu=fpv5-d16 -mfloat-abi=hard -mthumb -o "Core/Src/main.o"
arm-none-eabi-gcc "../Core/Src/stm32h7xx_it.c" -mcpu=cortex-m7 -std=gnu11 -g3 -DDEBUG -DUSE_HAL_DRIVER -DSTM32H743xx -c -I../Core/Inc -I../Drivers/STM32H7xx_HAL_Driver/Inc -I../Drivers/STM32H7xx_HAL_Driver/Inc/Legacy -I../Drivers/CMSIS/Device/ST/STM32H7xx/Include -I../Drivers/CMSIS/Include -O0 -ffunction-sections -fdata-sections -Wall -fstack-usage -fcyclomatic-complexity -MMD -MP -MF"Core/Src/stm32h7xx_it.d" -MT"Core/Src/stm32h7xx_it.o" --specs=nano.specs -mfpu=fpv5-d16 -mfloat-abi=hard -mthumb -o "Core/Src/stm32h7xx_it.o"
arm-none-eabi-gcc -o "GPIO_EXTI.elf" @"objects.list"   -mcpu=cortex-m7 -T"C:\Users\yehan\Documents\Uni\Esperimentazioni-Elettronica\7 - EXTI\GPIO_EXTI\STM32H743ZITX_FLASH.ld" --specs=nosys.specs -Wl,-Map="GPIO_EXTI.map" -Wl,--gc-sections -static --specs=nano.specs -mfpu=fpv5-d16 -mfloat-abi=hard -mthumb -Wl,--start-group -lc -lm -Wl,--end-group
Finished building target: GPIO_EXTI.elf
 
arm-none-eabi-size  GPIO_EXTI.elf 
arm-none-eabi-objdump -h -S GPIO_EXTI.elf  > "GPIO_EXTI.list"
   text	   data	    bss	    dec	    hex	filename
  38160	     16	   4144	  42320	   a550	GPIO_EXTI.elf
Finished building: default.size.stdout
 
Finished building: GPIO_EXTI.list
 
17:48:14 **** Incremental Build of configuration Debug for project GPIO_EXTI ****
make -j22 all 
arm-none-eabi-gcc "../Core/Src/main.c" -mcpu=cortex-m7 -std=gnu11 -g3 -DDEBUG -DUSE_HAL_DRIVER -DSTM32H743xx -c -I../Core/Inc -I../Drivers/STM32H7xx_HAL_Driver/Inc -I../Drivers/STM32H7xx_HAL_Driver/Inc/Legacy -I../Drivers/CMSIS/Device/ST/STM32H7xx/Include -I../Drivers/CMSIS/Include -O0 -ffunction-sections -fdata-sections -Wall -fstack-usage -fcyclomatic-complexity -MMD -MP -MF"Core/Src/main.d" -MT"Core/Src/main.o" --specs=nano.specs -mfpu=fpv5-d16 -mfloat-abi=hard -mthumb -o "Core/Src/main.o"
arm-none-eabi-gcc -o "GPIO_EXTI.elf" @"objects.list"   -mcpu=cortex-m7 -T"C:\Users\yehan\Documents\Uni\Esperimentazioni-Elettronica\7 - EXTI\GPIO_EXTI\STM32H743ZITX_FLASH.ld" --specs=nosys.specs -Wl,-Map="GPIO_EXTI.map" -Wl,--gc-sections -static --specs=nano.specs -mfpu=fpv5-d16 -mfloat-abi=hard -mthumb -Wl,--start-group -lc -lm -Wl,--end-group
Finished building target: GPIO_EXTI.elf
 
arm-none-eabi-size  GPIO_EXTI.elf 
arm-none-eabi-objdump -h -S GPIO_EXTI.elf  > "GPIO_EXTI.list"
   text	   data	    bss	    dec	    hex	filename
  38160	     16	   4144	  42320	   a550	GPIO_EXTI.elf
Finished building: default.size.stdout
 
Finished building: GPIO_EXTI.list
 
18:27:16 **** Incremental Build of configuration Debug for project GPIO_EXTI ****
make -j22 all 
arm-none-eabi-gcc "../Core/Src/Custom_ADC.c" -mcpu=cortex-m7 -std=gnu11 -g3 -DDEBUG -DUSE_HAL_DRIVER -DSTM32H743xx -c -I../Core/Inc -I../Drivers/STM32H7xx_HAL_Driver/Inc -I../Drivers/STM32H7xx_HAL_Driver/Inc/Legacy -I../Drivers/CMSIS/Device/ST/STM32H7xx/Include -I../Drivers/CMSIS/Include -O0 -ffunction-sections -fdata-sections -Wall -fstack-usage -fcyclomatic-complexity -MMD -MP -MF"Core/Src/Custom_ADC.d" -MT"Core/Src/Custom_ADC.o" --specs=nano.specs -mfpu=fpv5-d16 -mfloat-abi=hard -mthumb -o "Core/Src/Custom_ADC.o"
arm-none-eabi-gcc "../Core/Src/Custom_DMA.c" -mcpu=cortex-m7 -std=gnu11 -g3 -DDEBUG -DUSE_HAL_DRIVER -DSTM32H743xx -c -I../Core/Inc -I../Drivers/STM32H7xx_HAL_Driver/Inc -I../Drivers/STM32H7xx_HAL_Driver/Inc/Legacy -I../Drivers/CMSIS/Device/ST/STM32H7xx/Include -I../Drivers/CMSIS/Include -O0 -ffunction-sections -fdata-sections -Wall -fstack-usage -fcyclomatic-complexity -MMD -MP -MF"Core/Src/Custom_DMA.d" -MT"Core/Src/Custom_DMA.o" --specs=nano.specs -mfpu=fpv5-d16 -mfloat-abi=hard -mthumb -o "Core/Src/Custom_DMA.o"
arm-none-eabi-gcc "../Core/Src/main.c" -mcpu=cortex-m7 -std=gnu11 -g3 -DDEBUG -DUSE_HAL_DRIVER -DSTM32H743xx -c -I../Core/Inc -I../Drivers/STM32H7xx_HAL_Driver/Inc -I../Drivers/STM32H7xx_HAL_Driver/Inc/Legacy -I../Drivers/CMSIS/Device/ST/STM32H7xx/Include -I../Drivers/CMSIS/Include -O0 -ffunction-sections -fdata-sections -Wall -fstack-usage -fcyclomatic-complexity -MMD -MP -MF"Core/Src/main.d" -MT"Core/Src/main.o" --specs=nano.specs -mfpu=fpv5-d16 -mfloat-abi=hard -mthumb -o "Core/Src/main.o"
arm-none-eabi-gcc "../Core/Src/stm32h7xx_it.c" -mcpu=cortex-m7 -std=gnu11 -g3 -DDEBUG -DUSE_HAL_DRIVER -DSTM32H743xx -c -I../Core/Inc -I../Drivers/STM32H7xx_HAL_Driver/Inc -I../Drivers/STM32H7xx_HAL_Driver/Inc/Legacy -I../Drivers/CMSIS/Device/ST/STM32H7xx/Include -I../Drivers/CMSIS/Include -O0 -ffunction-sections -fdata-sections -Wall -fstack-usage -fcyclomatic-complexity -MMD -MP -MF"Core/Src/stm32h7xx_it.d" -MT"Core/Src/stm32h7xx_it.o" --specs=nano.specs -mfpu=fpv5-d16 -mfloat-abi=hard -mthumb -o "Core/Src/stm32h7xx_it.o"
../Core/Src/Custom_ADC.c: In function 'ADC_custom_interrupt':
../Core/Src/Custom_ADC.c:80:9: warning: label 'adc_exit' defined but not used [-Wunused-label]
   80 |         adc_exit:
      |         ^~~~~~~~
arm-none-eabi-gcc -o "GPIO_EXTI.elf" @"objects.list"   -mcpu=cortex-m7 -T"C:\Users\yehan\Documents\Uni\Esperimentazioni-Elettronica\7 - EXTI\GPIO_EXTI\STM32H743ZITX_FLASH.ld" --specs=nosys.specs -Wl,-Map="GPIO_EXTI.map" -Wl,--gc-sections -static --specs=nano.specs -mfpu=fpv5-d16 -mfloat-abi=hard -mthumb -Wl,--start-group -lc -lm -Wl,--end-group
Finished building target: GPIO_EXTI.elf
 
arm-none-eabi-size  GPIO_EXTI.elf 
arm-none-eabi-objdump -h -S GPIO_EXTI.elf  > "GPIO_EXTI.list"
   text	   data	    bss	    dec	    hex	filename
  38080	     16	   4136	  42232	   a4f8	GPIO_EXTI.elf
Finished building: default.size.stdout
 
Finished building: GPIO_EXTI.list
 
18:28:18 **** Incremental Build of configuration Debug for project GPIO_EXTI ****
make -j22 all 
arm-none-eabi-gcc "../Core/Src/Custom_ADC.c" -mcpu=cortex-m7 -std=gnu11 -g3 -DDEBUG -DUSE_HAL_DRIVER -DSTM32H743xx -c -I../Core/Inc -I../Drivers/STM32H7xx_HAL_Driver/Inc -I../Drivers/STM32H7xx_HAL_Driver/Inc/Legacy -I../Drivers/CMSIS/Device/ST/STM32H7xx/Include -I../Drivers/CMSIS/Include -O0 -ffunction-sections -fdata-sections -Wall -fstack-usage -fcyclomatic-complexity -MMD -MP -MF"Core/Src/Custom_ADC.d" -MT"Core/Src/Custom_ADC.o" --specs=nano.specs -mfpu=fpv5-d16 -mfloat-abi=hard -mthumb -o "Core/Src/Custom_ADC.o"
../Core/Src/Custom_ADC.c: In function 'ADC_custom_interrupt':
../Core/Src/Custom_ADC.c:80:9: warning: label 'adc_exit' defined but not used [-Wunused-label]
   80 |         adc_exit:
      |         ^~~~~~~~
arm-none-eabi-gcc -o "GPIO_EXTI.elf" @"objects.list"   -mcpu=cortex-m7 -T"C:\Users\yehan\Documents\Uni\Esperimentazioni-Elettronica\7 - EXTI\GPIO_EXTI\STM32H743ZITX_FLASH.ld" --specs=nosys.specs -Wl,-Map="GPIO_EXTI.map" -Wl,--gc-sections -static --specs=nano.specs -mfpu=fpv5-d16 -mfloat-abi=hard -mthumb -Wl,--start-group -lc -lm -Wl,--end-group
Finished building target: GPIO_EXTI.elf
 
arm-none-eabi-size  GPIO_EXTI.elf 
arm-none-eabi-objdump -h -S GPIO_EXTI.elf  > "GPIO_EXTI.list"
   text	   data	    bss	    dec	    hex	filename
  38080	     16	   4136	  42232	   a4f8	GPIO_EXTI.elf
Finished building: default.size.stdout
 
Finished building: GPIO_EXTI.list
 
18:29:54 **** Incremental Build of configuration Debug for project GPIO_EXTI ****
make -j22 all 
arm-none-eabi-gcc "../Core/Src/stm32h7xx_it.c" -mcpu=cortex-m7 -std=gnu11 -g3 -DDEBUG -DUSE_HAL_DRIVER -DSTM32H743xx -c -I../Core/Inc -I../Drivers/STM32H7xx_HAL_Driver/Inc -I../Drivers/STM32H7xx_HAL_Driver/Inc/Legacy -I../Drivers/CMSIS/Device/ST/STM32H7xx/Include -I../Drivers/CMSIS/Include -O0 -ffunction-sections -fdata-sections -Wall -fstack-usage -fcyclomatic-complexity -MMD -MP -MF"Core/Src/stm32h7xx_it.d" -MT"Core/Src/stm32h7xx_it.o" --specs=nano.specs -mfpu=fpv5-d16 -mfloat-abi=hard -mthumb -o "Core/Src/stm32h7xx_it.o"
arm-none-eabi-gcc -o "GPIO_EXTI.elf" @"objects.list"   -mcpu=cortex-m7 -T"C:\Users\yehan\Documents\Uni\Esperimentazioni-Elettronica\7 - EXTI\GPIO_EXTI\STM32H743ZITX_FLASH.ld" --specs=nosys.specs -Wl,-Map="GPIO_EXTI.map" -Wl,--gc-sections -static --specs=nano.specs -mfpu=fpv5-d16 -mfloat-abi=hard -mthumb -Wl,--start-group -lc -lm -Wl,--end-group
Finished building target: GPIO_EXTI.elf
 
arm-none-eabi-size  GPIO_EXTI.elf 
arm-none-eabi-objdump -h -S GPIO_EXTI.elf  > "GPIO_EXTI.list"
   text	   data	    bss	    dec	    hex	filename
  38156	     16	   4136	  42308	   a544	GPIO_EXTI.elf
Finished building: default.size.stdout
 
Finished building: GPIO_EXTI.list
 
18:32:49 **** Incremental Build of configuration Debug for project GPIO_EXTI ****
make -j22 all 
arm-none-eabi-gcc "../Core/Src/Custom_ADC.c" -mcpu=cortex-m7 -std=gnu11 -g3 -DDEBUG -DUSE_HAL_DRIVER -DSTM32H743xx -c -I../Core/Inc -I../Drivers/STM32H7xx_HAL_Driver/Inc -I../Drivers/STM32H7xx_HAL_Driver/Inc/Legacy -I../Drivers/CMSIS/Device/ST/STM32H7xx/Include -I../Drivers/CMSIS/Include -O0 -ffunction-sections -fdata-sections -Wall -fstack-usage -fcyclomatic-complexity -MMD -MP -MF"Core/Src/Custom_ADC.d" -MT"Core/Src/Custom_ADC.o" --specs=nano.specs -mfpu=fpv5-d16 -mfloat-abi=hard -mthumb -o "Core/Src/Custom_ADC.o"
../Core/Src/Custom_ADC.c: In function 'ADC_custom_interrupt':
../Core/Src/Custom_ADC.c:80:9: warning: label 'adc_exit' defined but not used [-Wunused-label]
   80 |         adc_exit:
      |         ^~~~~~~~
arm-none-eabi-gcc -o "GPIO_EXTI.elf" @"objects.list"   -mcpu=cortex-m7 -T"C:\Users\yehan\Documents\Uni\Esperimentazioni-Elettronica\7 - EXTI\GPIO_EXTI\STM32H743ZITX_FLASH.ld" --specs=nosys.specs -Wl,-Map="GPIO_EXTI.map" -Wl,--gc-sections -static --specs=nano.specs -mfpu=fpv5-d16 -mfloat-abi=hard -mthumb -Wl,--start-group -lc -lm -Wl,--end-group
C:/ST/STM32CubeIDE_1.16.1/STM32CubeIDE/plugins/com.st.stm32cube.ide.mcu.externaltools.gnu-tools-for-stm32.12.3.rel1.win32_1.0.200.202406191623/tools/bin/../lib/gcc/arm-none-eabi/12.3.1/../../../../arm-none-eabi/bin/ld.exe: ./Core/Src/stm32h7xx_it.o:C:/Users/yehan/Documents/Uni/Esperimentazioni-Elettronica/7 - EXTI/GPIO_EXTI/Debug/../Core/Src/stm32h7xx_it.c:68: multiple definition of `LED_on'; ./Core/Src/Custom_ADC.o:C:/Users/yehan/Documents/Uni/Esperimentazioni-Elettronica/7 - EXTI/GPIO_EXTI/Debug/../Core/Src/Custom_ADC.c:84: first defined here
collect2.exe: error: ld returned 1 exit status
make: *** [makefile:64: GPIO_EXTI.elf] Error 1
"make -j22 all" terminated with exit code 2. Build might be incomplete.
18:33:20 **** Incremental Build of configuration Debug for project GPIO_EXTI ****
make -j22 all 
arm-none-eabi-gcc "../Core/Src/stm32h7xx_it.c" -mcpu=cortex-m7 -std=gnu11 -g3 -DDEBUG -DUSE_HAL_DRIVER -DSTM32H743xx -c -I../Core/Inc -I../Drivers/STM32H7xx_HAL_Driver/Inc -I../Drivers/STM32H7xx_HAL_Driver/Inc/Legacy -I../Drivers/CMSIS/Device/ST/STM32H7xx/Include -I../Drivers/CMSIS/Include -O0 -ffunction-sections -fdata-sections -Wall -fstack-usage -fcyclomatic-complexity -MMD -MP -MF"Core/Src/stm32h7xx_it.d" -MT"Core/Src/stm32h7xx_it.o" --specs=nano.specs -mfpu=fpv5-d16 -mfloat-abi=hard -mthumb -o "Core/Src/stm32h7xx_it.o"
arm-none-eabi-gcc -o "GPIO_EXTI.elf" @"objects.list"   -mcpu=cortex-m7 -T"C:\Users\yehan\Documents\Uni\Esperimentazioni-Elettronica\7 - EXTI\GPIO_EXTI\STM32H743ZITX_FLASH.ld" --specs=nosys.specs -Wl,-Map="GPIO_EXTI.map" -Wl,--gc-sections -static --specs=nano.specs -mfpu=fpv5-d16 -mfloat-abi=hard -mthumb -Wl,--start-group -lc -lm -Wl,--end-group
Finished building target: GPIO_EXTI.elf
 
arm-none-eabi-size  GPIO_EXTI.elf 
arm-none-eabi-objdump -h -S GPIO_EXTI.elf  > "GPIO_EXTI.list"
   text	   data	    bss	    dec	    hex	filename
  38176	     16	   4144	  42336	   a560	GPIO_EXTI.elf
Finished building: default.size.stdout
 
Finished building: GPIO_EXTI.list
 
18:34:43 **** Incremental Build of configuration Debug for project GPIO_EXTI ****
make -j22 all 
arm-none-eabi-gcc "../Core/Src/Custom_ADC.c" -mcpu=cortex-m7 -std=gnu11 -g3 -DDEBUG -DUSE_HAL_DRIVER -DSTM32H743xx -c -I../Core/Inc -I../Drivers/STM32H7xx_HAL_Driver/Inc -I../Drivers/STM32H7xx_HAL_Driver/Inc/Legacy -I../Drivers/CMSIS/Device/ST/STM32H7xx/Include -I../Drivers/CMSIS/Include -O0 -ffunction-sections -fdata-sections -Wall -fstack-usage -fcyclomatic-complexity -MMD -MP -MF"Core/Src/Custom_ADC.d" -MT"Core/Src/Custom_ADC.o" --specs=nano.specs -mfpu=fpv5-d16 -mfloat-abi=hard -mthumb -o "Core/Src/Custom_ADC.o"
../Core/Src/Custom_ADC.c: In function 'ADC_custom_interrupt':
../Core/Src/Custom_ADC.c:80:9: warning: label 'adc_exit' defined but not used [-Wunused-label]
   80 |         adc_exit:
      |         ^~~~~~~~
arm-none-eabi-gcc -o "GPIO_EXTI.elf" @"objects.list"   -mcpu=cortex-m7 -T"C:\Users\yehan\Documents\Uni\Esperimentazioni-Elettronica\7 - EXTI\GPIO_EXTI\STM32H743ZITX_FLASH.ld" --specs=nosys.specs -Wl,-Map="GPIO_EXTI.map" -Wl,--gc-sections -static --specs=nano.specs -mfpu=fpv5-d16 -mfloat-abi=hard -mthumb -Wl,--start-group -lc -lm -Wl,--end-group
Finished building target: GPIO_EXTI.elf
 
arm-none-eabi-size  GPIO_EXTI.elf 
arm-none-eabi-objdump -h -S GPIO_EXTI.elf  > "GPIO_EXTI.list"
   text	   data	    bss	    dec	    hex	filename
  38156	     16	   4136	  42308	   a544	GPIO_EXTI.elf
Finished building: default.size.stdout
 
Finished building: GPIO_EXTI.list
 
18:36:27 **** Incremental Build of configuration Debug for project GPIO_EXTI ****
make -j22 all 
arm-none-eabi-gcc "../Core/Src/Custom_ADC.c" -mcpu=cortex-m7 -std=gnu11 -g3 -DDEBUG -DUSE_HAL_DRIVER -DSTM32H743xx -c -I../Core/Inc -I../Drivers/STM32H7xx_HAL_Driver/Inc -I../Drivers/STM32H7xx_HAL_Driver/Inc/Legacy -I../Drivers/CMSIS/Device/ST/STM32H7xx/Include -I../Drivers/CMSIS/Include -O0 -ffunction-sections -fdata-sections -Wall -fstack-usage -fcyclomatic-complexity -MMD -MP -MF"Core/Src/Custom_ADC.d" -MT"Core/Src/Custom_ADC.o" --specs=nano.specs -mfpu=fpv5-d16 -mfloat-abi=hard -mthumb -o "Core/Src/Custom_ADC.o"
arm-none-eabi-gcc -o "GPIO_EXTI.elf" @"objects.list"   -mcpu=cortex-m7 -T"C:\Users\yehan\Documents\Uni\Esperimentazioni-Elettronica\7 - EXTI\GPIO_EXTI\STM32H743ZITX_FLASH.ld" --specs=nosys.specs -Wl,-Map="GPIO_EXTI.map" -Wl,--gc-sections -static --specs=nano.specs -mfpu=fpv5-d16 -mfloat-abi=hard -mthumb -Wl,--start-group -lc -lm -Wl,--end-group
Finished building target: GPIO_EXTI.elf
 
arm-none-eabi-size  GPIO_EXTI.elf 
arm-none-eabi-objdump -h -S GPIO_EXTI.elf  > "GPIO_EXTI.list"
   text	   data	    bss	    dec	    hex	filename
  38156	     16	   4136	  42308	   a544	GPIO_EXTI.elf
Finished building: default.size.stdout
 
Finished building: GPIO_EXTI.list
 
18:36:40 **** Incremental Build of configuration Debug for project GPIO_EXTI ****
make -j22 all 
arm-none-eabi-gcc "../Core/Src/Custom_ADC.c" -mcpu=cortex-m7 -std=gnu11 -g3 -DDEBUG -DUSE_HAL_DRIVER -DSTM32H743xx -c -I../Core/Inc -I../Drivers/STM32H7xx_HAL_Driver/Inc -I../Drivers/STM32H7xx_HAL_Driver/Inc/Legacy -I../Drivers/CMSIS/Device/ST/STM32H7xx/Include -I../Drivers/CMSIS/Include -O0 -ffunction-sections -fdata-sections -Wall -fstack-usage -fcyclomatic-complexity -MMD -MP -MF"Core/Src/Custom_ADC.d" -MT"Core/Src/Custom_ADC.o" --specs=nano.specs -mfpu=fpv5-d16 -mfloat-abi=hard -mthumb -o "Core/Src/Custom_ADC.o"
arm-none-eabi-gcc -o "GPIO_EXTI.elf" @"objects.list"   -mcpu=cortex-m7 -T"C:\Users\yehan\Documents\Uni\Esperimentazioni-Elettronica\7 - EXTI\GPIO_EXTI\STM32H743ZITX_FLASH.ld" --specs=nosys.specs -Wl,-Map="GPIO_EXTI.map" -Wl,--gc-sections -static --specs=nano.specs -mfpu=fpv5-d16 -mfloat-abi=hard -mthumb -Wl,--start-group -lc -lm -Wl,--end-group
Finished building target: GPIO_EXTI.elf
 
arm-none-eabi-size  GPIO_EXTI.elf 
arm-none-eabi-objdump -h -S GPIO_EXTI.elf  > "GPIO_EXTI.list"
   text	   data	    bss	    dec	    hex	filename
  38156	     16	   4136	  42308	   a544	GPIO_EXTI.elf
Finished building: default.size.stdout
 
Finished building: GPIO_EXTI.list
 
19:05:14 **** Incremental Build of configuration Debug for project GPIO_EXTI ****
make -j22 all 
arm-none-eabi-gcc "../Core/Src/Custom_ADC.c" -mcpu=cortex-m7 -std=gnu11 -g3 -DDEBUG -DUSE_HAL_DRIVER -DSTM32H743xx -c -I../Core/Inc -I../Drivers/STM32H7xx_HAL_Driver/Inc -I../Drivers/STM32H7xx_HAL_Driver/Inc/Legacy -I../Drivers/CMSIS/Device/ST/STM32H7xx/Include -I../Drivers/CMSIS/Include -O0 -ffunction-sections -fdata-sections -Wall -fstack-usage -fcyclomatic-complexity -MMD -MP -MF"Core/Src/Custom_ADC.d" -MT"Core/Src/Custom_ADC.o" --specs=nano.specs -mfpu=fpv5-d16 -mfloat-abi=hard -mthumb -o "Core/Src/Custom_ADC.o"
arm-none-eabi-gcc "../Core/Src/Custom_DMA.c" -mcpu=cortex-m7 -std=gnu11 -g3 -DDEBUG -DUSE_HAL_DRIVER -DSTM32H743xx -c -I../Core/Inc -I../Drivers/STM32H7xx_HAL_Driver/Inc -I../Drivers/STM32H7xx_HAL_Driver/Inc/Legacy -I../Drivers/CMSIS/Device/ST/STM32H7xx/Include -I../Drivers/CMSIS/Include -O0 -ffunction-sections -fdata-sections -Wall -fstack-usage -fcyclomatic-complexity -MMD -MP -MF"Core/Src/Custom_DMA.d" -MT"Core/Src/Custom_DMA.o" --specs=nano.specs -mfpu=fpv5-d16 -mfloat-abi=hard -mthumb -o "Core/Src/Custom_DMA.o"
arm-none-eabi-gcc "../Core/Src/main.c" -mcpu=cortex-m7 -std=gnu11 -g3 -DDEBUG -DUSE_HAL_DRIVER -DSTM32H743xx -c -I../Core/Inc -I../Drivers/STM32H7xx_HAL_Driver/Inc -I../Drivers/STM32H7xx_HAL_Driver/Inc/Legacy -I../Drivers/CMSIS/Device/ST/STM32H7xx/Include -I../Drivers/CMSIS/Include -O0 -ffunction-sections -fdata-sections -Wall -fstack-usage -fcyclomatic-complexity -MMD -MP -MF"Core/Src/main.d" -MT"Core/Src/main.o" --specs=nano.specs -mfpu=fpv5-d16 -mfloat-abi=hard -mthumb -o "Core/Src/main.o"
arm-none-eabi-gcc "../Core/Src/stm32h7xx_hal_msp.c" -mcpu=cortex-m7 -std=gnu11 -g3 -DDEBUG -DUSE_HAL_DRIVER -DSTM32H743xx -c -I../Core/Inc -I../Drivers/STM32H7xx_HAL_Driver/Inc -I../Drivers/STM32H7xx_HAL_Driver/Inc/Legacy -I../Drivers/CMSIS/Device/ST/STM32H7xx/Include -I../Drivers/CMSIS/Include -O0 -ffunction-sections -fdata-sections -Wall -fstack-usage -fcyclomatic-complexity -MMD -MP -MF"Core/Src/stm32h7xx_hal_msp.d" -MT"Core/Src/stm32h7xx_hal_msp.o" --specs=nano.specs -mfpu=fpv5-d16 -mfloat-abi=hard -mthumb -o "Core/Src/stm32h7xx_hal_msp.o"
arm-none-eabi-gcc "../Core/Src/stm32h7xx_it.c" -mcpu=cortex-m7 -std=gnu11 -g3 -DDEBUG -DUSE_HAL_DRIVER -DSTM32H743xx -c -I../Core/Inc -I../Drivers/STM32H7xx_HAL_Driver/Inc -I../Drivers/STM32H7xx_HAL_Driver/Inc/Legacy -I../Drivers/CMSIS/Device/ST/STM32H7xx/Include -I../Drivers/CMSIS/Include -O0 -ffunction-sections -fdata-sections -Wall -fstack-usage -fcyclomatic-complexity -MMD -MP -MF"Core/Src/stm32h7xx_it.d" -MT"Core/Src/stm32h7xx_it.o" --specs=nano.specs -mfpu=fpv5-d16 -mfloat-abi=hard -mthumb -o "Core/Src/stm32h7xx_it.o"
../Core/Src/Custom_ADC.c: In function 'EXTI_custom_interrupt':
../Core/Src/Custom_ADC.c:89:36: error: lvalue required as left operand of assignment
   89 |         if(TIM6->CR1 & TIM_CR1_CEN = 0){
      |                                    ^
make: *** [Core/Src/subdir.mk:43: Core/Src/Custom_ADC.o] Error 1
make: *** Waiting for unfinished jobs....
"make -j22 all" terminated with exit code 2. Build might be incomplete.
19:05:36 **** Incremental Build of configuration Debug for project GPIO_EXTI ****
make -j22 all 
arm-none-eabi-gcc "../Core/Src/Custom_ADC.c" -mcpu=cortex-m7 -std=gnu11 -g3 -DDEBUG -DUSE_HAL_DRIVER -DSTM32H743xx -c -I../Core/Inc -I../Drivers/STM32H7xx_HAL_Driver/Inc -I../Drivers/STM32H7xx_HAL_Driver/Inc/Legacy -I../Drivers/CMSIS/Device/ST/STM32H7xx/Include -I../Drivers/CMSIS/Include -O0 -ffunction-sections -fdata-sections -Wall -fstack-usage -fcyclomatic-complexity -MMD -MP -MF"Core/Src/Custom_ADC.d" -MT"Core/Src/Custom_ADC.o" --specs=nano.specs -mfpu=fpv5-d16 -mfloat-abi=hard -mthumb -o "Core/Src/Custom_ADC.o"
../Core/Src/Custom_ADC.c: In function 'EXTI_custom_interrupt':
../Core/Src/Custom_ADC.c:89:38: error: lvalue required as left operand of assignment
   89 |         if((TIM6->CR1 & TIM_CR1_CEN) = 0){
      |                                      ^
make: *** [Core/Src/subdir.mk:43: Core/Src/Custom_ADC.o] Error 1
"make -j22 all" terminated with exit code 2. Build might be incomplete.
19:05:59 **** Incremental Build of configuration Debug for project GPIO_EXTI ****
make -j22 all 
arm-none-eabi-gcc "../Core/Src/Custom_ADC.c" -mcpu=cortex-m7 -std=gnu11 -g3 -DDEBUG -DUSE_HAL_DRIVER -DSTM32H743xx -c -I../Core/Inc -I../Drivers/STM32H7xx_HAL_Driver/Inc -I../Drivers/STM32H7xx_HAL_Driver/Inc/Legacy -I../Drivers/CMSIS/Device/ST/STM32H7xx/Include -I../Drivers/CMSIS/Include -O0 -ffunction-sections -fdata-sections -Wall -fstack-usage -fcyclomatic-complexity -MMD -MP -MF"Core/Src/Custom_ADC.d" -MT"Core/Src/Custom_ADC.o" --specs=nano.specs -mfpu=fpv5-d16 -mfloat-abi=hard -mthumb -o "Core/Src/Custom_ADC.o"
arm-none-eabi-gcc -o "GPIO_EXTI.elf" @"objects.list"   -mcpu=cortex-m7 -T"C:\Users\yehan\Documents\Uni\Esperimentazioni-Elettronica\7 - EXTI\GPIO_EXTI\STM32H743ZITX_FLASH.ld" --specs=nosys.specs -Wl,-Map="GPIO_EXTI.map" -Wl,--gc-sections -static --specs=nano.specs -mfpu=fpv5-d16 -mfloat-abi=hard -mthumb -Wl,--start-group -lc -lm -Wl,--end-group
Finished building target: GPIO_EXTI.elf
 
arm-none-eabi-size  GPIO_EXTI.elf 
arm-none-eabi-objdump -h -S GPIO_EXTI.elf  > "GPIO_EXTI.list"
   text	   data	    bss	    dec	    hex	filename
  34272	     16	   4136	  38424	   9618	GPIO_EXTI.elf
Finished building: default.size.stdout
 
Finished building: GPIO_EXTI.list
 
19:06:45 **** Incremental Build of configuration Debug for project GPIO_EXTI ****
make -j22 all 
arm-none-eabi-size  GPIO_EXTI.elf 
   text	   data	    bss	    dec	    hex	filename
  34272	     16	   4136	  38424	   9618	GPIO_EXTI.elf
Finished building: default.size.stdout
 
19:09:38 **** Incremental Build of configuration Debug for project GPIO_EXTI ****
make -j22 all 
arm-none-eabi-gcc "../Core/Src/stm32h7xx_hal_msp.c" -mcpu=cortex-m7 -std=gnu11 -g3 -DDEBUG -DUSE_HAL_DRIVER -DSTM32H743xx -c -I../Core/Inc -I../Drivers/STM32H7xx_HAL_Driver/Inc -I../Drivers/STM32H7xx_HAL_Driver/Inc/Legacy -I../Drivers/CMSIS/Device/ST/STM32H7xx/Include -I../Drivers/CMSIS/Include -O0 -ffunction-sections -fdata-sections -Wall -fstack-usage -fcyclomatic-complexity -MMD -MP -MF"Core/Src/stm32h7xx_hal_msp.d" -MT"Core/Src/stm32h7xx_hal_msp.o" --specs=nano.specs -mfpu=fpv5-d16 -mfloat-abi=hard -mthumb -o "Core/Src/stm32h7xx_hal_msp.o"
arm-none-eabi-gcc "../Core/Src/stm32h7xx_it.c" -mcpu=cortex-m7 -std=gnu11 -g3 -DDEBUG -DUSE_HAL_DRIVER -DSTM32H743xx -c -I../Core/Inc -I../Drivers/STM32H7xx_HAL_Driver/Inc -I../Drivers/STM32H7xx_HAL_Driver/Inc/Legacy -I../Drivers/CMSIS/Device/ST/STM32H7xx/Include -I../Drivers/CMSIS/Include -O0 -ffunction-sections -fdata-sections -Wall -fstack-usage -fcyclomatic-complexity -MMD -MP -MF"Core/Src/stm32h7xx_it.d" -MT"Core/Src/stm32h7xx_it.o" --specs=nano.specs -mfpu=fpv5-d16 -mfloat-abi=hard -mthumb -o "Core/Src/stm32h7xx_it.o"
arm-none-eabi-gcc -o "GPIO_EXTI.elf" @"objects.list"   -mcpu=cortex-m7 -T"C:\Users\yehan\Documents\Uni\Esperimentazioni-Elettronica\7 - EXTI\GPIO_EXTI\STM32H743ZITX_FLASH.ld" --specs=nosys.specs -Wl,-Map="GPIO_EXTI.map" -Wl,--gc-sections -static --specs=nano.specs -mfpu=fpv5-d16 -mfloat-abi=hard -mthumb -Wl,--start-group -lc -lm -Wl,--end-group
Finished building target: GPIO_EXTI.elf
 
arm-none-eabi-size  GPIO_EXTI.elf 
arm-none-eabi-objdump -h -S GPIO_EXTI.elf  > "GPIO_EXTI.list"
   text	   data	    bss	    dec	    hex	filename
  34228	     16	   4136	  38380	   95ec	GPIO_EXTI.elf
Finished building: default.size.stdout
 
Finished building: GPIO_EXTI.list
 
19:14:24 **** Incremental Build of configuration Debug for project GPIO_EXTI ****
make -j22 all 
arm-none-eabi-size  GPIO_EXTI.elf 
   text	   data	    bss	    dec	    hex	filename
  34228	     16	   4136	  38380	   95ec	GPIO_EXTI.elf
Finished building: default.size.stdout
 
19:15:41 **** Incremental Build of configuration Debug for project GPIO_EXTI ****
make -j22 all 
arm-none-eabi-gcc "../Core/Src/main.c" -mcpu=cortex-m7 -std=gnu11 -g3 -DDEBUG -DUSE_HAL_DRIVER -DSTM32H743xx -c -I../Core/Inc -I../Drivers/STM32H7xx_HAL_Driver/Inc -I../Drivers/STM32H7xx_HAL_Driver/Inc/Legacy -I../Drivers/CMSIS/Device/ST/STM32H7xx/Include -I../Drivers/CMSIS/Include -O0 -ffunction-sections -fdata-sections -Wall -fstack-usage -fcyclomatic-complexity -MMD -MP -MF"Core/Src/main.d" -MT"Core/Src/main.o" --specs=nano.specs -mfpu=fpv5-d16 -mfloat-abi=hard -mthumb -o "Core/Src/main.o"
arm-none-eabi-gcc -o "GPIO_EXTI.elf" @"objects.list"   -mcpu=cortex-m7 -T"C:\Users\yehan\Documents\Uni\Esperimentazioni-Elettronica\7 - EXTI\GPIO_EXTI\STM32H743ZITX_FLASH.ld" --specs=nosys.specs -Wl,-Map="GPIO_EXTI.map" -Wl,--gc-sections -static --specs=nano.specs -mfpu=fpv5-d16 -mfloat-abi=hard -mthumb -Wl,--start-group -lc -lm -Wl,--end-group
Finished building target: GPIO_EXTI.elf
 
arm-none-eabi-size  GPIO_EXTI.elf 
arm-none-eabi-objdump -h -S GPIO_EXTI.elf  > "GPIO_EXTI.list"
   text	   data	    bss	    dec	    hex	filename
  34228	     16	   4136	  38380	   95ec	GPIO_EXTI.elf
Finished building: default.size.stdout
 
Finished building: GPIO_EXTI.list
 
19:15:58 **** Incremental Build of configuration Debug for project GPIO_EXTI ****
make -j22 all 
arm-none-eabi-size  GPIO_EXTI.elf 
   text	   data	    bss	    dec	    hex	filename
  34228	     16	   4136	  38380	   95ec	GPIO_EXTI.elf
Finished building: default.size.stdout
 
19:18:24 **** Incremental Build of configuration Debug for project GPIO_EXTI ****
make -j22 all 
arm-none-eabi-gcc "../Core/Src/Custom_DMA.c" -mcpu=cortex-m7 -std=gnu11 -g3 -DDEBUG -DUSE_HAL_DRIVER -DSTM32H743xx -c -I../Core/Inc -I../Drivers/STM32H7xx_HAL_Driver/Inc -I../Drivers/STM32H7xx_HAL_Driver/Inc/Legacy -I../Drivers/CMSIS/Device/ST/STM32H7xx/Include -I../Drivers/CMSIS/Include -O0 -ffunction-sections -fdata-sections -Wall -fstack-usage -fcyclomatic-complexity -MMD -MP -MF"Core/Src/Custom_DMA.d" -MT"Core/Src/Custom_DMA.o" --specs=nano.specs -mfpu=fpv5-d16 -mfloat-abi=hard -mthumb -o "Core/Src/Custom_DMA.o"
arm-none-eabi-gcc -o "GPIO_EXTI.elf" @"objects.list"   -mcpu=cortex-m7 -T"C:\Users\yehan\Documents\Uni\Esperimentazioni-Elettronica\7 - EXTI\GPIO_EXTI\STM32H743ZITX_FLASH.ld" --specs=nosys.specs -Wl,-Map="GPIO_EXTI.map" -Wl,--gc-sections -static --specs=nano.specs -mfpu=fpv5-d16 -mfloat-abi=hard -mthumb -Wl,--start-group -lc -lm -Wl,--end-group
Finished building target: GPIO_EXTI.elf
 
arm-none-eabi-size  GPIO_EXTI.elf 
arm-none-eabi-objdump -h -S GPIO_EXTI.elf  > "GPIO_EXTI.list"
   text	   data	    bss	    dec	    hex	filename
  34228	     16	   4136	  38380	   95ec	GPIO_EXTI.elf
Finished building: default.size.stdout
 
Finished building: GPIO_EXTI.list
 
19:22:24 **** Incremental Build of configuration Debug for project GPIO_EXTI ****
make -j22 all 
arm-none-eabi-gcc "../Core/Src/Custom_ADC.c" -mcpu=cortex-m7 -std=gnu11 -g3 -DDEBUG -DUSE_HAL_DRIVER -DSTM32H743xx -c -I../Core/Inc -I../Drivers/STM32H7xx_HAL_Driver/Inc -I../Drivers/STM32H7xx_HAL_Driver/Inc/Legacy -I../Drivers/CMSIS/Device/ST/STM32H7xx/Include -I../Drivers/CMSIS/Include -O0 -ffunction-sections -fdata-sections -Wall -fstack-usage -fcyclomatic-complexity -MMD -MP -MF"Core/Src/Custom_ADC.d" -MT"Core/Src/Custom_ADC.o" --specs=nano.specs -mfpu=fpv5-d16 -mfloat-abi=hard -mthumb -o "Core/Src/Custom_ADC.o"
arm-none-eabi-gcc "../Core/Src/Custom_DMA.c" -mcpu=cortex-m7 -std=gnu11 -g3 -DDEBUG -DUSE_HAL_DRIVER -DSTM32H743xx -c -I../Core/Inc -I../Drivers/STM32H7xx_HAL_Driver/Inc -I../Drivers/STM32H7xx_HAL_Driver/Inc/Legacy -I../Drivers/CMSIS/Device/ST/STM32H7xx/Include -I../Drivers/CMSIS/Include -O0 -ffunction-sections -fdata-sections -Wall -fstack-usage -fcyclomatic-complexity -MMD -MP -MF"Core/Src/Custom_DMA.d" -MT"Core/Src/Custom_DMA.o" --specs=nano.specs -mfpu=fpv5-d16 -mfloat-abi=hard -mthumb -o "Core/Src/Custom_DMA.o"
arm-none-eabi-gcc -o "GPIO_EXTI.elf" @"objects.list"   -mcpu=cortex-m7 -T"C:\Users\yehan\Documents\Uni\Esperimentazioni-Elettronica\7 - EXTI\GPIO_EXTI\STM32H743ZITX_FLASH.ld" --specs=nosys.specs -Wl,-Map="GPIO_EXTI.map" -Wl,--gc-sections -static --specs=nano.specs -mfpu=fpv5-d16 -mfloat-abi=hard -mthumb -Wl,--start-group -lc -lm -Wl,--end-group
Finished building target: GPIO_EXTI.elf
 
arm-none-eabi-size  GPIO_EXTI.elf 
arm-none-eabi-objdump -h -S GPIO_EXTI.elf  > "GPIO_EXTI.list"
   text	   data	    bss	    dec	    hex	filename
  34228	     16	   4136	  38380	   95ec	GPIO_EXTI.elf
Finished building: default.size.stdout
 
Finished building: GPIO_EXTI.list
 
19:22:45 **** Incremental Build of configuration Debug for project GPIO_EXTI ****
make -j22 all 
arm-none-eabi-size  GPIO_EXTI.elf 
   text	   data	    bss	    dec	    hex	filename
  34228	     16	   4136	  38380	   95ec	GPIO_EXTI.elf
Finished building: default.size.stdout
 
19:23:38 **** Incremental Build of configuration Debug for project GPIO_EXTI ****
make -j22 all 
arm-none-eabi-gcc "../Core/Src/Custom_DMA.c" -mcpu=cortex-m7 -std=gnu11 -g3 -DDEBUG -DUSE_HAL_DRIVER -DSTM32H743xx -c -I../Core/Inc -I../Drivers/STM32H7xx_HAL_Driver/Inc -I../Drivers/STM32H7xx_HAL_Driver/Inc/Legacy -I../Drivers/CMSIS/Device/ST/STM32H7xx/Include -I../Drivers/CMSIS/Include -O0 -ffunction-sections -fdata-sections -Wall -fstack-usage -fcyclomatic-complexity -MMD -MP -MF"Core/Src/Custom_DMA.d" -MT"Core/Src/Custom_DMA.o" --specs=nano.specs -mfpu=fpv5-d16 -mfloat-abi=hard -mthumb -o "Core/Src/Custom_DMA.o"
arm-none-eabi-gcc -o "GPIO_EXTI.elf" @"objects.list"   -mcpu=cortex-m7 -T"C:\Users\yehan\Documents\Uni\Esperimentazioni-Elettronica\7 - EXTI\GPIO_EXTI\STM32H743ZITX_FLASH.ld" --specs=nosys.specs -Wl,-Map="GPIO_EXTI.map" -Wl,--gc-sections -static --specs=nano.specs -mfpu=fpv5-d16 -mfloat-abi=hard -mthumb -Wl,--start-group -lc -lm -Wl,--end-group
Finished building target: GPIO_EXTI.elf
 
arm-none-eabi-size  GPIO_EXTI.elf 
arm-none-eabi-objdump -h -S GPIO_EXTI.elf  > "GPIO_EXTI.list"
   text	   data	    bss	    dec	    hex	filename
  34228	     16	   4136	  38380	   95ec	GPIO_EXTI.elf
Finished building: default.size.stdout
 
Finished building: GPIO_EXTI.list
 
19:25:24 **** Incremental Build of configuration Debug for project GPIO_EXTI ****
make -j22 all 
arm-none-eabi-gcc "../Core/Src/Custom_DMA.c" -mcpu=cortex-m7 -std=gnu11 -g3 -DDEBUG -DUSE_HAL_DRIVER -DSTM32H743xx -c -I../Core/Inc -I../Drivers/STM32H7xx_HAL_Driver/Inc -I../Drivers/STM32H7xx_HAL_Driver/Inc/Legacy -I../Drivers/CMSIS/Device/ST/STM32H7xx/Include -I../Drivers/CMSIS/Include -O0 -ffunction-sections -fdata-sections -Wall -fstack-usage -fcyclomatic-complexity -MMD -MP -MF"Core/Src/Custom_DMA.d" -MT"Core/Src/Custom_DMA.o" --specs=nano.specs -mfpu=fpv5-d16 -mfloat-abi=hard -mthumb -o "Core/Src/Custom_DMA.o"
arm-none-eabi-gcc -o "GPIO_EXTI.elf" @"objects.list"   -mcpu=cortex-m7 -T"C:\Users\yehan\Documents\Uni\Esperimentazioni-Elettronica\7 - EXTI\GPIO_EXTI\STM32H743ZITX_FLASH.ld" --specs=nosys.specs -Wl,-Map="GPIO_EXTI.map" -Wl,--gc-sections -static --specs=nano.specs -mfpu=fpv5-d16 -mfloat-abi=hard -mthumb -Wl,--start-group -lc -lm -Wl,--end-group
Finished building target: GPIO_EXTI.elf
 
arm-none-eabi-size  GPIO_EXTI.elf 
arm-none-eabi-objdump -h -S GPIO_EXTI.elf  > "GPIO_EXTI.list"
   text	   data	    bss	    dec	    hex	filename
  34248	     16	   4136	  38400	   9600	GPIO_EXTI.elf
Finished building: default.size.stdout
 
Finished building: GPIO_EXTI.list
 
19:32:08 **** Incremental Build of configuration Debug for project GPIO_EXTI ****
make -j22 all 
arm-none-eabi-gcc "../Core/Src/stm32h7xx_it.c" -mcpu=cortex-m7 -std=gnu11 -g3 -DDEBUG -DUSE_HAL_DRIVER -DSTM32H743xx -c -I../Core/Inc -I../Drivers/STM32H7xx_HAL_Driver/Inc -I../Drivers/STM32H7xx_HAL_Driver/Inc/Legacy -I../Drivers/CMSIS/Device/ST/STM32H7xx/Include -I../Drivers/CMSIS/Include -O0 -ffunction-sections -fdata-sections -Wall -fstack-usage -fcyclomatic-complexity -MMD -MP -MF"Core/Src/stm32h7xx_it.d" -MT"Core/Src/stm32h7xx_it.o" --specs=nano.specs -mfpu=fpv5-d16 -mfloat-abi=hard -mthumb -o "Core/Src/stm32h7xx_it.o"
arm-none-eabi-gcc -o "GPIO_EXTI.elf" @"objects.list"   -mcpu=cortex-m7 -T"C:\Users\yehan\Documents\Uni\Esperimentazioni-Elettronica\7 - EXTI\GPIO_EXTI\STM32H743ZITX_FLASH.ld" --specs=nosys.specs -Wl,-Map="GPIO_EXTI.map" -Wl,--gc-sections -static --specs=nano.specs -mfpu=fpv5-d16 -mfloat-abi=hard -mthumb -Wl,--start-group -lc -lm -Wl,--end-group
Finished building target: GPIO_EXTI.elf
 
arm-none-eabi-size  GPIO_EXTI.elf 
arm-none-eabi-objdump -h -S GPIO_EXTI.elf  > "GPIO_EXTI.list"
   text	   data	    bss	    dec	    hex	filename
  34172	     16	   4136	  38324	   95b4	GPIO_EXTI.elf
Finished building: default.size.stdout
 
Finished building: GPIO_EXTI.list
 
19:32:50 **** Incremental Build of configuration Debug for project GPIO_EXTI ****
make -j22 all 
arm-none-eabi-gcc "../Core/Src/stm32h7xx_it.c" -mcpu=cortex-m7 -std=gnu11 -g3 -DDEBUG -DUSE_HAL_DRIVER -DSTM32H743xx -c -I../Core/Inc -I../Drivers/STM32H7xx_HAL_Driver/Inc -I../Drivers/STM32H7xx_HAL_Driver/Inc/Legacy -I../Drivers/CMSIS/Device/ST/STM32H7xx/Include -I../Drivers/CMSIS/Include -O0 -ffunction-sections -fdata-sections -Wall -fstack-usage -fcyclomatic-complexity -MMD -MP -MF"Core/Src/stm32h7xx_it.d" -MT"Core/Src/stm32h7xx_it.o" --specs=nano.specs -mfpu=fpv5-d16 -mfloat-abi=hard -mthumb -o "Core/Src/stm32h7xx_it.o"
arm-none-eabi-gcc -o "GPIO_EXTI.elf" @"objects.list"   -mcpu=cortex-m7 -T"C:\Users\yehan\Documents\Uni\Esperimentazioni-Elettronica\7 - EXTI\GPIO_EXTI\STM32H743ZITX_FLASH.ld" --specs=nosys.specs -Wl,-Map="GPIO_EXTI.map" -Wl,--gc-sections -static --specs=nano.specs -mfpu=fpv5-d16 -mfloat-abi=hard -mthumb -Wl,--start-group -lc -lm -Wl,--end-group
Finished building target: GPIO_EXTI.elf
 
arm-none-eabi-size  GPIO_EXTI.elf 
arm-none-eabi-objdump -h -S GPIO_EXTI.elf  > "GPIO_EXTI.list"
   text	   data	    bss	    dec	    hex	filename
  34248	     16	   4136	  38400	   9600	GPIO_EXTI.elf
Finished building: default.size.stdout
 
Finished building: GPIO_EXTI.list
 
19:36:52 **** Incremental Build of configuration Debug for project GPIO_EXTI ****
make -j22 all 
arm-none-eabi-gcc "../Core/Src/Custom_ADC.c" -mcpu=cortex-m7 -std=gnu11 -g3 -DDEBUG -DUSE_HAL_DRIVER -DSTM32H743xx -c -I../Core/Inc -I../Drivers/STM32H7xx_HAL_Driver/Inc -I../Drivers/STM32H7xx_HAL_Driver/Inc/Legacy -I../Drivers/CMSIS/Device/ST/STM32H7xx/Include -I../Drivers/CMSIS/Include -O0 -ffunction-sections -fdata-sections -Wall -fstack-usage -fcyclomatic-complexity -MMD -MP -MF"Core/Src/Custom_ADC.d" -MT"Core/Src/Custom_ADC.o" --specs=nano.specs -mfpu=fpv5-d16 -mfloat-abi=hard -mthumb -o "Core/Src/Custom_ADC.o"
arm-none-eabi-gcc "../Core/Src/Custom_DMA.c" -mcpu=cortex-m7 -std=gnu11 -g3 -DDEBUG -DUSE_HAL_DRIVER -DSTM32H743xx -c -I../Core/Inc -I../Drivers/STM32H7xx_HAL_Driver/Inc -I../Drivers/STM32H7xx_HAL_Driver/Inc/Legacy -I../Drivers/CMSIS/Device/ST/STM32H7xx/Include -I../Drivers/CMSIS/Include -O0 -ffunction-sections -fdata-sections -Wall -fstack-usage -fcyclomatic-complexity -MMD -MP -MF"Core/Src/Custom_DMA.d" -MT"Core/Src/Custom_DMA.o" --specs=nano.specs -mfpu=fpv5-d16 -mfloat-abi=hard -mthumb -o "Core/Src/Custom_DMA.o"
arm-none-eabi-gcc -o "GPIO_EXTI.elf" @"objects.list"   -mcpu=cortex-m7 -T"C:\Users\yehan\Documents\Uni\Esperimentazioni-Elettronica\7 - EXTI\GPIO_EXTI\STM32H743ZITX_FLASH.ld" --specs=nosys.specs -Wl,-Map="GPIO_EXTI.map" -Wl,--gc-sections -static --specs=nano.specs -mfpu=fpv5-d16 -mfloat-abi=hard -mthumb -Wl,--start-group -lc -lm -Wl,--end-group
Finished building target: GPIO_EXTI.elf
 
arm-none-eabi-size  GPIO_EXTI.elf 
arm-none-eabi-objdump -h -S GPIO_EXTI.elf  > "GPIO_EXTI.list"
   text	   data	    bss	    dec	    hex	filename
  34236	     16	   4136	  38388	   95f4	GPIO_EXTI.elf
Finished building: default.size.stdout
 
Finished building: GPIO_EXTI.list
 
19:42:14 **** Incremental Build of configuration Debug for project GPIO_EXTI ****
make -j22 all 
arm-none-eabi-gcc "../Core/Src/Custom_ADC.c" -mcpu=cortex-m7 -std=gnu11 -g3 -DDEBUG -DUSE_HAL_DRIVER -DSTM32H743xx -c -I../Core/Inc -I../Drivers/STM32H7xx_HAL_Driver/Inc -I../Drivers/STM32H7xx_HAL_Driver/Inc/Legacy -I../Drivers/CMSIS/Device/ST/STM32H7xx/Include -I../Drivers/CMSIS/Include -O0 -ffunction-sections -fdata-sections -Wall -fstack-usage -fcyclomatic-complexity -MMD -MP -MF"Core/Src/Custom_ADC.d" -MT"Core/Src/Custom_ADC.o" --specs=nano.specs -mfpu=fpv5-d16 -mfloat-abi=hard -mthumb -o "Core/Src/Custom_ADC.o"
arm-none-eabi-gcc -o "GPIO_EXTI.elf" @"objects.list"   -mcpu=cortex-m7 -T"C:\Users\yehan\Documents\Uni\Esperimentazioni-Elettronica\7 - EXTI\GPIO_EXTI\STM32H743ZITX_FLASH.ld" --specs=nosys.specs -Wl,-Map="GPIO_EXTI.map" -Wl,--gc-sections -static --specs=nano.specs -mfpu=fpv5-d16 -mfloat-abi=hard -mthumb -Wl,--start-group -lc -lm -Wl,--end-group
Finished building target: GPIO_EXTI.elf
 
arm-none-eabi-size  GPIO_EXTI.elf 
arm-none-eabi-objdump -h -S GPIO_EXTI.elf  > "GPIO_EXTI.list"
   text	   data	    bss	    dec	    hex	filename
  34248	     16	   4136	  38400	   9600	GPIO_EXTI.elf
Finished building: default.size.stdout
 
Finished building: GPIO_EXTI.list
 
19:48:06 **** Incremental Build of configuration Debug for project GPIO_EXTI ****
make -j22 all 
arm-none-eabi-gcc "../Core/Src/main.c" -mcpu=cortex-m7 -std=gnu11 -g3 -DDEBUG -DUSE_HAL_DRIVER -DSTM32H743xx -c -I../Core/Inc -I../Drivers/STM32H7xx_HAL_Driver/Inc -I../Drivers/STM32H7xx_HAL_Driver/Inc/Legacy -I../Drivers/CMSIS/Device/ST/STM32H7xx/Include -I../Drivers/CMSIS/Include -O0 -ffunction-sections -fdata-sections -Wall -fstack-usage -fcyclomatic-complexity -MMD -MP -MF"Core/Src/main.d" -MT"Core/Src/main.o" --specs=nano.specs -mfpu=fpv5-d16 -mfloat-abi=hard -mthumb -o "Core/Src/main.o"
arm-none-eabi-gcc "../Core/Src/stm32h7xx_hal_msp.c" -mcpu=cortex-m7 -std=gnu11 -g3 -DDEBUG -DUSE_HAL_DRIVER -DSTM32H743xx -c -I../Core/Inc -I../Drivers/STM32H7xx_HAL_Driver/Inc -I../Drivers/STM32H7xx_HAL_Driver/Inc/Legacy -I../Drivers/CMSIS/Device/ST/STM32H7xx/Include -I../Drivers/CMSIS/Include -O0 -ffunction-sections -fdata-sections -Wall -fstack-usage -fcyclomatic-complexity -MMD -MP -MF"Core/Src/stm32h7xx_hal_msp.d" -MT"Core/Src/stm32h7xx_hal_msp.o" --specs=nano.specs -mfpu=fpv5-d16 -mfloat-abi=hard -mthumb -o "Core/Src/stm32h7xx_hal_msp.o"
arm-none-eabi-gcc "../Core/Src/stm32h7xx_it.c" -mcpu=cortex-m7 -std=gnu11 -g3 -DDEBUG -DUSE_HAL_DRIVER -DSTM32H743xx -c -I../Core/Inc -I../Drivers/STM32H7xx_HAL_Driver/Inc -I../Drivers/STM32H7xx_HAL_Driver/Inc/Legacy -I../Drivers/CMSIS/Device/ST/STM32H7xx/Include -I../Drivers/CMSIS/Include -O0 -ffunction-sections -fdata-sections -Wall -fstack-usage -fcyclomatic-complexity -MMD -MP -MF"Core/Src/stm32h7xx_it.d" -MT"Core/Src/stm32h7xx_it.o" --specs=nano.specs -mfpu=fpv5-d16 -mfloat-abi=hard -mthumb -o "Core/Src/stm32h7xx_it.o"
arm-none-eabi-gcc -o "GPIO_EXTI.elf" @"objects.list"   -mcpu=cortex-m7 -T"C:\Users\yehan\Documents\Uni\Esperimentazioni-Elettronica\7 - EXTI\GPIO_EXTI\STM32H743ZITX_FLASH.ld" --specs=nosys.specs -Wl,-Map="GPIO_EXTI.map" -Wl,--gc-sections -static --specs=nano.specs -mfpu=fpv5-d16 -mfloat-abi=hard -mthumb -Wl,--start-group -lc -lm -Wl,--end-group
Finished building target: GPIO_EXTI.elf
 
arm-none-eabi-size  GPIO_EXTI.elf 
arm-none-eabi-objdump -h -S GPIO_EXTI.elf  > "GPIO_EXTI.list"
   text	   data	    bss	    dec	    hex	filename
  34016	     16	   4136	  38168	   9518	GPIO_EXTI.elf
Finished building: default.size.stdout
 
Finished building: GPIO_EXTI.list
 
19:49:28 **** Incremental Build of configuration Debug for project GPIO_EXTI ****
make -j22 all 
arm-none-eabi-gcc "../Core/Src/main.c" -mcpu=cortex-m7 -std=gnu11 -g3 -DDEBUG -DUSE_HAL_DRIVER -DSTM32H743xx -c -I../Core/Inc -I../Drivers/STM32H7xx_HAL_Driver/Inc -I../Drivers/STM32H7xx_HAL_Driver/Inc/Legacy -I../Drivers/CMSIS/Device/ST/STM32H7xx/Include -I../Drivers/CMSIS/Include -O0 -ffunction-sections -fdata-sections -Wall -fstack-usage -fcyclomatic-complexity -MMD -MP -MF"Core/Src/main.d" -MT"Core/Src/main.o" --specs=nano.specs -mfpu=fpv5-d16 -mfloat-abi=hard -mthumb -o "Core/Src/main.o"
arm-none-eabi-gcc "../Core/Src/stm32h7xx_it.c" -mcpu=cortex-m7 -std=gnu11 -g3 -DDEBUG -DUSE_HAL_DRIVER -DSTM32H743xx -c -I../Core/Inc -I../Drivers/STM32H7xx_HAL_Driver/Inc -I../Drivers/STM32H7xx_HAL_Driver/Inc/Legacy -I../Drivers/CMSIS/Device/ST/STM32H7xx/Include -I../Drivers/CMSIS/Include -O0 -ffunction-sections -fdata-sections -Wall -fstack-usage -fcyclomatic-complexity -MMD -MP -MF"Core/Src/stm32h7xx_it.d" -MT"Core/Src/stm32h7xx_it.o" --specs=nano.specs -mfpu=fpv5-d16 -mfloat-abi=hard -mthumb -o "Core/Src/stm32h7xx_it.o"
arm-none-eabi-gcc -o "GPIO_EXTI.elf" @"objects.list"   -mcpu=cortex-m7 -T"C:\Users\yehan\Documents\Uni\Esperimentazioni-Elettronica\7 - EXTI\GPIO_EXTI\STM32H743ZITX_FLASH.ld" --specs=nosys.specs -Wl,-Map="GPIO_EXTI.map" -Wl,--gc-sections -static --specs=nano.specs -mfpu=fpv5-d16 -mfloat-abi=hard -mthumb -Wl,--start-group -lc -lm -Wl,--end-group
Finished building target: GPIO_EXTI.elf
 
arm-none-eabi-size  GPIO_EXTI.elf 
arm-none-eabi-objdump -h -S GPIO_EXTI.elf  > "GPIO_EXTI.list"
   text	   data	    bss	    dec	    hex	filename
  34116	     16	   4136	  38268	   957c	GPIO_EXTI.elf
Finished building: default.size.stdout
 
Finished building: GPIO_EXTI.list
 
19:50:31 **** Incremental Build of configuration Debug for project GPIO_EXTI ****
make -j22 all 
arm-none-eabi-size  GPIO_EXTI.elf 
   text	   data	    bss	    dec	    hex	filename
  34116	     16	   4136	  38268	   957c	GPIO_EXTI.elf
Finished building: default.size.stdout
 
19:51:30 **** Incremental Build of configuration Debug for project GPIO_EXTI ****
make -j22 all 
arm-none-eabi-gcc "../Core/Src/stm32h7xx_it.c" -mcpu=cortex-m7 -std=gnu11 -g3 -DDEBUG -DUSE_HAL_DRIVER -DSTM32H743xx -c -I../Core/Inc -I../Drivers/STM32H7xx_HAL_Driver/Inc -I../Drivers/STM32H7xx_HAL_Driver/Inc/Legacy -I../Drivers/CMSIS/Device/ST/STM32H7xx/Include -I../Drivers/CMSIS/Include -O0 -ffunction-sections -fdata-sections -Wall -fstack-usage -fcyclomatic-complexity -MMD -MP -MF"Core/Src/stm32h7xx_it.d" -MT"Core/Src/stm32h7xx_it.o" --specs=nano.specs -mfpu=fpv5-d16 -mfloat-abi=hard -mthumb -o "Core/Src/stm32h7xx_it.o"
arm-none-eabi-gcc -o "GPIO_EXTI.elf" @"objects.list"   -mcpu=cortex-m7 -T"C:\Users\yehan\Documents\Uni\Esperimentazioni-Elettronica\7 - EXTI\GPIO_EXTI\STM32H743ZITX_FLASH.ld" --specs=nosys.specs -Wl,-Map="GPIO_EXTI.map" -Wl,--gc-sections -static --specs=nano.specs -mfpu=fpv5-d16 -mfloat-abi=hard -mthumb -Wl,--start-group -lc -lm -Wl,--end-group
Finished building target: GPIO_EXTI.elf
 
arm-none-eabi-size  GPIO_EXTI.elf 
arm-none-eabi-objdump -h -S GPIO_EXTI.elf  > "GPIO_EXTI.list"
   text	   data	    bss	    dec	    hex	filename
  34196	     16	   4136	  38348	   95cc	GPIO_EXTI.elf
Finished building: default.size.stdout
 
Finished building: GPIO_EXTI.list
 
19:54:49 **** Incremental Build of configuration Debug for project GPIO_EXTI ****
make -j22 all 
arm-none-eabi-gcc "../Core/Src/Custom_ADC.c" -mcpu=cortex-m7 -std=gnu11 -g3 -DDEBUG -DUSE_HAL_DRIVER -DSTM32H743xx -c -I../Core/Inc -I../Drivers/STM32H7xx_HAL_Driver/Inc -I../Drivers/STM32H7xx_HAL_Driver/Inc/Legacy -I../Drivers/CMSIS/Device/ST/STM32H7xx/Include -I../Drivers/CMSIS/Include -O0 -ffunction-sections -fdata-sections -Wall -fstack-usage -fcyclomatic-complexity -MMD -MP -MF"Core/Src/Custom_ADC.d" -MT"Core/Src/Custom_ADC.o" --specs=nano.specs -mfpu=fpv5-d16 -mfloat-abi=hard -mthumb -o "Core/Src/Custom_ADC.o"
arm-none-eabi-gcc -o "GPIO_EXTI.elf" @"objects.list"   -mcpu=cortex-m7 -T"C:\Users\yehan\Documents\Uni\Esperimentazioni-Elettronica\7 - EXTI\GPIO_EXTI\STM32H743ZITX_FLASH.ld" --specs=nosys.specs -Wl,-Map="GPIO_EXTI.map" -Wl,--gc-sections -static --specs=nano.specs -mfpu=fpv5-d16 -mfloat-abi=hard -mthumb -Wl,--start-group -lc -lm -Wl,--end-group
Finished building target: GPIO_EXTI.elf
 
arm-none-eabi-size  GPIO_EXTI.elf 
arm-none-eabi-objdump -h -S GPIO_EXTI.elf  > "GPIO_EXTI.list"
   text	   data	    bss	    dec	    hex	filename
  34196	     16	   4136	  38348	   95cc	GPIO_EXTI.elf
Finished building: default.size.stdout
 
Finished building: GPIO_EXTI.list
 
19:55:54 **** Incremental Build of configuration Debug for project GPIO_EXTI ****
make -j22 all 
arm-none-eabi-gcc "../Core/Src/Custom_ADC.c" -mcpu=cortex-m7 -std=gnu11 -g3 -DDEBUG -DUSE_HAL_DRIVER -DSTM32H743xx -c -I../Core/Inc -I../Drivers/STM32H7xx_HAL_Driver/Inc -I../Drivers/STM32H7xx_HAL_Driver/Inc/Legacy -I../Drivers/CMSIS/Device/ST/STM32H7xx/Include -I../Drivers/CMSIS/Include -O0 -ffunction-sections -fdata-sections -Wall -fstack-usage -fcyclomatic-complexity -MMD -MP -MF"Core/Src/Custom_ADC.d" -MT"Core/Src/Custom_ADC.o" --specs=nano.specs -mfpu=fpv5-d16 -mfloat-abi=hard -mthumb -o "Core/Src/Custom_ADC.o"
arm-none-eabi-gcc -o "GPIO_EXTI.elf" @"objects.list"   -mcpu=cortex-m7 -T"C:\Users\yehan\Documents\Uni\Esperimentazioni-Elettronica\7 - EXTI\GPIO_EXTI\STM32H743ZITX_FLASH.ld" --specs=nosys.specs -Wl,-Map="GPIO_EXTI.map" -Wl,--gc-sections -static --specs=nano.specs -mfpu=fpv5-d16 -mfloat-abi=hard -mthumb -Wl,--start-group -lc -lm -Wl,--end-group
Finished building target: GPIO_EXTI.elf
 
arm-none-eabi-size  GPIO_EXTI.elf 
arm-none-eabi-objdump -h -S GPIO_EXTI.elf  > "GPIO_EXTI.list"
   text	   data	    bss	    dec	    hex	filename
  34196	     16	   4136	  38348	   95cc	GPIO_EXTI.elf
Finished building: default.size.stdout
 
Finished building: GPIO_EXTI.list
 
19:56:34 **** Incremental Build of configuration Debug for project GPIO_EXTI ****
make -j22 all 
arm-none-eabi-size  GPIO_EXTI.elf 
   text	   data	    bss	    dec	    hex	filename
  34196	     16	   4136	  38348	   95cc	GPIO_EXTI.elf
Finished building: default.size.stdout
 
