2024-11-02 16:27:53,965 [INFO] Activator:176 - 


2024-11-02 16:27:53,972 [INFO] Activator:177 - !SESSION log4j initialized
2024-11-02 16:28:01,565 [INFO] LogOutputStream:77 - [STDOUT_REDIRECT] 
2024-11-02 16:28:04,192 [INFO] ApplicationProperties:184 - Using Application install path: C:\ST\STM32CubeIDE_1.16.1\STM32CubeIDE\plugins\com.st.stm32cube.common.mx_6.12.1.202409122256
2024-11-02 16:28:04,235 [INFO] DbMcusXml:78 - Set database path to: C:\ST\STM32CubeIDE_1.16.1\STM32CubeIDE\plugins\com.st.stm32cube.common.mx_6.12.1.202409122256\\db\/mcu/
2024-11-02 16:28:04,236 [INFO] ApiDb:274 - Set plugin database path to: C:\ST\STM32CubeIDE_1.16.1\STM32CubeIDE\plugins\com.st.stm32cube.common.mx_6.12.1.202409122256\\db\/plugins/boardmanager/
2024-11-02 16:28:04,245 [WARN] ApiDb:259 - Overriding images path with different value:  => C:\ST\STM32CubeIDE_1.16.1\STM32CubeIDE\plugins\com.st.stm32cube.common.mx_6.12.1.202409122256\\db\/plugins/mcufinder/images/
2024-11-02 16:28:04,254 [INFO] ApiDb:250 - Set database path to: C:\Users\yehan\.stmcufinder\plugins\mcufinder//mcu/
2024-11-02 16:28:04,255 [INFO] DbMcusAds:125 - Set database path to: C:\Users\yehan\.stmcufinder\plugins\mcufinder//mcu/
2024-11-02 16:28:04,259 [INFO] CrossReferenceDbSqlite:203 - Set database path to: C:\Users\yehan\.stmcufinder\plugins\mcufinder//mcu/cs/
2024-11-02 16:28:04,584 [INFO] RulesReader:64 - Compatibility file has been processed (297 Rules)
2024-11-02 16:28:04,808 [INFO] DbMcusXml:78 - Set database path to: C:\ST\STM32CubeIDE_1.16.1\STM32CubeIDE\plugins\com.st.stm32cube.common.mx_6.12.1.202409122256\\db\/mcu/
2024-11-02 16:28:04,808 [INFO] ApiDb:274 - Set plugin database path to: C:\ST\STM32CubeIDE_1.16.1\STM32CubeIDE\plugins\com.st.stm32cube.common.mx_6.12.1.202409122256\\db\/plugins/boardmanager/
2024-11-02 16:28:04,808 [INFO] ApiDb:261 - Set plugin images path to: C:\ST\STM32CubeIDE_1.16.1\STM32CubeIDE\plugins\com.st.stm32cube.common.mx_6.12.1.202409122256\\db\/plugins/mcufinder/images/
2024-11-02 16:28:04,808 [WARN] DbFile:41 - Overriding database path with different value: C:\Users\yehan\.stmcufinder\plugins\mcufinder/ => C:\Users\yehan\.stmcufinder\plugins\mcufinder
2024-11-02 16:28:04,808 [INFO] ApiDb:250 - Set database path to: C:\Users\yehan\.stmcufinder\plugins\mcufinder//mcu/
2024-11-02 16:28:04,809 [WARN] DbFile:41 - Overriding database path with different value: C:\Users\yehan\.stmcufinder\plugins\mcufinder/ => C:\Users\yehan\.stmcufinder\plugins\mcufinder
2024-11-02 16:28:04,809 [INFO] DbMcusAds:125 - Set database path to: C:\Users\yehan\.stmcufinder\plugins\mcufinder//mcu/
2024-11-02 16:28:04,809 [WARN] DbFile:41 - Overriding database path with different value: C:\Users\yehan\.stmcufinder\plugins\mcufinder/ => C:\Users\yehan\.stmcufinder\plugins\mcufinder
2024-11-02 16:28:04,809 [WARN] DbFile:41 - Overriding database path with different value: C:\Users\yehan\.stmcufinder\plugins\mcufinder/ => C:\Users\yehan\.stmcufinder\plugins\mcufinder
2024-11-02 16:28:04,809 [INFO] CrossReferenceDbSqlite:203 - Set database path to: C:\Users\yehan\.stmcufinder\plugins\mcufinder//mcu/cs/
2024-11-02 16:28:04,962 [INFO] MainPanel:268 - HeapMemory: 268435456
2024-11-02 16:28:05,356 [INFO] DbMcusXml:78 - Set database path to: C:\ST\STM32CubeIDE_1.16.1\STM32CubeIDE\plugins\com.st.stm32cube.common.mx_6.12.1.202409122256\\db\/mcu/
2024-11-02 16:28:05,356 [INFO] ApiDb:274 - Set plugin database path to: C:\ST\STM32CubeIDE_1.16.1\STM32CubeIDE\plugins\com.st.stm32cube.common.mx_6.12.1.202409122256\\db\/plugins/boardmanager/
2024-11-02 16:28:05,356 [INFO] ApiDb:261 - Set plugin images path to: C:\ST\STM32CubeIDE_1.16.1\STM32CubeIDE\plugins\com.st.stm32cube.common.mx_6.12.1.202409122256\\db\/plugins/mcufinder/images/
2024-11-02 16:28:05,359 [WARN] DbFile:41 - Overriding database path with different value: C:\Users\yehan\.stmcufinder\plugins\mcufinder/ => C:\Users\yehan\.stmcufinder\plugins\mcufinder
2024-11-02 16:28:05,359 [INFO] ApiDb:250 - Set database path to: C:\Users\yehan\.stmcufinder\plugins\mcufinder//mcu/
2024-11-02 16:28:05,359 [WARN] DbFile:41 - Overriding database path with different value: C:\Users\yehan\.stmcufinder\plugins\mcufinder/ => C:\Users\yehan\.stmcufinder\plugins\mcufinder
2024-11-02 16:28:05,360 [INFO] DbMcusAds:125 - Set database path to: C:\Users\yehan\.stmcufinder\plugins\mcufinder//mcu/
2024-11-02 16:28:05,360 [WARN] DbFile:41 - Overriding database path with different value: C:\Users\yehan\.stmcufinder\plugins\mcufinder/ => C:\Users\yehan\.stmcufinder\plugins\mcufinder
2024-11-02 16:28:05,360 [WARN] DbFile:41 - Overriding database path with different value: C:\Users\yehan\.stmcufinder\plugins\mcufinder/ => C:\Users\yehan\.stmcufinder\plugins\mcufinder
2024-11-02 16:28:05,360 [INFO] CrossReferenceDbSqlite:203 - Set database path to: C:\Users\yehan\.stmcufinder\plugins\mcufinder//mcu/cs/
2024-11-02 16:28:05,439 [INFO] ApplicationProperties:184 - Using Application install path: C:\ST\STM32CubeIDE_1.16.1\STM32CubeIDE\plugins\com.st.stm32cube.common.mx_6.12.1.202409122256
2024-11-02 16:28:05,448 [INFO] PluginManage:196 - Search for loadable plugins [exclusion list=, ]
2024-11-02 16:28:05,457 [INFO] PluginManage:310 - Check plugin analytics
2024-11-02 16:28:06,889 [INFO] AnalyticsPlugin:253 - Accepted Software Licenses: STM32CubeMX.6.12.1
2024-11-02 16:28:06,889 [INFO] AnalyticsPlugin:255 - Accepted CMSIS Pack Licenses: 
2024-11-02 16:28:06,889 [INFO] AnalyticsPlugin:257 - Accepted Firmware Licenses: FW.H7.1.11.0
2024-11-02 16:28:06,899 [INFO] PluginManage:359 - Loaded plugin analytics (category:tool,tabindex:-1)
2024-11-02 16:28:06,901 [INFO] PluginManage:310 - Check plugin cadmodel
2024-11-02 16:28:06,919 [INFO] CADModel:105 - Init CAD model plugin
2024-11-02 16:28:06,920 [INFO] PluginManage:359 - Loaded plugin cadmodel (category:power,tabindex:5)
2024-11-02 16:28:06,921 [INFO] PluginManage:310 - Check plugin clock
2024-11-02 16:28:06,976 [INFO] PluginManage:359 - Loaded plugin clock (category:base,tabindex:2)
2024-11-02 16:28:06,976 [INFO] PluginManage:310 - Check plugin ddr
2024-11-02 16:28:06,989 [INFO] PluginManage:359 - Loaded plugin ddr (category:tool,tabindex:6)
2024-11-02 16:28:06,989 [INFO] PluginManage:310 - Check plugin filemanager
2024-11-02 16:28:07,980 [INFO] PluginManage:359 - Loaded plugin filemanager (category:base,tabindex:10)
2024-11-02 16:28:07,980 [INFO] PluginManage:310 - Check plugin ipmanager
2024-11-02 16:28:07,999 [INFO] PluginManage:359 - Loaded plugin ipmanager (category:base,tabindex:5)
2024-11-02 16:28:07,999 [INFO] PluginManage:310 - Check plugin lpbam
2024-11-02 16:28:08,043 [INFO] PluginManage:359 - Loaded plugin lpbam (category:base,tabindex:0)
2024-11-02 16:28:08,043 [INFO] PluginManage:310 - Check plugin memorymap
2024-11-02 16:28:08,106 [INFO] PluginManage:359 - Loaded plugin memorymap (category:base,tabindex:4)
2024-11-02 16:28:08,106 [INFO] PluginManage:310 - Check plugin pinoutandconfiguration
2024-11-02 16:28:08,129 [INFO] PluginManage:359 - Loaded plugin pinoutandconfiguration (category:base,tabindex:1)
2024-11-02 16:28:08,129 [INFO] PluginManage:310 - Check plugin pinoutconfig
2024-11-02 16:28:08,546 [WARN] SupportedApi:132 - Cannot load RTOS API schema: s4s-elt-must-match.1: The content of 'definitions' must match (annotation?, (simpleType | complexType)?, (unique | key | keyref)*)). A problem was found starting at: attribute.
2024-11-02 16:28:08,831 [INFO] PluginManage:359 - Loaded plugin pinoutconfig (category:base,tabindex:0)
2024-11-02 16:28:08,831 [INFO] PluginManage:310 - Check plugin power
2024-11-02 16:28:08,878 [INFO] PluginManage:359 - Loaded plugin power (category:power,tabindex:4)
2024-11-02 16:28:08,879 [INFO] PluginManage:310 - Check plugin projectmanager
2024-11-02 16:28:08,952 [INFO] PluginManage:359 - Loaded plugin projectmanager (category:projectmanager,tabindex:4)
2024-11-02 16:28:08,966 [INFO] PluginManage:310 - Check plugin rif
2024-11-02 16:28:08,982 [INFO] PluginManage:359 - Loaded plugin rif (category:base,tabindex:3)
2024-11-02 16:28:08,982 [INFO] PluginManage:310 - Check plugin thirdparty
2024-11-02 16:28:09,329 [WARN] IntegrityCheckThread:84 - waiting for thirdparty lock release [integrity check]
2024-11-02 16:28:09,330 [INFO] IntegrityCheckThread:86 - entering critical section [integrity check]
2024-11-02 16:28:09,331 [INFO] PluginManage:359 - Loaded plugin thirdparty (category:base,tabindex:-1)
2024-11-02 16:28:09,331 [INFO] PluginManage:310 - Check plugin tools
2024-11-02 16:28:09,333 [INFO] ThirdPartyUpdaterWithRetryManager:70 - Updater plugin not ready yet. [1/15]
2024-11-02 16:28:09,342 [INFO] PluginManage:359 - Loaded plugin tools (category:base,tabindex:7)
2024-11-02 16:28:09,342 [INFO] PluginManage:310 - Check plugin tutovideos
2024-11-02 16:28:09,669 [INFO] PluginManage:359 - Loaded plugin tutovideos (category:base,tabindex:-1)
2024-11-02 16:28:09,669 [INFO] PluginManage:310 - Check plugin updater
2024-11-02 16:28:09,735 [INFO] PluginManage:359 - Loaded plugin updater (category:base,tabindex:12)
2024-11-02 16:28:09,736 [INFO] PluginManage:310 - Check plugin userauth
2024-11-02 16:28:09,750 [INFO] UserAuth:113 - Init User Auth plugin
2024-11-02 16:28:09,750 [INFO] PluginManage:359 - Loaded plugin userauth (category:base,tabindex:14)
2024-11-02 16:28:09,752 [INFO] PluginManage:283 - PluginManage : Loaded plugins [18]
2024-11-02 16:28:10,078 [INFO] PinOutPanel:1561 - setPackage(No Configuration,No Configuration)
2024-11-02 16:28:10,196 [INFO] CADModel:165 - CPN selected for project level
2024-11-02 16:28:10,196 [INFO] CADModel:114 - Register for checkConnection events
2024-11-02 16:28:10,217 [INFO] IPUIPlugin:80 - create IPUIPlugin
2024-11-02 16:28:10,217 [INFO] PluginManager:220 - loadIPPluginJar : add adc
2024-11-02 16:28:10,220 [INFO] IPUIPlugin:80 - create IPUIPlugin
2024-11-02 16:28:10,220 [INFO] PluginManager:220 - loadIPPluginJar : add aes
2024-11-02 16:28:10,224 [INFO] IPUIPlugin:80 - create IPUIPlugin
2024-11-02 16:28:10,224 [INFO] PluginManager:220 - loadIPPluginJar : add can
2024-11-02 16:28:10,226 [INFO] IPUIPlugin:80 - create IPUIPlugin
2024-11-02 16:28:10,226 [INFO] PluginManager:220 - loadIPPluginJar : add comp
2024-11-02 16:28:10,228 [INFO] IPUIPlugin:80 - create IPUIPlugin
2024-11-02 16:28:10,228 [INFO] PluginManager:220 - loadIPPluginJar : add cryp
2024-11-02 16:28:10,231 [INFO] IPUIPlugin:80 - create IPUIPlugin
2024-11-02 16:28:10,232 [INFO] PluginManager:220 - loadIPPluginJar : add ddr_ctrl_phy
2024-11-02 16:28:10,234 [INFO] IPUIPlugin:80 - create IPUIPlugin
2024-11-02 16:28:10,234 [INFO] PluginManager:220 - loadIPPluginJar : add dfsdm
2024-11-02 16:28:10,242 [INFO] IPUIPlugin:80 - create IPUIPlugin
2024-11-02 16:28:10,242 [INFO] PluginManager:220 - loadIPPluginJar : add dma
2024-11-02 16:28:10,245 [INFO] IPUIPlugin:80 - create IPUIPlugin
2024-11-02 16:28:10,245 [INFO] PluginManager:220 - loadIPPluginJar : add dma3
2024-11-02 16:28:10,248 [INFO] IPUIPlugin:80 - create IPUIPlugin
2024-11-02 16:28:10,248 [INFO] PluginManager:220 - loadIPPluginJar : add extmemmanager
2024-11-02 16:28:10,249 [INFO] IPUIPlugin:80 - create IPUIPlugin
2024-11-02 16:28:10,249 [INFO] PluginManager:220 - loadIPPluginJar : add fatfs
2024-11-02 16:28:10,255 [INFO] IPUIPlugin:80 - create IPUIPlugin
2024-11-02 16:28:10,255 [INFO] PluginManager:220 - loadIPPluginJar : add fmc
2024-11-02 16:28:10,260 [INFO] IPUIPlugin:80 - create IPUIPlugin
2024-11-02 16:28:10,261 [INFO] PluginManager:220 - loadIPPluginJar : add freertos
2024-11-02 16:28:10,262 [INFO] IPUIPlugin:80 - create IPUIPlugin
2024-11-02 16:28:10,262 [INFO] PluginManager:220 - loadIPPluginJar : add genericplugin
2024-11-02 16:28:10,264 [INFO] IPUIPlugin:80 - create IPUIPlugin
2024-11-02 16:28:10,264 [INFO] PluginManager:220 - loadIPPluginJar : add gfxmmu
2024-11-02 16:28:10,269 [INFO] IPUIPlugin:80 - create IPUIPlugin
2024-11-02 16:28:10,269 [INFO] PluginManager:220 - loadIPPluginJar : add gic
2024-11-02 16:28:10,273 [INFO] IPUIPlugin:80 - create IPUIPlugin
2024-11-02 16:28:10,273 [INFO] PluginManager:220 - loadIPPluginJar : add gpio
2024-11-02 16:28:10,276 [INFO] IPUIPlugin:80 - create IPUIPlugin
2024-11-02 16:28:10,276 [INFO] PluginManager:220 - loadIPPluginJar : add gtzc
2024-11-02 16:28:10,278 [INFO] IPUIPlugin:80 - create IPUIPlugin
2024-11-02 16:28:10,279 [INFO] PluginManager:220 - loadIPPluginJar : add hash
2024-11-02 16:28:10,281 [INFO] IPUIPlugin:80 - create IPUIPlugin
2024-11-02 16:28:10,281 [INFO] PluginManager:220 - loadIPPluginJar : add i2c
2024-11-02 16:28:10,284 [INFO] IPUIPlugin:80 - create IPUIPlugin
2024-11-02 16:28:10,284 [INFO] PluginManager:220 - loadIPPluginJar : add i2s
2024-11-02 16:28:10,288 [INFO] IPUIPlugin:80 - create IPUIPlugin
2024-11-02 16:28:10,289 [INFO] PluginManager:220 - loadIPPluginJar : add i3c
2024-11-02 16:28:10,293 [INFO] IPUIPlugin:80 - create IPUIPlugin
2024-11-02 16:28:10,293 [INFO] PluginManager:220 - loadIPPluginJar : add ipddr
2024-11-02 16:28:10,303 [INFO] IPUIPlugin:80 - create IPUIPlugin
2024-11-02 16:28:10,303 [INFO] PluginManager:220 - loadIPPluginJar : add linkedlist
2024-11-02 16:28:10,307 [INFO] IPUIPlugin:80 - create IPUIPlugin
2024-11-02 16:28:10,307 [INFO] PluginManager:220 - loadIPPluginJar : add lorawan
2024-11-02 16:28:10,309 [INFO] IPUIPlugin:80 - create IPUIPlugin
2024-11-02 16:28:10,309 [INFO] PluginManager:220 - loadIPPluginJar : add ltdc
2024-11-02 16:28:10,318 [INFO] IPUIPlugin:80 - create IPUIPlugin
2024-11-02 16:28:10,318 [INFO] PluginManager:220 - loadIPPluginJar : add mdma
2024-11-02 16:28:10,323 [INFO] IPUIPlugin:80 - create IPUIPlugin
2024-11-02 16:28:10,323 [INFO] PluginManager:220 - loadIPPluginJar : add nvic
2024-11-02 16:28:10,326 [INFO] IPUIPlugin:80 - create IPUIPlugin
2024-11-02 16:28:10,326 [INFO] PluginManager:220 - loadIPPluginJar : add opamp
2024-11-02 16:28:10,329 [INFO] IPUIPlugin:80 - create IPUIPlugin
2024-11-02 16:28:10,329 [INFO] PluginManager:220 - loadIPPluginJar : add openamp
2024-11-02 16:28:10,332 [INFO] IPUIPlugin:80 - create IPUIPlugin
2024-11-02 16:28:10,332 [INFO] PluginManager:220 - loadIPPluginJar : add pdm2pcm
2024-11-02 16:28:10,338 [INFO] IPUIPlugin:80 - create IPUIPlugin
2024-11-02 16:28:10,343 [INFO] PluginManager:220 - loadIPPluginJar : add plateformsettings
2024-11-02 16:28:10,346 [INFO] IPUIPlugin:80 - create IPUIPlugin
2024-11-02 16:28:10,346 [INFO] PluginManager:220 - loadIPPluginJar : add quadspi
2024-11-02 16:28:10,349 [INFO] IPUIPlugin:80 - create IPUIPlugin
2024-11-02 16:28:10,350 [INFO] PluginManager:220 - loadIPPluginJar : add radio
2024-11-02 16:28:10,353 [INFO] IPUIPlugin:80 - create IPUIPlugin
2024-11-02 16:28:10,353 [INFO] PluginManager:220 - loadIPPluginJar : add resmgrutility
2024-11-02 16:28:10,357 [INFO] IPUIPlugin:80 - create IPUIPlugin
2024-11-02 16:28:10,357 [INFO] PluginManager:220 - loadIPPluginJar : add sai
2024-11-02 16:28:10,360 [INFO] IPUIPlugin:80 - create IPUIPlugin
2024-11-02 16:28:10,360 [INFO] PluginManager:220 - loadIPPluginJar : add spi
2024-11-02 16:28:10,365 [INFO] IPUIPlugin:80 - create IPUIPlugin
2024-11-02 16:28:10,366 [INFO] PluginManager:220 - loadIPPluginJar : add stm32_wpan
2024-11-02 16:28:10,367 [INFO] IPUIPlugin:80 - create IPUIPlugin
2024-11-02 16:28:10,368 [INFO] PluginManager:220 - loadIPPluginJar : add tim
2024-11-02 16:28:10,371 [INFO] IPUIPlugin:80 - create IPUIPlugin
2024-11-02 16:28:10,371 [INFO] PluginManager:220 - loadIPPluginJar : add touchsensing
2024-11-02 16:28:10,374 [INFO] IPUIPlugin:80 - create IPUIPlugin
2024-11-02 16:28:10,374 [INFO] PluginManager:220 - loadIPPluginJar : add tracer_emb
2024-11-02 16:28:10,376 [INFO] IPUIPlugin:80 - create IPUIPlugin
2024-11-02 16:28:10,377 [INFO] PluginManager:220 - loadIPPluginJar : add ts
2024-11-02 16:28:10,378 [INFO] IPUIPlugin:80 - create IPUIPlugin
2024-11-02 16:28:10,378 [INFO] PluginManager:220 - loadIPPluginJar : add tsc
2024-11-02 16:28:10,380 [INFO] IPUIPlugin:80 - create IPUIPlugin
2024-11-02 16:28:10,380 [INFO] PluginManager:220 - loadIPPluginJar : add ucpd
2024-11-02 16:28:10,383 [INFO] IPUIPlugin:80 - create IPUIPlugin
2024-11-02 16:28:10,383 [INFO] PluginManager:220 - loadIPPluginJar : add usart
2024-11-02 16:28:10,388 [INFO] IPUIPlugin:80 - create IPUIPlugin
2024-11-02 16:28:10,388 [INFO] PluginManager:220 - loadIPPluginJar : add usbx
2024-11-02 16:28:10,577 [INFO] CADModel:165 - CPN selected for project level
2024-11-02 16:28:10,577 [INFO] CADModel:114 - Register for checkConnection events
2024-11-02 16:28:10,577 [FATAL] Updater:334 - Updater called before beeing initialized
2024-11-02 16:28:10,577 [ERROR] CADModel:125 - Updater not yet initialized, retry later 
2024-11-02 16:28:10,997 [INFO] CADModel:165 - CPN selected for project level
2024-11-02 16:28:10,997 [INFO] CADModel:114 - Register for checkConnection events
2024-11-02 16:28:10,997 [FATAL] Updater:334 - Updater called before beeing initialized
2024-11-02 16:28:10,997 [ERROR] CADModel:125 - Updater not yet initialized, retry later 
2024-11-02 16:28:10,997 [FATAL] Updater:334 - Updater called before beeing initialized
2024-11-02 16:28:11,263 [FATAL] Updater:334 - Updater called before beeing initialized
2024-11-02 16:28:11,263 [INFO] DbMcusAds:53 - JSON generation date=Fri Sep 20 15:04:38 CEST 2024 (1726837478367)
2024-11-02 16:28:11,263 [FATAL] Updater:334 - Updater called before beeing initialized
2024-11-02 16:28:11,341 [WARN] DetailPanel:346 - Failed to get advertising image, set to default
2024-11-02 16:28:11,473 [FATAL] Updater:334 - Updater called before beeing initialized
2024-11-02 16:28:11,491 [FATAL] Updater:334 - Updater called before beeing initialized
2024-11-02 16:28:11,491 [FATAL] Updater:334 - Updater called before beeing initialized
2024-11-02 16:28:11,491 [WARN] DetailPanel:346 - Failed to get advertising image, set to default
2024-11-02 16:28:11,493 [FATAL] Updater:334 - Updater called before beeing initialized
2024-11-02 16:28:11,602 [ERROR] Updater:1164 - MainUpdater not yet initialized. External WinMGr cannot be set.
2024-11-02 16:28:11,602 [INFO] Updater:1100 - Updater Version found : 6.12.1
2024-11-02 16:28:11,633 [INFO] ApplicationProperties:184 - Using Application install path: C:\ST\STM32CubeIDE_1.16.1\STM32CubeIDE\plugins\com.st.stm32cube.common.mx_6.12.1.202409122256
2024-11-02 16:28:12,339 [INFO] ThirdPartyUpdaterWithRetryManager:70 - Updater plugin not ready yet. [2/15]
2024-11-02 16:28:12,694 [INFO] MainUpdater:2873 - connection check result : 10
2024-11-02 16:28:12,694 [INFO] MainUpdater:290 - Updater Check For Update Now.
2024-11-02 16:28:12,694 [INFO] MicroXplorer:498 - Change Database Version : DB.6.0.121
2024-11-02 16:28:12,726 [INFO] McuFinderGlobals:63 - Set McuFinder mode to 2 (CubeIDE integrated)
2024-11-02 16:28:12,726 [INFO] UserAuth:179 - activating auth plugin
2024-11-02 16:28:12,726 [INFO] UserAuth:417 - Internet connection configuration mode: 1
2024-11-02 16:28:12,991 [INFO] JxBrowserEngine:152 - Initiate JxBrowser Engine with user profile folder
2024-11-02 16:28:13,070 [INFO] CheckServerUpdateThread:120 - End of CheckServer Thread
2024-11-02 16:28:14,289 [INFO] WebApp:167 - Instantiating new browser for Auth
2024-11-02 16:28:15,386 [INFO] WebApp:448 - Apply proxy settings
2024-11-02 16:28:15,387 [INFO] WebApp:533 - Chromium requires no authentication
2024-11-02 16:28:15,402 [INFO] WebApp:476 - Direct internet connection detected
2024-11-02 16:28:15,445 [INFO] WebApp:869 - Register for checkConnection events
2024-11-02 16:28:15,445 [INFO] WebApp:448 - Apply proxy settings
2024-11-02 16:28:15,445 [INFO] WebApp:533 - Chromium requires no authentication
2024-11-02 16:28:15,445 [INFO] WebApp:476 - Direct internet connection detected
2024-11-02 16:28:15,638 [INFO] WebApp:186 - Connection restablished
2024-11-02 16:28:15,795 [WARN] PackLoader:240 - Cannot read IP mode file for STMicroelectronics.FP-SNS-MOTENVWB1.1.4.0
2024-11-02 16:28:15,842 [WARN] PackLoader:240 - Cannot read IP mode file for STMicroelectronics.X-CUBE-SMBUS.2.1.0
2024-11-02 16:28:15,871 [WARN] PackLoader:240 - Cannot read IP mode file for STMicroelectronics.X-CUBE-WB05N.1.1.0
2024-11-02 16:28:15,973 [WARN] PackLoader:240 - Cannot read IP mode file for STMicroelectronics.X-CUBE-AZRTOS-F7.1.1.0
2024-11-02 16:28:16,260 [WARN] PackLoader:240 - Cannot read IP mode file for STMicroelectronics.X-CUBE-MEMS1.11.0.0
2024-11-02 16:28:16,646 [WARN] PackLoader:240 - Cannot read IP mode file for STMicroelectronics.FP-SNS-FLIGHT1.5.0.2
2024-11-02 16:28:16,674 [WARN] PackLoader:240 - Cannot read IP mode file for STMicroelectronics.X-CUBE-DISPLAY.3.0.0
2024-11-02 16:28:16,695 [WARN] PackLoader:240 - Cannot read IP mode file for STMicroelectronics.X-CUBE-BLE1.7.0.0
2024-11-02 16:28:16,716 [WARN] PackLoader:240 - Cannot read IP mode file for STMicroelectronics.X-CUBE-NFC10.1.0.0
2024-11-02 16:28:16,749 [WARN] PackLoader:240 - Cannot read IP mode file for emotas.I-CUBE-CANOPEN.1.3.0
2024-11-02 16:28:16,793 [WARN] PackLoader:240 - Cannot read IP mode file for STMicroelectronics.X-CUBE-BLEMGR.3.1.0
2024-11-02 16:28:16,824 [WARN] PackLoader:240 - Cannot read IP mode file for STMicroelectronics.FP-SNS-SMARTAG2.1.2.0
2024-11-02 16:28:16,916 [INFO] LogOutputStream:77 - [STDOUT_REDIRECT] 1 : Invalid condition id : UX_CORESTACK_Condition cause : null
2024-11-02 16:28:16,919 [INFO] LogOutputStream:77 - [STDOUT_REDIRECT] 1 : Invalid condition id : UX_CORESTACK_Condition cause : null
2024-11-02 16:28:16,927 [INFO] LogOutputStream:77 - [STDOUT_REDIRECT] 1 : Invalid condition id : UX_CORESTACK_Condition cause : null
2024-11-02 16:28:16,936 [INFO] LogOutputStream:77 - [STDOUT_REDIRECT] 1 : Invalid condition id : UX_CORESTACK_Condition cause : null
2024-11-02 16:28:16,972 [INFO] LogOutputStream:77 - [STDOUT_REDIRECT] 1 : Invalid condition id : UX_CORESTACK_Condition cause : null
2024-11-02 16:28:16,979 [WARN] PackLoader:240 - Cannot read IP mode file for STMicroelectronics.X-CUBE-AZRTOS-WL.2.0.0
2024-11-02 16:28:16,993 [WARN] PackLoader:240 - Cannot read IP mode file for STMicroelectronics.FP-SNS-MOTENV1.5.0.0
2024-11-02 16:28:17,007 [WARN] PackLoader:240 - Cannot read IP mode file for wolfSSL.I-CUBE-wolfMQTT.1.19.0
2024-11-02 16:28:17,038 [WARN] PackLoader:240 - Cannot read IP mode file for WES.I-CUBE-Cesium.1.3.0
2024-11-02 16:28:17,053 [WARN] PackLoader:240 - Cannot read IP mode file for STMicroelectronics.X-CUBE-BLE2.3.3.0
2024-11-02 16:28:17,071 [WARN] PackLoader:240 - Cannot read IP mode file for STMicroelectronics.X-CUBE-NFC9.1.0.0
2024-11-02 16:28:17,091 [WARN] PackLoader:240 - Cannot read IP mode file for STMicroelectronics.X-CUBE-TCPP.4.1.0
2024-11-02 16:28:17,145 [WARN] PackLoader:240 - Cannot read IP mode file for STMicroelectronics.X-CUBE-AZRTOS-G0.1.1.0
2024-11-02 16:28:17,170 [WARN] PackLoader:240 - Cannot read IP mode file for STMicroelectronics.X-CUBE-SAFEA1.1.2.2
2024-11-02 16:28:17,185 [WARN] PackLoader:240 - Cannot read IP mode file for STMicroelectronics.X-CUBE-NFC4.3.0.0
2024-11-02 16:28:17,216 [WARN] PackLoader:240 - Cannot read IP mode file for EmbeddedOffice.I-CUBE-FS-RTOS.1.0.1
2024-11-02 16:28:17,216 [ERROR] ConditionMgr:805 - Attr not supported : Dmpu
2024-11-02 16:28:17,216 [ERROR] ConditionMgr:805 - Attr not supported : Dmpu
2024-11-02 16:28:17,216 [ERROR] ConditionMgr:805 - Attr not supported : Dmpu
2024-11-02 16:28:17,216 [ERROR] ConditionMgr:805 - Attr not supported : Dmpu
2024-11-02 16:28:17,216 [ERROR] ConditionMgr:805 - Attr not supported : Dmpu
2024-11-02 16:28:17,216 [ERROR] ConditionMgr:805 - Attr not supported : Dmpu
2024-11-02 16:28:17,216 [ERROR] ConditionMgr:805 - Attr not supported : Dmpu
2024-11-02 16:28:17,216 [ERROR] ConditionMgr:805 - Attr not supported : Dmpu
2024-11-02 16:28:17,216 [ERROR] ConditionMgr:805 - Attr not supported : Dmpu
2024-11-02 16:28:17,216 [ERROR] ConditionMgr:805 - Attr not supported : Dmpu
2024-11-02 16:28:17,216 [ERROR] ConditionMgr:805 - Attr not supported : Dmpu
2024-11-02 16:28:17,216 [ERROR] ConditionMgr:805 - Attr not supported : Dmpu
2024-11-02 16:28:17,216 [ERROR] ConditionMgr:805 - Attr not supported : Dmpu
2024-11-02 16:28:17,216 [ERROR] ConditionMgr:805 - Attr not supported : Dmpu
2024-11-02 16:28:17,216 [ERROR] ConditionMgr:805 - Attr not supported : Dmpu
2024-11-02 16:28:17,216 [ERROR] ConditionMgr:805 - Attr not supported : Dmpu
2024-11-02 16:28:17,216 [ERROR] ConditionMgr:805 - Attr not supported : Dmpu
2024-11-02 16:28:17,216 [ERROR] ConditionMgr:805 - Attr not supported : Dmpu
2024-11-02 16:28:17,216 [ERROR] ConditionMgr:805 - Attr not supported : Dmpu
2024-11-02 16:28:17,216 [ERROR] ConditionMgr:805 - Attr not supported : Dmpu
2024-11-02 16:28:17,216 [ERROR] ConditionMgr:805 - Attr not supported : Dmpu
2024-11-02 16:28:17,216 [ERROR] ConditionMgr:805 - Attr not supported : Dmpu
2024-11-02 16:28:17,216 [ERROR] ConditionMgr:805 - Attr not supported : Dmpu
2024-11-02 16:28:17,216 [ERROR] ConditionMgr:805 - Attr not supported : Dmpu
2024-11-02 16:28:17,216 [ERROR] ConditionMgr:805 - Attr not supported : Dmpu
2024-11-02 16:28:17,232 [ERROR] ConditionMgr:805 - Attr not supported : Dmpu
2024-11-02 16:28:17,232 [ERROR] ConditionMgr:805 - Attr not supported : Dmpu
2024-11-02 16:28:17,232 [ERROR] ConditionMgr:805 - Attr not supported : Dmpu
2024-11-02 16:28:17,232 [ERROR] ConditionMgr:805 - Attr not supported : Dmpu
2024-11-02 16:28:17,232 [ERROR] ConditionMgr:805 - Attr not supported : Dmpu
2024-11-02 16:28:17,232 [ERROR] ConditionMgr:805 - Attr not supported : Dmpu
2024-11-02 16:28:17,232 [ERROR] ConditionMgr:805 - Attr not supported : Dmpu
2024-11-02 16:28:17,232 [ERROR] ConditionMgr:805 - Attr not supported : Dmpu
2024-11-02 16:28:17,232 [ERROR] ConditionMgr:805 - Attr not supported : Dmpu
2024-11-02 16:28:17,232 [ERROR] ConditionMgr:805 - Attr not supported : Dmpu
2024-11-02 16:28:17,232 [ERROR] ConditionMgr:805 - Attr not supported : Dmpu
2024-11-02 16:28:17,232 [ERROR] ConditionMgr:805 - Attr not supported : Dmpu
2024-11-02 16:28:17,232 [ERROR] ConditionMgr:805 - Attr not supported : Dmpu
2024-11-02 16:28:17,232 [ERROR] ConditionMgr:805 - Attr not supported : Dmpu
2024-11-02 16:28:17,232 [ERROR] ConditionMgr:805 - Attr not supported : Dmpu
2024-11-02 16:28:17,232 [ERROR] ConditionMgr:805 - Attr not supported : Dmpu
2024-11-02 16:28:17,232 [ERROR] ConditionMgr:805 - Attr not supported : Dmpu
2024-11-02 16:28:17,232 [ERROR] ConditionMgr:805 - Attr not supported : Dmpu
2024-11-02 16:28:17,232 [ERROR] ConditionMgr:805 - Attr not supported : Dmpu
2024-11-02 16:28:17,232 [ERROR] ConditionMgr:805 - Attr not supported : Dmpu
2024-11-02 16:28:17,232 [ERROR] ConditionMgr:805 - Attr not supported : Dmpu
2024-11-02 16:28:17,232 [ERROR] ConditionMgr:805 - Attr not supported : Dmpu
2024-11-02 16:28:17,232 [ERROR] ConditionMgr:805 - Attr not supported : Dmpu
2024-11-02 16:28:17,232 [ERROR] ConditionMgr:805 - Attr not supported : Dmpu
2024-11-02 16:28:17,232 [ERROR] ConditionMgr:805 - Attr not supported : Dmpu
2024-11-02 16:28:17,232 [ERROR] ConditionMgr:805 - Attr not supported : Dmpu
2024-11-02 16:28:17,232 [ERROR] ConditionMgr:805 - Attr not supported : Dmpu
2024-11-02 16:28:17,232 [ERROR] ConditionMgr:805 - Attr not supported : Dmpu
2024-11-02 16:28:17,232 [ERROR] ConditionMgr:805 - Attr not supported : Dmpu
2024-11-02 16:28:17,232 [ERROR] ConditionMgr:805 - Attr not supported : Dmpu
2024-11-02 16:28:17,232 [ERROR] ConditionMgr:805 - Attr not supported : Dmpu
2024-11-02 16:28:17,232 [ERROR] ConditionMgr:805 - Attr not supported : Dmpu
2024-11-02 16:28:17,232 [ERROR] ConditionMgr:805 - Attr not supported : Dmpu
2024-11-02 16:28:17,232 [ERROR] ConditionMgr:805 - Attr not supported : Dmpu
2024-11-02 16:28:17,232 [ERROR] ConditionMgr:805 - Attr not supported : Dmpu
2024-11-02 16:28:17,232 [ERROR] ConditionMgr:805 - Attr not supported : Dmpu
2024-11-02 16:28:17,232 [ERROR] ConditionMgr:805 - Attr not supported : Dmpu
2024-11-02 16:28:17,248 [ERROR] ConditionMgr:805 - Attr not supported : Dmpu
2024-11-02 16:28:17,248 [ERROR] ConditionMgr:805 - Attr not supported : Dmpu
2024-11-02 16:28:17,248 [WARN] PackLoader:240 - Cannot read IP mode file for RealThread.X-CUBE-RT-Thread_Nano.4.1.1
2024-11-02 16:28:17,263 [WARN] PackLoader:240 - Cannot read IP mode file for STMicroelectronics.FP-ATR-SIGFOX1.3.2.0
2024-11-02 16:28:17,279 [WARN] PackLoader:240 - Cannot read IP mode file for wolfSSL.I-CUBE-wolfSSL.5.7.2
2024-11-02 16:28:17,295 [WARN] PackLoader:240 - Cannot read IP mode file for STMicroelectronics.X-CUBE-EEPRMA1.5.1.0
2024-11-02 16:28:17,310 [WARN] PackLoader:240 - Cannot read IP mode file for ITTIA_DB.I-CUBE-ITTIADB.8.9.0
2024-11-02 16:28:17,393 [WARN] PackLoader:240 - Cannot read IP mode file for SEGGER.I-CUBE-embOS.1.3.1
2024-11-02 16:28:17,537 [WARN] PackLoader:240 - Cannot read IP mode file for STMicroelectronics.X-CUBE-ALGOBUILD.1.4.0
2024-11-02 16:28:17,546 [WARN] PackLoader:240 - Cannot read IP mode file for STMicroelectronics.X-CUBE-AI.9.1.0
2024-11-02 16:28:17,593 [WARN] PackLoader:240 - Cannot read IP mode file for STMicroelectronics.X-CUBE-AZRTOS-F4.1.1.0
2024-11-02 16:28:17,609 [WARN] PackLoader:240 - Cannot read IP mode file for STMicroelectronics.X-CUBE-ISPU.2.1.0
2024-11-02 16:28:17,625 [WARN] PackLoader:240 - Cannot read IP mode file for STMicroelectronics.X-CUBE-FREERTOS.1.2.0
2024-11-02 16:28:17,671 [WARN] PackLoader:240 - Cannot read IP mode file for STMicroelectronics.X-CUBE-AZRTOS-L5.2.0.0
2024-11-02 16:28:17,703 [WARN] PackLoader:240 - Cannot read IP mode file for STMicroelectronics.X-CUBE-NFC6.3.1.0
2024-11-02 16:28:17,703 [INFO] WebApp:220 - Starting web application
2024-11-02 16:28:17,703 [INFO] WebApp:578 - Web application path used C:\ST\STM32CubeIDE_1.16.1\STM32CubeIDE\plugins\com.st.stm32cube.common.mx_6.12.1.202409122256\db\plugins\mcufinder\reactClient1\index.html
2024-11-02 16:28:17,718 [WARN] PackLoader:240 - Cannot read IP mode file for STMicroelectronics.X-CUBE-DPower.1.2.0
2024-11-02 16:28:17,739 [WARN] PackLoader:240 - Cannot read IP mode file for STMicroelectronics.X-CUBE-AI.9.0.0
2024-11-02 16:28:17,745 [WARN] PackLoader:240 - Cannot read IP mode file for STMicroelectronics.X-CUBE-NFC7.1.0.1
2024-11-02 16:28:17,828 [WARN] ConditionMgr:438 - getConditionDescription Invalid condition id : LAN8742 Phy interface Condition cause : null
2024-11-02 16:28:17,828 [WARN] PackLoader:240 - Cannot read IP mode file for STMicroelectronics.X-CUBE-AZRTOS-L4.2.0.0
2024-11-02 16:28:17,828 [WARN] ConditionMgr:1039 - genDependencies : Invalid condition id : LAN8742 Phy interface Condition cause : null
2024-11-02 16:28:17,828 [WARN] ConditionMgr:1039 - genDependencies : Invalid condition id : LAN8742 Phy interface Condition cause : null
2024-11-02 16:28:17,846 [WARN] ConditionMgr:1039 - genDependencies : Invalid condition id : LAN8742 Phy interface Condition cause : null
2024-11-02 16:28:17,873 [WARN] PackLoader:240 - Cannot read IP mode file for STMicroelectronics.X-CUBE-SFXS2LP1.4.0.0
2024-11-02 16:28:17,911 [WARN] PackLoader:240 - Cannot read IP mode file for STMicroelectronics.X-CUBE-AZRTOS-H7.3.3.0
2024-11-02 16:28:17,958 [WARN] PackLoader:240 - Cannot read IP mode file for STMicroelectronics.X-CUBE-IPS.3.0.0
2024-11-02 16:28:18,005 [WARN] ConditionMgr:438 - getConditionDescription Invalid condition id : UX DEVICE CLASS RTOS Condition cause : null
2024-11-02 16:28:18,005 [WARN] ConditionMgr:438 - getConditionDescription Invalid condition id : UX DEVICE CLASS RTOS Condition cause : null
2024-11-02 16:28:18,005 [WARN] PackLoader:240 - Cannot read IP mode file for STMicroelectronics.X-CUBE-AZRTOS-WB.2.0.0
2024-11-02 16:28:18,020 [WARN] ConditionMgr:1039 - genDependencies : Invalid condition id : UX DEVICE CLASS RTOS Condition cause : null
2024-11-02 16:28:18,020 [WARN] ConditionMgr:1039 - genDependencies : Invalid condition id : UX DEVICE CLASS RTOS Condition cause : null
2024-11-02 16:28:18,020 [WARN] ConditionMgr:1039 - genDependencies : Invalid condition id : UX DEVICE CLASS RTOS Condition cause : null
2024-11-02 16:28:18,020 [WARN] ConditionMgr:1039 - genDependencies : Invalid condition id : UX DEVICE CLASS RTOS Condition cause : null
2024-11-02 16:28:18,020 [WARN] ConditionMgr:1039 - genDependencies : Invalid condition id : UX DEVICE CLASS RTOS Condition cause : null
2024-11-02 16:28:18,042 [WARN] PackLoader:240 - Cannot read IP mode file for STMicroelectronics.X-CUBE-GNSS1.7.0.0
2024-11-02 16:28:18,045 [WARN] PackLoader:240 - Cannot read IP mode file for STMicroelectronics.FP-SNS-STBOX1.2.0.0
2024-11-02 16:28:18,076 [WARN] PackLoader:240 - Cannot read IP mode file for STMicroelectronics.X-CUBE-SUBG2.5.0.0
2024-11-02 16:28:18,108 [WARN] PackLoader:240 - Cannot read IP mode file for Cesanta.I-CUBE-Mongoose.7.13.0
2024-11-02 16:28:18,147 [WARN] PackLoader:240 - Cannot read IP mode file for STMicroelectronics.X-CUBE-AZRTOS-G4.2.0.0
2024-11-02 16:28:18,162 [WARN] PackLoader:240 - Cannot read IP mode file for STMicroelectronics.X-CUBE-ALS.1.0.2
2024-11-02 16:28:18,178 [WARN] PackLoader:240 - Cannot read IP mode file for STMicroelectronics.X-CUBE-TOUCHGFX.4.24.1
2024-11-02 16:28:18,178 [WARN] PackLoader:240 - Cannot read IP mode file for wolfSSL.I-CUBE-wolfTPM.3.4.0
2024-11-02 16:28:18,194 [WARN] PackLoader:240 - Cannot read IP mode file for portGmbH.I-Cube-SoM-uGOAL.1.1.0
2024-11-02 16:28:18,240 [WARN] PackLoader:240 - Cannot read IP mode file for STMicroelectronics.X-CUBE-AZRTOS-H7RS.1.0.0
2024-11-02 16:28:18,256 [WARN] PackLoader:240 - Cannot read IP mode file for STMicroelectronics.FP-ATR-ASTRA1.2.0.0
2024-11-02 16:28:18,287 [WARN] PackLoader:240 - Cannot read IP mode file for STMicroelectronics.X-CUBE-TOF1.3.4.2
2024-11-02 16:28:18,403 [WARN] PackLoader:240 - Cannot read IP mode file for Infineon.AIROC-Wi-Fi-Bluetooth-STM32.1.6.1
2024-11-02 16:28:18,426 [WARN] PackLoader:240 - Cannot read IP mode file for wolfSSL.I-CUBE-wolfSSH.1.4.17
2024-11-02 16:28:18,428 [INFO] ThirdParty:978 - Integrity check success = true
2024-11-02 16:28:18,428 [INFO] IntegrityCheckThread:100 - exiting critical section [integrity check]
2024-11-02 16:28:18,428 [INFO] IntegrityCheckThread:103 - End integrity checks thread
2024-11-02 16:33:52,010 [ERROR] LogOutputStream:75 - [STDERR_REDIRECT] 
