2024-10-25 19:23:38,761 [INFO] Activator:176 - 


2024-10-25 19:23:38,763 [INFO] Activator:177 - !SESSION log4j initialized
2024-10-25 19:23:41,764 [INFO] LogOutputStream:77 - [STDOUT_REDIRECT] 
2024-10-25 19:23:44,279 [INFO] ApplicationProperties:184 - Using Application install path: C:\ST\STM32CubeIDE_1.16.1\STM32CubeIDE\plugins\com.st.stm32cube.common.mx_6.12.1.202409122256
2024-10-25 19:23:44,353 [INFO] DbMcusXml:78 - Set database path to: C:\ST\STM32CubeIDE_1.16.1\STM32CubeIDE\plugins\com.st.stm32cube.common.mx_6.12.1.202409122256\\db\/mcu/
2024-10-25 19:23:44,354 [INFO] ApiDb:274 - Set plugin database path to: C:\ST\STM32CubeIDE_1.16.1\STM32CubeIDE\plugins\com.st.stm32cube.common.mx_6.12.1.202409122256\\db\/plugins/boardmanager/
2024-10-25 19:23:44,355 [WARN] ApiDb:259 - Overriding images path with different value:  => C:\ST\STM32CubeIDE_1.16.1\STM32CubeIDE\plugins\com.st.stm32cube.common.mx_6.12.1.202409122256\\db\/plugins/mcufinder/images/
2024-10-25 19:23:44,370 [INFO] ApiDb:250 - Set database path to: C:\Users\yehan\.stmcufinder\plugins\mcufinder//mcu/
2024-10-25 19:23:44,372 [INFO] DbMcusAds:125 - Set database path to: C:\Users\yehan\.stmcufinder\plugins\mcufinder//mcu/
2024-10-25 19:23:44,374 [INFO] CrossReferenceDbSqlite:203 - Set database path to: C:\Users\yehan\.stmcufinder\plugins\mcufinder//mcu/cs/
2024-10-25 19:23:44,522 [INFO] RulesReader:64 - Compatibility file has been processed (297 Rules)
2024-10-25 19:23:44,630 [INFO] DbMcusXml:78 - Set database path to: C:\ST\STM32CubeIDE_1.16.1\STM32CubeIDE\plugins\com.st.stm32cube.common.mx_6.12.1.202409122256\\db\/mcu/
2024-10-25 19:23:44,630 [INFO] ApiDb:274 - Set plugin database path to: C:\ST\STM32CubeIDE_1.16.1\STM32CubeIDE\plugins\com.st.stm32cube.common.mx_6.12.1.202409122256\\db\/plugins/boardmanager/
2024-10-25 19:23:44,631 [INFO] ApiDb:261 - Set plugin images path to: C:\ST\STM32CubeIDE_1.16.1\STM32CubeIDE\plugins\com.st.stm32cube.common.mx_6.12.1.202409122256\\db\/plugins/mcufinder/images/
2024-10-25 19:23:44,631 [WARN] DbFile:41 - Overriding database path with different value: C:\Users\yehan\.stmcufinder\plugins\mcufinder/ => C:\Users\yehan\.stmcufinder\plugins\mcufinder
2024-10-25 19:23:44,631 [INFO] ApiDb:250 - Set database path to: C:\Users\yehan\.stmcufinder\plugins\mcufinder//mcu/
2024-10-25 19:23:44,631 [WARN] DbFile:41 - Overriding database path with different value: C:\Users\yehan\.stmcufinder\plugins\mcufinder/ => C:\Users\yehan\.stmcufinder\plugins\mcufinder
2024-10-25 19:23:44,631 [INFO] DbMcusAds:125 - Set database path to: C:\Users\yehan\.stmcufinder\plugins\mcufinder//mcu/
2024-10-25 19:23:44,631 [WARN] DbFile:41 - Overriding database path with different value: C:\Users\yehan\.stmcufinder\plugins\mcufinder/ => C:\Users\yehan\.stmcufinder\plugins\mcufinder
2024-10-25 19:23:44,631 [WARN] DbFile:41 - Overriding database path with different value: C:\Users\yehan\.stmcufinder\plugins\mcufinder/ => C:\Users\yehan\.stmcufinder\plugins\mcufinder
2024-10-25 19:23:44,632 [INFO] CrossReferenceDbSqlite:203 - Set database path to: C:\Users\yehan\.stmcufinder\plugins\mcufinder//mcu/cs/
2024-10-25 19:23:44,715 [INFO] MainPanel:268 - HeapMemory: 268435456
2024-10-25 19:23:44,802 [INFO] DbMcusXml:78 - Set database path to: C:\ST\STM32CubeIDE_1.16.1\STM32CubeIDE\plugins\com.st.stm32cube.common.mx_6.12.1.202409122256\\db\/mcu/
2024-10-25 19:23:44,802 [INFO] ApiDb:274 - Set plugin database path to: C:\ST\STM32CubeIDE_1.16.1\STM32CubeIDE\plugins\com.st.stm32cube.common.mx_6.12.1.202409122256\\db\/plugins/boardmanager/
2024-10-25 19:23:44,802 [INFO] ApiDb:261 - Set plugin images path to: C:\ST\STM32CubeIDE_1.16.1\STM32CubeIDE\plugins\com.st.stm32cube.common.mx_6.12.1.202409122256\\db\/plugins/mcufinder/images/
2024-10-25 19:23:44,802 [WARN] DbFile:41 - Overriding database path with different value: C:\Users\yehan\.stmcufinder\plugins\mcufinder/ => C:\Users\yehan\.stmcufinder\plugins\mcufinder
2024-10-25 19:23:44,803 [INFO] ApiDb:250 - Set database path to: C:\Users\yehan\.stmcufinder\plugins\mcufinder//mcu/
2024-10-25 19:23:44,803 [WARN] DbFile:41 - Overriding database path with different value: C:\Users\yehan\.stmcufinder\plugins\mcufinder/ => C:\Users\yehan\.stmcufinder\plugins\mcufinder
2024-10-25 19:23:44,803 [INFO] DbMcusAds:125 - Set database path to: C:\Users\yehan\.stmcufinder\plugins\mcufinder//mcu/
2024-10-25 19:23:44,803 [WARN] DbFile:41 - Overriding database path with different value: C:\Users\yehan\.stmcufinder\plugins\mcufinder/ => C:\Users\yehan\.stmcufinder\plugins\mcufinder
2024-10-25 19:23:44,803 [WARN] DbFile:41 - Overriding database path with different value: C:\Users\yehan\.stmcufinder\plugins\mcufinder/ => C:\Users\yehan\.stmcufinder\plugins\mcufinder
2024-10-25 19:23:44,803 [INFO] CrossReferenceDbSqlite:203 - Set database path to: C:\Users\yehan\.stmcufinder\plugins\mcufinder//mcu/cs/
2024-10-25 19:23:44,827 [INFO] ApplicationProperties:184 - Using Application install path: C:\ST\STM32CubeIDE_1.16.1\STM32CubeIDE\plugins\com.st.stm32cube.common.mx_6.12.1.202409122256
2024-10-25 19:23:44,829 [INFO] PluginManage:196 - Search for loadable plugins [exclusion list=, ]
2024-10-25 19:23:44,831 [INFO] PluginManage:310 - Check plugin analytics
2024-10-25 19:23:45,082 [INFO] AnalyticsPlugin:253 - Accepted Software Licenses: STM32CubeMX.6.12.1
2024-10-25 19:23:45,083 [INFO] AnalyticsPlugin:255 - Accepted CMSIS Pack Licenses: 
2024-10-25 19:23:45,083 [INFO] AnalyticsPlugin:257 - Accepted Firmware Licenses: FW.H7.1.11.0
2024-10-25 19:23:45,087 [INFO] PluginManage:359 - Loaded plugin analytics (category:tool,tabindex:-1)
2024-10-25 19:23:45,089 [INFO] PluginManage:310 - Check plugin cadmodel
2024-10-25 19:23:45,096 [INFO] CADModel:105 - Init CAD model plugin
2024-10-25 19:23:45,097 [INFO] PluginManage:359 - Loaded plugin cadmodel (category:power,tabindex:5)
2024-10-25 19:23:45,097 [INFO] PluginManage:310 - Check plugin clock
2024-10-25 19:23:45,108 [INFO] PluginManage:359 - Loaded plugin clock (category:base,tabindex:2)
2024-10-25 19:23:45,108 [INFO] PluginManage:310 - Check plugin ddr
2024-10-25 19:23:45,110 [INFO] PluginManage:359 - Loaded plugin ddr (category:tool,tabindex:6)
2024-10-25 19:23:45,110 [INFO] PluginManage:310 - Check plugin filemanager
2024-10-25 19:23:45,294 [INFO] PluginManage:359 - Loaded plugin filemanager (category:base,tabindex:10)
2024-10-25 19:23:45,294 [INFO] PluginManage:310 - Check plugin ipmanager
2024-10-25 19:23:45,301 [INFO] PluginManage:359 - Loaded plugin ipmanager (category:base,tabindex:5)
2024-10-25 19:23:45,301 [INFO] PluginManage:310 - Check plugin lpbam
2024-10-25 19:23:45,311 [INFO] PluginManage:359 - Loaded plugin lpbam (category:base,tabindex:0)
2024-10-25 19:23:45,311 [INFO] PluginManage:310 - Check plugin memorymap
2024-10-25 19:23:45,321 [INFO] PluginManage:359 - Loaded plugin memorymap (category:base,tabindex:4)
2024-10-25 19:23:45,321 [INFO] PluginManage:310 - Check plugin pinoutandconfiguration
2024-10-25 19:23:45,327 [INFO] PluginManage:359 - Loaded plugin pinoutandconfiguration (category:base,tabindex:1)
2024-10-25 19:23:45,327 [INFO] PluginManage:310 - Check plugin pinoutconfig
2024-10-25 19:23:45,397 [WARN] SupportedApi:132 - Cannot load RTOS API schema: s4s-elt-must-match.1: The content of 'definitions' must match (annotation?, (simpleType | complexType)?, (unique | key | keyref)*)). A problem was found starting at: attribute.
2024-10-25 19:23:45,538 [INFO] PluginManage:359 - Loaded plugin pinoutconfig (category:base,tabindex:0)
2024-10-25 19:23:45,539 [INFO] PluginManage:310 - Check plugin power
2024-10-25 19:23:45,547 [INFO] PluginManage:359 - Loaded plugin power (category:power,tabindex:4)
2024-10-25 19:23:45,548 [INFO] PluginManage:310 - Check plugin projectmanager
2024-10-25 19:23:45,569 [INFO] PluginManage:359 - Loaded plugin projectmanager (category:projectmanager,tabindex:4)
2024-10-25 19:23:45,570 [INFO] PluginManage:310 - Check plugin rif
2024-10-25 19:23:45,579 [INFO] PluginManage:359 - Loaded plugin rif (category:base,tabindex:3)
2024-10-25 19:23:45,579 [INFO] PluginManage:310 - Check plugin thirdparty
2024-10-25 19:23:45,753 [WARN] IntegrityCheckThread:84 - waiting for thirdparty lock release [integrity check]
2024-10-25 19:23:45,754 [INFO] IntegrityCheckThread:86 - entering critical section [integrity check]
2024-10-25 19:23:45,756 [INFO] PluginManage:359 - Loaded plugin thirdparty (category:base,tabindex:-1)
2024-10-25 19:23:45,756 [INFO] PluginManage:310 - Check plugin tools
2024-10-25 19:23:45,757 [INFO] ThirdPartyUpdaterWithRetryManager:70 - Updater plugin not ready yet. [1/15]
2024-10-25 19:23:45,765 [INFO] PluginManage:359 - Loaded plugin tools (category:base,tabindex:7)
2024-10-25 19:23:45,766 [INFO] PluginManage:310 - Check plugin tutovideos
2024-10-25 19:23:46,067 [INFO] PluginManage:359 - Loaded plugin tutovideos (category:base,tabindex:-1)
2024-10-25 19:23:46,067 [INFO] PluginManage:310 - Check plugin updater
2024-10-25 19:23:46,109 [INFO] PluginManage:359 - Loaded plugin updater (category:base,tabindex:12)
2024-10-25 19:23:46,109 [INFO] PluginManage:310 - Check plugin userauth
2024-10-25 19:23:46,118 [INFO] UserAuth:113 - Init User Auth plugin
2024-10-25 19:23:46,118 [INFO] PluginManage:359 - Loaded plugin userauth (category:base,tabindex:14)
2024-10-25 19:23:46,119 [INFO] PluginManage:283 - PluginManage : Loaded plugins [18]
2024-10-25 19:23:46,394 [INFO] PinOutPanel:1561 - setPackage(No Configuration,No Configuration)
2024-10-25 19:23:46,489 [INFO] CADModel:165 - CPN selected for project level
2024-10-25 19:23:46,489 [INFO] CADModel:114 - Register for checkConnection events
2024-10-25 19:23:46,508 [INFO] IPUIPlugin:80 - create IPUIPlugin
2024-10-25 19:23:46,508 [INFO] PluginManager:220 - loadIPPluginJar : add adc
2024-10-25 19:23:46,511 [INFO] IPUIPlugin:80 - create IPUIPlugin
2024-10-25 19:23:46,511 [INFO] PluginManager:220 - loadIPPluginJar : add aes
2024-10-25 19:23:46,513 [INFO] IPUIPlugin:80 - create IPUIPlugin
2024-10-25 19:23:46,513 [INFO] PluginManager:220 - loadIPPluginJar : add can
2024-10-25 19:23:46,515 [INFO] IPUIPlugin:80 - create IPUIPlugin
2024-10-25 19:23:46,515 [INFO] PluginManager:220 - loadIPPluginJar : add comp
2024-10-25 19:23:46,516 [INFO] IPUIPlugin:80 - create IPUIPlugin
2024-10-25 19:23:46,516 [INFO] PluginManager:220 - loadIPPluginJar : add cryp
2024-10-25 19:23:46,520 [INFO] IPUIPlugin:80 - create IPUIPlugin
2024-10-25 19:23:46,520 [INFO] PluginManager:220 - loadIPPluginJar : add ddr_ctrl_phy
2024-10-25 19:23:46,522 [INFO] IPUIPlugin:80 - create IPUIPlugin
2024-10-25 19:23:46,523 [INFO] PluginManager:220 - loadIPPluginJar : add dfsdm
2024-10-25 19:23:46,531 [INFO] IPUIPlugin:80 - create IPUIPlugin
2024-10-25 19:23:46,532 [INFO] PluginManager:220 - loadIPPluginJar : add dma
2024-10-25 19:23:46,536 [INFO] IPUIPlugin:80 - create IPUIPlugin
2024-10-25 19:23:46,536 [INFO] PluginManager:220 - loadIPPluginJar : add dma3
2024-10-25 19:23:46,540 [INFO] IPUIPlugin:80 - create IPUIPlugin
2024-10-25 19:23:46,540 [INFO] PluginManager:220 - loadIPPluginJar : add extmemmanager
2024-10-25 19:23:46,542 [INFO] IPUIPlugin:80 - create IPUIPlugin
2024-10-25 19:23:46,542 [INFO] PluginManager:220 - loadIPPluginJar : add fatfs
2024-10-25 19:23:46,547 [INFO] IPUIPlugin:80 - create IPUIPlugin
2024-10-25 19:23:46,547 [INFO] PluginManager:220 - loadIPPluginJar : add fmc
2024-10-25 19:23:46,556 [INFO] IPUIPlugin:80 - create IPUIPlugin
2024-10-25 19:23:46,557 [INFO] PluginManager:220 - loadIPPluginJar : add freertos
2024-10-25 19:23:46,558 [INFO] IPUIPlugin:80 - create IPUIPlugin
2024-10-25 19:23:46,558 [INFO] PluginManager:220 - loadIPPluginJar : add genericplugin
2024-10-25 19:23:46,560 [INFO] IPUIPlugin:80 - create IPUIPlugin
2024-10-25 19:23:46,560 [INFO] PluginManager:220 - loadIPPluginJar : add gfxmmu
2024-10-25 19:23:46,565 [INFO] IPUIPlugin:80 - create IPUIPlugin
2024-10-25 19:23:46,565 [INFO] PluginManager:220 - loadIPPluginJar : add gic
2024-10-25 19:23:46,569 [INFO] IPUIPlugin:80 - create IPUIPlugin
2024-10-25 19:23:46,569 [INFO] PluginManager:220 - loadIPPluginJar : add gpio
2024-10-25 19:23:46,571 [INFO] IPUIPlugin:80 - create IPUIPlugin
2024-10-25 19:23:46,571 [INFO] PluginManager:220 - loadIPPluginJar : add gtzc
2024-10-25 19:23:46,573 [INFO] IPUIPlugin:80 - create IPUIPlugin
2024-10-25 19:23:46,573 [INFO] PluginManager:220 - loadIPPluginJar : add hash
2024-10-25 19:23:46,575 [INFO] IPUIPlugin:80 - create IPUIPlugin
2024-10-25 19:23:46,575 [INFO] PluginManager:220 - loadIPPluginJar : add i2c
2024-10-25 19:23:46,576 [INFO] IPUIPlugin:80 - create IPUIPlugin
2024-10-25 19:23:46,576 [INFO] PluginManager:220 - loadIPPluginJar : add i2s
2024-10-25 19:23:46,578 [INFO] IPUIPlugin:80 - create IPUIPlugin
2024-10-25 19:23:46,578 [INFO] PluginManager:220 - loadIPPluginJar : add i3c
2024-10-25 19:23:46,580 [INFO] IPUIPlugin:80 - create IPUIPlugin
2024-10-25 19:23:46,580 [INFO] PluginManager:220 - loadIPPluginJar : add ipddr
2024-10-25 19:23:46,587 [INFO] IPUIPlugin:80 - create IPUIPlugin
2024-10-25 19:23:46,587 [INFO] PluginManager:220 - loadIPPluginJar : add linkedlist
2024-10-25 19:23:46,591 [INFO] IPUIPlugin:80 - create IPUIPlugin
2024-10-25 19:23:46,591 [INFO] PluginManager:220 - loadIPPluginJar : add lorawan
2024-10-25 19:23:46,592 [INFO] IPUIPlugin:80 - create IPUIPlugin
2024-10-25 19:23:46,592 [INFO] PluginManager:220 - loadIPPluginJar : add ltdc
2024-10-25 19:23:46,597 [INFO] IPUIPlugin:80 - create IPUIPlugin
2024-10-25 19:23:46,597 [INFO] PluginManager:220 - loadIPPluginJar : add mdma
2024-10-25 19:23:46,599 [INFO] IPUIPlugin:80 - create IPUIPlugin
2024-10-25 19:23:46,599 [INFO] PluginManager:220 - loadIPPluginJar : add nvic
2024-10-25 19:23:46,601 [INFO] IPUIPlugin:80 - create IPUIPlugin
2024-10-25 19:23:46,601 [INFO] PluginManager:220 - loadIPPluginJar : add opamp
2024-10-25 19:23:46,603 [INFO] IPUIPlugin:80 - create IPUIPlugin
2024-10-25 19:23:46,603 [INFO] PluginManager:220 - loadIPPluginJar : add openamp
2024-10-25 19:23:46,606 [INFO] IPUIPlugin:80 - create IPUIPlugin
2024-10-25 19:23:46,606 [INFO] PluginManager:220 - loadIPPluginJar : add pdm2pcm
2024-10-25 19:23:46,612 [INFO] IPUIPlugin:80 - create IPUIPlugin
2024-10-25 19:23:46,615 [INFO] PluginManager:220 - loadIPPluginJar : add plateformsettings
2024-10-25 19:23:46,616 [INFO] IPUIPlugin:80 - create IPUIPlugin
2024-10-25 19:23:46,616 [INFO] PluginManager:220 - loadIPPluginJar : add quadspi
2024-10-25 19:23:46,617 [INFO] IPUIPlugin:80 - create IPUIPlugin
2024-10-25 19:23:46,618 [INFO] PluginManager:220 - loadIPPluginJar : add radio
2024-10-25 19:23:46,620 [INFO] IPUIPlugin:80 - create IPUIPlugin
2024-10-25 19:23:46,620 [INFO] PluginManager:220 - loadIPPluginJar : add resmgrutility
2024-10-25 19:23:46,622 [INFO] IPUIPlugin:80 - create IPUIPlugin
2024-10-25 19:23:46,622 [INFO] PluginManager:220 - loadIPPluginJar : add sai
2024-10-25 19:23:46,623 [INFO] IPUIPlugin:80 - create IPUIPlugin
2024-10-25 19:23:46,623 [INFO] PluginManager:220 - loadIPPluginJar : add spi
2024-10-25 19:23:46,627 [INFO] IPUIPlugin:80 - create IPUIPlugin
2024-10-25 19:23:46,627 [INFO] PluginManager:220 - loadIPPluginJar : add stm32_wpan
2024-10-25 19:23:46,628 [INFO] IPUIPlugin:80 - create IPUIPlugin
2024-10-25 19:23:46,628 [INFO] PluginManager:220 - loadIPPluginJar : add tim
2024-10-25 19:23:46,630 [INFO] IPUIPlugin:80 - create IPUIPlugin
2024-10-25 19:23:46,630 [INFO] PluginManager:220 - loadIPPluginJar : add touchsensing
2024-10-25 19:23:46,631 [INFO] IPUIPlugin:80 - create IPUIPlugin
2024-10-25 19:23:46,631 [INFO] PluginManager:220 - loadIPPluginJar : add tracer_emb
2024-10-25 19:23:46,632 [INFO] IPUIPlugin:80 - create IPUIPlugin
2024-10-25 19:23:46,632 [INFO] PluginManager:220 - loadIPPluginJar : add ts
2024-10-25 19:23:46,633 [INFO] IPUIPlugin:80 - create IPUIPlugin
2024-10-25 19:23:46,633 [INFO] PluginManager:220 - loadIPPluginJar : add tsc
2024-10-25 19:23:46,634 [INFO] IPUIPlugin:80 - create IPUIPlugin
2024-10-25 19:23:46,634 [INFO] PluginManager:220 - loadIPPluginJar : add ucpd
2024-10-25 19:23:46,681 [INFO] IPUIPlugin:80 - create IPUIPlugin
2024-10-25 19:23:46,681 [INFO] PluginManager:220 - loadIPPluginJar : add usart
2024-10-25 19:23:46,719 [INFO] IPUIPlugin:80 - create IPUIPlugin
2024-10-25 19:23:46,719 [INFO] PluginManager:220 - loadIPPluginJar : add usbx
2024-10-25 19:23:46,847 [INFO] CADModel:165 - CPN selected for project level
2024-10-25 19:23:46,848 [INFO] CADModel:114 - Register for checkConnection events
2024-10-25 19:23:46,849 [FATAL] Updater:334 - Updater called before beeing initialized
2024-10-25 19:23:46,849 [ERROR] CADModel:125 - Updater not yet initialized, retry later 
2024-10-25 19:23:47,086 [INFO] CADModel:165 - CPN selected for project level
2024-10-25 19:23:47,086 [INFO] CADModel:114 - Register for checkConnection events
2024-10-25 19:23:47,086 [FATAL] Updater:334 - Updater called before beeing initialized
2024-10-25 19:23:47,086 [ERROR] CADModel:125 - Updater not yet initialized, retry later 
2024-10-25 19:23:47,090 [FATAL] Updater:334 - Updater called before beeing initialized
2024-10-25 19:23:47,193 [FATAL] Updater:334 - Updater called before beeing initialized
2024-10-25 19:23:47,199 [INFO] DbMcusAds:53 - JSON generation date=Fri Sep 20 15:04:23 CEST 2024 (1726837463113)
2024-10-25 19:23:47,199 [FATAL] Updater:334 - Updater called before beeing initialized
2024-10-25 19:23:47,230 [WARN] DetailPanel:346 - Failed to get advertising image, set to default
2024-10-25 19:23:47,301 [FATAL] Updater:334 - Updater called before beeing initialized
2024-10-25 19:23:47,307 [FATAL] Updater:334 - Updater called before beeing initialized
2024-10-25 19:23:47,308 [FATAL] Updater:334 - Updater called before beeing initialized
2024-10-25 19:23:47,308 [WARN] DetailPanel:346 - Failed to get advertising image, set to default
2024-10-25 19:23:47,309 [FATAL] Updater:334 - Updater called before beeing initialized
2024-10-25 19:23:47,439 [ERROR] Updater:1164 - MainUpdater not yet initialized. External WinMGr cannot be set.
2024-10-25 19:23:47,454 [INFO] Updater:1100 - Updater Version found : 6.12.1
2024-10-25 19:23:47,484 [INFO] ApplicationProperties:184 - Using Application install path: C:\ST\STM32CubeIDE_1.16.1\STM32CubeIDE\plugins\com.st.stm32cube.common.mx_6.12.1.202409122256
2024-10-25 19:23:48,000 [INFO] MainUpdater:2873 - connection check result : 10
2024-10-25 19:23:48,001 [INFO] MainUpdater:290 - Updater Check For Update Now.
2024-10-25 19:23:48,001 [INFO] MicroXplorer:498 - Change Database Version : DB.6.0.121
2024-10-25 19:23:48,022 [INFO] McuFinderGlobals:63 - Set McuFinder mode to 2 (CubeIDE integrated)
2024-10-25 19:23:48,023 [INFO] UserAuth:179 - activating auth plugin
2024-10-25 19:23:48,029 [INFO] UserAuth:417 - Internet connection configuration mode: 1
2024-10-25 19:23:48,123 [INFO] JxBrowserEngine:152 - Initiate JxBrowser Engine with user profile folder
2024-10-25 19:23:48,284 [INFO] CheckServerUpdateThread:120 - End of CheckServer Thread
2024-10-25 19:23:49,021 [WARN] PackLoader:240 - Cannot read IP mode file for STMicroelectronics.FP-SNS-MOTENVWB1.1.4.0
2024-10-25 19:23:49,053 [WARN] PackLoader:240 - Cannot read IP mode file for STMicroelectronics.X-CUBE-SMBUS.2.1.0
2024-10-25 19:23:49,070 [WARN] PackLoader:240 - Cannot read IP mode file for STMicroelectronics.X-CUBE-WB05N.1.1.0
2024-10-25 19:23:49,139 [WARN] PackLoader:240 - Cannot read IP mode file for STMicroelectronics.X-CUBE-AZRTOS-F7.1.1.0
2024-10-25 19:23:49,265 [WARN] PackLoader:240 - Cannot read IP mode file for STMicroelectronics.X-CUBE-MEMS1.11.0.0
2024-10-25 19:23:49,404 [WARN] PackLoader:240 - Cannot read IP mode file for STMicroelectronics.FP-SNS-FLIGHT1.5.0.2
2024-10-25 19:23:49,435 [WARN] PackLoader:240 - Cannot read IP mode file for STMicroelectronics.X-CUBE-DISPLAY.3.0.0
2024-10-25 19:23:49,459 [WARN] PackLoader:240 - Cannot read IP mode file for STMicroelectronics.X-CUBE-BLE1.7.0.0
2024-10-25 19:23:49,477 [WARN] PackLoader:240 - Cannot read IP mode file for STMicroelectronics.X-CUBE-NFC10.1.0.0
2024-10-25 19:23:49,496 [WARN] PackLoader:240 - Cannot read IP mode file for emotas.I-CUBE-CANOPEN.1.3.0
2024-10-25 19:23:49,514 [WARN] PackLoader:240 - Cannot read IP mode file for STMicroelectronics.X-CUBE-BLEMGR.3.1.0
2024-10-25 19:23:49,536 [WARN] PackLoader:240 - Cannot read IP mode file for STMicroelectronics.FP-SNS-SMARTAG2.1.2.0
2024-10-25 19:23:49,569 [INFO] LogOutputStream:77 - [STDOUT_REDIRECT] 1 : Invalid condition id : UX_CORESTACK_Condition cause : null
2024-10-25 19:23:49,572 [INFO] LogOutputStream:77 - [STDOUT_REDIRECT] 1 : Invalid condition id : UX_CORESTACK_Condition cause : null
2024-10-25 19:23:49,575 [INFO] LogOutputStream:77 - [STDOUT_REDIRECT] 1 : Invalid condition id : UX_CORESTACK_Condition cause : null
2024-10-25 19:23:49,576 [INFO] LogOutputStream:77 - [STDOUT_REDIRECT] 1 : Invalid condition id : UX_CORESTACK_Condition cause : null
2024-10-25 19:23:49,578 [INFO] LogOutputStream:77 - [STDOUT_REDIRECT] 1 : Invalid condition id : UX_CORESTACK_Condition cause : null
2024-10-25 19:23:49,580 [WARN] PackLoader:240 - Cannot read IP mode file for STMicroelectronics.X-CUBE-AZRTOS-WL.2.0.0
2024-10-25 19:23:49,605 [WARN] PackLoader:240 - Cannot read IP mode file for STMicroelectronics.FP-SNS-MOTENV1.5.0.0
2024-10-25 19:23:49,622 [WARN] PackLoader:240 - Cannot read IP mode file for wolfSSL.I-CUBE-wolfMQTT.1.19.0
2024-10-25 19:23:49,648 [WARN] PackLoader:240 - Cannot read IP mode file for WES.I-CUBE-Cesium.1.3.0
2024-10-25 19:23:49,669 [WARN] PackLoader:240 - Cannot read IP mode file for STMicroelectronics.X-CUBE-BLE2.3.3.0
2024-10-25 19:23:49,692 [WARN] PackLoader:240 - Cannot read IP mode file for STMicroelectronics.X-CUBE-NFC9.1.0.0
2024-10-25 19:23:49,709 [WARN] PackLoader:240 - Cannot read IP mode file for STMicroelectronics.X-CUBE-TCPP.4.1.0
2024-10-25 19:23:49,733 [WARN] PackLoader:240 - Cannot read IP mode file for STMicroelectronics.X-CUBE-AZRTOS-G0.1.1.0
2024-10-25 19:23:49,749 [WARN] PackLoader:240 - Cannot read IP mode file for STMicroelectronics.X-CUBE-SAFEA1.1.2.2
2024-10-25 19:23:49,769 [WARN] PackLoader:240 - Cannot read IP mode file for STMicroelectronics.X-CUBE-NFC4.3.0.0
2024-10-25 19:23:49,788 [WARN] PackLoader:240 - Cannot read IP mode file for EmbeddedOffice.I-CUBE-FS-RTOS.1.0.1
2024-10-25 19:23:49,788 [ERROR] ConditionMgr:805 - Attr not supported : Dmpu
2024-10-25 19:23:49,788 [ERROR] ConditionMgr:805 - Attr not supported : Dmpu
2024-10-25 19:23:49,788 [ERROR] ConditionMgr:805 - Attr not supported : Dmpu
2024-10-25 19:23:49,788 [ERROR] ConditionMgr:805 - Attr not supported : Dmpu
2024-10-25 19:23:49,789 [ERROR] ConditionMgr:805 - Attr not supported : Dmpu
2024-10-25 19:23:49,789 [ERROR] ConditionMgr:805 - Attr not supported : Dmpu
2024-10-25 19:23:49,789 [ERROR] ConditionMgr:805 - Attr not supported : Dmpu
2024-10-25 19:23:49,789 [ERROR] ConditionMgr:805 - Attr not supported : Dmpu
2024-10-25 19:23:49,789 [ERROR] ConditionMgr:805 - Attr not supported : Dmpu
2024-10-25 19:23:49,789 [ERROR] ConditionMgr:805 - Attr not supported : Dmpu
2024-10-25 19:23:49,789 [ERROR] ConditionMgr:805 - Attr not supported : Dmpu
2024-10-25 19:23:49,789 [ERROR] ConditionMgr:805 - Attr not supported : Dmpu
2024-10-25 19:23:49,789 [ERROR] ConditionMgr:805 - Attr not supported : Dmpu
2024-10-25 19:23:49,789 [ERROR] ConditionMgr:805 - Attr not supported : Dmpu
2024-10-25 19:23:49,789 [ERROR] ConditionMgr:805 - Attr not supported : Dmpu
2024-10-25 19:23:49,789 [ERROR] ConditionMgr:805 - Attr not supported : Dmpu
2024-10-25 19:23:49,789 [ERROR] ConditionMgr:805 - Attr not supported : Dmpu
2024-10-25 19:23:49,790 [ERROR] ConditionMgr:805 - Attr not supported : Dmpu
2024-10-25 19:23:49,790 [ERROR] ConditionMgr:805 - Attr not supported : Dmpu
2024-10-25 19:23:49,790 [ERROR] ConditionMgr:805 - Attr not supported : Dmpu
2024-10-25 19:23:49,790 [ERROR] ConditionMgr:805 - Attr not supported : Dmpu
2024-10-25 19:23:49,790 [ERROR] ConditionMgr:805 - Attr not supported : Dmpu
2024-10-25 19:23:49,790 [ERROR] ConditionMgr:805 - Attr not supported : Dmpu
2024-10-25 19:23:49,790 [ERROR] ConditionMgr:805 - Attr not supported : Dmpu
2024-10-25 19:23:49,790 [ERROR] ConditionMgr:805 - Attr not supported : Dmpu
2024-10-25 19:23:49,790 [ERROR] ConditionMgr:805 - Attr not supported : Dmpu
2024-10-25 19:23:49,791 [ERROR] ConditionMgr:805 - Attr not supported : Dmpu
2024-10-25 19:23:49,791 [ERROR] ConditionMgr:805 - Attr not supported : Dmpu
2024-10-25 19:23:49,791 [ERROR] ConditionMgr:805 - Attr not supported : Dmpu
2024-10-25 19:23:49,791 [ERROR] ConditionMgr:805 - Attr not supported : Dmpu
2024-10-25 19:23:49,791 [ERROR] ConditionMgr:805 - Attr not supported : Dmpu
2024-10-25 19:23:49,791 [ERROR] ConditionMgr:805 - Attr not supported : Dmpu
2024-10-25 19:23:49,791 [ERROR] ConditionMgr:805 - Attr not supported : Dmpu
2024-10-25 19:23:49,791 [ERROR] ConditionMgr:805 - Attr not supported : Dmpu
2024-10-25 19:23:49,791 [ERROR] ConditionMgr:805 - Attr not supported : Dmpu
2024-10-25 19:23:49,791 [ERROR] ConditionMgr:805 - Attr not supported : Dmpu
2024-10-25 19:23:49,791 [ERROR] ConditionMgr:805 - Attr not supported : Dmpu
2024-10-25 19:23:49,791 [ERROR] ConditionMgr:805 - Attr not supported : Dmpu
2024-10-25 19:23:49,791 [ERROR] ConditionMgr:805 - Attr not supported : Dmpu
2024-10-25 19:23:49,791 [ERROR] ConditionMgr:805 - Attr not supported : Dmpu
2024-10-25 19:23:49,791 [ERROR] ConditionMgr:805 - Attr not supported : Dmpu
2024-10-25 19:23:49,791 [ERROR] ConditionMgr:805 - Attr not supported : Dmpu
2024-10-25 19:23:49,792 [ERROR] ConditionMgr:805 - Attr not supported : Dmpu
2024-10-25 19:23:49,792 [ERROR] ConditionMgr:805 - Attr not supported : Dmpu
2024-10-25 19:23:49,792 [ERROR] ConditionMgr:805 - Attr not supported : Dmpu
2024-10-25 19:23:49,792 [ERROR] ConditionMgr:805 - Attr not supported : Dmpu
2024-10-25 19:23:49,792 [ERROR] ConditionMgr:805 - Attr not supported : Dmpu
2024-10-25 19:23:49,792 [ERROR] ConditionMgr:805 - Attr not supported : Dmpu
2024-10-25 19:23:49,792 [ERROR] ConditionMgr:805 - Attr not supported : Dmpu
2024-10-25 19:23:49,792 [ERROR] ConditionMgr:805 - Attr not supported : Dmpu
2024-10-25 19:23:49,792 [ERROR] ConditionMgr:805 - Attr not supported : Dmpu
2024-10-25 19:23:49,793 [ERROR] ConditionMgr:805 - Attr not supported : Dmpu
2024-10-25 19:23:49,793 [ERROR] ConditionMgr:805 - Attr not supported : Dmpu
2024-10-25 19:23:49,793 [ERROR] ConditionMgr:805 - Attr not supported : Dmpu
2024-10-25 19:23:49,793 [ERROR] ConditionMgr:805 - Attr not supported : Dmpu
2024-10-25 19:23:49,793 [ERROR] ConditionMgr:805 - Attr not supported : Dmpu
2024-10-25 19:23:49,793 [ERROR] ConditionMgr:805 - Attr not supported : Dmpu
2024-10-25 19:23:49,793 [ERROR] ConditionMgr:805 - Attr not supported : Dmpu
2024-10-25 19:23:49,793 [ERROR] ConditionMgr:805 - Attr not supported : Dmpu
2024-10-25 19:23:49,793 [ERROR] ConditionMgr:805 - Attr not supported : Dmpu
2024-10-25 19:23:49,793 [ERROR] ConditionMgr:805 - Attr not supported : Dmpu
2024-10-25 19:23:49,793 [ERROR] ConditionMgr:805 - Attr not supported : Dmpu
2024-10-25 19:23:49,793 [ERROR] ConditionMgr:805 - Attr not supported : Dmpu
2024-10-25 19:23:49,793 [ERROR] ConditionMgr:805 - Attr not supported : Dmpu
2024-10-25 19:23:49,808 [WARN] PackLoader:240 - Cannot read IP mode file for RealThread.X-CUBE-RT-Thread_Nano.4.1.1
2024-10-25 19:23:49,820 [WARN] PackLoader:240 - Cannot read IP mode file for STMicroelectronics.FP-ATR-SIGFOX1.3.2.0
2024-10-25 19:23:49,831 [WARN] PackLoader:240 - Cannot read IP mode file for wolfSSL.I-CUBE-wolfSSL.5.7.2
2024-10-25 19:23:49,845 [WARN] PackLoader:240 - Cannot read IP mode file for STMicroelectronics.X-CUBE-EEPRMA1.5.1.0
2024-10-25 19:23:49,864 [WARN] PackLoader:240 - Cannot read IP mode file for ITTIA_DB.I-CUBE-ITTIADB.8.9.0
2024-10-25 19:23:49,895 [WARN] PackLoader:240 - Cannot read IP mode file for SEGGER.I-CUBE-embOS.1.3.1
2024-10-25 19:23:49,927 [WARN] PackLoader:240 - Cannot read IP mode file for STMicroelectronics.X-CUBE-ALGOBUILD.1.4.0
2024-10-25 19:23:49,945 [WARN] PackLoader:240 - Cannot read IP mode file for STMicroelectronics.X-CUBE-AI.9.1.0
2024-10-25 19:23:49,966 [WARN] PackLoader:240 - Cannot read IP mode file for STMicroelectronics.X-CUBE-AZRTOS-F4.1.1.0
2024-10-25 19:23:49,980 [WARN] PackLoader:240 - Cannot read IP mode file for STMicroelectronics.X-CUBE-ISPU.2.1.0
2024-10-25 19:23:49,990 [WARN] PackLoader:240 - Cannot read IP mode file for STMicroelectronics.X-CUBE-FREERTOS.1.2.0
2024-10-25 19:23:50,011 [WARN] PackLoader:240 - Cannot read IP mode file for STMicroelectronics.X-CUBE-AZRTOS-L5.2.0.0
2024-10-25 19:23:50,024 [WARN] PackLoader:240 - Cannot read IP mode file for STMicroelectronics.X-CUBE-NFC6.3.1.0
2024-10-25 19:23:50,036 [WARN] PackLoader:240 - Cannot read IP mode file for STMicroelectronics.X-CUBE-DPower.1.2.0
2024-10-25 19:23:50,054 [WARN] PackLoader:240 - Cannot read IP mode file for STMicroelectronics.X-CUBE-AI.9.0.0
2024-10-25 19:23:50,085 [WARN] PackLoader:240 - Cannot read IP mode file for STMicroelectronics.X-CUBE-NFC7.1.0.1
2024-10-25 19:23:50,123 [WARN] ConditionMgr:438 - getConditionDescription Invalid condition id : LAN8742 Phy interface Condition cause : null
2024-10-25 19:23:50,125 [WARN] PackLoader:240 - Cannot read IP mode file for STMicroelectronics.X-CUBE-AZRTOS-L4.2.0.0
2024-10-25 19:23:50,126 [WARN] ConditionMgr:1039 - genDependencies : Invalid condition id : LAN8742 Phy interface Condition cause : null
2024-10-25 19:23:50,127 [WARN] ConditionMgr:1039 - genDependencies : Invalid condition id : LAN8742 Phy interface Condition cause : null
2024-10-25 19:23:50,128 [WARN] ConditionMgr:1039 - genDependencies : Invalid condition id : LAN8742 Phy interface Condition cause : null
2024-10-25 19:23:50,148 [WARN] PackLoader:240 - Cannot read IP mode file for STMicroelectronics.X-CUBE-SFXS2LP1.4.0.0
2024-10-25 19:23:50,183 [WARN] PackLoader:240 - Cannot read IP mode file for STMicroelectronics.X-CUBE-AZRTOS-H7.3.3.0
2024-10-25 19:23:50,199 [WARN] PackLoader:240 - Cannot read IP mode file for STMicroelectronics.X-CUBE-IPS.3.0.0
2024-10-25 19:23:50,220 [WARN] ConditionMgr:438 - getConditionDescription Invalid condition id : UX DEVICE CLASS RTOS Condition cause : null
2024-10-25 19:23:50,220 [WARN] ConditionMgr:438 - getConditionDescription Invalid condition id : UX DEVICE CLASS RTOS Condition cause : null
2024-10-25 19:23:50,221 [WARN] PackLoader:240 - Cannot read IP mode file for STMicroelectronics.X-CUBE-AZRTOS-WB.2.0.0
2024-10-25 19:23:50,221 [WARN] ConditionMgr:1039 - genDependencies : Invalid condition id : UX DEVICE CLASS RTOS Condition cause : null
2024-10-25 19:23:50,222 [WARN] ConditionMgr:1039 - genDependencies : Invalid condition id : UX DEVICE CLASS RTOS Condition cause : null
2024-10-25 19:23:50,222 [WARN] ConditionMgr:1039 - genDependencies : Invalid condition id : UX DEVICE CLASS RTOS Condition cause : null
2024-10-25 19:23:50,222 [WARN] ConditionMgr:1039 - genDependencies : Invalid condition id : UX DEVICE CLASS RTOS Condition cause : null
2024-10-25 19:23:50,222 [WARN] ConditionMgr:1039 - genDependencies : Invalid condition id : UX DEVICE CLASS RTOS Condition cause : null
2024-10-25 19:23:50,240 [WARN] PackLoader:240 - Cannot read IP mode file for STMicroelectronics.X-CUBE-GNSS1.7.0.0
2024-10-25 19:23:50,256 [WARN] PackLoader:240 - Cannot read IP mode file for STMicroelectronics.FP-SNS-STBOX1.2.0.0
2024-10-25 19:23:50,278 [WARN] PackLoader:240 - Cannot read IP mode file for STMicroelectronics.X-CUBE-SUBG2.5.0.0
2024-10-25 19:23:50,299 [WARN] PackLoader:240 - Cannot read IP mode file for Cesanta.I-CUBE-Mongoose.7.13.0
2024-10-25 19:23:50,320 [WARN] PackLoader:240 - Cannot read IP mode file for STMicroelectronics.X-CUBE-AZRTOS-G4.2.0.0
2024-10-25 19:23:50,337 [WARN] PackLoader:240 - Cannot read IP mode file for STMicroelectronics.X-CUBE-ALS.1.0.2
2024-10-25 19:23:50,354 [WARN] PackLoader:240 - Cannot read IP mode file for STMicroelectronics.X-CUBE-TOUCHGFX.4.24.1
2024-10-25 19:23:50,365 [WARN] PackLoader:240 - Cannot read IP mode file for wolfSSL.I-CUBE-wolfTPM.3.4.0
2024-10-25 19:23:50,379 [WARN] PackLoader:240 - Cannot read IP mode file for portGmbH.I-Cube-SoM-uGOAL.1.1.0
2024-10-25 19:23:50,400 [WARN] PackLoader:240 - Cannot read IP mode file for STMicroelectronics.X-CUBE-AZRTOS-H7RS.1.0.0
2024-10-25 19:23:50,412 [WARN] PackLoader:240 - Cannot read IP mode file for STMicroelectronics.FP-ATR-ASTRA1.2.0.0
2024-10-25 19:23:50,425 [WARN] PackLoader:240 - Cannot read IP mode file for STMicroelectronics.X-CUBE-TOF1.3.4.2
2024-10-25 19:23:50,458 [WARN] PackLoader:240 - Cannot read IP mode file for Infineon.AIROC-Wi-Fi-Bluetooth-STM32.1.6.1
2024-10-25 19:23:50,471 [WARN] PackLoader:240 - Cannot read IP mode file for wolfSSL.I-CUBE-wolfSSH.1.4.17
2024-10-25 19:23:50,472 [INFO] ThirdParty:978 - Integrity check success = true
2024-10-25 19:23:50,472 [INFO] IntegrityCheckThread:100 - exiting critical section [integrity check]
2024-10-25 19:23:50,472 [INFO] IntegrityCheckThread:103 - End integrity checks thread
2024-10-25 19:23:54,271 [INFO] WebApp:167 - Instantiating new browser for Auth
2024-10-25 19:23:55,120 [INFO] WebApp:448 - Apply proxy settings
2024-10-25 19:23:55,121 [INFO] WebApp:533 - Chromium requires no authentication
2024-10-25 19:23:55,136 [INFO] WebApp:476 - Direct internet connection detected
2024-10-25 19:23:55,166 [INFO] WebApp:869 - Register for checkConnection events
2024-10-25 19:23:55,166 [INFO] WebApp:448 - Apply proxy settings
2024-10-25 19:23:55,166 [INFO] WebApp:533 - Chromium requires no authentication
2024-10-25 19:23:55,167 [INFO] WebApp:476 - Direct internet connection detected
2024-10-25 19:23:55,406 [INFO] WebApp:220 - Starting web application
2024-10-25 19:23:55,407 [INFO] WebApp:578 - Web application path used C:\ST\STM32CubeIDE_1.16.1\STM32CubeIDE\plugins\com.st.stm32cube.common.mx_6.12.1.202409122256\db\plugins\mcufinder\reactClient1\index.html
2024-10-25 19:23:55,631 [INFO] WebApp:186 - Connection restablished
2024-10-25 20:19:33,370 [ERROR] LogOutputStream:75 - [STDERR_REDIRECT] 
