2024-11-07 09:50:09,628 [INFO] Activator:176 - 


2024-11-07 09:50:09,632 [INFO] Activator:177 - !SESSION log4j initialized
2024-11-07 09:50:15,166 [INFO] LogOutputStream:77 - [STDOUT_REDIRECT] 
2024-11-07 09:50:16,536 [INFO] ApplicationProperties:184 - Using Application install path: C:\ST\STM32CubeIDE_1.16.1\STM32CubeIDE\plugins\com.st.stm32cube.common.mx_6.12.1.202409122256
2024-11-07 09:50:16,559 [INFO] DbMcusXml:78 - Set database path to: C:\ST\STM32CubeIDE_1.16.1\STM32CubeIDE\plugins\com.st.stm32cube.common.mx_6.12.1.202409122256\\db\/mcu/
2024-11-07 09:50:16,559 [INFO] ApiDb:274 - Set plugin database path to: C:\ST\STM32CubeIDE_1.16.1\STM32CubeIDE\plugins\com.st.stm32cube.common.mx_6.12.1.202409122256\\db\/plugins/boardmanager/
2024-11-07 09:50:16,559 [WARN] ApiDb:259 - Overriding images path with different value:  => C:\ST\STM32CubeIDE_1.16.1\STM32CubeIDE\plugins\com.st.stm32cube.common.mx_6.12.1.202409122256\\db\/plugins/mcufinder/images/
2024-11-07 09:50:16,574 [INFO] ApiDb:250 - Set database path to: C:\Users\yehan\.stmcufinder\plugins\mcufinder//mcu/
2024-11-07 09:50:16,574 [INFO] DbMcusAds:125 - Set database path to: C:\Users\yehan\.stmcufinder\plugins\mcufinder//mcu/
2024-11-07 09:50:16,578 [INFO] CrossReferenceDbSqlite:203 - Set database path to: C:\Users\yehan\.stmcufinder\plugins\mcufinder//mcu/cs/
2024-11-07 09:50:16,780 [INFO] RulesReader:64 - Compatibility file has been processed (297 Rules)
2024-11-07 09:50:16,864 [INFO] DbMcusXml:78 - Set database path to: C:\ST\STM32CubeIDE_1.16.1\STM32CubeIDE\plugins\com.st.stm32cube.common.mx_6.12.1.202409122256\\db\/mcu/
2024-11-07 09:50:16,865 [INFO] ApiDb:274 - Set plugin database path to: C:\ST\STM32CubeIDE_1.16.1\STM32CubeIDE\plugins\com.st.stm32cube.common.mx_6.12.1.202409122256\\db\/plugins/boardmanager/
2024-11-07 09:50:16,865 [INFO] ApiDb:261 - Set plugin images path to: C:\ST\STM32CubeIDE_1.16.1\STM32CubeIDE\plugins\com.st.stm32cube.common.mx_6.12.1.202409122256\\db\/plugins/mcufinder/images/
2024-11-07 09:50:16,865 [WARN] DbFile:41 - Overriding database path with different value: C:\Users\yehan\.stmcufinder\plugins\mcufinder/ => C:\Users\yehan\.stmcufinder\plugins\mcufinder
2024-11-07 09:50:16,865 [INFO] ApiDb:250 - Set database path to: C:\Users\yehan\.stmcufinder\plugins\mcufinder//mcu/
2024-11-07 09:50:16,865 [WARN] DbFile:41 - Overriding database path with different value: C:\Users\yehan\.stmcufinder\plugins\mcufinder/ => C:\Users\yehan\.stmcufinder\plugins\mcufinder
2024-11-07 09:50:16,865 [INFO] DbMcusAds:125 - Set database path to: C:\Users\yehan\.stmcufinder\plugins\mcufinder//mcu/
2024-11-07 09:50:16,865 [WARN] DbFile:41 - Overriding database path with different value: C:\Users\yehan\.stmcufinder\plugins\mcufinder/ => C:\Users\yehan\.stmcufinder\plugins\mcufinder
2024-11-07 09:50:16,865 [WARN] DbFile:41 - Overriding database path with different value: C:\Users\yehan\.stmcufinder\plugins\mcufinder/ => C:\Users\yehan\.stmcufinder\plugins\mcufinder
2024-11-07 09:50:16,866 [INFO] CrossReferenceDbSqlite:203 - Set database path to: C:\Users\yehan\.stmcufinder\plugins\mcufinder//mcu/cs/
2024-11-07 09:50:16,946 [INFO] MainPanel:268 - HeapMemory: 268435456
2024-11-07 09:50:17,036 [INFO] DbMcusXml:78 - Set database path to: C:\ST\STM32CubeIDE_1.16.1\STM32CubeIDE\plugins\com.st.stm32cube.common.mx_6.12.1.202409122256\\db\/mcu/
2024-11-07 09:50:17,037 [INFO] ApiDb:274 - Set plugin database path to: C:\ST\STM32CubeIDE_1.16.1\STM32CubeIDE\plugins\com.st.stm32cube.common.mx_6.12.1.202409122256\\db\/plugins/boardmanager/
2024-11-07 09:50:17,037 [INFO] ApiDb:261 - Set plugin images path to: C:\ST\STM32CubeIDE_1.16.1\STM32CubeIDE\plugins\com.st.stm32cube.common.mx_6.12.1.202409122256\\db\/plugins/mcufinder/images/
2024-11-07 09:50:17,037 [WARN] DbFile:41 - Overriding database path with different value: C:\Users\yehan\.stmcufinder\plugins\mcufinder/ => C:\Users\yehan\.stmcufinder\plugins\mcufinder
2024-11-07 09:50:17,037 [INFO] ApiDb:250 - Set database path to: C:\Users\yehan\.stmcufinder\plugins\mcufinder//mcu/
2024-11-07 09:50:17,037 [WARN] DbFile:41 - Overriding database path with different value: C:\Users\yehan\.stmcufinder\plugins\mcufinder/ => C:\Users\yehan\.stmcufinder\plugins\mcufinder
2024-11-07 09:50:17,037 [INFO] DbMcusAds:125 - Set database path to: C:\Users\yehan\.stmcufinder\plugins\mcufinder//mcu/
2024-11-07 09:50:17,037 [WARN] DbFile:41 - Overriding database path with different value: C:\Users\yehan\.stmcufinder\plugins\mcufinder/ => C:\Users\yehan\.stmcufinder\plugins\mcufinder
2024-11-07 09:50:17,037 [WARN] DbFile:41 - Overriding database path with different value: C:\Users\yehan\.stmcufinder\plugins\mcufinder/ => C:\Users\yehan\.stmcufinder\plugins\mcufinder
2024-11-07 09:50:17,037 [INFO] CrossReferenceDbSqlite:203 - Set database path to: C:\Users\yehan\.stmcufinder\plugins\mcufinder//mcu/cs/
2024-11-07 09:50:17,055 [INFO] ApplicationProperties:184 - Using Application install path: C:\ST\STM32CubeIDE_1.16.1\STM32CubeIDE\plugins\com.st.stm32cube.common.mx_6.12.1.202409122256
2024-11-07 09:50:17,056 [INFO] PluginManage:196 - Search for loadable plugins [exclusion list=, ]
2024-11-07 09:50:17,058 [INFO] PluginManage:310 - Check plugin analytics
2024-11-07 09:50:17,352 [INFO] AnalyticsPlugin:253 - Accepted Software Licenses: STM32CubeMX.6.12.1
2024-11-07 09:50:17,352 [INFO] AnalyticsPlugin:255 - Accepted CMSIS Pack Licenses: 
2024-11-07 09:50:17,352 [INFO] AnalyticsPlugin:257 - Accepted Firmware Licenses: FW.H7.1.11.0
2024-11-07 09:50:17,357 [INFO] PluginManage:359 - Loaded plugin analytics (category:tool,tabindex:-1)
2024-11-07 09:50:17,359 [INFO] PluginManage:310 - Check plugin cadmodel
2024-11-07 09:50:17,381 [INFO] CADModel:105 - Init CAD model plugin
2024-11-07 09:50:17,381 [INFO] PluginManage:359 - Loaded plugin cadmodel (category:power,tabindex:5)
2024-11-07 09:50:17,382 [INFO] PluginManage:310 - Check plugin clock
2024-11-07 09:50:17,402 [INFO] PluginManage:359 - Loaded plugin clock (category:base,tabindex:2)
2024-11-07 09:50:17,402 [INFO] PluginManage:310 - Check plugin ddr
2024-11-07 09:50:17,405 [INFO] PluginManage:359 - Loaded plugin ddr (category:tool,tabindex:6)
2024-11-07 09:50:17,406 [INFO] PluginManage:310 - Check plugin filemanager
2024-11-07 09:50:17,542 [INFO] PluginManage:359 - Loaded plugin filemanager (category:base,tabindex:10)
2024-11-07 09:50:17,542 [INFO] PluginManage:310 - Check plugin ipmanager
2024-11-07 09:50:17,549 [INFO] PluginManage:359 - Loaded plugin ipmanager (category:base,tabindex:5)
2024-11-07 09:50:17,549 [INFO] PluginManage:310 - Check plugin lpbam
2024-11-07 09:50:17,568 [INFO] PluginManage:359 - Loaded plugin lpbam (category:base,tabindex:0)
2024-11-07 09:50:17,568 [INFO] PluginManage:310 - Check plugin memorymap
2024-11-07 09:50:17,586 [INFO] PluginManage:359 - Loaded plugin memorymap (category:base,tabindex:4)
2024-11-07 09:50:17,586 [INFO] PluginManage:310 - Check plugin pinoutandconfiguration
2024-11-07 09:50:17,601 [INFO] PluginManage:359 - Loaded plugin pinoutandconfiguration (category:base,tabindex:1)
2024-11-07 09:50:17,601 [INFO] PluginManage:310 - Check plugin pinoutconfig
2024-11-07 09:50:17,706 [WARN] SupportedApi:132 - Cannot load RTOS API schema: s4s-elt-must-match.1: The content of 'definitions' must match (annotation?, (simpleType | complexType)?, (unique | key | keyref)*)). A problem was found starting at: attribute.
2024-11-07 09:50:17,850 [INFO] PluginManage:359 - Loaded plugin pinoutconfig (category:base,tabindex:0)
2024-11-07 09:50:17,851 [INFO] PluginManage:310 - Check plugin power
2024-11-07 09:50:17,871 [INFO] PluginManage:359 - Loaded plugin power (category:power,tabindex:4)
2024-11-07 09:50:17,871 [INFO] PluginManage:310 - Check plugin projectmanager
2024-11-07 09:50:17,889 [INFO] PluginManage:359 - Loaded plugin projectmanager (category:projectmanager,tabindex:4)
2024-11-07 09:50:17,889 [INFO] PluginManage:310 - Check plugin rif
2024-11-07 09:50:17,905 [INFO] PluginManage:359 - Loaded plugin rif (category:base,tabindex:3)
2024-11-07 09:50:17,905 [INFO] PluginManage:310 - Check plugin thirdparty
2024-11-07 09:50:18,149 [INFO] PluginManage:359 - Loaded plugin thirdparty (category:base,tabindex:-1)
2024-11-07 09:50:18,149 [WARN] IntegrityCheckThread:84 - waiting for thirdparty lock release [integrity check]
2024-11-07 09:50:18,149 [INFO] IntegrityCheckThread:86 - entering critical section [integrity check]
2024-11-07 09:50:18,149 [INFO] PluginManage:310 - Check plugin tools
2024-11-07 09:50:18,150 [INFO] ThirdPartyUpdaterWithRetryManager:70 - Updater plugin not ready yet. [1/15]
2024-11-07 09:50:18,173 [INFO] PluginManage:359 - Loaded plugin tools (category:base,tabindex:7)
2024-11-07 09:50:18,174 [INFO] PluginManage:310 - Check plugin tutovideos
2024-11-07 09:50:18,337 [INFO] PluginManage:359 - Loaded plugin tutovideos (category:base,tabindex:-1)
2024-11-07 09:50:18,337 [INFO] PluginManage:310 - Check plugin updater
2024-11-07 09:50:18,356 [INFO] PluginManage:359 - Loaded plugin updater (category:base,tabindex:12)
2024-11-07 09:50:18,357 [INFO] PluginManage:310 - Check plugin userauth
2024-11-07 09:50:18,367 [INFO] UserAuth:113 - Init User Auth plugin
2024-11-07 09:50:18,367 [INFO] PluginManage:359 - Loaded plugin userauth (category:base,tabindex:14)
2024-11-07 09:50:18,367 [INFO] PluginManage:283 - PluginManage : Loaded plugins [18]
2024-11-07 09:50:18,546 [INFO] PinOutPanel:1561 - setPackage(No Configuration,No Configuration)
2024-11-07 09:50:18,619 [INFO] CADModel:165 - CPN selected for project level
2024-11-07 09:50:18,619 [INFO] CADModel:114 - Register for checkConnection events
2024-11-07 09:50:18,640 [INFO] IPUIPlugin:80 - create IPUIPlugin
2024-11-07 09:50:18,641 [INFO] PluginManager:220 - loadIPPluginJar : add adc
2024-11-07 09:50:18,665 [INFO] IPUIPlugin:80 - create IPUIPlugin
2024-11-07 09:50:18,665 [INFO] PluginManager:220 - loadIPPluginJar : add aes
2024-11-07 09:50:18,693 [INFO] IPUIPlugin:80 - create IPUIPlugin
2024-11-07 09:50:18,694 [INFO] PluginManager:220 - loadIPPluginJar : add can
2024-11-07 09:50:18,729 [INFO] IPUIPlugin:80 - create IPUIPlugin
2024-11-07 09:50:18,729 [INFO] PluginManager:220 - loadIPPluginJar : add comp
2024-11-07 09:50:18,752 [INFO] IPUIPlugin:80 - create IPUIPlugin
2024-11-07 09:50:18,752 [INFO] PluginManager:220 - loadIPPluginJar : add cryp
2024-11-07 09:50:18,762 [INFO] IPUIPlugin:80 - create IPUIPlugin
2024-11-07 09:50:18,762 [INFO] PluginManager:220 - loadIPPluginJar : add ddr_ctrl_phy
2024-11-07 09:50:18,783 [INFO] IPUIPlugin:80 - create IPUIPlugin
2024-11-07 09:50:18,783 [INFO] PluginManager:220 - loadIPPluginJar : add dfsdm
2024-11-07 09:50:18,795 [INFO] IPUIPlugin:80 - create IPUIPlugin
2024-11-07 09:50:18,796 [INFO] PluginManager:220 - loadIPPluginJar : add dma
2024-11-07 09:50:18,826 [INFO] IPUIPlugin:80 - create IPUIPlugin
2024-11-07 09:50:18,826 [INFO] PluginManager:220 - loadIPPluginJar : add dma3
2024-11-07 09:50:18,860 [INFO] IPUIPlugin:80 - create IPUIPlugin
2024-11-07 09:50:18,860 [INFO] PluginManager:220 - loadIPPluginJar : add extmemmanager
2024-11-07 09:50:18,874 [INFO] IPUIPlugin:80 - create IPUIPlugin
2024-11-07 09:50:18,874 [INFO] PluginManager:220 - loadIPPluginJar : add fatfs
2024-11-07 09:50:18,915 [INFO] IPUIPlugin:80 - create IPUIPlugin
2024-11-07 09:50:18,915 [INFO] PluginManager:220 - loadIPPluginJar : add fmc
2024-11-07 09:50:18,933 [INFO] IPUIPlugin:80 - create IPUIPlugin
2024-11-07 09:50:18,933 [INFO] PluginManager:220 - loadIPPluginJar : add freertos
2024-11-07 09:50:18,947 [INFO] IPUIPlugin:80 - create IPUIPlugin
2024-11-07 09:50:18,947 [INFO] PluginManager:220 - loadIPPluginJar : add genericplugin
2024-11-07 09:50:19,006 [INFO] IPUIPlugin:80 - create IPUIPlugin
2024-11-07 09:50:19,006 [INFO] PluginManager:220 - loadIPPluginJar : add gfxmmu
2024-11-07 09:50:19,086 [INFO] IPUIPlugin:80 - create IPUIPlugin
2024-11-07 09:50:19,086 [INFO] PluginManager:220 - loadIPPluginJar : add gic
2024-11-07 09:50:19,096 [INFO] IPUIPlugin:80 - create IPUIPlugin
2024-11-07 09:50:19,096 [INFO] PluginManager:220 - loadIPPluginJar : add gpio
2024-11-07 09:50:19,156 [INFO] IPUIPlugin:80 - create IPUIPlugin
2024-11-07 09:50:19,156 [INFO] PluginManager:220 - loadIPPluginJar : add gtzc
2024-11-07 09:50:19,178 [INFO] IPUIPlugin:80 - create IPUIPlugin
2024-11-07 09:50:19,178 [INFO] PluginManager:220 - loadIPPluginJar : add hash
2024-11-07 09:50:19,213 [INFO] IPUIPlugin:80 - create IPUIPlugin
2024-11-07 09:50:19,214 [INFO] PluginManager:220 - loadIPPluginJar : add i2c
2024-11-07 09:50:19,244 [INFO] IPUIPlugin:80 - create IPUIPlugin
2024-11-07 09:50:19,245 [INFO] PluginManager:220 - loadIPPluginJar : add i2s
2024-11-07 09:50:19,272 [INFO] IPUIPlugin:80 - create IPUIPlugin
2024-11-07 09:50:19,272 [INFO] PluginManager:220 - loadIPPluginJar : add i3c
2024-11-07 09:50:19,339 [INFO] IPUIPlugin:80 - create IPUIPlugin
2024-11-07 09:50:19,339 [INFO] PluginManager:220 - loadIPPluginJar : add ipddr
2024-11-07 09:50:19,397 [INFO] IPUIPlugin:80 - create IPUIPlugin
2024-11-07 09:50:19,398 [INFO] PluginManager:220 - loadIPPluginJar : add linkedlist
2024-11-07 09:50:19,423 [INFO] IPUIPlugin:80 - create IPUIPlugin
2024-11-07 09:50:19,423 [INFO] PluginManager:220 - loadIPPluginJar : add lorawan
2024-11-07 09:50:19,447 [INFO] IPUIPlugin:80 - create IPUIPlugin
2024-11-07 09:50:19,447 [INFO] PluginManager:220 - loadIPPluginJar : add ltdc
2024-11-07 09:50:19,458 [INFO] IPUIPlugin:80 - create IPUIPlugin
2024-11-07 09:50:19,458 [INFO] PluginManager:220 - loadIPPluginJar : add mdma
2024-11-07 09:50:19,468 [INFO] IPUIPlugin:80 - create IPUIPlugin
2024-11-07 09:50:19,468 [INFO] PluginManager:220 - loadIPPluginJar : add nvic
2024-11-07 09:50:19,492 [INFO] IPUIPlugin:80 - create IPUIPlugin
2024-11-07 09:50:19,492 [INFO] PluginManager:220 - loadIPPluginJar : add opamp
2024-11-07 09:50:19,530 [INFO] IPUIPlugin:80 - create IPUIPlugin
2024-11-07 09:50:19,530 [INFO] PluginManager:220 - loadIPPluginJar : add openamp
2024-11-07 09:50:19,558 [INFO] IPUIPlugin:80 - create IPUIPlugin
2024-11-07 09:50:19,558 [INFO] PluginManager:220 - loadIPPluginJar : add pdm2pcm
2024-11-07 09:50:19,569 [INFO] IPUIPlugin:80 - create IPUIPlugin
2024-11-07 09:50:19,571 [INFO] PluginManager:220 - loadIPPluginJar : add plateformsettings
2024-11-07 09:50:19,587 [INFO] IPUIPlugin:80 - create IPUIPlugin
2024-11-07 09:50:19,588 [INFO] PluginManager:220 - loadIPPluginJar : add quadspi
2024-11-07 09:50:19,603 [INFO] IPUIPlugin:80 - create IPUIPlugin
2024-11-07 09:50:19,604 [INFO] PluginManager:220 - loadIPPluginJar : add radio
2024-11-07 09:50:19,613 [INFO] IPUIPlugin:80 - create IPUIPlugin
2024-11-07 09:50:19,613 [INFO] PluginManager:220 - loadIPPluginJar : add resmgrutility
2024-11-07 09:50:19,643 [INFO] IPUIPlugin:80 - create IPUIPlugin
2024-11-07 09:50:19,643 [INFO] PluginManager:220 - loadIPPluginJar : add sai
2024-11-07 09:50:19,667 [INFO] IPUIPlugin:80 - create IPUIPlugin
2024-11-07 09:50:19,667 [INFO] PluginManager:220 - loadIPPluginJar : add spi
2024-11-07 09:50:19,713 [INFO] IPUIPlugin:80 - create IPUIPlugin
2024-11-07 09:50:19,713 [INFO] PluginManager:220 - loadIPPluginJar : add stm32_wpan
2024-11-07 09:50:19,729 [INFO] IPUIPlugin:80 - create IPUIPlugin
2024-11-07 09:50:19,729 [INFO] PluginManager:220 - loadIPPluginJar : add tim
2024-11-07 09:50:19,767 [INFO] IPUIPlugin:80 - create IPUIPlugin
2024-11-07 09:50:19,768 [INFO] PluginManager:220 - loadIPPluginJar : add touchsensing
2024-11-07 09:50:19,783 [INFO] IPUIPlugin:80 - create IPUIPlugin
2024-11-07 09:50:19,783 [INFO] PluginManager:220 - loadIPPluginJar : add tracer_emb
2024-11-07 09:50:19,799 [INFO] IPUIPlugin:80 - create IPUIPlugin
2024-11-07 09:50:19,799 [INFO] PluginManager:220 - loadIPPluginJar : add ts
2024-11-07 09:50:19,815 [INFO] IPUIPlugin:80 - create IPUIPlugin
2024-11-07 09:50:19,815 [INFO] PluginManager:220 - loadIPPluginJar : add tsc
2024-11-07 09:50:19,830 [INFO] IPUIPlugin:80 - create IPUIPlugin
2024-11-07 09:50:19,830 [INFO] PluginManager:220 - loadIPPluginJar : add ucpd
2024-11-07 09:50:19,858 [INFO] IPUIPlugin:80 - create IPUIPlugin
2024-11-07 09:50:19,858 [INFO] PluginManager:220 - loadIPPluginJar : add usart
2024-11-07 09:50:19,886 [INFO] IPUIPlugin:80 - create IPUIPlugin
2024-11-07 09:50:19,886 [INFO] PluginManager:220 - loadIPPluginJar : add usbx
2024-11-07 09:50:20,000 [INFO] CADModel:165 - CPN selected for project level
2024-11-07 09:50:20,001 [INFO] CADModel:114 - Register for checkConnection events
2024-11-07 09:50:20,001 [FATAL] Updater:334 - Updater called before beeing initialized
2024-11-07 09:50:20,002 [ERROR] CADModel:125 - Updater not yet initialized, retry later 
2024-11-07 09:50:20,158 [INFO] CADModel:165 - CPN selected for project level
2024-11-07 09:50:20,158 [INFO] CADModel:114 - Register for checkConnection events
2024-11-07 09:50:20,158 [FATAL] Updater:334 - Updater called before beeing initialized
2024-11-07 09:50:20,158 [ERROR] CADModel:125 - Updater not yet initialized, retry later 
2024-11-07 09:50:20,160 [FATAL] Updater:334 - Updater called before beeing initialized
2024-11-07 09:50:20,246 [FATAL] Updater:334 - Updater called before beeing initialized
2024-11-07 09:50:20,253 [INFO] DbMcusAds:53 - JSON generation date=Fri Sep 20 15:04:38 CEST 2024 (1726837478367)
2024-11-07 09:50:20,253 [FATAL] Updater:334 - Updater called before beeing initialized
2024-11-07 09:50:20,285 [WARN] DetailPanel:346 - Failed to get advertising image, set to default
2024-11-07 09:50:20,340 [FATAL] Updater:334 - Updater called before beeing initialized
2024-11-07 09:50:20,342 [FATAL] Updater:334 - Updater called before beeing initialized
2024-11-07 09:50:20,342 [FATAL] Updater:334 - Updater called before beeing initialized
2024-11-07 09:50:20,342 [WARN] DetailPanel:346 - Failed to get advertising image, set to default
2024-11-07 09:50:20,343 [FATAL] Updater:334 - Updater called before beeing initialized
2024-11-07 09:50:20,412 [ERROR] Updater:1164 - MainUpdater not yet initialized. External WinMGr cannot be set.
2024-11-07 09:50:20,418 [INFO] Updater:1100 - Updater Version found : 6.12.1
2024-11-07 09:50:20,438 [INFO] ApplicationProperties:184 - Using Application install path: C:\ST\STM32CubeIDE_1.16.1\STM32CubeIDE\plugins\com.st.stm32cube.common.mx_6.12.1.202409122256
2024-11-07 09:50:20,847 [INFO] MainUpdater:2873 - connection check result : 10
2024-11-07 09:50:20,848 [INFO] MainUpdater:290 - Updater Check For Update Now.
2024-11-07 09:50:20,848 [INFO] MicroXplorer:498 - Change Database Version : DB.6.0.121
2024-11-07 09:50:20,874 [INFO] McuFinderGlobals:63 - Set McuFinder mode to 2 (CubeIDE integrated)
2024-11-07 09:50:20,874 [INFO] UserAuth:179 - activating auth plugin
2024-11-07 09:50:20,879 [INFO] UserAuth:417 - Internet connection configuration mode: 1
2024-11-07 09:50:20,912 [INFO] JxBrowserEngine:152 - Initiate JxBrowser Engine with user profile folder
2024-11-07 09:50:21,098 [INFO] CheckServerUpdateThread:120 - End of CheckServer Thread
2024-11-07 09:50:21,290 [WARN] PackLoader:240 - Cannot read IP mode file for STMicroelectronics.FP-SNS-MOTENVWB1.1.4.0
2024-11-07 09:50:21,302 [WARN] PackLoader:240 - Cannot read IP mode file for STMicroelectronics.X-CUBE-SMBUS.2.1.0
2024-11-07 09:50:21,316 [WARN] PackLoader:240 - Cannot read IP mode file for STMicroelectronics.X-CUBE-WB05N.1.1.0
2024-11-07 09:50:21,366 [WARN] PackLoader:240 - Cannot read IP mode file for STMicroelectronics.X-CUBE-AZRTOS-F7.1.1.0
2024-11-07 09:50:21,446 [WARN] PackLoader:240 - Cannot read IP mode file for STMicroelectronics.X-CUBE-MEMS1.11.0.0
2024-11-07 09:50:21,547 [WARN] PackLoader:240 - Cannot read IP mode file for STMicroelectronics.FP-SNS-FLIGHT1.5.0.2
2024-11-07 09:50:21,568 [WARN] PackLoader:240 - Cannot read IP mode file for STMicroelectronics.X-CUBE-DISPLAY.3.0.0
2024-11-07 09:50:21,583 [WARN] PackLoader:240 - Cannot read IP mode file for STMicroelectronics.X-CUBE-BLE1.7.0.0
2024-11-07 09:50:21,608 [WARN] PackLoader:240 - Cannot read IP mode file for STMicroelectronics.X-CUBE-NFC10.1.0.0
2024-11-07 09:50:21,626 [WARN] PackLoader:240 - Cannot read IP mode file for emotas.I-CUBE-CANOPEN.1.3.0
2024-11-07 09:50:21,645 [WARN] PackLoader:240 - Cannot read IP mode file for STMicroelectronics.X-CUBE-BLEMGR.3.1.0
2024-11-07 09:50:21,660 [WARN] PackLoader:240 - Cannot read IP mode file for STMicroelectronics.FP-SNS-SMARTAG2.1.2.0
2024-11-07 09:50:21,678 [INFO] LogOutputStream:77 - [STDOUT_REDIRECT] 1 : Invalid condition id : UX_CORESTACK_Condition cause : null
2024-11-07 09:50:21,680 [INFO] LogOutputStream:77 - [STDOUT_REDIRECT] 1 : Invalid condition id : UX_CORESTACK_Condition cause : null
2024-11-07 09:50:21,682 [INFO] LogOutputStream:77 - [STDOUT_REDIRECT] 1 : Invalid condition id : UX_CORESTACK_Condition cause : null
2024-11-07 09:50:21,685 [INFO] LogOutputStream:77 - [STDOUT_REDIRECT] 1 : Invalid condition id : UX_CORESTACK_Condition cause : null
2024-11-07 09:50:21,687 [INFO] LogOutputStream:77 - [STDOUT_REDIRECT] 1 : Invalid condition id : UX_CORESTACK_Condition cause : null
2024-11-07 09:50:21,690 [WARN] PackLoader:240 - Cannot read IP mode file for STMicroelectronics.X-CUBE-AZRTOS-WL.2.0.0
2024-11-07 09:50:21,707 [WARN] PackLoader:240 - Cannot read IP mode file for STMicroelectronics.FP-SNS-MOTENV1.5.0.0
2024-11-07 09:50:21,720 [WARN] PackLoader:240 - Cannot read IP mode file for wolfSSL.I-CUBE-wolfMQTT.1.19.0
2024-11-07 09:50:21,742 [WARN] PackLoader:240 - Cannot read IP mode file for WES.I-CUBE-Cesium.1.3.0
2024-11-07 09:50:21,757 [WARN] PackLoader:240 - Cannot read IP mode file for STMicroelectronics.X-CUBE-BLE2.3.3.0
2024-11-07 09:50:21,772 [WARN] PackLoader:240 - Cannot read IP mode file for STMicroelectronics.X-CUBE-NFC9.1.0.0
2024-11-07 09:50:21,786 [WARN] PackLoader:240 - Cannot read IP mode file for STMicroelectronics.X-CUBE-TCPP.4.1.0
2024-11-07 09:50:21,815 [WARN] PackLoader:240 - Cannot read IP mode file for STMicroelectronics.X-CUBE-AZRTOS-G0.1.1.0
2024-11-07 09:50:21,831 [WARN] PackLoader:240 - Cannot read IP mode file for STMicroelectronics.X-CUBE-SAFEA1.1.2.2
2024-11-07 09:50:21,850 [WARN] PackLoader:240 - Cannot read IP mode file for STMicroelectronics.X-CUBE-NFC4.3.0.0
2024-11-07 09:50:21,876 [WARN] PackLoader:240 - Cannot read IP mode file for EmbeddedOffice.I-CUBE-FS-RTOS.1.0.1
2024-11-07 09:50:21,877 [ERROR] ConditionMgr:805 - Attr not supported : Dmpu
2024-11-07 09:50:21,877 [ERROR] ConditionMgr:805 - Attr not supported : Dmpu
2024-11-07 09:50:21,878 [ERROR] ConditionMgr:805 - Attr not supported : Dmpu
2024-11-07 09:50:21,878 [ERROR] ConditionMgr:805 - Attr not supported : Dmpu
2024-11-07 09:50:21,878 [ERROR] ConditionMgr:805 - Attr not supported : Dmpu
2024-11-07 09:50:21,878 [ERROR] ConditionMgr:805 - Attr not supported : Dmpu
2024-11-07 09:50:21,878 [ERROR] ConditionMgr:805 - Attr not supported : Dmpu
2024-11-07 09:50:21,878 [ERROR] ConditionMgr:805 - Attr not supported : Dmpu
2024-11-07 09:50:21,878 [ERROR] ConditionMgr:805 - Attr not supported : Dmpu
2024-11-07 09:50:21,878 [ERROR] ConditionMgr:805 - Attr not supported : Dmpu
2024-11-07 09:50:21,878 [ERROR] ConditionMgr:805 - Attr not supported : Dmpu
2024-11-07 09:50:21,878 [ERROR] ConditionMgr:805 - Attr not supported : Dmpu
2024-11-07 09:50:21,878 [ERROR] ConditionMgr:805 - Attr not supported : Dmpu
2024-11-07 09:50:21,878 [ERROR] ConditionMgr:805 - Attr not supported : Dmpu
2024-11-07 09:50:21,878 [ERROR] ConditionMgr:805 - Attr not supported : Dmpu
2024-11-07 09:50:21,878 [ERROR] ConditionMgr:805 - Attr not supported : Dmpu
2024-11-07 09:50:21,878 [ERROR] ConditionMgr:805 - Attr not supported : Dmpu
2024-11-07 09:50:21,878 [ERROR] ConditionMgr:805 - Attr not supported : Dmpu
2024-11-07 09:50:21,878 [ERROR] ConditionMgr:805 - Attr not supported : Dmpu
2024-11-07 09:50:21,878 [ERROR] ConditionMgr:805 - Attr not supported : Dmpu
2024-11-07 09:50:21,879 [ERROR] ConditionMgr:805 - Attr not supported : Dmpu
2024-11-07 09:50:21,879 [ERROR] ConditionMgr:805 - Attr not supported : Dmpu
2024-11-07 09:50:21,879 [ERROR] ConditionMgr:805 - Attr not supported : Dmpu
2024-11-07 09:50:21,879 [ERROR] ConditionMgr:805 - Attr not supported : Dmpu
2024-11-07 09:50:21,879 [ERROR] ConditionMgr:805 - Attr not supported : Dmpu
2024-11-07 09:50:21,879 [ERROR] ConditionMgr:805 - Attr not supported : Dmpu
2024-11-07 09:50:21,879 [ERROR] ConditionMgr:805 - Attr not supported : Dmpu
2024-11-07 09:50:21,879 [ERROR] ConditionMgr:805 - Attr not supported : Dmpu
2024-11-07 09:50:21,879 [ERROR] ConditionMgr:805 - Attr not supported : Dmpu
2024-11-07 09:50:21,880 [ERROR] ConditionMgr:805 - Attr not supported : Dmpu
2024-11-07 09:50:21,880 [ERROR] ConditionMgr:805 - Attr not supported : Dmpu
2024-11-07 09:50:21,880 [ERROR] ConditionMgr:805 - Attr not supported : Dmpu
2024-11-07 09:50:21,880 [ERROR] ConditionMgr:805 - Attr not supported : Dmpu
2024-11-07 09:50:21,880 [ERROR] ConditionMgr:805 - Attr not supported : Dmpu
2024-11-07 09:50:21,880 [ERROR] ConditionMgr:805 - Attr not supported : Dmpu
2024-11-07 09:50:21,880 [ERROR] ConditionMgr:805 - Attr not supported : Dmpu
2024-11-07 09:50:21,880 [ERROR] ConditionMgr:805 - Attr not supported : Dmpu
2024-11-07 09:50:21,880 [ERROR] ConditionMgr:805 - Attr not supported : Dmpu
2024-11-07 09:50:21,880 [ERROR] ConditionMgr:805 - Attr not supported : Dmpu
2024-11-07 09:50:21,880 [ERROR] ConditionMgr:805 - Attr not supported : Dmpu
2024-11-07 09:50:21,880 [ERROR] ConditionMgr:805 - Attr not supported : Dmpu
2024-11-07 09:50:21,880 [ERROR] ConditionMgr:805 - Attr not supported : Dmpu
2024-11-07 09:50:21,880 [ERROR] ConditionMgr:805 - Attr not supported : Dmpu
2024-11-07 09:50:21,881 [ERROR] ConditionMgr:805 - Attr not supported : Dmpu
2024-11-07 09:50:21,881 [ERROR] ConditionMgr:805 - Attr not supported : Dmpu
2024-11-07 09:50:21,881 [ERROR] ConditionMgr:805 - Attr not supported : Dmpu
2024-11-07 09:50:21,881 [ERROR] ConditionMgr:805 - Attr not supported : Dmpu
2024-11-07 09:50:21,881 [ERROR] ConditionMgr:805 - Attr not supported : Dmpu
2024-11-07 09:50:21,881 [ERROR] ConditionMgr:805 - Attr not supported : Dmpu
2024-11-07 09:50:21,881 [ERROR] ConditionMgr:805 - Attr not supported : Dmpu
2024-11-07 09:50:21,881 [ERROR] ConditionMgr:805 - Attr not supported : Dmpu
2024-11-07 09:50:21,881 [ERROR] ConditionMgr:805 - Attr not supported : Dmpu
2024-11-07 09:50:21,881 [ERROR] ConditionMgr:805 - Attr not supported : Dmpu
2024-11-07 09:50:21,881 [ERROR] ConditionMgr:805 - Attr not supported : Dmpu
2024-11-07 09:50:21,881 [ERROR] ConditionMgr:805 - Attr not supported : Dmpu
2024-11-07 09:50:21,881 [ERROR] ConditionMgr:805 - Attr not supported : Dmpu
2024-11-07 09:50:21,881 [ERROR] ConditionMgr:805 - Attr not supported : Dmpu
2024-11-07 09:50:21,881 [ERROR] ConditionMgr:805 - Attr not supported : Dmpu
2024-11-07 09:50:21,881 [ERROR] ConditionMgr:805 - Attr not supported : Dmpu
2024-11-07 09:50:21,881 [ERROR] ConditionMgr:805 - Attr not supported : Dmpu
2024-11-07 09:50:21,881 [ERROR] ConditionMgr:805 - Attr not supported : Dmpu
2024-11-07 09:50:21,881 [ERROR] ConditionMgr:805 - Attr not supported : Dmpu
2024-11-07 09:50:21,881 [ERROR] ConditionMgr:805 - Attr not supported : Dmpu
2024-11-07 09:50:21,881 [ERROR] ConditionMgr:805 - Attr not supported : Dmpu
2024-11-07 09:50:21,899 [WARN] PackLoader:240 - Cannot read IP mode file for RealThread.X-CUBE-RT-Thread_Nano.4.1.1
2024-11-07 09:50:21,911 [WARN] PackLoader:240 - Cannot read IP mode file for STMicroelectronics.FP-ATR-SIGFOX1.3.2.0
2024-11-07 09:50:21,923 [WARN] PackLoader:240 - Cannot read IP mode file for wolfSSL.I-CUBE-wolfSSL.5.7.2
2024-11-07 09:50:21,935 [WARN] PackLoader:240 - Cannot read IP mode file for STMicroelectronics.X-CUBE-EEPRMA1.5.1.0
2024-11-07 09:50:21,952 [WARN] PackLoader:240 - Cannot read IP mode file for ITTIA_DB.I-CUBE-ITTIADB.8.9.0
2024-11-07 09:50:21,991 [WARN] PackLoader:240 - Cannot read IP mode file for SEGGER.I-CUBE-embOS.1.3.1
2024-11-07 09:50:22,046 [WARN] PackLoader:240 - Cannot read IP mode file for STMicroelectronics.X-CUBE-ALGOBUILD.1.4.0
2024-11-07 09:50:22,060 [WARN] PackLoader:240 - Cannot read IP mode file for STMicroelectronics.X-CUBE-AI.9.1.0
2024-11-07 09:50:22,083 [WARN] PackLoader:240 - Cannot read IP mode file for STMicroelectronics.X-CUBE-AZRTOS-F4.1.1.0
2024-11-07 09:50:22,097 [WARN] PackLoader:240 - Cannot read IP mode file for STMicroelectronics.X-CUBE-ISPU.2.1.0
2024-11-07 09:50:22,109 [WARN] PackLoader:240 - Cannot read IP mode file for STMicroelectronics.X-CUBE-FREERTOS.1.2.0
2024-11-07 09:50:22,135 [WARN] PackLoader:240 - Cannot read IP mode file for STMicroelectronics.X-CUBE-AZRTOS-L5.2.0.0
2024-11-07 09:50:22,153 [WARN] PackLoader:240 - Cannot read IP mode file for STMicroelectronics.X-CUBE-NFC6.3.1.0
2024-11-07 09:50:22,171 [WARN] PackLoader:240 - Cannot read IP mode file for STMicroelectronics.X-CUBE-DPower.1.2.0
2024-11-07 09:50:22,184 [WARN] PackLoader:240 - Cannot read IP mode file for STMicroelectronics.X-CUBE-AI.9.0.0
2024-11-07 09:50:22,199 [WARN] PackLoader:240 - Cannot read IP mode file for STMicroelectronics.X-CUBE-NFC7.1.0.1
2024-11-07 09:50:22,225 [WARN] ConditionMgr:438 - getConditionDescription Invalid condition id : LAN8742 Phy interface Condition cause : null
2024-11-07 09:50:22,225 [WARN] PackLoader:240 - Cannot read IP mode file for STMicroelectronics.X-CUBE-AZRTOS-L4.2.0.0
2024-11-07 09:50:22,226 [WARN] ConditionMgr:1039 - genDependencies : Invalid condition id : LAN8742 Phy interface Condition cause : null
2024-11-07 09:50:22,226 [WARN] ConditionMgr:1039 - genDependencies : Invalid condition id : LAN8742 Phy interface Condition cause : null
2024-11-07 09:50:22,226 [WARN] ConditionMgr:1039 - genDependencies : Invalid condition id : LAN8742 Phy interface Condition cause : null
2024-11-07 09:50:22,242 [WARN] PackLoader:240 - Cannot read IP mode file for STMicroelectronics.X-CUBE-SFXS2LP1.4.0.0
2024-11-07 09:50:22,272 [WARN] PackLoader:240 - Cannot read IP mode file for STMicroelectronics.X-CUBE-AZRTOS-H7.3.3.0
2024-11-07 09:50:22,289 [WARN] PackLoader:240 - Cannot read IP mode file for STMicroelectronics.X-CUBE-IPS.3.0.0
2024-11-07 09:50:22,311 [WARN] ConditionMgr:438 - getConditionDescription Invalid condition id : UX DEVICE CLASS RTOS Condition cause : null
2024-11-07 09:50:22,312 [WARN] ConditionMgr:438 - getConditionDescription Invalid condition id : UX DEVICE CLASS RTOS Condition cause : null
2024-11-07 09:50:22,313 [WARN] PackLoader:240 - Cannot read IP mode file for STMicroelectronics.X-CUBE-AZRTOS-WB.2.0.0
2024-11-07 09:50:22,313 [WARN] ConditionMgr:1039 - genDependencies : Invalid condition id : UX DEVICE CLASS RTOS Condition cause : null
2024-11-07 09:50:22,313 [WARN] ConditionMgr:1039 - genDependencies : Invalid condition id : UX DEVICE CLASS RTOS Condition cause : null
2024-11-07 09:50:22,313 [WARN] ConditionMgr:1039 - genDependencies : Invalid condition id : UX DEVICE CLASS RTOS Condition cause : null
2024-11-07 09:50:22,314 [WARN] ConditionMgr:1039 - genDependencies : Invalid condition id : UX DEVICE CLASS RTOS Condition cause : null
2024-11-07 09:50:22,314 [WARN] ConditionMgr:1039 - genDependencies : Invalid condition id : UX DEVICE CLASS RTOS Condition cause : null
2024-11-07 09:50:22,330 [WARN] PackLoader:240 - Cannot read IP mode file for STMicroelectronics.X-CUBE-GNSS1.7.0.0
2024-11-07 09:50:22,344 [WARN] PackLoader:240 - Cannot read IP mode file for STMicroelectronics.FP-SNS-STBOX1.2.0.0
2024-11-07 09:50:22,361 [WARN] PackLoader:240 - Cannot read IP mode file for STMicroelectronics.X-CUBE-SUBG2.5.0.0
2024-11-07 09:50:22,381 [WARN] PackLoader:240 - Cannot read IP mode file for Cesanta.I-CUBE-Mongoose.7.13.0
2024-11-07 09:50:22,404 [WARN] PackLoader:240 - Cannot read IP mode file for STMicroelectronics.X-CUBE-AZRTOS-G4.2.0.0
2024-11-07 09:50:22,421 [WARN] PackLoader:240 - Cannot read IP mode file for STMicroelectronics.X-CUBE-ALS.1.0.2
2024-11-07 09:50:22,444 [WARN] PackLoader:240 - Cannot read IP mode file for STMicroelectronics.X-CUBE-TOUCHGFX.4.24.1
2024-11-07 09:50:22,458 [WARN] PackLoader:240 - Cannot read IP mode file for wolfSSL.I-CUBE-wolfTPM.3.4.0
2024-11-07 09:50:22,471 [WARN] PackLoader:240 - Cannot read IP mode file for portGmbH.I-Cube-SoM-uGOAL.1.1.0
2024-11-07 09:50:22,496 [WARN] PackLoader:240 - Cannot read IP mode file for STMicroelectronics.X-CUBE-AZRTOS-H7RS.1.0.0
2024-11-07 09:50:22,510 [WARN] PackLoader:240 - Cannot read IP mode file for STMicroelectronics.FP-ATR-ASTRA1.2.0.0
2024-11-07 09:50:22,526 [WARN] PackLoader:240 - Cannot read IP mode file for STMicroelectronics.X-CUBE-TOF1.3.4.2
2024-11-07 09:50:22,567 [WARN] PackLoader:240 - Cannot read IP mode file for Infineon.AIROC-Wi-Fi-Bluetooth-STM32.1.6.1
2024-11-07 09:50:22,584 [WARN] PackLoader:240 - Cannot read IP mode file for wolfSSL.I-CUBE-wolfSSH.1.4.17
2024-11-07 09:50:22,587 [INFO] ThirdParty:978 - Integrity check success = true
2024-11-07 09:50:22,587 [INFO] IntegrityCheckThread:100 - exiting critical section [integrity check]
2024-11-07 09:50:22,587 [INFO] IntegrityCheckThread:103 - End integrity checks thread
2024-11-07 09:50:25,472 [INFO] WebApp:167 - Instantiating new browser for Auth
2024-11-07 09:50:26,214 [INFO] WebApp:448 - Apply proxy settings
2024-11-07 09:50:26,215 [INFO] WebApp:533 - Chromium requires no authentication
2024-11-07 09:50:26,226 [INFO] WebApp:476 - Direct internet connection detected
2024-11-07 09:50:26,252 [INFO] WebApp:869 - Register for checkConnection events
2024-11-07 09:50:26,253 [INFO] WebApp:448 - Apply proxy settings
2024-11-07 09:50:26,253 [INFO] WebApp:533 - Chromium requires no authentication
2024-11-07 09:50:26,254 [INFO] WebApp:476 - Direct internet connection detected
2024-11-07 09:50:26,424 [INFO] WebApp:220 - Starting web application
2024-11-07 09:50:26,425 [INFO] WebApp:578 - Web application path used C:\ST\STM32CubeIDE_1.16.1\STM32CubeIDE\plugins\com.st.stm32cube.common.mx_6.12.1.202409122256\db\plugins\mcufinder\reactClient1\index.html
2024-11-07 09:50:26,751 [INFO] WebApp:186 - Connection restablished
2024-11-07 09:50:29,394 [INFO] WebApp:189 - Connection lost
2024-11-07 09:50:29,672 [INFO] WebApp:186 - Connection restablished
2024-11-07 09:52:55,289 [ERROR] LogOutputStream:75 - [STDERR_REDIRECT] 
