2024-12-03 00:06:20,520 [INFO] WebApp:189 - Connection lost
2024-12-03 00:06:20,711 [INFO] WebApp:186 - Connection restablished
2024-12-03 00:08:23,643 [INFO] WebApp:189 - Connection lost
2024-12-03 00:08:24,112 [INFO] WebApp:186 - Connection restablished
2024-12-03 00:19:16,985 [INFO] UtilMem:75 - End SaveConfig() Used Memory: 937594880 Bytes (1073741824)
2024-12-03 00:19:19,045 [INFO] UtilMem:75 - End SaveConfig() Used Memory: 770863408 Bytes (1073741824)
2024-12-03 00:19:20,573 [INFO] UtilMem:75 - End SaveConfig() Used Memory: 830110000 Bytes (1073741824)
2024-12-03 00:19:20,918 [INFO] BlockDiagram:2766 - set Specific Code input for plugin: RCC
2024-12-03 00:19:20,918 [INFO] BlockDiagram:2766 - set Specific Code input for plugin: USART
2024-12-03 00:19:20,918 [INFO] BlockDiagram:2766 - set Specific Code input for plugin: MEMORYMAP
2024-12-03 00:19:20,918 [INFO] BlockDiagram:2766 - set Specific Code input for plugin: TIM6_7H7
2024-12-03 00:19:20,918 [INFO] BlockDiagram:2766 - set Specific Code input for plugin: SYS
2024-12-03 00:19:20,918 [INFO] BlockDiagram:2766 - set Specific Code input for plugin: ADC
2024-12-03 00:19:20,918 [INFO] BlockDiagram:2766 - set Specific Code input for plugin: NVIC
2024-12-03 00:19:20,919 [INFO] BlockDiagram:2766 - set Specific Code input for plugin: GPIO
2024-12-03 00:19:20,920 [INFO] CodeGenerator:807 - code generatio: config db path: C:\ST\STM32CubeIDE_1.16.1\STM32CubeIDE\plugins\com.st.stm32cube.common.mx_6.12.1.202409122256\\db\
2024-12-03 00:19:21,080 [INFO] CodeEngine:255 - oldGeneratedFile, C:\Users\yehan\Documents\Uni\Esperimentazioni-Elettronica\Temperature\ADC_Temperature\MXTmpFiles\license.tmp_save
2024-12-03 00:19:21,194 [INFO] CodeEngine:279 - Generated code: C:\Users\yehan\Documents\Uni\Esperimentazioni-Elettronica\Temperature\ADC_Temperature\MXTmpFiles\license.tmp
2024-12-03 00:19:21,272 [INFO] CodeEngine:255 - oldGeneratedFile, C:\Users\yehan\Documents\Uni\Esperimentazioni-Elettronica\Temperature\ADC_Temperature\MXTmpFiles\gpio.tmp_save
2024-12-03 00:19:21,395 [INFO] CodeEngine:279 - Generated code: C:\Users\yehan\Documents\Uni\Esperimentazioni-Elettronica\Temperature\ADC_Temperature\MXTmpFiles\gpio.tmp
2024-12-03 00:19:21,534 [WARN] IPConfigManager:98 - WARNING: Missing Config File for MEMORYMAP ip!!
2024-12-03 00:19:21,815 [INFO] CodeEngine:255 - oldGeneratedFile, C:\Users\yehan\Documents\Uni\Esperimentazioni-Elettronica\Temperature\ADC_Temperature\MXTmpFiles\cortex.tmp_save
2024-12-03 00:19:21,915 [INFO] CodeEngine:279 - Generated code: C:\Users\yehan\Documents\Uni\Esperimentazioni-Elettronica\Temperature\ADC_Temperature\MXTmpFiles\cortex.tmp
2024-12-03 00:19:21,960 [INFO] CodeEngine:255 - oldGeneratedFile, C:\Users\yehan\Documents\Uni\Esperimentazioni-Elettronica\Temperature\ADC_Temperature\Core\Src\stm32h7xx_it.c_save
2024-12-03 00:19:22,286 [INFO] CodeEngine:279 - Generated code: C:\Users\yehan\Documents\Uni\Esperimentazioni-Elettronica\Temperature\ADC_Temperature\Core\Src\stm32h7xx_it.c
2024-12-03 00:19:22,331 [INFO] CodeEngine:255 - oldGeneratedFile, C:\Users\yehan\Documents\Uni\Esperimentazioni-Elettronica\Temperature\ADC_Temperature\Core\Inc\stm32h7xx_it.h_save
2024-12-03 00:19:22,469 [INFO] CodeEngine:279 - Generated code: C:\Users\yehan\Documents\Uni\Esperimentazioni-Elettronica\Temperature\ADC_Temperature\Core\Inc\stm32h7xx_it.h
2024-12-03 00:19:22,616 [INFO] CodeEngine:255 - oldGeneratedFile, C:\Users\yehan\Documents\Uni\Esperimentazioni-Elettronica\Temperature\ADC_Temperature\Core\Src\stm32h7xx_hal_msp.c_save
2024-12-03 00:19:22,766 [INFO] CodeEngine:279 - Generated code: C:\Users\yehan\Documents\Uni\Esperimentazioni-Elettronica\Temperature\ADC_Temperature\Core\Src\stm32h7xx_hal_msp.c
2024-12-03 00:19:22,781 [INFO] CodeEngine:255 - oldGeneratedFile, C:\Users\yehan\Documents\Uni\Esperimentazioni-Elettronica\Temperature\ADC_Temperature\MXTmpFiles\system.tmp_save
2024-12-03 00:19:22,865 [INFO] CodeEngine:279 - Generated code: C:\Users\yehan\Documents\Uni\Esperimentazioni-Elettronica\Temperature\ADC_Temperature\MXTmpFiles\system.tmp
2024-12-03 00:19:22,890 [INFO] CodeEngine:311 - oldGeneratedFile, C:\Users\yehan\Documents\Uni\Esperimentazioni-Elettronica\Temperature\ADC_Temperature\Core\Inc\stm32h7xx_hal_conf.h_save
2024-12-03 00:19:23,006 [INFO] CodeEngine:335 - Generated code: C:\Users\yehan\Documents\Uni\Esperimentazioni-Elettronica\Temperature\ADC_Temperature\Core\Inc\stm32h7xx_hal_conf.h
2024-12-03 00:19:23,046 [WARN] IPConfigManager:3554 - IP not found : TIM
2024-12-03 00:19:23,047 [WARN] CodeGenerator:4002 - IP not found : null
2024-12-03 00:19:23,081 [INFO] CodeEngine:255 - oldGeneratedFile, C:\Users\yehan\Documents\Uni\Esperimentazioni-Elettronica\Temperature\ADC_Temperature\Core\Inc\main.h_save
2024-12-03 00:19:23,204 [INFO] CodeEngine:279 - Generated code: C:\Users\yehan\Documents\Uni\Esperimentazioni-Elettronica\Temperature\ADC_Temperature\Core\Inc\main.h
2024-12-03 00:19:23,233 [INFO] CodeEngine:255 - oldGeneratedFile, C:\Users\yehan\Documents\Uni\Esperimentazioni-Elettronica\Temperature\ADC_Temperature\Core\Src\main.c_save
2024-12-03 00:19:23,370 [INFO] CodeEngine:279 - Generated code: C:\Users\yehan\Documents\Uni\Esperimentazioni-Elettronica\Temperature\ADC_Temperature\Core\Src\main.c
2024-12-03 00:19:23,747 [INFO] ProjectBuilder:3249 - Time for Copy HAL[1] : 231mS.
2024-12-03 00:19:23,750 [INFO] ProjectBuilder:4828 - Project Generator version: 4.5.0-B34
2024-12-03 00:19:23,818 [INFO] ConfigFileManager:1531 - The Die is : DIE450
2024-12-03 00:19:24,751 [INFO] ProjectBuilder:5097 - Time for Generating toolchain IDE Files: 1001mS.
2024-12-03 00:19:24,752 [INFO] ProjectBuilder:3107 - Time for Copy CMSIS : 1mS.
2024-12-03 00:19:24,754 [INFO] ProjectBuilder:3107 - Time for Copy CMSIS : 1mS.
2024-12-03 00:25:59,452 [INFO] WebApp:189 - Connection lost
2024-12-03 00:25:59,645 [INFO] WebApp:186 - Connection restablished
2024-12-03 00:26:23,420 [INFO] WebApp:189 - Connection lost
2024-12-03 00:26:23,584 [INFO] WebApp:186 - Connection restablished
