2024-11-17 21:32:54,785 [INFO] Activator:176 - 


2024-11-17 21:32:54,787 [INFO] Activator:177 - !SESSION log4j initialized
2024-11-17 21:32:57,502 [INFO] LogOutputStream:77 - [STDOUT_REDIRECT] 
2024-11-17 21:33:04,268 [INFO] ApplicationProperties:184 - Using Application install path: C:\ST\STM32CubeIDE_1.16.1\STM32CubeIDE\plugins\com.st.stm32cube.common.mx_6.12.1.202409122256
2024-11-17 21:33:04,429 [INFO] DbMcusXml:78 - Set database path to: C:\ST\STM32CubeIDE_1.16.1\STM32CubeIDE\plugins\com.st.stm32cube.common.mx_6.12.1.202409122256\\db\/mcu/
2024-11-17 21:33:04,436 [INFO] ApiDb:274 - Set plugin database path to: C:\ST\STM32CubeIDE_1.16.1\STM32CubeIDE\plugins\com.st.stm32cube.common.mx_6.12.1.202409122256\\db\/plugins/boardmanager/
2024-11-17 21:33:04,438 [WARN] ApiDb:259 - Overriding images path with different value:  => C:\ST\STM32CubeIDE_1.16.1\STM32CubeIDE\plugins\com.st.stm32cube.common.mx_6.12.1.202409122256\\db\/plugins/mcufinder/images/
2024-11-17 21:33:04,507 [INFO] ApiDb:250 - Set database path to: C:\Users\yehan\.stmcufinder\plugins\mcufinder//mcu/
2024-11-17 21:33:04,515 [INFO] DbMcusAds:125 - Set database path to: C:\Users\yehan\.stmcufinder\plugins\mcufinder//mcu/
2024-11-17 21:33:04,536 [INFO] CrossReferenceDbSqlite:203 - Set database path to: C:\Users\yehan\.stmcufinder\plugins\mcufinder//mcu/cs/
2024-11-17 21:33:05,116 [INFO] RulesReader:64 - Compatibility file has been processed (297 Rules)
2024-11-17 21:33:05,423 [INFO] DbMcusXml:78 - Set database path to: C:\ST\STM32CubeIDE_1.16.1\STM32CubeIDE\plugins\com.st.stm32cube.common.mx_6.12.1.202409122256\\db\/mcu/
2024-11-17 21:33:05,423 [INFO] ApiDb:274 - Set plugin database path to: C:\ST\STM32CubeIDE_1.16.1\STM32CubeIDE\plugins\com.st.stm32cube.common.mx_6.12.1.202409122256\\db\/plugins/boardmanager/
2024-11-17 21:33:05,424 [INFO] ApiDb:261 - Set plugin images path to: C:\ST\STM32CubeIDE_1.16.1\STM32CubeIDE\plugins\com.st.stm32cube.common.mx_6.12.1.202409122256\\db\/plugins/mcufinder/images/
2024-11-17 21:33:05,424 [WARN] DbFile:41 - Overriding database path with different value: C:\Users\yehan\.stmcufinder\plugins\mcufinder/ => C:\Users\yehan\.stmcufinder\plugins\mcufinder
2024-11-17 21:33:05,424 [INFO] ApiDb:250 - Set database path to: C:\Users\yehan\.stmcufinder\plugins\mcufinder//mcu/
2024-11-17 21:33:05,424 [WARN] DbFile:41 - Overriding database path with different value: C:\Users\yehan\.stmcufinder\plugins\mcufinder/ => C:\Users\yehan\.stmcufinder\plugins\mcufinder
2024-11-17 21:33:05,424 [INFO] DbMcusAds:125 - Set database path to: C:\Users\yehan\.stmcufinder\plugins\mcufinder//mcu/
2024-11-17 21:33:05,424 [WARN] DbFile:41 - Overriding database path with different value: C:\Users\yehan\.stmcufinder\plugins\mcufinder/ => C:\Users\yehan\.stmcufinder\plugins\mcufinder
2024-11-17 21:33:05,424 [WARN] DbFile:41 - Overriding database path with different value: C:\Users\yehan\.stmcufinder\plugins\mcufinder/ => C:\Users\yehan\.stmcufinder\plugins\mcufinder
2024-11-17 21:33:05,424 [INFO] CrossReferenceDbSqlite:203 - Set database path to: C:\Users\yehan\.stmcufinder\plugins\mcufinder//mcu/cs/
2024-11-17 21:33:05,848 [INFO] MainPanel:268 - HeapMemory: 268435456
2024-11-17 21:33:06,363 [INFO] DbMcusXml:78 - Set database path to: C:\ST\STM32CubeIDE_1.16.1\STM32CubeIDE\plugins\com.st.stm32cube.common.mx_6.12.1.202409122256\\db\/mcu/
2024-11-17 21:33:06,364 [INFO] ApiDb:274 - Set plugin database path to: C:\ST\STM32CubeIDE_1.16.1\STM32CubeIDE\plugins\com.st.stm32cube.common.mx_6.12.1.202409122256\\db\/plugins/boardmanager/
2024-11-17 21:33:06,364 [INFO] ApiDb:261 - Set plugin images path to: C:\ST\STM32CubeIDE_1.16.1\STM32CubeIDE\plugins\com.st.stm32cube.common.mx_6.12.1.202409122256\\db\/plugins/mcufinder/images/
2024-11-17 21:33:06,366 [WARN] DbFile:41 - Overriding database path with different value: C:\Users\yehan\.stmcufinder\plugins\mcufinder/ => C:\Users\yehan\.stmcufinder\plugins\mcufinder
2024-11-17 21:33:06,366 [INFO] ApiDb:250 - Set database path to: C:\Users\yehan\.stmcufinder\plugins\mcufinder//mcu/
2024-11-17 21:33:06,366 [WARN] DbFile:41 - Overriding database path with different value: C:\Users\yehan\.stmcufinder\plugins\mcufinder/ => C:\Users\yehan\.stmcufinder\plugins\mcufinder
2024-11-17 21:33:06,366 [INFO] DbMcusAds:125 - Set database path to: C:\Users\yehan\.stmcufinder\plugins\mcufinder//mcu/
2024-11-17 21:33:06,366 [WARN] DbFile:41 - Overriding database path with different value: C:\Users\yehan\.stmcufinder\plugins\mcufinder/ => C:\Users\yehan\.stmcufinder\plugins\mcufinder
2024-11-17 21:33:06,366 [WARN] DbFile:41 - Overriding database path with different value: C:\Users\yehan\.stmcufinder\plugins\mcufinder/ => C:\Users\yehan\.stmcufinder\plugins\mcufinder
2024-11-17 21:33:06,366 [INFO] CrossReferenceDbSqlite:203 - Set database path to: C:\Users\yehan\.stmcufinder\plugins\mcufinder//mcu/cs/
2024-11-17 21:33:06,430 [INFO] ApplicationProperties:184 - Using Application install path: C:\ST\STM32CubeIDE_1.16.1\STM32CubeIDE\plugins\com.st.stm32cube.common.mx_6.12.1.202409122256
2024-11-17 21:33:06,445 [INFO] PluginManage:196 - Search for loadable plugins [exclusion list=, ]
2024-11-17 21:33:06,454 [INFO] PluginManage:310 - Check plugin analytics
2024-11-17 21:33:07,314 [INFO] AnalyticsPlugin:253 - Accepted Software Licenses: STM32CubeMX.6.12.1
2024-11-17 21:33:07,324 [INFO] AnalyticsPlugin:255 - Accepted CMSIS Pack Licenses: 
2024-11-17 21:33:07,325 [INFO] AnalyticsPlugin:257 - Accepted Firmware Licenses: FW.H7.1.11.0
2024-11-17 21:33:07,331 [INFO] PluginManage:359 - Loaded plugin analytics (category:tool,tabindex:-1)
2024-11-17 21:33:07,332 [INFO] PluginManage:310 - Check plugin cadmodel
2024-11-17 21:33:07,363 [INFO] CADModel:105 - Init CAD model plugin
2024-11-17 21:33:07,363 [INFO] PluginManage:359 - Loaded plugin cadmodel (category:power,tabindex:5)
2024-11-17 21:33:07,364 [INFO] PluginManage:310 - Check plugin clock
2024-11-17 21:33:07,433 [INFO] PluginManage:359 - Loaded plugin clock (category:base,tabindex:2)
2024-11-17 21:33:07,433 [INFO] PluginManage:310 - Check plugin ddr
2024-11-17 21:33:07,446 [INFO] PluginManage:359 - Loaded plugin ddr (category:tool,tabindex:6)
2024-11-17 21:33:07,446 [INFO] PluginManage:310 - Check plugin filemanager
2024-11-17 21:33:08,139 [INFO] PluginManage:359 - Loaded plugin filemanager (category:base,tabindex:10)
2024-11-17 21:33:08,139 [INFO] PluginManage:310 - Check plugin ipmanager
2024-11-17 21:33:08,170 [INFO] PluginManage:359 - Loaded plugin ipmanager (category:base,tabindex:5)
2024-11-17 21:33:08,170 [INFO] PluginManage:310 - Check plugin lpbam
2024-11-17 21:33:08,224 [INFO] PluginManage:359 - Loaded plugin lpbam (category:base,tabindex:0)
2024-11-17 21:33:08,224 [INFO] PluginManage:310 - Check plugin memorymap
2024-11-17 21:33:08,354 [INFO] PluginManage:359 - Loaded plugin memorymap (category:base,tabindex:4)
2024-11-17 21:33:08,355 [INFO] PluginManage:310 - Check plugin pinoutandconfiguration
2024-11-17 21:33:08,443 [INFO] PluginManage:359 - Loaded plugin pinoutandconfiguration (category:base,tabindex:1)
2024-11-17 21:33:08,444 [INFO] PluginManage:310 - Check plugin pinoutconfig
2024-11-17 21:33:08,973 [WARN] SupportedApi:132 - Cannot load RTOS API schema: s4s-elt-must-match.1: The content of 'definitions' must match (annotation?, (simpleType | complexType)?, (unique | key | keyref)*)). A problem was found starting at: attribute.
2024-11-17 21:33:09,876 [INFO] PluginManage:359 - Loaded plugin pinoutconfig (category:base,tabindex:0)
2024-11-17 21:33:09,876 [INFO] PluginManage:310 - Check plugin power
2024-11-17 21:33:09,918 [INFO] PluginManage:359 - Loaded plugin power (category:power,tabindex:4)
2024-11-17 21:33:09,919 [INFO] PluginManage:310 - Check plugin projectmanager
2024-11-17 21:33:09,966 [INFO] PluginManage:359 - Loaded plugin projectmanager (category:projectmanager,tabindex:4)
2024-11-17 21:33:09,966 [INFO] PluginManage:310 - Check plugin rif
2024-11-17 21:33:10,012 [INFO] PluginManage:359 - Loaded plugin rif (category:base,tabindex:3)
2024-11-17 21:33:10,013 [INFO] PluginManage:310 - Check plugin thirdparty
2024-11-17 21:33:10,779 [WARN] IntegrityCheckThread:84 - waiting for thirdparty lock release [integrity check]
2024-11-17 21:33:10,779 [INFO] IntegrityCheckThread:86 - entering critical section [integrity check]
2024-11-17 21:33:10,780 [INFO] PluginManage:359 - Loaded plugin thirdparty (category:base,tabindex:-1)
2024-11-17 21:33:10,781 [INFO] ThirdPartyUpdaterWithRetryManager:70 - Updater plugin not ready yet. [1/15]
2024-11-17 21:33:10,781 [INFO] PluginManage:310 - Check plugin tools
2024-11-17 21:33:10,847 [INFO] PluginManage:359 - Loaded plugin tools (category:base,tabindex:7)
2024-11-17 21:33:10,848 [INFO] PluginManage:310 - Check plugin tutovideos
2024-11-17 21:33:11,630 [INFO] PluginManage:359 - Loaded plugin tutovideos (category:base,tabindex:-1)
2024-11-17 21:33:11,631 [INFO] PluginManage:310 - Check plugin updater
2024-11-17 21:33:11,664 [INFO] PluginManage:359 - Loaded plugin updater (category:base,tabindex:12)
2024-11-17 21:33:11,664 [INFO] PluginManage:310 - Check plugin userauth
2024-11-17 21:33:11,678 [INFO] UserAuth:113 - Init User Auth plugin
2024-11-17 21:33:11,678 [INFO] PluginManage:359 - Loaded plugin userauth (category:base,tabindex:14)
2024-11-17 21:33:11,680 [INFO] PluginManage:283 - PluginManage : Loaded plugins [18]
2024-11-17 21:33:11,988 [INFO] PinOutPanel:1561 - setPackage(No Configuration,No Configuration)
2024-11-17 21:33:12,087 [INFO] CADModel:165 - CPN selected for project level
2024-11-17 21:33:12,087 [INFO] CADModel:114 - Register for checkConnection events
2024-11-17 21:33:12,116 [INFO] IPUIPlugin:80 - create IPUIPlugin
2024-11-17 21:33:12,117 [INFO] PluginManager:220 - loadIPPluginJar : add adc
2024-11-17 21:33:12,159 [INFO] IPUIPlugin:80 - create IPUIPlugin
2024-11-17 21:33:12,159 [INFO] PluginManager:220 - loadIPPluginJar : add aes
2024-11-17 21:33:12,203 [INFO] IPUIPlugin:80 - create IPUIPlugin
2024-11-17 21:33:12,203 [INFO] PluginManager:220 - loadIPPluginJar : add can
2024-11-17 21:33:12,229 [INFO] IPUIPlugin:80 - create IPUIPlugin
2024-11-17 21:33:12,229 [INFO] PluginManager:220 - loadIPPluginJar : add comp
2024-11-17 21:33:12,262 [INFO] IPUIPlugin:80 - create IPUIPlugin
2024-11-17 21:33:12,262 [INFO] PluginManager:220 - loadIPPluginJar : add cryp
2024-11-17 21:33:12,275 [INFO] IPUIPlugin:80 - create IPUIPlugin
2024-11-17 21:33:12,275 [INFO] PluginManager:220 - loadIPPluginJar : add ddr_ctrl_phy
2024-11-17 21:33:12,302 [INFO] IPUIPlugin:80 - create IPUIPlugin
2024-11-17 21:33:12,302 [INFO] PluginManager:220 - loadIPPluginJar : add dfsdm
2024-11-17 21:33:12,317 [INFO] IPUIPlugin:80 - create IPUIPlugin
2024-11-17 21:33:12,318 [INFO] PluginManager:220 - loadIPPluginJar : add dma
2024-11-17 21:33:12,354 [INFO] IPUIPlugin:80 - create IPUIPlugin
2024-11-17 21:33:12,355 [INFO] PluginManager:220 - loadIPPluginJar : add dma3
2024-11-17 21:33:12,397 [INFO] IPUIPlugin:80 - create IPUIPlugin
2024-11-17 21:33:12,397 [INFO] PluginManager:220 - loadIPPluginJar : add extmemmanager
2024-11-17 21:33:12,418 [INFO] IPUIPlugin:80 - create IPUIPlugin
2024-11-17 21:33:12,418 [INFO] PluginManager:220 - loadIPPluginJar : add fatfs
2024-11-17 21:33:12,460 [INFO] IPUIPlugin:80 - create IPUIPlugin
2024-11-17 21:33:12,460 [INFO] PluginManager:220 - loadIPPluginJar : add fmc
2024-11-17 21:33:12,485 [INFO] IPUIPlugin:80 - create IPUIPlugin
2024-11-17 21:33:12,485 [INFO] PluginManager:220 - loadIPPluginJar : add freertos
2024-11-17 21:33:12,513 [INFO] IPUIPlugin:80 - create IPUIPlugin
2024-11-17 21:33:12,513 [INFO] PluginManager:220 - loadIPPluginJar : add genericplugin
2024-11-17 21:33:12,589 [INFO] IPUIPlugin:80 - create IPUIPlugin
2024-11-17 21:33:12,589 [INFO] PluginManager:220 - loadIPPluginJar : add gfxmmu
2024-11-17 21:33:12,688 [INFO] IPUIPlugin:80 - create IPUIPlugin
2024-11-17 21:33:12,688 [INFO] PluginManager:220 - loadIPPluginJar : add gic
2024-11-17 21:33:12,700 [INFO] IPUIPlugin:80 - create IPUIPlugin
2024-11-17 21:33:12,701 [INFO] PluginManager:220 - loadIPPluginJar : add gpio
2024-11-17 21:33:12,770 [INFO] IPUIPlugin:80 - create IPUIPlugin
2024-11-17 21:33:12,771 [INFO] PluginManager:220 - loadIPPluginJar : add gtzc
2024-11-17 21:33:12,797 [INFO] IPUIPlugin:80 - create IPUIPlugin
2024-11-17 21:33:12,797 [INFO] PluginManager:220 - loadIPPluginJar : add hash
2024-11-17 21:33:12,837 [INFO] IPUIPlugin:80 - create IPUIPlugin
2024-11-17 21:33:12,838 [INFO] PluginManager:220 - loadIPPluginJar : add i2c
2024-11-17 21:33:12,867 [INFO] IPUIPlugin:80 - create IPUIPlugin
2024-11-17 21:33:12,867 [INFO] PluginManager:220 - loadIPPluginJar : add i2s
2024-11-17 21:33:12,899 [INFO] IPUIPlugin:80 - create IPUIPlugin
2024-11-17 21:33:12,899 [INFO] PluginManager:220 - loadIPPluginJar : add i3c
2024-11-17 21:33:12,975 [INFO] IPUIPlugin:80 - create IPUIPlugin
2024-11-17 21:33:12,975 [INFO] PluginManager:220 - loadIPPluginJar : add ipddr
2024-11-17 21:33:13,047 [INFO] IPUIPlugin:80 - create IPUIPlugin
2024-11-17 21:33:13,047 [INFO] PluginManager:220 - loadIPPluginJar : add linkedlist
2024-11-17 21:33:13,076 [INFO] IPUIPlugin:80 - create IPUIPlugin
2024-11-17 21:33:13,076 [INFO] PluginManager:220 - loadIPPluginJar : add lorawan
2024-11-17 21:33:13,104 [INFO] IPUIPlugin:80 - create IPUIPlugin
2024-11-17 21:33:13,104 [INFO] PluginManager:220 - loadIPPluginJar : add ltdc
2024-11-17 21:33:13,115 [INFO] IPUIPlugin:80 - create IPUIPlugin
2024-11-17 21:33:13,115 [INFO] PluginManager:220 - loadIPPluginJar : add mdma
2024-11-17 21:33:13,125 [INFO] IPUIPlugin:80 - create IPUIPlugin
2024-11-17 21:33:13,125 [INFO] PluginManager:220 - loadIPPluginJar : add nvic
2024-11-17 21:33:13,153 [INFO] IPUIPlugin:80 - create IPUIPlugin
2024-11-17 21:33:13,153 [INFO] PluginManager:220 - loadIPPluginJar : add opamp
2024-11-17 21:33:13,198 [INFO] IPUIPlugin:80 - create IPUIPlugin
2024-11-17 21:33:13,198 [INFO] PluginManager:220 - loadIPPluginJar : add openamp
2024-11-17 21:33:13,233 [INFO] IPUIPlugin:80 - create IPUIPlugin
2024-11-17 21:33:13,233 [INFO] PluginManager:220 - loadIPPluginJar : add pdm2pcm
2024-11-17 21:33:13,245 [INFO] IPUIPlugin:80 - create IPUIPlugin
2024-11-17 21:33:13,247 [INFO] PluginManager:220 - loadIPPluginJar : add plateformsettings
2024-11-17 21:33:13,269 [INFO] IPUIPlugin:80 - create IPUIPlugin
2024-11-17 21:33:13,269 [INFO] PluginManager:220 - loadIPPluginJar : add quadspi
2024-11-17 21:33:13,289 [INFO] IPUIPlugin:80 - create IPUIPlugin
2024-11-17 21:33:13,289 [INFO] PluginManager:220 - loadIPPluginJar : add radio
2024-11-17 21:33:13,299 [INFO] IPUIPlugin:80 - create IPUIPlugin
2024-11-17 21:33:13,299 [INFO] PluginManager:220 - loadIPPluginJar : add resmgrutility
2024-11-17 21:33:13,334 [INFO] IPUIPlugin:80 - create IPUIPlugin
2024-11-17 21:33:13,334 [INFO] PluginManager:220 - loadIPPluginJar : add sai
2024-11-17 21:33:13,365 [INFO] IPUIPlugin:80 - create IPUIPlugin
2024-11-17 21:33:13,365 [INFO] PluginManager:220 - loadIPPluginJar : add spi
2024-11-17 21:33:13,416 [INFO] IPUIPlugin:80 - create IPUIPlugin
2024-11-17 21:33:13,416 [INFO] PluginManager:220 - loadIPPluginJar : add stm32_wpan
2024-11-17 21:33:13,435 [INFO] IPUIPlugin:80 - create IPUIPlugin
2024-11-17 21:33:13,435 [INFO] PluginManager:220 - loadIPPluginJar : add tim
2024-11-17 21:33:13,482 [INFO] IPUIPlugin:80 - create IPUIPlugin
2024-11-17 21:33:13,482 [INFO] PluginManager:220 - loadIPPluginJar : add touchsensing
2024-11-17 21:33:13,501 [INFO] IPUIPlugin:80 - create IPUIPlugin
2024-11-17 21:33:13,501 [INFO] PluginManager:220 - loadIPPluginJar : add tracer_emb
2024-11-17 21:33:13,520 [INFO] IPUIPlugin:80 - create IPUIPlugin
2024-11-17 21:33:13,520 [INFO] PluginManager:220 - loadIPPluginJar : add ts
2024-11-17 21:33:13,541 [INFO] IPUIPlugin:80 - create IPUIPlugin
2024-11-17 21:33:13,541 [INFO] PluginManager:220 - loadIPPluginJar : add tsc
2024-11-17 21:33:13,558 [INFO] IPUIPlugin:80 - create IPUIPlugin
2024-11-17 21:33:13,558 [INFO] PluginManager:220 - loadIPPluginJar : add ucpd
2024-11-17 21:33:13,594 [INFO] IPUIPlugin:80 - create IPUIPlugin
2024-11-17 21:33:13,594 [INFO] PluginManager:220 - loadIPPluginJar : add usart
2024-11-17 21:33:13,628 [INFO] IPUIPlugin:80 - create IPUIPlugin
2024-11-17 21:33:13,628 [INFO] PluginManager:220 - loadIPPluginJar : add usbx
2024-11-17 21:33:13,737 [INFO] CADModel:165 - CPN selected for project level
2024-11-17 21:33:13,737 [INFO] CADModel:114 - Register for checkConnection events
2024-11-17 21:33:13,737 [FATAL] Updater:334 - Updater called before beeing initialized
2024-11-17 21:33:13,737 [ERROR] CADModel:125 - Updater not yet initialized, retry later 
2024-11-17 21:33:13,781 [INFO] ThirdPartyUpdaterWithRetryManager:70 - Updater plugin not ready yet. [2/15]
2024-11-17 21:33:13,905 [INFO] CADModel:165 - CPN selected for project level
2024-11-17 21:33:13,906 [INFO] CADModel:114 - Register for checkConnection events
2024-11-17 21:33:13,906 [FATAL] Updater:334 - Updater called before beeing initialized
2024-11-17 21:33:13,906 [ERROR] CADModel:125 - Updater not yet initialized, retry later 
2024-11-17 21:33:13,908 [FATAL] Updater:334 - Updater called before beeing initialized
2024-11-17 21:33:14,023 [FATAL] Updater:334 - Updater called before beeing initialized
2024-11-17 21:33:14,035 [INFO] DbMcusAds:53 - JSON generation date=Fri Sep 20 15:04:38 CEST 2024 (1726837478367)
2024-11-17 21:33:14,035 [FATAL] Updater:334 - Updater called before beeing initialized
2024-11-17 21:33:14,067 [WARN] DetailPanel:346 - Failed to get advertising image, set to default
2024-11-17 21:33:14,130 [FATAL] Updater:334 - Updater called before beeing initialized
2024-11-17 21:33:14,132 [FATAL] Updater:334 - Updater called before beeing initialized
2024-11-17 21:33:14,132 [FATAL] Updater:334 - Updater called before beeing initialized
2024-11-17 21:33:14,132 [WARN] DetailPanel:346 - Failed to get advertising image, set to default
2024-11-17 21:33:14,133 [FATAL] Updater:334 - Updater called before beeing initialized
2024-11-17 21:33:14,187 [ERROR] Updater:1164 - MainUpdater not yet initialized. External WinMGr cannot be set.
2024-11-17 21:33:14,196 [INFO] Updater:1100 - Updater Version found : 6.12.1
2024-11-17 21:33:14,210 [INFO] ApplicationProperties:184 - Using Application install path: C:\ST\STM32CubeIDE_1.16.1\STM32CubeIDE\plugins\com.st.stm32cube.common.mx_6.12.1.202409122256
2024-11-17 21:33:14,544 [INFO] MainUpdater:2873 - connection check result : 10
2024-11-17 21:33:14,545 [INFO] MainUpdater:290 - Updater Check For Update Now.
2024-11-17 21:33:14,545 [INFO] MicroXplorer:498 - Change Database Version : DB.6.0.121
2024-11-17 21:33:14,658 [INFO] McuFinderGlobals:63 - Set McuFinder mode to 2 (CubeIDE integrated)
2024-11-17 21:33:14,658 [INFO] UserAuth:179 - activating auth plugin
2024-11-17 21:33:14,667 [INFO] UserAuth:417 - Internet connection configuration mode: 1
2024-11-17 21:33:14,763 [INFO] JxBrowserEngine:152 - Initiate JxBrowser Engine with user profile folder
2024-11-17 21:33:14,850 [INFO] CheckServerUpdateThread:120 - End of CheckServer Thread
2024-11-17 21:33:17,070 [WARN] PackLoader:240 - Cannot read IP mode file for STMicroelectronics.FP-SNS-MOTENVWB1.1.4.0
2024-11-17 21:33:17,132 [WARN] PackLoader:240 - Cannot read IP mode file for STMicroelectronics.FP-ATR-ASTRA1.2.0.1
2024-11-17 21:33:17,168 [WARN] PackLoader:240 - Cannot read IP mode file for STMicroelectronics.X-CUBE-SMBUS.2.1.0
2024-11-17 21:33:17,190 [WARN] PackLoader:240 - Cannot read IP mode file for STMicroelectronics.X-CUBE-WB05N.1.1.0
2024-11-17 21:33:17,257 [WARN] PackLoader:240 - Cannot read IP mode file for STMicroelectronics.X-CUBE-AZRTOS-F7.1.1.0
2024-11-17 21:33:17,350 [WARN] PackLoader:240 - Cannot read IP mode file for STMicroelectronics.X-CUBE-MEMS1.11.0.0
2024-11-17 21:33:17,479 [WARN] PackLoader:240 - Cannot read IP mode file for STMicroelectronics.FP-SNS-FLIGHT1.5.0.2
2024-11-17 21:33:17,496 [WARN] PackLoader:240 - Cannot read IP mode file for STMicroelectronics.X-CUBE-DISPLAY.3.0.0
2024-11-17 21:33:17,512 [WARN] PackLoader:240 - Cannot read IP mode file for STMicroelectronics.X-CUBE-BLE1.7.0.0
2024-11-17 21:33:17,526 [WARN] PackLoader:240 - Cannot read IP mode file for STMicroelectronics.X-CUBE-NFC10.1.0.0
2024-11-17 21:33:17,542 [WARN] PackLoader:240 - Cannot read IP mode file for emotas.I-CUBE-CANOPEN.1.3.0
2024-11-17 21:33:17,563 [WARN] PackLoader:240 - Cannot read IP mode file for STMicroelectronics.X-CUBE-BLEMGR.3.1.0
2024-11-17 21:33:17,580 [WARN] PackLoader:240 - Cannot read IP mode file for STMicroelectronics.FP-SNS-SMARTAG2.1.2.0
2024-11-17 21:33:17,599 [INFO] LogOutputStream:77 - [STDOUT_REDIRECT] 1 : Invalid condition id : UX_CORESTACK_Condition cause : null
2024-11-17 21:33:17,600 [INFO] LogOutputStream:77 - [STDOUT_REDIRECT] 1 : Invalid condition id : UX_CORESTACK_Condition cause : null
2024-11-17 21:33:17,602 [INFO] LogOutputStream:77 - [STDOUT_REDIRECT] 1 : Invalid condition id : UX_CORESTACK_Condition cause : null
2024-11-17 21:33:17,604 [INFO] LogOutputStream:77 - [STDOUT_REDIRECT] 1 : Invalid condition id : UX_CORESTACK_Condition cause : null
2024-11-17 21:33:17,605 [INFO] LogOutputStream:77 - [STDOUT_REDIRECT] 1 : Invalid condition id : UX_CORESTACK_Condition cause : null
2024-11-17 21:33:17,607 [WARN] PackLoader:240 - Cannot read IP mode file for STMicroelectronics.X-CUBE-AZRTOS-WL.2.0.0
2024-11-17 21:33:17,620 [WARN] PackLoader:240 - Cannot read IP mode file for STMicroelectronics.FP-SNS-MOTENV1.5.0.0
2024-11-17 21:33:17,630 [WARN] PackLoader:240 - Cannot read IP mode file for wolfSSL.I-CUBE-wolfMQTT.1.19.0
2024-11-17 21:33:17,646 [WARN] PackLoader:240 - Cannot read IP mode file for WES.I-CUBE-Cesium.1.3.0
2024-11-17 21:33:17,659 [WARN] PackLoader:240 - Cannot read IP mode file for STMicroelectronics.X-CUBE-BLE2.3.3.0
2024-11-17 21:33:17,673 [WARN] PackLoader:240 - Cannot read IP mode file for STMicroelectronics.X-CUBE-NFC9.1.0.0
2024-11-17 21:33:17,689 [WARN] PackLoader:240 - Cannot read IP mode file for STMicroelectronics.X-CUBE-TCPP.4.1.0
2024-11-17 21:33:17,718 [WARN] PackLoader:240 - Cannot read IP mode file for STMicroelectronics.X-CUBE-AZRTOS-G0.1.1.0
2024-11-17 21:33:17,737 [WARN] PackLoader:240 - Cannot read IP mode file for STMicroelectronics.X-CUBE-SAFEA1.1.2.2
2024-11-17 21:33:17,752 [WARN] PackLoader:240 - Cannot read IP mode file for STMicroelectronics.X-CUBE-NFC4.3.0.0
2024-11-17 21:33:17,772 [WARN] PackLoader:240 - Cannot read IP mode file for EmbeddedOffice.I-CUBE-FS-RTOS.1.0.1
2024-11-17 21:33:17,772 [ERROR] ConditionMgr:805 - Attr not supported : Dmpu
2024-11-17 21:33:17,772 [ERROR] ConditionMgr:805 - Attr not supported : Dmpu
2024-11-17 21:33:17,772 [ERROR] ConditionMgr:805 - Attr not supported : Dmpu
2024-11-17 21:33:17,772 [ERROR] ConditionMgr:805 - Attr not supported : Dmpu
2024-11-17 21:33:17,772 [ERROR] ConditionMgr:805 - Attr not supported : Dmpu
2024-11-17 21:33:17,772 [ERROR] ConditionMgr:805 - Attr not supported : Dmpu
2024-11-17 21:33:17,772 [ERROR] ConditionMgr:805 - Attr not supported : Dmpu
2024-11-17 21:33:17,772 [ERROR] ConditionMgr:805 - Attr not supported : Dmpu
2024-11-17 21:33:17,772 [ERROR] ConditionMgr:805 - Attr not supported : Dmpu
2024-11-17 21:33:17,773 [ERROR] ConditionMgr:805 - Attr not supported : Dmpu
2024-11-17 21:33:17,773 [ERROR] ConditionMgr:805 - Attr not supported : Dmpu
2024-11-17 21:33:17,773 [ERROR] ConditionMgr:805 - Attr not supported : Dmpu
2024-11-17 21:33:17,773 [ERROR] ConditionMgr:805 - Attr not supported : Dmpu
2024-11-17 21:33:17,773 [ERROR] ConditionMgr:805 - Attr not supported : Dmpu
2024-11-17 21:33:17,773 [ERROR] ConditionMgr:805 - Attr not supported : Dmpu
2024-11-17 21:33:17,773 [ERROR] ConditionMgr:805 - Attr not supported : Dmpu
2024-11-17 21:33:17,773 [ERROR] ConditionMgr:805 - Attr not supported : Dmpu
2024-11-17 21:33:17,773 [ERROR] ConditionMgr:805 - Attr not supported : Dmpu
2024-11-17 21:33:17,773 [ERROR] ConditionMgr:805 - Attr not supported : Dmpu
2024-11-17 21:33:17,773 [ERROR] ConditionMgr:805 - Attr not supported : Dmpu
2024-11-17 21:33:17,773 [ERROR] ConditionMgr:805 - Attr not supported : Dmpu
2024-11-17 21:33:17,773 [ERROR] ConditionMgr:805 - Attr not supported : Dmpu
2024-11-17 21:33:17,773 [ERROR] ConditionMgr:805 - Attr not supported : Dmpu
2024-11-17 21:33:17,773 [ERROR] ConditionMgr:805 - Attr not supported : Dmpu
2024-11-17 21:33:17,773 [ERROR] ConditionMgr:805 - Attr not supported : Dmpu
2024-11-17 21:33:17,774 [ERROR] ConditionMgr:805 - Attr not supported : Dmpu
2024-11-17 21:33:17,774 [ERROR] ConditionMgr:805 - Attr not supported : Dmpu
2024-11-17 21:33:17,774 [ERROR] ConditionMgr:805 - Attr not supported : Dmpu
2024-11-17 21:33:17,774 [ERROR] ConditionMgr:805 - Attr not supported : Dmpu
2024-11-17 21:33:17,774 [ERROR] ConditionMgr:805 - Attr not supported : Dmpu
2024-11-17 21:33:17,774 [ERROR] ConditionMgr:805 - Attr not supported : Dmpu
2024-11-17 21:33:17,774 [ERROR] ConditionMgr:805 - Attr not supported : Dmpu
2024-11-17 21:33:17,774 [ERROR] ConditionMgr:805 - Attr not supported : Dmpu
2024-11-17 21:33:17,774 [ERROR] ConditionMgr:805 - Attr not supported : Dmpu
2024-11-17 21:33:17,774 [ERROR] ConditionMgr:805 - Attr not supported : Dmpu
2024-11-17 21:33:17,774 [ERROR] ConditionMgr:805 - Attr not supported : Dmpu
2024-11-17 21:33:17,774 [ERROR] ConditionMgr:805 - Attr not supported : Dmpu
2024-11-17 21:33:17,774 [ERROR] ConditionMgr:805 - Attr not supported : Dmpu
2024-11-17 21:33:17,774 [ERROR] ConditionMgr:805 - Attr not supported : Dmpu
2024-11-17 21:33:17,775 [ERROR] ConditionMgr:805 - Attr not supported : Dmpu
2024-11-17 21:33:17,775 [ERROR] ConditionMgr:805 - Attr not supported : Dmpu
2024-11-17 21:33:17,775 [ERROR] ConditionMgr:805 - Attr not supported : Dmpu
2024-11-17 21:33:17,775 [ERROR] ConditionMgr:805 - Attr not supported : Dmpu
2024-11-17 21:33:17,775 [ERROR] ConditionMgr:805 - Attr not supported : Dmpu
2024-11-17 21:33:17,775 [ERROR] ConditionMgr:805 - Attr not supported : Dmpu
2024-11-17 21:33:17,775 [ERROR] ConditionMgr:805 - Attr not supported : Dmpu
2024-11-17 21:33:17,775 [ERROR] ConditionMgr:805 - Attr not supported : Dmpu
2024-11-17 21:33:17,775 [ERROR] ConditionMgr:805 - Attr not supported : Dmpu
2024-11-17 21:33:17,775 [ERROR] ConditionMgr:805 - Attr not supported : Dmpu
2024-11-17 21:33:17,775 [ERROR] ConditionMgr:805 - Attr not supported : Dmpu
2024-11-17 21:33:17,775 [ERROR] ConditionMgr:805 - Attr not supported : Dmpu
2024-11-17 21:33:17,775 [ERROR] ConditionMgr:805 - Attr not supported : Dmpu
2024-11-17 21:33:17,776 [ERROR] ConditionMgr:805 - Attr not supported : Dmpu
2024-11-17 21:33:17,776 [ERROR] ConditionMgr:805 - Attr not supported : Dmpu
2024-11-17 21:33:17,776 [ERROR] ConditionMgr:805 - Attr not supported : Dmpu
2024-11-17 21:33:17,776 [ERROR] ConditionMgr:805 - Attr not supported : Dmpu
2024-11-17 21:33:17,776 [ERROR] ConditionMgr:805 - Attr not supported : Dmpu
2024-11-17 21:33:17,776 [ERROR] ConditionMgr:805 - Attr not supported : Dmpu
2024-11-17 21:33:17,776 [ERROR] ConditionMgr:805 - Attr not supported : Dmpu
2024-11-17 21:33:17,776 [ERROR] ConditionMgr:805 - Attr not supported : Dmpu
2024-11-17 21:33:17,776 [ERROR] ConditionMgr:805 - Attr not supported : Dmpu
2024-11-17 21:33:17,776 [ERROR] ConditionMgr:805 - Attr not supported : Dmpu
2024-11-17 21:33:17,776 [ERROR] ConditionMgr:805 - Attr not supported : Dmpu
2024-11-17 21:33:17,776 [ERROR] ConditionMgr:805 - Attr not supported : Dmpu
2024-11-17 21:33:17,792 [WARN] PackLoader:240 - Cannot read IP mode file for RealThread.X-CUBE-RT-Thread_Nano.4.1.1
2024-11-17 21:33:17,806 [WARN] PackLoader:240 - Cannot read IP mode file for STMicroelectronics.FP-ATR-SIGFOX1.3.2.0
2024-11-17 21:33:17,820 [WARN] PackLoader:240 - Cannot read IP mode file for wolfSSL.I-CUBE-wolfSSL.5.7.2
2024-11-17 21:33:17,833 [WARN] ConditionMgr:438 - getConditionDescription Invalid condition id : Cortex-A Device cause : null
2024-11-17 21:33:17,873 [WARN] ConditionMgr:1039 - genDependencies : Invalid condition id : Cortex-A Device cause : null
2024-11-17 21:33:17,873 [WARN] ConditionMgr:1039 - genDependencies : Invalid condition id : Cortex-A Device cause : null
2024-11-17 21:33:17,873 [WARN] ConditionMgr:1039 - genDependencies : Invalid condition id : Cortex-A Device cause : null
2024-11-17 21:33:17,889 [WARN] PackLoader:240 - Cannot read IP mode file for STMicroelectronics.X-CUBE-EEPRMA1.5.1.0
2024-11-17 21:33:17,906 [WARN] PackLoader:240 - Cannot read IP mode file for ITTIA_DB.I-CUBE-ITTIADB.8.9.0
2024-11-17 21:33:17,944 [WARN] PackLoader:240 - Cannot read IP mode file for SEGGER.I-CUBE-embOS.1.3.1
2024-11-17 21:33:17,990 [WARN] PackLoader:240 - Cannot read IP mode file for STMicroelectronics.X-CUBE-ALGOBUILD.1.4.0
2024-11-17 21:33:18,005 [WARN] PackLoader:240 - Cannot read IP mode file for STMicroelectronics.X-CUBE-AI.9.1.0
2024-11-17 21:33:18,033 [WARN] PackLoader:240 - Cannot read IP mode file for STMicroelectronics.X-CUBE-AZRTOS-F4.1.1.0
2024-11-17 21:33:18,049 [WARN] PackLoader:240 - Cannot read IP mode file for STMicroelectronics.X-CUBE-ISPU.2.1.0
2024-11-17 21:33:18,062 [WARN] PackLoader:240 - Cannot read IP mode file for STMicroelectronics.X-CUBE-FREERTOS.1.2.0
2024-11-17 21:33:18,094 [WARN] PackLoader:240 - Cannot read IP mode file for STMicroelectronics.X-CUBE-AZRTOS-L5.2.0.0
2024-11-17 21:33:18,113 [WARN] PackLoader:240 - Cannot read IP mode file for STMicroelectronics.X-CUBE-NFC6.3.1.0
2024-11-17 21:33:18,132 [WARN] PackLoader:240 - Cannot read IP mode file for STMicroelectronics.X-CUBE-DPower.1.2.0
2024-11-17 21:33:18,144 [WARN] PackLoader:240 - Cannot read IP mode file for STMicroelectronics.X-CUBE-AI.9.0.0
2024-11-17 21:33:18,160 [WARN] PackLoader:240 - Cannot read IP mode file for STMicroelectronics.X-CUBE-NFC7.1.0.1
2024-11-17 21:33:18,192 [WARN] ConditionMgr:438 - getConditionDescription Invalid condition id : LAN8742 Phy interface Condition cause : null
2024-11-17 21:33:18,193 [WARN] PackLoader:240 - Cannot read IP mode file for STMicroelectronics.X-CUBE-AZRTOS-L4.2.0.0
2024-11-17 21:33:18,193 [WARN] ConditionMgr:1039 - genDependencies : Invalid condition id : LAN8742 Phy interface Condition cause : null
2024-11-17 21:33:18,194 [WARN] ConditionMgr:1039 - genDependencies : Invalid condition id : LAN8742 Phy interface Condition cause : null
2024-11-17 21:33:18,194 [WARN] ConditionMgr:1039 - genDependencies : Invalid condition id : LAN8742 Phy interface Condition cause : null
2024-11-17 21:33:18,211 [WARN] PackLoader:240 - Cannot read IP mode file for STMicroelectronics.X-CUBE-SFXS2LP1.4.0.0
2024-11-17 21:33:18,242 [WARN] PackLoader:240 - Cannot read IP mode file for STMicroelectronics.X-CUBE-AZRTOS-H7.3.3.0
2024-11-17 21:33:18,262 [WARN] PackLoader:240 - Cannot read IP mode file for STMicroelectronics.X-CUBE-IPS.3.0.0
2024-11-17 21:33:18,287 [WARN] ConditionMgr:438 - getConditionDescription Invalid condition id : UX DEVICE CLASS RTOS Condition cause : null
2024-11-17 21:33:18,288 [WARN] ConditionMgr:438 - getConditionDescription Invalid condition id : UX DEVICE CLASS RTOS Condition cause : null
2024-11-17 21:33:18,289 [WARN] PackLoader:240 - Cannot read IP mode file for STMicroelectronics.X-CUBE-AZRTOS-WB.2.0.0
2024-11-17 21:33:18,289 [WARN] ConditionMgr:1039 - genDependencies : Invalid condition id : UX DEVICE CLASS RTOS Condition cause : null
2024-11-17 21:33:18,290 [WARN] ConditionMgr:1039 - genDependencies : Invalid condition id : UX DEVICE CLASS RTOS Condition cause : null
2024-11-17 21:33:18,290 [WARN] ConditionMgr:1039 - genDependencies : Invalid condition id : UX DEVICE CLASS RTOS Condition cause : null
2024-11-17 21:33:18,290 [WARN] ConditionMgr:1039 - genDependencies : Invalid condition id : UX DEVICE CLASS RTOS Condition cause : null
2024-11-17 21:33:18,290 [WARN] ConditionMgr:1039 - genDependencies : Invalid condition id : UX DEVICE CLASS RTOS Condition cause : null
2024-11-17 21:33:18,305 [WARN] PackLoader:240 - Cannot read IP mode file for STMicroelectronics.X-CUBE-GNSS1.7.0.0
2024-11-17 21:33:18,321 [WARN] PackLoader:240 - Cannot read IP mode file for STMicroelectronics.FP-SNS-STBOX1.2.0.0
2024-11-17 21:33:18,340 [WARN] PackLoader:240 - Cannot read IP mode file for STMicroelectronics.X-CUBE-SUBG2.5.0.0
2024-11-17 21:33:18,364 [WARN] PackLoader:240 - Cannot read IP mode file for Cesanta.I-CUBE-Mongoose.7.13.0
2024-11-17 21:33:18,386 [WARN] PackLoader:240 - Cannot read IP mode file for STMicroelectronics.X-CUBE-AZRTOS-G4.2.0.0
2024-11-17 21:33:18,402 [WARN] PackLoader:240 - Cannot read IP mode file for STMicroelectronics.X-CUBE-ALS.1.0.2
2024-11-17 21:33:18,423 [WARN] PackLoader:240 - Cannot read IP mode file for STMicroelectronics.X-CUBE-TOUCHGFX.4.24.1
2024-11-17 21:33:18,437 [WARN] PackLoader:240 - Cannot read IP mode file for wolfSSL.I-CUBE-wolfTPM.3.4.0
2024-11-17 21:33:18,451 [WARN] PackLoader:240 - Cannot read IP mode file for portGmbH.I-Cube-SoM-uGOAL.1.1.0
2024-11-17 21:33:18,478 [WARN] PackLoader:240 - Cannot read IP mode file for STMicroelectronics.X-CUBE-AZRTOS-H7RS.1.0.0
2024-11-17 21:33:18,492 [WARN] PackLoader:240 - Cannot read IP mode file for STMicroelectronics.FP-ATR-ASTRA1.2.0.0
2024-11-17 21:33:18,511 [WARN] PackLoader:240 - Cannot read IP mode file for STMicroelectronics.X-CUBE-TOF1.3.4.2
2024-11-17 21:33:18,551 [WARN] PackLoader:240 - Cannot read IP mode file for Infineon.AIROC-Wi-Fi-Bluetooth-STM32.1.6.1
2024-11-17 21:33:18,568 [WARN] PackLoader:240 - Cannot read IP mode file for wolfSSL.I-CUBE-wolfSSH.1.4.17
2024-11-17 21:33:18,570 [INFO] ThirdParty:978 - Integrity check success = true
2024-11-17 21:33:18,570 [INFO] IntegrityCheckThread:100 - exiting critical section [integrity check]
2024-11-17 21:33:18,570 [INFO] IntegrityCheckThread:103 - End integrity checks thread
2024-11-17 21:33:20,046 [INFO] WebApp:167 - Instantiating new browser for Auth
2024-11-17 21:33:20,718 [INFO] WebApp:448 - Apply proxy settings
2024-11-17 21:33:20,718 [INFO] WebApp:533 - Chromium requires no authentication
2024-11-17 21:33:20,733 [INFO] WebApp:476 - Direct internet connection detected
2024-11-17 21:33:20,755 [INFO] WebApp:869 - Register for checkConnection events
2024-11-17 21:33:20,756 [INFO] WebApp:448 - Apply proxy settings
2024-11-17 21:33:20,756 [INFO] WebApp:533 - Chromium requires no authentication
2024-11-17 21:33:20,756 [INFO] WebApp:476 - Direct internet connection detected
2024-11-17 21:33:20,897 [INFO] WebApp:220 - Starting web application
2024-11-17 21:33:20,897 [INFO] WebApp:578 - Web application path used C:\ST\STM32CubeIDE_1.16.1\STM32CubeIDE\plugins\com.st.stm32cube.common.mx_6.12.1.202409122256\db\plugins\mcufinder\reactClient1\index.html
2024-11-17 21:33:21,139 [INFO] WebApp:186 - Connection restablished
2024-11-17 23:00:25,515 [ERROR] LogOutputStream:75 - [STDERR_REDIRECT] 
